<?xml version="1.0" encoding="UTF-8"?>
<testsuites name="login_logout" time="136" tests="3" failures="6" errors="0">
   <testsuite name="login_logout" tests="3" failures="6" errors="0" time="136" timestamp="2018-01-03 18:14:58" hostname="Ang - DESKTOP-JMN7MR3" id="Test Suites/login_logout">
      <properties>
         <property name="deviceName" value=""/>
         <property name="devicePlatform" value=""/>
         <property name="logFolder" value="C:\\Users\\Ang\\git\\oddle-automa\\Reports\\login_logout\\20180103_181451"/>
         <property name="logFiles" value="C:\\Users\\Ang\\git\\oddle-automa\\Reports\\login_logout\\20180103_181451\\execution0.log"/>
         <property name="attachments" value="C:\\Users\\Ang\\git\\oddle-automa\\Reports\\login_logout\\20180103_181451\\1514974538941.png, C:\\Users\\Ang\\git\\oddle-automa\\Reports\\login_logout\\20180103_181451\\1514974539243.png, C:\\Users\\Ang\\git\\oddle-automa\\Reports\\login_logout\\20180103_181451\\1514974566201.png, C:\\Users\\Ang\\git\\oddle-automa\\Reports\\login_logout\\20180103_181451\\1514974566494.png, C:\\Users\\Ang\\git\\oddle-automa\\Reports\\login_logout\\20180103_181451\\1514974589326.png, C:\\Users\\Ang\\git\\oddle-automa\\Reports\\login_logout\\20180103_181451\\1514974603397.png"/>
         <property name="hostName" value="Ang - DESKTOP-JMN7MR3"/>
         <property name="os" value="Windows 10 64bit"/>
         <property name="katalonVersion" value="5.2.0.1"/>
         <property name="browser" value="Chrome 63.0.3239.84"/>
         <property name="hostAddress" value="192.168.126.1"/>
         <property name="sessionId" value="493213c943b4d0e382da5a5320f177d4"/>
         <property name="seleniumVersion" value="3.7.1"/>
         <property name="proxyInformation" value="ProxyInformation{proxyOption=NO_PROXY, proxyServerType=HTTP, password=, proxyServerAddress=, proxyServerPort=0}"/>
         <property name="platform" value="Windows 10"/>
      </properties>
      <testcase name="Test Cases/001_login_email_successful" classname="Test Cases/001_login_email_successful" status="PASSED">
         <system-out><![CDATA[2018-01-03 18:14:59 - [TEST_CASE][PASSED] - Test Cases/001_login_email_successful: Test Cases/001_login_email_successful

2018-01-03 18:14:59 - [TEST_STEP][PASSED] - openBrowser: Browser is opened with url: ''

2018-01-03 18:15:03 - [MESSAGE][PASSED] - Browser is opened with url: ''

2018-01-03 18:15:03 - [TEST_STEP][PASSED] - navigateToUrl: Navigate to 'http://mcdonaldstest.staging.oddle.co' successfully

2018-01-03 18:15:06 - [MESSAGE][PASSED] - Navigate to 'http://mcdonaldstest.staging.oddle.co' successfully

2018-01-03 18:15:06 - [TEST_STEP][PASSED] - click: Object: 'Object Repository/LogIn/div_Log in' is clicked on

2018-01-03 18:15:06 - [MESSAGE][PASSED] - Object: 'Object Repository/LogIn/div_Log in' is clicked on

2018-01-03 18:15:06 - [TEST_STEP][PASSED] - setText: Text 'kevin.ang@oddle.me' is set on object 'Object Repository/LogIn/input_email'

2018-01-03 18:15:08 - [MESSAGE][PASSED] - Text 'kevin.ang@oddle.me' is set on object 'Object Repository/LogIn/input_email'

2018-01-03 18:15:08 - [TEST_STEP][PASSED] - setText: Text '0ddleatw' is set on object 'Object Repository/LogIn/input_password'

2018-01-03 18:15:08 - [MESSAGE][PASSED] - Text '0ddleatw' is set on object 'Object Repository/LogIn/input_password'

2018-01-03 18:15:08 - [TEST_STEP][PASSED] - click: Object: 'Object Repository/LogIn/button_Login' is clicked on

2018-01-03 18:15:08 - [MESSAGE][PASSED] - Object: 'Object Repository/LogIn/button_Login' is clicked on

2018-01-03 18:15:08 - [TEST_STEP][PASSED] - delay: Delayed 3 second(s)

2018-01-03 18:15:11 - [MESSAGE][PASSED] - Delayed 3 second(s)

2018-01-03 18:15:11 - [TEST_STEP][PASSED] - autoKeywords.verifyLoggedIn.verifyLogged: autoKeywords.verifyLoggedIn.verifyLogged is PASSED

2018-01-03 18:15:11 - [MESSAGE][PASSED] - Text of object 'Object Repository/LogIn/div_Hi user' is: 'Hi, John'

2018-01-03 18:15:11 - [MESSAGE][PASSED] - Actual text 'Hi, John' and expected text 'Log In' are not matched 

2018-01-03 18:15:11 - [MESSAGE][PASSED] - autoKeywords.verifyLoggedIn.verifyLogged is PASSED]]></system-out>
         <system-err><![CDATA[]]></system-err>
      </testcase>
      <testcase name="Test Cases/002_login_email_wrongpw" classname="Test Cases/002_login_email_wrongpw" status="PASSED">
         <system-out><![CDATA[2018-01-03 18:15:12 - [TEST_CASE][PASSED] - Test Cases/002_login_email_wrongpw: Test Cases/002_login_email_wrongpw

2018-01-03 18:15:12 - [TEST_STEP][PASSED] - openBrowser: Browser is opened with url: ''

2018-01-03 18:15:14 - [MESSAGE][PASSED] - Browser is opened with url: ''

2018-01-03 18:15:14 - [TEST_STEP][PASSED] - navigateToUrl: Navigate to 'http://mcdonaldstest.staging.oddle.co' successfully

2018-01-03 18:15:16 - [MESSAGE][PASSED] - Navigate to 'http://mcdonaldstest.staging.oddle.co' successfully

2018-01-03 18:15:16 - [TEST_STEP][PASSED] - click: Object: 'Object Repository/LogIn/div_Log in' is clicked on

2018-01-03 18:15:17 - [MESSAGE][PASSED] - Object: 'Object Repository/LogIn/div_Log in' is clicked on

2018-01-03 18:15:17 - [TEST_STEP][PASSED] - setText: Text 'kevin.ang@oddle.me' is set on object 'Object Repository/LogIn/input_email'

2018-01-03 18:15:18 - [MESSAGE][PASSED] - Text 'kevin.ang@oddle.me' is set on object 'Object Repository/LogIn/input_email'

2018-01-03 18:15:18 - [TEST_STEP][PASSED] - setText: Text 'wrongpassword' is set on object 'Object Repository/LogIn/input_password'

2018-01-03 18:15:19 - [MESSAGE][PASSED] - Text 'wrongpassword' is set on object 'Object Repository/LogIn/input_password'

2018-01-03 18:15:19 - [TEST_STEP][PASSED] - click: Object: 'Object Repository/LogIn/button_Login' is clicked on

2018-01-03 18:15:19 - [MESSAGE][PASSED] - Object: 'Object Repository/LogIn/button_Login' is clicked on

2018-01-03 18:15:19 - [TEST_STEP][PASSED] - delay: Delayed 3 second(s)

2018-01-03 18:15:22 - [MESSAGE][PASSED] - Delayed 3 second(s)

2018-01-03 18:15:22 - [TEST_STEP][PASSED] - verifyElementPresent: Object 'Object Repository/LogIn/div_login_credentials_invalid' is present

2018-01-03 18:15:22 - [MESSAGE][WARNING] - Timeout '0' is invalid. Using default page load timeout: '5'

2018-01-03 18:15:22 - [MESSAGE][PASSED] - Object 'Object Repository/LogIn/div_login_credentials_invalid' is present]]></system-out>
         <system-err><![CDATA[]]></system-err>
      </testcase>
      <testcase name="Test Cases/003_login_email_wrongpwformat" classname="Test Cases/003_login_email_wrongpwformat" status="FAILED">
         <failure type="FAILED" message="Unable to verify object 'Object Repository/LogIn/span_Password should be at lea' is present (Root cause: com.kms.katalon.core.webui.exception.WebElementNotFoundException: Web element with id: 'Object Repository/LogIn/span_Password should be at lea' located by 'By.xpath: //span[count(. | //*[@class = 'dot6ul-4 fYbvjS']) = count(//*[@class = 'dot6ul-4 fYbvjS'])][count(. | //*[text() = 'Password should be at least 8 characters long']) = count(//*[text() = 'Password should be at least 8 characters long'])][count(. | id(&quot;__next&quot;)/div[1]/div[1]/div[@class=&quot;s111nt22-0 isjfum&quot;]/div[3]/div[3]/div[@class=&quot;wuzp1o-0 cCUvkJ&quot;]/div[@class=&quot;wuzp1o-2 gfSaCZ&quot;]/div[@class=&quot;wuzp1o-5 eezkNJ&quot;]/div[@class=&quot;eslncg-2 bKwwBK&quot;]/div[@class=&quot;eslncg-3 kImoTU&quot;]/div[@class=&quot;eslncg-4 gugdEn&quot;]/div[@class=&quot;qxyyek-0 gDhhcJ e9phw6-1-sc-bdVaJa cjHrgj e9phw6-0 jBJmyp&quot;]/div[@class=&quot;sc-bRBYWo cdRCbH e9phw6-0 jBJmyp&quot;]/form[1]/div[@class=&quot;s1kn4au3-0 gYDZag&quot;]/div[2]/span[@class=&quot;dot6ul-4 fYbvjS&quot;]) = count(id(&quot;__next&quot;)/div[1]/div[1]/div[@class=&quot;s111nt22-0 isjfum&quot;]/div[3]/div[3]/div[@class=&quot;wuzp1o-0 cCUvkJ&quot;]/div[@class=&quot;wuzp1o-2 gfSaCZ&quot;]/div[@class=&quot;wuzp1o-5 eezkNJ&quot;]/div[@class=&quot;eslncg-2 bKwwBK&quot;]/div[@class=&quot;eslncg-3 kImoTU&quot;]/div[@class=&quot;eslncg-4 gugdEn&quot;]/div[@class=&quot;qxyyek-0 gDhhcJ e9phw6-1-sc-bdVaJa cjHrgj e9phw6-0 jBJmyp&quot;]/div[@class=&quot;sc-bRBYWo cdRCbH e9phw6-0 jBJmyp&quot;]/form[1]/div[@class=&quot;s1kn4au3-0 gYDZag&quot;]/div[2]/span[@class=&quot;dot6ul-4 fYbvjS&quot;])]' not found)"/>
         <system-out><![CDATA[2018-01-03 18:15:23 - [TEST_CASE][FAILED] - Test Cases/003_login_email_wrongpwformat: Test Cases/003_login_email_wrongpwformat FAILED because (of) Unable to verify object 'Object Repository/LogIn/span_Password should be at lea' is present (Root cause: com.kms.katalon.core.webui.exception.WebElementNotFoundException: Web element with id: 'Object Repository/LogIn/span_Password should be at lea' located by 'By.xpath: //span[count(. | //*[@class = 'dot6ul-4 fYbvjS']) = count(//*[@class = 'dot6ul-4 fYbvjS'])][count(. | //*[text() = 'Password should be at least 8 characters long']) = count(//*[text() = 'Password should be at least 8 characters long'])][count(. | id("__next")/div[1]/div[1]/div[@class="s111nt22-0 isjfum"]/div[3]/div[3]/div[@class="wuzp1o-0 cCUvkJ"]/div[@class="wuzp1o-2 gfSaCZ"]/div[@class="wuzp1o-5 eezkNJ"]/div[@class="eslncg-2 bKwwBK"]/div[@class="eslncg-3 kImoTU"]/div[@class="eslncg-4 gugdEn"]/div[@class="qxyyek-0 gDhhcJ e9phw6-1-sc-bdVaJa cjHrgj e9phw6-0 jBJmyp"]/div[@class="sc-bRBYWo cdRCbH e9phw6-0 jBJmyp"]/form[1]/div[@class="s1kn4au3-0 gYDZag"]/div[2]/span[@class="dot6ul-4 fYbvjS"]) = count(id("__next")/div[1]/div[1]/div[@class="s111nt22-0 isjfum"]/div[3]/div[3]/div[@class="wuzp1o-0 cCUvkJ"]/div[@class="wuzp1o-2 gfSaCZ"]/div[@class="wuzp1o-5 eezkNJ"]/div[@class="eslncg-2 bKwwBK"]/div[@class="eslncg-3 kImoTU"]/div[@class="eslncg-4 gugdEn"]/div[@class="qxyyek-0 gDhhcJ e9phw6-1-sc-bdVaJa cjHrgj e9phw6-0 jBJmyp"]/div[@class="sc-bRBYWo cdRCbH e9phw6-0 jBJmyp"]/form[1]/div[@class="s1kn4au3-0 gYDZag"]/div[2]/span[@class="dot6ul-4 fYbvjS"])]' not found)

2018-01-03 18:15:23 - [TEST_STEP][PASSED] - openBrowser: Browser is opened with url: ''

2018-01-03 18:15:25 - [MESSAGE][PASSED] - Browser is opened with url: ''

2018-01-03 18:15:25 - [TEST_STEP][PASSED] - navigateToUrl: Navigate to 'http://mcdonaldstest.staging.oddle.co' successfully

2018-01-03 18:15:28 - [MESSAGE][PASSED] - Navigate to 'http://mcdonaldstest.staging.oddle.co' successfully

2018-01-03 18:15:28 - [TEST_STEP][PASSED] - click: Object: 'Object Repository/LogIn/div_Log in' is clicked on

2018-01-03 18:15:28 - [MESSAGE][PASSED] - Object: 'Object Repository/LogIn/div_Log in' is clicked on

2018-01-03 18:15:28 - [TEST_STEP][PASSED] - setText: Text 'kevin.ang@oddle.me' is set on object 'Object Repository/LogIn/input_email'

2018-01-03 18:15:30 - [MESSAGE][PASSED] - Text 'kevin.ang@oddle.me' is set on object 'Object Repository/LogIn/input_email'

2018-01-03 18:15:30 - [TEST_STEP][PASSED] - setText: Text 'wrongft' is set on object 'Object Repository/LogIn/input_password'

2018-01-03 18:15:30 - [MESSAGE][PASSED] - Text 'wrongft' is set on object 'Object Repository/LogIn/input_password'

2018-01-03 18:15:30 - [TEST_STEP][PASSED] - click: Object: 'Object Repository/LogIn/button_Login' is clicked on

2018-01-03 18:15:30 - [MESSAGE][PASSED] - Object: 'Object Repository/LogIn/button_Login' is clicked on

2018-01-03 18:15:30 - [TEST_STEP][PASSED] - delay: Delayed 3 second(s)

2018-01-03 18:15:33 - [MESSAGE][PASSED] - Delayed 3 second(s)

2018-01-03 18:15:33 - [TEST_STEP][FAILED] - verifyElementPresent: Unable to verify object 'Object Repository/LogIn/span_Password should be at lea' is present (Root cause: com.kms.katalon.core.webui.exception.WebElementNotFoundException: Web element with id: 'Object Repository/LogIn/span_Password should be at lea' located by 'By.xpath: //span[count(. | //*[@class = 'dot6ul-4 fYbvjS']) = count(//*[@class = 'dot6ul-4 fYbvjS'])][count(. | //*[text() = 'Password should be at least 8 characters long']) = count(//*[text() = 'Password should be at least 8 characters long'])][count(. | id("__next")/div[1]/div[1]/div[@class="s111nt22-0 isjfum"]/div[3]/div[3]/div[@class="wuzp1o-0 cCUvkJ"]/div[@class="wuzp1o-2 gfSaCZ"]/div[@class="wuzp1o-5 eezkNJ"]/div[@class="eslncg-2 bKwwBK"]/div[@class="eslncg-3 kImoTU"]/div[@class="eslncg-4 gugdEn"]/div[@class="qxyyek-0 gDhhcJ e9phw6-1-sc-bdVaJa cjHrgj e9phw6-0 jBJmyp"]/div[@class="sc-bRBYWo cdRCbH e9phw6-0 jBJmyp"]/form[1]/div[@class="s1kn4au3-0 gYDZag"]/div[2]/span[@class="dot6ul-4 fYbvjS"]) = count(id("__next")/div[1]/div[1]/div[@class="s111nt22-0 isjfum"]/div[3]/div[3]/div[@class="wuzp1o-0 cCUvkJ"]/div[@class="wuzp1o-2 gfSaCZ"]/div[@class="wuzp1o-5 eezkNJ"]/div[@class="eslncg-2 bKwwBK"]/div[@class="eslncg-3 kImoTU"]/div[@class="eslncg-4 gugdEn"]/div[@class="qxyyek-0 gDhhcJ e9phw6-1-sc-bdVaJa cjHrgj e9phw6-0 jBJmyp"]/div[@class="sc-bRBYWo cdRCbH e9phw6-0 jBJmyp"]/form[1]/div[@class="s1kn4au3-0 gYDZag"]/div[2]/span[@class="dot6ul-4 fYbvjS"])]' not found)

2018-01-03 18:15:33 - [MESSAGE][WARNING] - Timeout '0' is invalid. Using default page load timeout: '5'

2018-01-03 18:15:39 - [MESSAGE][FAILED] - com.kms.katalon.core.webui.exception.WebElementNotFoundException: Web element with id: 'Object Repository/LogIn/span_Password should be at lea' located by 'By.xpath: //span[count(. | //*[@class = 'dot6ul-4 fYbvjS']) = count(//*[@class = 'dot6ul-4 fYbvjS'])][count(. | //*[text() = 'Password should be at least 8 characters long']) = count(//*[text() = 'Password should be at least 8 characters long'])][count(. | id("__next")/div[1]/div[1]/div[@class="s111nt22-0 isjfum"]/div[3]/div[3]/div[@class="wuzp1o-0 cCUvkJ"]/div[@class="wuzp1o-2 gfSaCZ"]/div[@class="wuzp1o-5 eezkNJ"]/div[@class="eslncg-2 bKwwBK"]/div[@class="eslncg-3 kImoTU"]/div[@class="eslncg-4 gugdEn"]/div[@class="qxyyek-0 gDhhcJ e9phw6-1-sc-bdVaJa cjHrgj e9phw6-0 jBJmyp"]/div[@class="sc-bRBYWo cdRCbH e9phw6-0 jBJmyp"]/form[1]/div[@class="s1kn4au3-0 gYDZag"]/div[2]/span[@class="dot6ul-4 fYbvjS"]) = count(id("__next")/div[1]/div[1]/div[@class="s111nt22-0 isjfum"]/div[3]/div[3]/div[@class="wuzp1o-0 cCUvkJ"]/div[@class="wuzp1o-2 gfSaCZ"]/div[@class="wuzp1o-5 eezkNJ"]/div[@class="eslncg-2 bKwwBK"]/div[@class="eslncg-3 kImoTU"]/div[@class="eslncg-4 gugdEn"]/div[@class="qxyyek-0 gDhhcJ e9phw6-1-sc-bdVaJa cjHrgj e9phw6-0 jBJmyp"]/div[@class="sc-bRBYWo cdRCbH e9phw6-0 jBJmyp"]/form[1]/div[@class="s1kn4au3-0 gYDZag"]/div[2]/span[@class="dot6ul-4 fYbvjS"])]' not found
[[ATTACHMENT|C:\\Users\\Ang\\git\\oddle-automa\\Reports\\login_logout\\20180103_181451\\1514974538941.png]]

2018-01-03 18:15:39 - [MESSAGE][FAILED] - Unable to verify object 'Object Repository/LogIn/span_Password should be at lea' is present (Root cause: com.kms.katalon.core.webui.exception.WebElementNotFoundException: Web element with id: 'Object Repository/LogIn/span_Password should be at lea' located by 'By.xpath: //span[count(. | //*[@class = 'dot6ul-4 fYbvjS']) = count(//*[@class = 'dot6ul-4 fYbvjS'])][count(. | //*[text() = 'Password should be at least 8 characters long']) = count(//*[text() = 'Password should be at least 8 characters long'])][count(. | id("__next")/div[1]/div[1]/div[@class="s111nt22-0 isjfum"]/div[3]/div[3]/div[@class="wuzp1o-0 cCUvkJ"]/div[@class="wuzp1o-2 gfSaCZ"]/div[@class="wuzp1o-5 eezkNJ"]/div[@class="eslncg-2 bKwwBK"]/div[@class="eslncg-3 kImoTU"]/div[@class="eslncg-4 gugdEn"]/div[@class="qxyyek-0 gDhhcJ e9phw6-1-sc-bdVaJa cjHrgj e9phw6-0 jBJmyp"]/div[@class="sc-bRBYWo cdRCbH e9phw6-0 jBJmyp"]/form[1]/div[@class="s1kn4au3-0 gYDZag"]/div[2]/span[@class="dot6ul-4 fYbvjS"]) = count(id("__next")/div[1]/div[1]/div[@class="s111nt22-0 isjfum"]/div[3]/div[3]/div[@class="wuzp1o-0 cCUvkJ"]/div[@class="wuzp1o-2 gfSaCZ"]/div[@class="wuzp1o-5 eezkNJ"]/div[@class="eslncg-2 bKwwBK"]/div[@class="eslncg-3 kImoTU"]/div[@class="eslncg-4 gugdEn"]/div[@class="qxyyek-0 gDhhcJ e9phw6-1-sc-bdVaJa cjHrgj e9phw6-0 jBJmyp"]/div[@class="sc-bRBYWo cdRCbH e9phw6-0 jBJmyp"]/form[1]/div[@class="s1kn4au3-0 gYDZag"]/div[2]/span[@class="dot6ul-4 fYbvjS"])]' not found)
[[ATTACHMENT|C:\\Users\\Ang\\git\\oddle-automa\\Reports\\login_logout\\20180103_181451\\1514974539243.png]]]]></system-out>
         <system-err><![CDATA[2018-01-03 18:15:23 - [TEST_CASE][FAILED] - Test Cases/003_login_email_wrongpwformat: Test Cases/003_login_email_wrongpwformat FAILED because (of) Unable to verify object 'Object Repository/LogIn/span_Password should be at lea' is present (Root cause: com.kms.katalon.core.webui.exception.WebElementNotFoundException: Web element with id: 'Object Repository/LogIn/span_Password should be at lea' located by 'By.xpath: //span[count(. | //*[@class = 'dot6ul-4 fYbvjS']) = count(//*[@class = 'dot6ul-4 fYbvjS'])][count(. | //*[text() = 'Password should be at least 8 characters long']) = count(//*[text() = 'Password should be at least 8 characters long'])][count(. | id("__next")/div[1]/div[1]/div[@class="s111nt22-0 isjfum"]/div[3]/div[3]/div[@class="wuzp1o-0 cCUvkJ"]/div[@class="wuzp1o-2 gfSaCZ"]/div[@class="wuzp1o-5 eezkNJ"]/div[@class="eslncg-2 bKwwBK"]/div[@class="eslncg-3 kImoTU"]/div[@class="eslncg-4 gugdEn"]/div[@class="qxyyek-0 gDhhcJ e9phw6-1-sc-bdVaJa cjHrgj e9phw6-0 jBJmyp"]/div[@class="sc-bRBYWo cdRCbH e9phw6-0 jBJmyp"]/form[1]/div[@class="s1kn4au3-0 gYDZag"]/div[2]/span[@class="dot6ul-4 fYbvjS"]) = count(id("__next")/div[1]/div[1]/div[@class="s111nt22-0 isjfum"]/div[3]/div[3]/div[@class="wuzp1o-0 cCUvkJ"]/div[@class="wuzp1o-2 gfSaCZ"]/div[@class="wuzp1o-5 eezkNJ"]/div[@class="eslncg-2 bKwwBK"]/div[@class="eslncg-3 kImoTU"]/div[@class="eslncg-4 gugdEn"]/div[@class="qxyyek-0 gDhhcJ e9phw6-1-sc-bdVaJa cjHrgj e9phw6-0 jBJmyp"]/div[@class="sc-bRBYWo cdRCbH e9phw6-0 jBJmyp"]/form[1]/div[@class="s1kn4au3-0 gYDZag"]/div[2]/span[@class="dot6ul-4 fYbvjS"])]' not found)]]></system-err>
      </testcase>
      <testcase name="Test Cases/004_login_email_wrongemail" classname="Test Cases/004_login_email_wrongemail" status="PASSED">
         <system-out><![CDATA[2018-01-03 18:15:40 - [TEST_CASE][PASSED] - Test Cases/004_login_email_wrongemail: Test Cases/004_login_email_wrongemail

2018-01-03 18:15:40 - [TEST_STEP][PASSED] - openBrowser: Browser is opened with url: ''

2018-01-03 18:15:42 - [MESSAGE][PASSED] - Browser is opened with url: ''

2018-01-03 18:15:42 - [TEST_STEP][PASSED] - navigateToUrl: Navigate to 'http://mcdonaldstest.staging.oddle.co' successfully

2018-01-03 18:15:44 - [MESSAGE][PASSED] - Navigate to 'http://mcdonaldstest.staging.oddle.co' successfully

2018-01-03 18:15:44 - [TEST_STEP][PASSED] - click: Object: 'Object Repository/LogIn/div_Log in' is clicked on

2018-01-03 18:15:45 - [MESSAGE][PASSED] - Object: 'Object Repository/LogIn/div_Log in' is clicked on

2018-01-03 18:15:45 - [TEST_STEP][PASSED] - setText: Text 'unusedemail@changethis.ifused' is set on object 'Object Repository/LogIn/input_email'

2018-01-03 18:15:46 - [MESSAGE][PASSED] - Text 'unusedemail@changethis.ifused' is set on object 'Object Repository/LogIn/input_email'

2018-01-03 18:15:46 - [TEST_STEP][PASSED] - setText: Text '0ddleatw' is set on object 'Object Repository/LogIn/input_password'

2018-01-03 18:15:47 - [MESSAGE][PASSED] - Text '0ddleatw' is set on object 'Object Repository/LogIn/input_password'

2018-01-03 18:15:47 - [TEST_STEP][PASSED] - click: Object: 'Object Repository/LogIn/button_Login' is clicked on

2018-01-03 18:15:47 - [MESSAGE][PASSED] - Object: 'Object Repository/LogIn/button_Login' is clicked on

2018-01-03 18:15:47 - [TEST_STEP][PASSED] - delay: Delayed 3 second(s)

2018-01-03 18:15:50 - [MESSAGE][PASSED] - Delayed 3 second(s)

2018-01-03 18:15:50 - [TEST_STEP][PASSED] - verifyElementPresent: Object 'Object Repository/LogIn/div_login_credentials_invalid' is present

2018-01-03 18:15:50 - [MESSAGE][WARNING] - Timeout '0' is invalid. Using default page load timeout: '5'

2018-01-03 18:15:50 - [MESSAGE][PASSED] - Object 'Object Repository/LogIn/div_login_credentials_invalid' is present]]></system-out>
         <system-err><![CDATA[]]></system-err>
      </testcase>
      <testcase name="Test Cases/005_login_email_wrongemailformat" classname="Test Cases/005_login_email_wrongemailformat" status="FAILED">
         <failure type="FAILED" message="Unable to verify object 'Object Repository/LogIn/span_Please enter correct emai' is present (Root cause: com.kms.katalon.core.webui.exception.WebElementNotFoundException: Web element with id: 'Object Repository/LogIn/span_Please enter correct emai' located by 'By.xpath: //span[count(. | //*[@class = 'dot6ul-4 fYbvjS']) = count(//*[@class = 'dot6ul-4 fYbvjS'])][count(. | //*[text() = 'Please enter correct email format e.g. test@example.com']) = count(//*[text() = 'Please enter correct email format e.g. test@example.com'])][count(. | id(&quot;__next&quot;)/div[1]/div[1]/div[@class=&quot;s111nt22-0 isjfum&quot;]/div[3]/div[3]/div[@class=&quot;wuzp1o-0 cCUvkJ&quot;]/div[@class=&quot;wuzp1o-2 gfSaCZ&quot;]/div[@class=&quot;wuzp1o-5 eezkNJ&quot;]/div[@class=&quot;eslncg-2 bKwwBK&quot;]/div[@class=&quot;eslncg-3 kImoTU&quot;]/div[@class=&quot;eslncg-4 gugdEn&quot;]/div[@class=&quot;qxyyek-0 gDhhcJ e9phw6-1-sc-bdVaJa cjHrgj e9phw6-0 jBJmyp&quot;]/div[@class=&quot;sc-bRBYWo cdRCbH e9phw6-0 jBJmyp&quot;]/form[1]/div[@class=&quot;s1kn4au3-0 gYDZag&quot;]/div[1]/span[@class=&quot;dot6ul-4 fYbvjS&quot;]) = count(id(&quot;__next&quot;)/div[1]/div[1]/div[@class=&quot;s111nt22-0 isjfum&quot;]/div[3]/div[3]/div[@class=&quot;wuzp1o-0 cCUvkJ&quot;]/div[@class=&quot;wuzp1o-2 gfSaCZ&quot;]/div[@class=&quot;wuzp1o-5 eezkNJ&quot;]/div[@class=&quot;eslncg-2 bKwwBK&quot;]/div[@class=&quot;eslncg-3 kImoTU&quot;]/div[@class=&quot;eslncg-4 gugdEn&quot;]/div[@class=&quot;qxyyek-0 gDhhcJ e9phw6-1-sc-bdVaJa cjHrgj e9phw6-0 jBJmyp&quot;]/div[@class=&quot;sc-bRBYWo cdRCbH e9phw6-0 jBJmyp&quot;]/form[1]/div[@class=&quot;s1kn4au3-0 gYDZag&quot;]/div[1]/span[@class=&quot;dot6ul-4 fYbvjS&quot;])]' not found)"/>
         <system-out><![CDATA[2018-01-03 18:15:50 - [TEST_CASE][FAILED] - Test Cases/005_login_email_wrongemailformat: Test Cases/005_login_email_wrongemailformat FAILED because (of) Unable to verify object 'Object Repository/LogIn/span_Please enter correct emai' is present (Root cause: com.kms.katalon.core.webui.exception.WebElementNotFoundException: Web element with id: 'Object Repository/LogIn/span_Please enter correct emai' located by 'By.xpath: //span[count(. | //*[@class = 'dot6ul-4 fYbvjS']) = count(//*[@class = 'dot6ul-4 fYbvjS'])][count(. | //*[text() = 'Please enter correct email format e.g. test@example.com']) = count(//*[text() = 'Please enter correct email format e.g. test@example.com'])][count(. | id("__next")/div[1]/div[1]/div[@class="s111nt22-0 isjfum"]/div[3]/div[3]/div[@class="wuzp1o-0 cCUvkJ"]/div[@class="wuzp1o-2 gfSaCZ"]/div[@class="wuzp1o-5 eezkNJ"]/div[@class="eslncg-2 bKwwBK"]/div[@class="eslncg-3 kImoTU"]/div[@class="eslncg-4 gugdEn"]/div[@class="qxyyek-0 gDhhcJ e9phw6-1-sc-bdVaJa cjHrgj e9phw6-0 jBJmyp"]/div[@class="sc-bRBYWo cdRCbH e9phw6-0 jBJmyp"]/form[1]/div[@class="s1kn4au3-0 gYDZag"]/div[1]/span[@class="dot6ul-4 fYbvjS"]) = count(id("__next")/div[1]/div[1]/div[@class="s111nt22-0 isjfum"]/div[3]/div[3]/div[@class="wuzp1o-0 cCUvkJ"]/div[@class="wuzp1o-2 gfSaCZ"]/div[@class="wuzp1o-5 eezkNJ"]/div[@class="eslncg-2 bKwwBK"]/div[@class="eslncg-3 kImoTU"]/div[@class="eslncg-4 gugdEn"]/div[@class="qxyyek-0 gDhhcJ e9phw6-1-sc-bdVaJa cjHrgj e9phw6-0 jBJmyp"]/div[@class="sc-bRBYWo cdRCbH e9phw6-0 jBJmyp"]/form[1]/div[@class="s1kn4au3-0 gYDZag"]/div[1]/span[@class="dot6ul-4 fYbvjS"])]' not found)

2018-01-03 18:15:51 - [TEST_STEP][PASSED] - openBrowser: Browser is opened with url: ''

2018-01-03 18:15:53 - [MESSAGE][PASSED] - Browser is opened with url: ''

2018-01-03 18:15:53 - [TEST_STEP][PASSED] - navigateToUrl: Navigate to 'http://mcdonaldstest.staging.oddle.co' successfully

2018-01-03 18:15:55 - [MESSAGE][PASSED] - Navigate to 'http://mcdonaldstest.staging.oddle.co' successfully

2018-01-03 18:15:55 - [TEST_STEP][PASSED] - click: Object: 'Object Repository/LogIn/div_Log in' is clicked on

2018-01-03 18:15:55 - [MESSAGE][PASSED] - Object: 'Object Repository/LogIn/div_Log in' is clicked on

2018-01-03 18:15:55 - [TEST_STEP][PASSED] - setText: Text 'wrongemailformat' is set on object 'Object Repository/LogIn/input_email'

2018-01-03 18:15:57 - [MESSAGE][PASSED] - Text 'wrongemailformat' is set on object 'Object Repository/LogIn/input_email'

2018-01-03 18:15:57 - [TEST_STEP][PASSED] - setText: Text 'notimportant' is set on object 'Object Repository/LogIn/input_password'

2018-01-03 18:15:57 - [MESSAGE][PASSED] - Text 'notimportant' is set on object 'Object Repository/LogIn/input_password'

2018-01-03 18:15:57 - [TEST_STEP][PASSED] - click: Object: 'Object Repository/LogIn/button_Login' is clicked on

2018-01-03 18:15:57 - [MESSAGE][PASSED] - Object: 'Object Repository/LogIn/button_Login' is clicked on

2018-01-03 18:15:57 - [TEST_STEP][PASSED] - delay: Delayed 3 second(s)

2018-01-03 18:16:00 - [MESSAGE][PASSED] - Delayed 3 second(s)

2018-01-03 18:16:00 - [TEST_STEP][FAILED] - verifyElementPresent: Unable to verify object 'Object Repository/LogIn/span_Please enter correct emai' is present (Root cause: com.kms.katalon.core.webui.exception.WebElementNotFoundException: Web element with id: 'Object Repository/LogIn/span_Please enter correct emai' located by 'By.xpath: //span[count(. | //*[@class = 'dot6ul-4 fYbvjS']) = count(//*[@class = 'dot6ul-4 fYbvjS'])][count(. | //*[text() = 'Please enter correct email format e.g. test@example.com']) = count(//*[text() = 'Please enter correct email format e.g. test@example.com'])][count(. | id("__next")/div[1]/div[1]/div[@class="s111nt22-0 isjfum"]/div[3]/div[3]/div[@class="wuzp1o-0 cCUvkJ"]/div[@class="wuzp1o-2 gfSaCZ"]/div[@class="wuzp1o-5 eezkNJ"]/div[@class="eslncg-2 bKwwBK"]/div[@class="eslncg-3 kImoTU"]/div[@class="eslncg-4 gugdEn"]/div[@class="qxyyek-0 gDhhcJ e9phw6-1-sc-bdVaJa cjHrgj e9phw6-0 jBJmyp"]/div[@class="sc-bRBYWo cdRCbH e9phw6-0 jBJmyp"]/form[1]/div[@class="s1kn4au3-0 gYDZag"]/div[1]/span[@class="dot6ul-4 fYbvjS"]) = count(id("__next")/div[1]/div[1]/div[@class="s111nt22-0 isjfum"]/div[3]/div[3]/div[@class="wuzp1o-0 cCUvkJ"]/div[@class="wuzp1o-2 gfSaCZ"]/div[@class="wuzp1o-5 eezkNJ"]/div[@class="eslncg-2 bKwwBK"]/div[@class="eslncg-3 kImoTU"]/div[@class="eslncg-4 gugdEn"]/div[@class="qxyyek-0 gDhhcJ e9phw6-1-sc-bdVaJa cjHrgj e9phw6-0 jBJmyp"]/div[@class="sc-bRBYWo cdRCbH e9phw6-0 jBJmyp"]/form[1]/div[@class="s1kn4au3-0 gYDZag"]/div[1]/span[@class="dot6ul-4 fYbvjS"])]' not found)

2018-01-03 18:16:00 - [MESSAGE][WARNING] - Timeout '0' is invalid. Using default page load timeout: '5'

2018-01-03 18:16:06 - [MESSAGE][FAILED] - com.kms.katalon.core.webui.exception.WebElementNotFoundException: Web element with id: 'Object Repository/LogIn/span_Please enter correct emai' located by 'By.xpath: //span[count(. | //*[@class = 'dot6ul-4 fYbvjS']) = count(//*[@class = 'dot6ul-4 fYbvjS'])][count(. | //*[text() = 'Please enter correct email format e.g. test@example.com']) = count(//*[text() = 'Please enter correct email format e.g. test@example.com'])][count(. | id("__next")/div[1]/div[1]/div[@class="s111nt22-0 isjfum"]/div[3]/div[3]/div[@class="wuzp1o-0 cCUvkJ"]/div[@class="wuzp1o-2 gfSaCZ"]/div[@class="wuzp1o-5 eezkNJ"]/div[@class="eslncg-2 bKwwBK"]/div[@class="eslncg-3 kImoTU"]/div[@class="eslncg-4 gugdEn"]/div[@class="qxyyek-0 gDhhcJ e9phw6-1-sc-bdVaJa cjHrgj e9phw6-0 jBJmyp"]/div[@class="sc-bRBYWo cdRCbH e9phw6-0 jBJmyp"]/form[1]/div[@class="s1kn4au3-0 gYDZag"]/div[1]/span[@class="dot6ul-4 fYbvjS"]) = count(id("__next")/div[1]/div[1]/div[@class="s111nt22-0 isjfum"]/div[3]/div[3]/div[@class="wuzp1o-0 cCUvkJ"]/div[@class="wuzp1o-2 gfSaCZ"]/div[@class="wuzp1o-5 eezkNJ"]/div[@class="eslncg-2 bKwwBK"]/div[@class="eslncg-3 kImoTU"]/div[@class="eslncg-4 gugdEn"]/div[@class="qxyyek-0 gDhhcJ e9phw6-1-sc-bdVaJa cjHrgj e9phw6-0 jBJmyp"]/div[@class="sc-bRBYWo cdRCbH e9phw6-0 jBJmyp"]/form[1]/div[@class="s1kn4au3-0 gYDZag"]/div[1]/span[@class="dot6ul-4 fYbvjS"])]' not found
[[ATTACHMENT|C:\\Users\\Ang\\git\\oddle-automa\\Reports\\login_logout\\20180103_181451\\1514974566201.png]]

2018-01-03 18:16:06 - [MESSAGE][FAILED] - Unable to verify object 'Object Repository/LogIn/span_Please enter correct emai' is present (Root cause: com.kms.katalon.core.webui.exception.WebElementNotFoundException: Web element with id: 'Object Repository/LogIn/span_Please enter correct emai' located by 'By.xpath: //span[count(. | //*[@class = 'dot6ul-4 fYbvjS']) = count(//*[@class = 'dot6ul-4 fYbvjS'])][count(. | //*[text() = 'Please enter correct email format e.g. test@example.com']) = count(//*[text() = 'Please enter correct email format e.g. test@example.com'])][count(. | id("__next")/div[1]/div[1]/div[@class="s111nt22-0 isjfum"]/div[3]/div[3]/div[@class="wuzp1o-0 cCUvkJ"]/div[@class="wuzp1o-2 gfSaCZ"]/div[@class="wuzp1o-5 eezkNJ"]/div[@class="eslncg-2 bKwwBK"]/div[@class="eslncg-3 kImoTU"]/div[@class="eslncg-4 gugdEn"]/div[@class="qxyyek-0 gDhhcJ e9phw6-1-sc-bdVaJa cjHrgj e9phw6-0 jBJmyp"]/div[@class="sc-bRBYWo cdRCbH e9phw6-0 jBJmyp"]/form[1]/div[@class="s1kn4au3-0 gYDZag"]/div[1]/span[@class="dot6ul-4 fYbvjS"]) = count(id("__next")/div[1]/div[1]/div[@class="s111nt22-0 isjfum"]/div[3]/div[3]/div[@class="wuzp1o-0 cCUvkJ"]/div[@class="wuzp1o-2 gfSaCZ"]/div[@class="wuzp1o-5 eezkNJ"]/div[@class="eslncg-2 bKwwBK"]/div[@class="eslncg-3 kImoTU"]/div[@class="eslncg-4 gugdEn"]/div[@class="qxyyek-0 gDhhcJ e9phw6-1-sc-bdVaJa cjHrgj e9phw6-0 jBJmyp"]/div[@class="sc-bRBYWo cdRCbH e9phw6-0 jBJmyp"]/form[1]/div[@class="s1kn4au3-0 gYDZag"]/div[1]/span[@class="dot6ul-4 fYbvjS"])]' not found)
[[ATTACHMENT|C:\\Users\\Ang\\git\\oddle-automa\\Reports\\login_logout\\20180103_181451\\1514974566494.png]]]]></system-out>
         <system-err><![CDATA[2018-01-03 18:15:50 - [TEST_CASE][FAILED] - Test Cases/005_login_email_wrongemailformat: Test Cases/005_login_email_wrongemailformat FAILED because (of) Unable to verify object 'Object Repository/LogIn/span_Please enter correct emai' is present (Root cause: com.kms.katalon.core.webui.exception.WebElementNotFoundException: Web element with id: 'Object Repository/LogIn/span_Please enter correct emai' located by 'By.xpath: //span[count(. | //*[@class = 'dot6ul-4 fYbvjS']) = count(//*[@class = 'dot6ul-4 fYbvjS'])][count(. | //*[text() = 'Please enter correct email format e.g. test@example.com']) = count(//*[text() = 'Please enter correct email format e.g. test@example.com'])][count(. | id("__next")/div[1]/div[1]/div[@class="s111nt22-0 isjfum"]/div[3]/div[3]/div[@class="wuzp1o-0 cCUvkJ"]/div[@class="wuzp1o-2 gfSaCZ"]/div[@class="wuzp1o-5 eezkNJ"]/div[@class="eslncg-2 bKwwBK"]/div[@class="eslncg-3 kImoTU"]/div[@class="eslncg-4 gugdEn"]/div[@class="qxyyek-0 gDhhcJ e9phw6-1-sc-bdVaJa cjHrgj e9phw6-0 jBJmyp"]/div[@class="sc-bRBYWo cdRCbH e9phw6-0 jBJmyp"]/form[1]/div[@class="s1kn4au3-0 gYDZag"]/div[1]/span[@class="dot6ul-4 fYbvjS"]) = count(id("__next")/div[1]/div[1]/div[@class="s111nt22-0 isjfum"]/div[3]/div[3]/div[@class="wuzp1o-0 cCUvkJ"]/div[@class="wuzp1o-2 gfSaCZ"]/div[@class="wuzp1o-5 eezkNJ"]/div[@class="eslncg-2 bKwwBK"]/div[@class="eslncg-3 kImoTU"]/div[@class="eslncg-4 gugdEn"]/div[@class="qxyyek-0 gDhhcJ e9phw6-1-sc-bdVaJa cjHrgj e9phw6-0 jBJmyp"]/div[@class="sc-bRBYWo cdRCbH e9phw6-0 jBJmyp"]/form[1]/div[@class="s1kn4au3-0 gYDZag"]/div[1]/span[@class="dot6ul-4 fYbvjS"])]' not found)]]></system-err>
      </testcase>
      <testcase name="Test Cases/006_login_fb_loggedin" classname="Test Cases/006_login_fb_loggedin" status="FAILED">
         <failure type="FAILED" message="Unable to scroll to object 'Object Repository/LogIn/span_Login with Facebook' (Root cause: com.kms.katalon.core.webui.exception.WebElementNotFoundException: Web element with id: 'Object Repository/LogIn/iframe' located by 'By.xpath: //iframe[count(. | //*[@frameborder = '0']) = count(//*[@frameborder = '0'])][count(. | //*[@src = 'http://oddlefacebooklogindomain.staging.oddle.co/en_SG/facebook/149784952181218/login']) = count(//*[@src = 'http://oddlefacebooklogindomain.staging.oddle.co/en_SG/facebook/149784952181218/login'])][count(. | id(&quot;__next&quot;)/div[1]/div[1]/div[@class=&quot;s111nt22-0 isjfum&quot;]/div[3]/div[3]/div[@class=&quot;wuzp1o-0 cCUvkJ&quot;]/div[@class=&quot;wuzp1o-2 gfSaCZ&quot;]/div[@class=&quot;wuzp1o-5 eezkNJ&quot;]/div[@class=&quot;eslncg-2 bKwwBK&quot;]/div[@class=&quot;eslncg-3 kImoTU&quot;]/div[@class=&quot;eslncg-4 gugdEn&quot;]/div[@class=&quot;qxyyek-0 gDhhcJ e9phw6-1-sc-bdVaJa cjHrgj e9phw6-0 jBJmyp&quot;]/div[@class=&quot;sc-bRBYWo cdRCbH e9phw6-0 jBJmyp&quot;]/form[1]/div[@class=&quot;s5csc7v-1 gBEfBY&quot;]/iframe[1]) = count(id(&quot;__next&quot;)/div[1]/div[1]/div[@class=&quot;s111nt22-0 isjfum&quot;]/div[3]/div[3]/div[@class=&quot;wuzp1o-0 cCUvkJ&quot;]/div[@class=&quot;wuzp1o-2 gfSaCZ&quot;]/div[@class=&quot;wuzp1o-5 eezkNJ&quot;]/div[@class=&quot;eslncg-2 bKwwBK&quot;]/div[@class=&quot;eslncg-3 kImoTU&quot;]/div[@class=&quot;eslncg-4 gugdEn&quot;]/div[@class=&quot;qxyyek-0 gDhhcJ e9phw6-1-sc-bdVaJa cjHrgj e9phw6-0 jBJmyp&quot;]/div[@class=&quot;sc-bRBYWo cdRCbH e9phw6-0 jBJmyp&quot;]/form[1]/div[@class=&quot;s5csc7v-1 gBEfBY&quot;]/iframe[1])]' not found)"/>
         <system-out><![CDATA[2018-01-03 18:16:07 - [TEST_CASE][FAILED] - Test Cases/006_login_fb_loggedin: Test Cases/006_login_fb_loggedin FAILED because (of) Unable to scroll to object 'Object Repository/LogIn/span_Login with Facebook' (Root cause: com.kms.katalon.core.webui.exception.WebElementNotFoundException: Web element with id: 'Object Repository/LogIn/iframe' located by 'By.xpath: //iframe[count(. | //*[@frameborder = '0']) = count(//*[@frameborder = '0'])][count(. | //*[@src = 'http://oddlefacebooklogindomain.staging.oddle.co/en_SG/facebook/149784952181218/login']) = count(//*[@src = 'http://oddlefacebooklogindomain.staging.oddle.co/en_SG/facebook/149784952181218/login'])][count(. | id("__next")/div[1]/div[1]/div[@class="s111nt22-0 isjfum"]/div[3]/div[3]/div[@class="wuzp1o-0 cCUvkJ"]/div[@class="wuzp1o-2 gfSaCZ"]/div[@class="wuzp1o-5 eezkNJ"]/div[@class="eslncg-2 bKwwBK"]/div[@class="eslncg-3 kImoTU"]/div[@class="eslncg-4 gugdEn"]/div[@class="qxyyek-0 gDhhcJ e9phw6-1-sc-bdVaJa cjHrgj e9phw6-0 jBJmyp"]/div[@class="sc-bRBYWo cdRCbH e9phw6-0 jBJmyp"]/form[1]/div[@class="s5csc7v-1 gBEfBY"]/iframe[1]) = count(id("__next")/div[1]/div[1]/div[@class="s111nt22-0 isjfum"]/div[3]/div[3]/div[@class="wuzp1o-0 cCUvkJ"]/div[@class="wuzp1o-2 gfSaCZ"]/div[@class="wuzp1o-5 eezkNJ"]/div[@class="eslncg-2 bKwwBK"]/div[@class="eslncg-3 kImoTU"]/div[@class="eslncg-4 gugdEn"]/div[@class="qxyyek-0 gDhhcJ e9phw6-1-sc-bdVaJa cjHrgj e9phw6-0 jBJmyp"]/div[@class="sc-bRBYWo cdRCbH e9phw6-0 jBJmyp"]/form[1]/div[@class="s5csc7v-1 gBEfBY"]/iframe[1])]' not found)

2018-01-03 18:16:07 - [TEST_STEP][PASSED] - openBrowser: Browser is opened with url: ''

2018-01-03 18:16:09 - [MESSAGE][PASSED] - Browser is opened with url: ''

2018-01-03 18:16:09 - [TEST_STEP][PASSED] - navigateToUrl: Navigate to 'https://www.facebook.com/' successfully

2018-01-03 18:16:12 - [MESSAGE][PASSED] - Navigate to 'https://www.facebook.com/' successfully

2018-01-03 18:16:12 - [TEST_STEP][PASSED] - setText: Text 'kevin.ang@oddle.me' is set on object 'Object Repository/LogIn/input_email_fbpage'

2018-01-03 18:16:12 - [MESSAGE][PASSED] - Text 'kevin.ang@oddle.me' is set on object 'Object Repository/LogIn/input_email_fbpage'

2018-01-03 18:16:12 - [TEST_STEP][PASSED] - setText: Text 'puToNtaB_1' is set on object 'Object Repository/LogIn/input_pass_fbpage'

2018-01-03 18:16:12 - [MESSAGE][PASSED] - Text 'puToNtaB_1' is set on object 'Object Repository/LogIn/input_pass_fbpage'

2018-01-03 18:16:12 - [TEST_STEP][PASSED] - click: Object: 'Object Repository/LogIn/input_login_fbpage' is clicked on

2018-01-03 18:16:15 - [MESSAGE][PASSED] - Object: 'Object Repository/LogIn/input_login_fbpage' is clicked on

2018-01-03 18:16:15 - [TEST_STEP][PASSED] - delay: Delayed 3 second(s)

2018-01-03 18:16:18 - [MESSAGE][PASSED] - Delayed 3 second(s)

2018-01-03 18:16:18 - [TEST_STEP][PASSED] - navigateToUrl: Navigate to 'http://mcdonaldstest.staging.oddle.co' successfully

2018-01-03 18:16:20 - [MESSAGE][PASSED] - Navigate to 'http://mcdonaldstest.staging.oddle.co' successfully

2018-01-03 18:16:20 - [TEST_STEP][PASSED] - click: Object: 'Object Repository/LogIn/div_Log in' is clicked on

2018-01-03 18:16:21 - [MESSAGE][PASSED] - Object: 'Object Repository/LogIn/div_Log in' is clicked on

2018-01-03 18:16:21 - [TEST_STEP][PASSED] - delay: Delayed 3 second(s)

2018-01-03 18:16:24 - [MESSAGE][PASSED] - Delayed 3 second(s)

2018-01-03 18:16:24 - [TEST_STEP][FAILED] - scrollToElement: Unable to scroll to object 'Object Repository/LogIn/span_Login with Facebook' (Root cause: com.kms.katalon.core.webui.exception.WebElementNotFoundException: Web element with id: 'Object Repository/LogIn/iframe' located by 'By.xpath: //iframe[count(. | //*[@frameborder = '0']) = count(//*[@frameborder = '0'])][count(. | //*[@src = 'http://oddlefacebooklogindomain.staging.oddle.co/en_SG/facebook/149784952181218/login']) = count(//*[@src = 'http://oddlefacebooklogindomain.staging.oddle.co/en_SG/facebook/149784952181218/login'])][count(. | id("__next")/div[1]/div[1]/div[@class="s111nt22-0 isjfum"]/div[3]/div[3]/div[@class="wuzp1o-0 cCUvkJ"]/div[@class="wuzp1o-2 gfSaCZ"]/div[@class="wuzp1o-5 eezkNJ"]/div[@class="eslncg-2 bKwwBK"]/div[@class="eslncg-3 kImoTU"]/div[@class="eslncg-4 gugdEn"]/div[@class="qxyyek-0 gDhhcJ e9phw6-1-sc-bdVaJa cjHrgj e9phw6-0 jBJmyp"]/div[@class="sc-bRBYWo cdRCbH e9phw6-0 jBJmyp"]/form[1]/div[@class="s5csc7v-1 gBEfBY"]/iframe[1]) = count(id("__next")/div[1]/div[1]/div[@class="s111nt22-0 isjfum"]/div[3]/div[3]/div[@class="wuzp1o-0 cCUvkJ"]/div[@class="wuzp1o-2 gfSaCZ"]/div[@class="wuzp1o-5 eezkNJ"]/div[@class="eslncg-2 bKwwBK"]/div[@class="eslncg-3 kImoTU"]/div[@class="eslncg-4 gugdEn"]/div[@class="qxyyek-0 gDhhcJ e9phw6-1-sc-bdVaJa cjHrgj e9phw6-0 jBJmyp"]/div[@class="sc-bRBYWo cdRCbH e9phw6-0 jBJmyp"]/form[1]/div[@class="s5csc7v-1 gBEfBY"]/iframe[1])]' not found)

2018-01-03 18:16:24 - [MESSAGE][WARNING] - Timeout '0' is invalid. Using default page load timeout: '5'

2018-01-03 18:16:29 - [MESSAGE][FAILED] - Unable to scroll to object 'Object Repository/LogIn/span_Login with Facebook' (Root cause: com.kms.katalon.core.webui.exception.WebElementNotFoundException: Web element with id: 'Object Repository/LogIn/iframe' located by 'By.xpath: //iframe[count(. | //*[@frameborder = '0']) = count(//*[@frameborder = '0'])][count(. | //*[@src = 'http://oddlefacebooklogindomain.staging.oddle.co/en_SG/facebook/149784952181218/login']) = count(//*[@src = 'http://oddlefacebooklogindomain.staging.oddle.co/en_SG/facebook/149784952181218/login'])][count(. | id("__next")/div[1]/div[1]/div[@class="s111nt22-0 isjfum"]/div[3]/div[3]/div[@class="wuzp1o-0 cCUvkJ"]/div[@class="wuzp1o-2 gfSaCZ"]/div[@class="wuzp1o-5 eezkNJ"]/div[@class="eslncg-2 bKwwBK"]/div[@class="eslncg-3 kImoTU"]/div[@class="eslncg-4 gugdEn"]/div[@class="qxyyek-0 gDhhcJ e9phw6-1-sc-bdVaJa cjHrgj e9phw6-0 jBJmyp"]/div[@class="sc-bRBYWo cdRCbH e9phw6-0 jBJmyp"]/form[1]/div[@class="s5csc7v-1 gBEfBY"]/iframe[1]) = count(id("__next")/div[1]/div[1]/div[@class="s111nt22-0 isjfum"]/div[3]/div[3]/div[@class="wuzp1o-0 cCUvkJ"]/div[@class="wuzp1o-2 gfSaCZ"]/div[@class="wuzp1o-5 eezkNJ"]/div[@class="eslncg-2 bKwwBK"]/div[@class="eslncg-3 kImoTU"]/div[@class="eslncg-4 gugdEn"]/div[@class="qxyyek-0 gDhhcJ e9phw6-1-sc-bdVaJa cjHrgj e9phw6-0 jBJmyp"]/div[@class="sc-bRBYWo cdRCbH e9phw6-0 jBJmyp"]/form[1]/div[@class="s5csc7v-1 gBEfBY"]/iframe[1])]' not found)
[[ATTACHMENT|C:\\Users\\Ang\\git\\oddle-automa\\Reports\\login_logout\\20180103_181451\\1514974589326.png]]]]></system-out>
         <system-err><![CDATA[2018-01-03 18:16:07 - [TEST_CASE][FAILED] - Test Cases/006_login_fb_loggedin: Test Cases/006_login_fb_loggedin FAILED because (of) Unable to scroll to object 'Object Repository/LogIn/span_Login with Facebook' (Root cause: com.kms.katalon.core.webui.exception.WebElementNotFoundException: Web element with id: 'Object Repository/LogIn/iframe' located by 'By.xpath: //iframe[count(. | //*[@frameborder = '0']) = count(//*[@frameborder = '0'])][count(. | //*[@src = 'http://oddlefacebooklogindomain.staging.oddle.co/en_SG/facebook/149784952181218/login']) = count(//*[@src = 'http://oddlefacebooklogindomain.staging.oddle.co/en_SG/facebook/149784952181218/login'])][count(. | id("__next")/div[1]/div[1]/div[@class="s111nt22-0 isjfum"]/div[3]/div[3]/div[@class="wuzp1o-0 cCUvkJ"]/div[@class="wuzp1o-2 gfSaCZ"]/div[@class="wuzp1o-5 eezkNJ"]/div[@class="eslncg-2 bKwwBK"]/div[@class="eslncg-3 kImoTU"]/div[@class="eslncg-4 gugdEn"]/div[@class="qxyyek-0 gDhhcJ e9phw6-1-sc-bdVaJa cjHrgj e9phw6-0 jBJmyp"]/div[@class="sc-bRBYWo cdRCbH e9phw6-0 jBJmyp"]/form[1]/div[@class="s5csc7v-1 gBEfBY"]/iframe[1]) = count(id("__next")/div[1]/div[1]/div[@class="s111nt22-0 isjfum"]/div[3]/div[3]/div[@class="wuzp1o-0 cCUvkJ"]/div[@class="wuzp1o-2 gfSaCZ"]/div[@class="wuzp1o-5 eezkNJ"]/div[@class="eslncg-2 bKwwBK"]/div[@class="eslncg-3 kImoTU"]/div[@class="eslncg-4 gugdEn"]/div[@class="qxyyek-0 gDhhcJ e9phw6-1-sc-bdVaJa cjHrgj e9phw6-0 jBJmyp"]/div[@class="sc-bRBYWo cdRCbH e9phw6-0 jBJmyp"]/form[1]/div[@class="s5csc7v-1 gBEfBY"]/iframe[1])]' not found)]]></system-err>
      </testcase>
      <testcase name="Test Cases/007_login_fb_notloggedin" classname="Test Cases/007_login_fb_notloggedin" status="FAILED">
         <failure type="FAILED" message="Unable to scroll to object 'Object Repository/LogIn/span_Login with Facebook' (Root cause: com.kms.katalon.core.webui.exception.WebElementNotFoundException: Web element with id: 'Object Repository/LogIn/iframe' located by 'By.xpath: //iframe[count(. | //*[@frameborder = '0']) = count(//*[@frameborder = '0'])][count(. | //*[@src = 'http://oddlefacebooklogindomain.staging.oddle.co/en_SG/facebook/149784952181218/login']) = count(//*[@src = 'http://oddlefacebooklogindomain.staging.oddle.co/en_SG/facebook/149784952181218/login'])][count(. | id(&quot;__next&quot;)/div[1]/div[1]/div[@class=&quot;s111nt22-0 isjfum&quot;]/div[3]/div[3]/div[@class=&quot;wuzp1o-0 cCUvkJ&quot;]/div[@class=&quot;wuzp1o-2 gfSaCZ&quot;]/div[@class=&quot;wuzp1o-5 eezkNJ&quot;]/div[@class=&quot;eslncg-2 bKwwBK&quot;]/div[@class=&quot;eslncg-3 kImoTU&quot;]/div[@class=&quot;eslncg-4 gugdEn&quot;]/div[@class=&quot;qxyyek-0 gDhhcJ e9phw6-1-sc-bdVaJa cjHrgj e9phw6-0 jBJmyp&quot;]/div[@class=&quot;sc-bRBYWo cdRCbH e9phw6-0 jBJmyp&quot;]/form[1]/div[@class=&quot;s5csc7v-1 gBEfBY&quot;]/iframe[1]) = count(id(&quot;__next&quot;)/div[1]/div[1]/div[@class=&quot;s111nt22-0 isjfum&quot;]/div[3]/div[3]/div[@class=&quot;wuzp1o-0 cCUvkJ&quot;]/div[@class=&quot;wuzp1o-2 gfSaCZ&quot;]/div[@class=&quot;wuzp1o-5 eezkNJ&quot;]/div[@class=&quot;eslncg-2 bKwwBK&quot;]/div[@class=&quot;eslncg-3 kImoTU&quot;]/div[@class=&quot;eslncg-4 gugdEn&quot;]/div[@class=&quot;qxyyek-0 gDhhcJ e9phw6-1-sc-bdVaJa cjHrgj e9phw6-0 jBJmyp&quot;]/div[@class=&quot;sc-bRBYWo cdRCbH e9phw6-0 jBJmyp&quot;]/form[1]/div[@class=&quot;s5csc7v-1 gBEfBY&quot;]/iframe[1])]' not found)"/>
         <system-out><![CDATA[2018-01-03 18:16:30 - [TEST_CASE][FAILED] - Test Cases/007_login_fb_notloggedin: Test Cases/007_login_fb_notloggedin FAILED because (of) Unable to scroll to object 'Object Repository/LogIn/span_Login with Facebook' (Root cause: com.kms.katalon.core.webui.exception.WebElementNotFoundException: Web element with id: 'Object Repository/LogIn/iframe' located by 'By.xpath: //iframe[count(. | //*[@frameborder = '0']) = count(//*[@frameborder = '0'])][count(. | //*[@src = 'http://oddlefacebooklogindomain.staging.oddle.co/en_SG/facebook/149784952181218/login']) = count(//*[@src = 'http://oddlefacebooklogindomain.staging.oddle.co/en_SG/facebook/149784952181218/login'])][count(. | id("__next")/div[1]/div[1]/div[@class="s111nt22-0 isjfum"]/div[3]/div[3]/div[@class="wuzp1o-0 cCUvkJ"]/div[@class="wuzp1o-2 gfSaCZ"]/div[@class="wuzp1o-5 eezkNJ"]/div[@class="eslncg-2 bKwwBK"]/div[@class="eslncg-3 kImoTU"]/div[@class="eslncg-4 gugdEn"]/div[@class="qxyyek-0 gDhhcJ e9phw6-1-sc-bdVaJa cjHrgj e9phw6-0 jBJmyp"]/div[@class="sc-bRBYWo cdRCbH e9phw6-0 jBJmyp"]/form[1]/div[@class="s5csc7v-1 gBEfBY"]/iframe[1]) = count(id("__next")/div[1]/div[1]/div[@class="s111nt22-0 isjfum"]/div[3]/div[3]/div[@class="wuzp1o-0 cCUvkJ"]/div[@class="wuzp1o-2 gfSaCZ"]/div[@class="wuzp1o-5 eezkNJ"]/div[@class="eslncg-2 bKwwBK"]/div[@class="eslncg-3 kImoTU"]/div[@class="eslncg-4 gugdEn"]/div[@class="qxyyek-0 gDhhcJ e9phw6-1-sc-bdVaJa cjHrgj e9phw6-0 jBJmyp"]/div[@class="sc-bRBYWo cdRCbH e9phw6-0 jBJmyp"]/form[1]/div[@class="s5csc7v-1 gBEfBY"]/iframe[1])]' not found)

2018-01-03 18:16:30 - [TEST_STEP][PASSED] - openBrowser: Browser is opened with url: ''

2018-01-03 18:16:32 - [MESSAGE][PASSED] - Browser is opened with url: ''

2018-01-03 18:16:32 - [TEST_STEP][PASSED] - navigateToUrl: Navigate to 'http://mcdonaldstest.staging.oddle.co' successfully

2018-01-03 18:16:34 - [MESSAGE][PASSED] - Navigate to 'http://mcdonaldstest.staging.oddle.co' successfully

2018-01-03 18:16:34 - [TEST_STEP][PASSED] - click: Object: 'Object Repository/LogIn/div_Log in' is clicked on

2018-01-03 18:16:35 - [MESSAGE][PASSED] - Object: 'Object Repository/LogIn/div_Log in' is clicked on

2018-01-03 18:16:35 - [TEST_STEP][PASSED] - delay: Delayed 3 second(s)

2018-01-03 18:16:38 - [MESSAGE][PASSED] - Delayed 3 second(s)

2018-01-03 18:16:38 - [TEST_STEP][FAILED] - scrollToElement: Unable to scroll to object 'Object Repository/LogIn/span_Login with Facebook' (Root cause: com.kms.katalon.core.webui.exception.WebElementNotFoundException: Web element with id: 'Object Repository/LogIn/iframe' located by 'By.xpath: //iframe[count(. | //*[@frameborder = '0']) = count(//*[@frameborder = '0'])][count(. | //*[@src = 'http://oddlefacebooklogindomain.staging.oddle.co/en_SG/facebook/149784952181218/login']) = count(//*[@src = 'http://oddlefacebooklogindomain.staging.oddle.co/en_SG/facebook/149784952181218/login'])][count(. | id("__next")/div[1]/div[1]/div[@class="s111nt22-0 isjfum"]/div[3]/div[3]/div[@class="wuzp1o-0 cCUvkJ"]/div[@class="wuzp1o-2 gfSaCZ"]/div[@class="wuzp1o-5 eezkNJ"]/div[@class="eslncg-2 bKwwBK"]/div[@class="eslncg-3 kImoTU"]/div[@class="eslncg-4 gugdEn"]/div[@class="qxyyek-0 gDhhcJ e9phw6-1-sc-bdVaJa cjHrgj e9phw6-0 jBJmyp"]/div[@class="sc-bRBYWo cdRCbH e9phw6-0 jBJmyp"]/form[1]/div[@class="s5csc7v-1 gBEfBY"]/iframe[1]) = count(id("__next")/div[1]/div[1]/div[@class="s111nt22-0 isjfum"]/div[3]/div[3]/div[@class="wuzp1o-0 cCUvkJ"]/div[@class="wuzp1o-2 gfSaCZ"]/div[@class="wuzp1o-5 eezkNJ"]/div[@class="eslncg-2 bKwwBK"]/div[@class="eslncg-3 kImoTU"]/div[@class="eslncg-4 gugdEn"]/div[@class="qxyyek-0 gDhhcJ e9phw6-1-sc-bdVaJa cjHrgj e9phw6-0 jBJmyp"]/div[@class="sc-bRBYWo cdRCbH e9phw6-0 jBJmyp"]/form[1]/div[@class="s5csc7v-1 gBEfBY"]/iframe[1])]' not found)

2018-01-03 18:16:38 - [MESSAGE][WARNING] - Timeout '0' is invalid. Using default page load timeout: '5'

2018-01-03 18:16:43 - [MESSAGE][FAILED] - Unable to scroll to object 'Object Repository/LogIn/span_Login with Facebook' (Root cause: com.kms.katalon.core.webui.exception.WebElementNotFoundException: Web element with id: 'Object Repository/LogIn/iframe' located by 'By.xpath: //iframe[count(. | //*[@frameborder = '0']) = count(//*[@frameborder = '0'])][count(. | //*[@src = 'http://oddlefacebooklogindomain.staging.oddle.co/en_SG/facebook/149784952181218/login']) = count(//*[@src = 'http://oddlefacebooklogindomain.staging.oddle.co/en_SG/facebook/149784952181218/login'])][count(. | id("__next")/div[1]/div[1]/div[@class="s111nt22-0 isjfum"]/div[3]/div[3]/div[@class="wuzp1o-0 cCUvkJ"]/div[@class="wuzp1o-2 gfSaCZ"]/div[@class="wuzp1o-5 eezkNJ"]/div[@class="eslncg-2 bKwwBK"]/div[@class="eslncg-3 kImoTU"]/div[@class="eslncg-4 gugdEn"]/div[@class="qxyyek-0 gDhhcJ e9phw6-1-sc-bdVaJa cjHrgj e9phw6-0 jBJmyp"]/div[@class="sc-bRBYWo cdRCbH e9phw6-0 jBJmyp"]/form[1]/div[@class="s5csc7v-1 gBEfBY"]/iframe[1]) = count(id("__next")/div[1]/div[1]/div[@class="s111nt22-0 isjfum"]/div[3]/div[3]/div[@class="wuzp1o-0 cCUvkJ"]/div[@class="wuzp1o-2 gfSaCZ"]/div[@class="wuzp1o-5 eezkNJ"]/div[@class="eslncg-2 bKwwBK"]/div[@class="eslncg-3 kImoTU"]/div[@class="eslncg-4 gugdEn"]/div[@class="qxyyek-0 gDhhcJ e9phw6-1-sc-bdVaJa cjHrgj e9phw6-0 jBJmyp"]/div[@class="sc-bRBYWo cdRCbH e9phw6-0 jBJmyp"]/form[1]/div[@class="s5csc7v-1 gBEfBY"]/iframe[1])]' not found)
[[ATTACHMENT|C:\\Users\\Ang\\git\\oddle-automa\\Reports\\login_logout\\20180103_181451\\1514974603397.png]]]]></system-out>
         <system-err><![CDATA[2018-01-03 18:16:30 - [TEST_CASE][FAILED] - Test Cases/007_login_fb_notloggedin: Test Cases/007_login_fb_notloggedin FAILED because (of) Unable to scroll to object 'Object Repository/LogIn/span_Login with Facebook' (Root cause: com.kms.katalon.core.webui.exception.WebElementNotFoundException: Web element with id: 'Object Repository/LogIn/iframe' located by 'By.xpath: //iframe[count(. | //*[@frameborder = '0']) = count(//*[@frameborder = '0'])][count(. | //*[@src = 'http://oddlefacebooklogindomain.staging.oddle.co/en_SG/facebook/149784952181218/login']) = count(//*[@src = 'http://oddlefacebooklogindomain.staging.oddle.co/en_SG/facebook/149784952181218/login'])][count(. | id("__next")/div[1]/div[1]/div[@class="s111nt22-0 isjfum"]/div[3]/div[3]/div[@class="wuzp1o-0 cCUvkJ"]/div[@class="wuzp1o-2 gfSaCZ"]/div[@class="wuzp1o-5 eezkNJ"]/div[@class="eslncg-2 bKwwBK"]/div[@class="eslncg-3 kImoTU"]/div[@class="eslncg-4 gugdEn"]/div[@class="qxyyek-0 gDhhcJ e9phw6-1-sc-bdVaJa cjHrgj e9phw6-0 jBJmyp"]/div[@class="sc-bRBYWo cdRCbH e9phw6-0 jBJmyp"]/form[1]/div[@class="s5csc7v-1 gBEfBY"]/iframe[1]) = count(id("__next")/div[1]/div[1]/div[@class="s111nt22-0 isjfum"]/div[3]/div[3]/div[@class="wuzp1o-0 cCUvkJ"]/div[@class="wuzp1o-2 gfSaCZ"]/div[@class="wuzp1o-5 eezkNJ"]/div[@class="eslncg-2 bKwwBK"]/div[@class="eslncg-3 kImoTU"]/div[@class="eslncg-4 gugdEn"]/div[@class="qxyyek-0 gDhhcJ e9phw6-1-sc-bdVaJa cjHrgj e9phw6-0 jBJmyp"]/div[@class="sc-bRBYWo cdRCbH e9phw6-0 jBJmyp"]/form[1]/div[@class="s5csc7v-1 gBEfBY"]/iframe[1])]' not found)]]></system-err>
      </testcase>
      <testcase name="Test Cases/008_login_fb_wrongpw" classname="Test Cases/008_login_fb_wrongpw" status="FAILED">
         <failure type="FAILED" message="Unable to scroll to object 'Object Repository/LogIn/span_Login with Facebook' (Root cause: org.openqa.selenium.NoSuchWindowException: no such window: target window already closed
from unknown error: web view not found
  (Session info: chrome=63.0.3239.84)
  (Driver info: chromedriver=2.33.506120 (e3e53437346286c0bc2d2dc9aa4915ba81d9023f),platform=Windows NT 10.0.16299 x86_64) (WARNING: The server did not provide any stacktrace information)
Command duration or timeout: 0 milliseconds
Build info: version: '3.7.1', revision: '8a0099a', time: '2017-11-06T21:07:36.161Z'
System info: host: 'DESKTOP-JMN7MR3', ip: '192.168.126.1', os.name: 'Windows 10', os.arch: 'amd64', os.version: '10.0', java.version: '1.8.0_102'
Driver info: com.kms.katalon.selenium.driver.CChromeDriver
Capabilities {acceptSslCerts: true, applicationCacheEnabled: false, browserConnectionEnabled: false, browserName: chrome, chrome: {chromedriverVersion: 2.33.506120 (e3e53437346286..., userDataDir: C:\Users\Ang\AppData\Local\...}, cssSelectorsEnabled: true, databaseEnabled: false, handlesAlerts: true, hasTouchScreen: false, javascriptEnabled: true, locationContextEnabled: true, mobileEmulationEnabled: false, nativeEvents: true, networkConnectionEnabled: false, pageLoadStrategy: normal, platform: XP, platformName: XP, rotatable: false, setWindowRect: true, takesHeapSnapshot: true, takesScreenshot: true, unexpectedAlertBehaviour: , unhandledPromptBehavior: , version: 63.0.3239.84, webStorageEnabled: true}
Session ID: 56916fbb68bb85177bdc92adab9ee6e2
*** Element info: {Using=xpath, value=//iframe[count(. | //*[@frameborder = '0']) = count(//*[@frameborder = '0'])][count(. | //*[@src = 'http://oddlefacebooklogindomain.staging.oddle.co/en_SG/facebook/149784952181218/login']) = count(//*[@src = 'http://oddlefacebooklogindomain.staging.oddle.co/en_SG/facebook/149784952181218/login'])][count(. | id(&quot;__next&quot;)/div[1]/div[1]/div[@class=&quot;s111nt22-0 isjfum&quot;]/div[3]/div[3]/div[@class=&quot;wuzp1o-0 cCUvkJ&quot;]/div[@class=&quot;wuzp1o-2 gfSaCZ&quot;]/div[@class=&quot;wuzp1o-5 eezkNJ&quot;]/div[@class=&quot;eslncg-2 bKwwBK&quot;]/div[@class=&quot;eslncg-3 kImoTU&quot;]/div[@class=&quot;eslncg-4 gugdEn&quot;]/div[@class=&quot;qxyyek-0 gDhhcJ e9phw6-1-sc-bdVaJa cjHrgj e9phw6-0 jBJmyp&quot;]/div[@class=&quot;sc-bRBYWo cdRCbH e9phw6-0 jBJmyp&quot;]/form[1]/div[@class=&quot;s5csc7v-1 gBEfBY&quot;]/iframe[1]) = count(id(&quot;__next&quot;)/div[1]/div[1]/div[@class=&quot;s111nt22-0 isjfum&quot;]/div[3]/div[3]/div[@class=&quot;wuzp1o-0 cCUvkJ&quot;]/div[@class=&quot;wuzp1o-2 gfSaCZ&quot;]/div[@class=&quot;wuzp1o-5 eezkNJ&quot;]/div[@class=&quot;eslncg-2 bKwwBK&quot;]/div[@class=&quot;eslncg-3 kImoTU&quot;]/div[@class=&quot;eslncg-4 gugdEn&quot;]/div[@class=&quot;qxyyek-0 gDhhcJ e9phw6-1-sc-bdVaJa cjHrgj e9phw6-0 jBJmyp&quot;]/div[@class=&quot;sc-bRBYWo cdRCbH e9phw6-0 jBJmyp&quot;]/form[1]/div[@class=&quot;s5csc7v-1 gBEfBY&quot;]/iframe[1])]})"/>
         <system-out><![CDATA[2018-01-03 18:16:44 - [TEST_CASE][FAILED] - Test Cases/008_login_fb_wrongpw: Test Cases/008_login_fb_wrongpw FAILED because (of) Unable to scroll to object 'Object Repository/LogIn/span_Login with Facebook' (Root cause: org.openqa.selenium.NoSuchWindowException: no such window: target window already closed
from unknown error: web view not found
  (Session info: chrome=63.0.3239.84)
  (Driver info: chromedriver=2.33.506120 (e3e53437346286c0bc2d2dc9aa4915ba81d9023f),platform=Windows NT 10.0.16299 x86_64) (WARNING: The server did not provide any stacktrace information)
Command duration or timeout: 0 milliseconds
Build info: version: '3.7.1', revision: '8a0099a', time: '2017-11-06T21:07:36.161Z'
System info: host: 'DESKTOP-JMN7MR3', ip: '192.168.126.1', os.name: 'Windows 10', os.arch: 'amd64', os.version: '10.0', java.version: '1.8.0_102'
Driver info: com.kms.katalon.selenium.driver.CChromeDriver
Capabilities {acceptSslCerts: true, applicationCacheEnabled: false, browserConnectionEnabled: false, browserName: chrome, chrome: {chromedriverVersion: 2.33.506120 (e3e53437346286..., userDataDir: C:\Users\Ang\AppData\Local\...}, cssSelectorsEnabled: true, databaseEnabled: false, handlesAlerts: true, hasTouchScreen: false, javascriptEnabled: true, locationContextEnabled: true, mobileEmulationEnabled: false, nativeEvents: true, networkConnectionEnabled: false, pageLoadStrategy: normal, platform: XP, platformName: XP, rotatable: false, setWindowRect: true, takesHeapSnapshot: true, takesScreenshot: true, unexpectedAlertBehaviour: , unhandledPromptBehavior: , version: 63.0.3239.84, webStorageEnabled: true}
Session ID: 56916fbb68bb85177bdc92adab9ee6e2
*** Element info: {Using=xpath, value=//iframe[count(. | //*[@frameborder = '0']) = count(//*[@frameborder = '0'])][count(. | //*[@src = 'http://oddlefacebooklogindomain.staging.oddle.co/en_SG/facebook/149784952181218/login']) = count(//*[@src = 'http://oddlefacebooklogindomain.staging.oddle.co/en_SG/facebook/149784952181218/login'])][count(. | id("__next")/div[1]/div[1]/div[@class="s111nt22-0 isjfum"]/div[3]/div[3]/div[@class="wuzp1o-0 cCUvkJ"]/div[@class="wuzp1o-2 gfSaCZ"]/div[@class="wuzp1o-5 eezkNJ"]/div[@class="eslncg-2 bKwwBK"]/div[@class="eslncg-3 kImoTU"]/div[@class="eslncg-4 gugdEn"]/div[@class="qxyyek-0 gDhhcJ e9phw6-1-sc-bdVaJa cjHrgj e9phw6-0 jBJmyp"]/div[@class="sc-bRBYWo cdRCbH e9phw6-0 jBJmyp"]/form[1]/div[@class="s5csc7v-1 gBEfBY"]/iframe[1]) = count(id("__next")/div[1]/div[1]/div[@class="s111nt22-0 isjfum"]/div[3]/div[3]/div[@class="wuzp1o-0 cCUvkJ"]/div[@class="wuzp1o-2 gfSaCZ"]/div[@class="wuzp1o-5 eezkNJ"]/div[@class="eslncg-2 bKwwBK"]/div[@class="eslncg-3 kImoTU"]/div[@class="eslncg-4 gugdEn"]/div[@class="qxyyek-0 gDhhcJ e9phw6-1-sc-bdVaJa cjHrgj e9phw6-0 jBJmyp"]/div[@class="sc-bRBYWo cdRCbH e9phw6-0 jBJmyp"]/form[1]/div[@class="s5csc7v-1 gBEfBY"]/iframe[1])]})

2018-01-03 18:16:44 - [TEST_STEP][PASSED] - openBrowser: Browser is opened with url: ''

2018-01-03 18:16:46 - [MESSAGE][PASSED] - Browser is opened with url: ''

2018-01-03 18:16:46 - [TEST_STEP][PASSED] - navigateToUrl: Navigate to 'http://mcdonaldstest.staging.oddle.co' successfully

2018-01-03 18:16:49 - [MESSAGE][PASSED] - Navigate to 'http://mcdonaldstest.staging.oddle.co' successfully

2018-01-03 18:16:49 - [TEST_STEP][PASSED] - click: Object: 'Object Repository/LogIn/div_Log in' is clicked on

2018-01-03 18:16:49 - [MESSAGE][PASSED] - Object: 'Object Repository/LogIn/div_Log in' is clicked on

2018-01-03 18:16:49 - [TEST_STEP][PASSED] - delay: Delayed 3 second(s)

2018-01-03 18:16:52 - [MESSAGE][PASSED] - Delayed 3 second(s)

2018-01-03 18:16:52 - [TEST_STEP][FAILED] - scrollToElement: Unable to scroll to object 'Object Repository/LogIn/span_Login with Facebook' (Root cause: org.openqa.selenium.NoSuchWindowException: no such window: target window already closed
from unknown error: web view not found
  (Session info: chrome=63.0.3239.84)
  (Driver info: chromedriver=2.33.506120 (e3e53437346286c0bc2d2dc9aa4915ba81d9023f),platform=Windows NT 10.0.16299 x86_64) (WARNING: The server did not provide any stacktrace information)
Command duration or timeout: 0 milliseconds
Build info: version: '3.7.1', revision: '8a0099a', time: '2017-11-06T21:07:36.161Z'
System info: host: 'DESKTOP-JMN7MR3', ip: '192.168.126.1', os.name: 'Windows 10', os.arch: 'amd64', os.version: '10.0', java.version: '1.8.0_102'
Driver info: com.kms.katalon.selenium.driver.CChromeDriver
Capabilities {acceptSslCerts: true, applicationCacheEnabled: false, browserConnectionEnabled: false, browserName: chrome, chrome: {chromedriverVersion: 2.33.506120 (e3e53437346286..., userDataDir: C:\Users\Ang\AppData\Local\...}, cssSelectorsEnabled: true, databaseEnabled: false, handlesAlerts: true, hasTouchScreen: false, javascriptEnabled: true, locationContextEnabled: true, mobileEmulationEnabled: false, nativeEvents: true, networkConnectionEnabled: false, pageLoadStrategy: normal, platform: XP, platformName: XP, rotatable: false, setWindowRect: true, takesHeapSnapshot: true, takesScreenshot: true, unexpectedAlertBehaviour: , unhandledPromptBehavior: , version: 63.0.3239.84, webStorageEnabled: true}
Session ID: 56916fbb68bb85177bdc92adab9ee6e2
*** Element info: {Using=xpath, value=//iframe[count(. | //*[@frameborder = '0']) = count(//*[@frameborder = '0'])][count(. | //*[@src = 'http://oddlefacebooklogindomain.staging.oddle.co/en_SG/facebook/149784952181218/login']) = count(//*[@src = 'http://oddlefacebooklogindomain.staging.oddle.co/en_SG/facebook/149784952181218/login'])][count(. | id("__next")/div[1]/div[1]/div[@class="s111nt22-0 isjfum"]/div[3]/div[3]/div[@class="wuzp1o-0 cCUvkJ"]/div[@class="wuzp1o-2 gfSaCZ"]/div[@class="wuzp1o-5 eezkNJ"]/div[@class="eslncg-2 bKwwBK"]/div[@class="eslncg-3 kImoTU"]/div[@class="eslncg-4 gugdEn"]/div[@class="qxyyek-0 gDhhcJ e9phw6-1-sc-bdVaJa cjHrgj e9phw6-0 jBJmyp"]/div[@class="sc-bRBYWo cdRCbH e9phw6-0 jBJmyp"]/form[1]/div[@class="s5csc7v-1 gBEfBY"]/iframe[1]) = count(id("__next")/div[1]/div[1]/div[@class="s111nt22-0 isjfum"]/div[3]/div[3]/div[@class="wuzp1o-0 cCUvkJ"]/div[@class="wuzp1o-2 gfSaCZ"]/div[@class="wuzp1o-5 eezkNJ"]/div[@class="eslncg-2 bKwwBK"]/div[@class="eslncg-3 kImoTU"]/div[@class="eslncg-4 gugdEn"]/div[@class="qxyyek-0 gDhhcJ e9phw6-1-sc-bdVaJa cjHrgj e9phw6-0 jBJmyp"]/div[@class="sc-bRBYWo cdRCbH e9phw6-0 jBJmyp"]/form[1]/div[@class="s5csc7v-1 gBEfBY"]/iframe[1])]})

2018-01-03 18:16:52 - [MESSAGE][WARNING] - Timeout '0' is invalid. Using default page load timeout: '5'

2018-01-03 18:16:54 - [MESSAGE][WARNING] - Cannot take screenshot

2018-01-03 18:16:54 - [MESSAGE][FAILED] - Unable to scroll to object 'Object Repository/LogIn/span_Login with Facebook' (Root cause: org.openqa.selenium.NoSuchWindowException: no such window: target window already closed
from unknown error: web view not found
  (Session info: chrome=63.0.3239.84)
  (Driver info: chromedriver=2.33.506120 (e3e53437346286c0bc2d2dc9aa4915ba81d9023f),platform=Windows NT 10.0.16299 x86_64) (WARNING: The server did not provide any stacktrace information)
Command duration or timeout: 0 milliseconds
Build info: version: '3.7.1', revision: '8a0099a', time: '2017-11-06T21:07:36.161Z'
System info: host: 'DESKTOP-JMN7MR3', ip: '192.168.126.1', os.name: 'Windows 10', os.arch: 'amd64', os.version: '10.0', java.version: '1.8.0_102'
Driver info: com.kms.katalon.selenium.driver.CChromeDriver
Capabilities {acceptSslCerts: true, applicationCacheEnabled: false, browserConnectionEnabled: false, browserName: chrome, chrome: {chromedriverVersion: 2.33.506120 (e3e53437346286..., userDataDir: C:\Users\Ang\AppData\Local\...}, cssSelectorsEnabled: true, databaseEnabled: false, handlesAlerts: true, hasTouchScreen: false, javascriptEnabled: true, locationContextEnabled: true, mobileEmulationEnabled: false, nativeEvents: true, networkConnectionEnabled: false, pageLoadStrategy: normal, platform: XP, platformName: XP, rotatable: false, setWindowRect: true, takesHeapSnapshot: true, takesScreenshot: true, unexpectedAlertBehaviour: , unhandledPromptBehavior: , version: 63.0.3239.84, webStorageEnabled: true}
Session ID: 56916fbb68bb85177bdc92adab9ee6e2
*** Element info: {Using=xpath, value=//iframe[count(. | //*[@frameborder = '0']) = count(//*[@frameborder = '0'])][count(. | //*[@src = 'http://oddlefacebooklogindomain.staging.oddle.co/en_SG/facebook/149784952181218/login']) = count(//*[@src = 'http://oddlefacebooklogindomain.staging.oddle.co/en_SG/facebook/149784952181218/login'])][count(. | id("__next")/div[1]/div[1]/div[@class="s111nt22-0 isjfum"]/div[3]/div[3]/div[@class="wuzp1o-0 cCUvkJ"]/div[@class="wuzp1o-2 gfSaCZ"]/div[@class="wuzp1o-5 eezkNJ"]/div[@class="eslncg-2 bKwwBK"]/div[@class="eslncg-3 kImoTU"]/div[@class="eslncg-4 gugdEn"]/div[@class="qxyyek-0 gDhhcJ e9phw6-1-sc-bdVaJa cjHrgj e9phw6-0 jBJmyp"]/div[@class="sc-bRBYWo cdRCbH e9phw6-0 jBJmyp"]/form[1]/div[@class="s5csc7v-1 gBEfBY"]/iframe[1]) = count(id("__next")/div[1]/div[1]/div[@class="s111nt22-0 isjfum"]/div[3]/div[3]/div[@class="wuzp1o-0 cCUvkJ"]/div[@class="wuzp1o-2 gfSaCZ"]/div[@class="wuzp1o-5 eezkNJ"]/div[@class="eslncg-2 bKwwBK"]/div[@class="eslncg-3 kImoTU"]/div[@class="eslncg-4 gugdEn"]/div[@class="qxyyek-0 gDhhcJ e9phw6-1-sc-bdVaJa cjHrgj e9phw6-0 jBJmyp"]/div[@class="sc-bRBYWo cdRCbH e9phw6-0 jBJmyp"]/form[1]/div[@class="s5csc7v-1 gBEfBY"]/iframe[1])]})]]></system-out>
         <system-err><![CDATA[2018-01-03 18:16:44 - [TEST_CASE][FAILED] - Test Cases/008_login_fb_wrongpw: Test Cases/008_login_fb_wrongpw FAILED because (of) Unable to scroll to object 'Object Repository/LogIn/span_Login with Facebook' (Root cause: org.openqa.selenium.NoSuchWindowException: no such window: target window already closed
from unknown error: web view not found
  (Session info: chrome=63.0.3239.84)
  (Driver info: chromedriver=2.33.506120 (e3e53437346286c0bc2d2dc9aa4915ba81d9023f),platform=Windows NT 10.0.16299 x86_64) (WARNING: The server did not provide any stacktrace information)
Command duration or timeout: 0 milliseconds
Build info: version: '3.7.1', revision: '8a0099a', time: '2017-11-06T21:07:36.161Z'
System info: host: 'DESKTOP-JMN7MR3', ip: '192.168.126.1', os.name: 'Windows 10', os.arch: 'amd64', os.version: '10.0', java.version: '1.8.0_102'
Driver info: com.kms.katalon.selenium.driver.CChromeDriver
Capabilities {acceptSslCerts: true, applicationCacheEnabled: false, browserConnectionEnabled: false, browserName: chrome, chrome: {chromedriverVersion: 2.33.506120 (e3e53437346286..., userDataDir: C:\Users\Ang\AppData\Local\...}, cssSelectorsEnabled: true, databaseEnabled: false, handlesAlerts: true, hasTouchScreen: false, javascriptEnabled: true, locationContextEnabled: true, mobileEmulationEnabled: false, nativeEvents: true, networkConnectionEnabled: false, pageLoadStrategy: normal, platform: XP, platformName: XP, rotatable: false, setWindowRect: true, takesHeapSnapshot: true, takesScreenshot: true, unexpectedAlertBehaviour: , unhandledPromptBehavior: , version: 63.0.3239.84, webStorageEnabled: true}
Session ID: 56916fbb68bb85177bdc92adab9ee6e2
*** Element info: {Using=xpath, value=//iframe[count(. | //*[@frameborder = '0']) = count(//*[@frameborder = '0'])][count(. | //*[@src = 'http://oddlefacebooklogindomain.staging.oddle.co/en_SG/facebook/149784952181218/login']) = count(//*[@src = 'http://oddlefacebooklogindomain.staging.oddle.co/en_SG/facebook/149784952181218/login'])][count(. | id("__next")/div[1]/div[1]/div[@class="s111nt22-0 isjfum"]/div[3]/div[3]/div[@class="wuzp1o-0 cCUvkJ"]/div[@class="wuzp1o-2 gfSaCZ"]/div[@class="wuzp1o-5 eezkNJ"]/div[@class="eslncg-2 bKwwBK"]/div[@class="eslncg-3 kImoTU"]/div[@class="eslncg-4 gugdEn"]/div[@class="qxyyek-0 gDhhcJ e9phw6-1-sc-bdVaJa cjHrgj e9phw6-0 jBJmyp"]/div[@class="sc-bRBYWo cdRCbH e9phw6-0 jBJmyp"]/form[1]/div[@class="s5csc7v-1 gBEfBY"]/iframe[1]) = count(id("__next")/div[1]/div[1]/div[@class="s111nt22-0 isjfum"]/div[3]/div[3]/div[@class="wuzp1o-0 cCUvkJ"]/div[@class="wuzp1o-2 gfSaCZ"]/div[@class="wuzp1o-5 eezkNJ"]/div[@class="eslncg-2 bKwwBK"]/div[@class="eslncg-3 kImoTU"]/div[@class="eslncg-4 gugdEn"]/div[@class="qxyyek-0 gDhhcJ e9phw6-1-sc-bdVaJa cjHrgj e9phw6-0 jBJmyp"]/div[@class="sc-bRBYWo cdRCbH e9phw6-0 jBJmyp"]/form[1]/div[@class="s5csc7v-1 gBEfBY"]/iframe[1])]})]]></system-err>
      </testcase>
      <testcase name="Test Cases/009_logout" classname="Test Cases/009_logout" status="FAILED">
         <failure type="FAILED" message="Unable to click on object 'Object Repository/LogIn/div_Hi user' (Root cause: org.openqa.selenium.WebDriverException: chrome not reachable
  (Session info: chrome=63.0.3239.84)
  (Driver info: chromedriver=2.33.506120 (e3e53437346286c0bc2d2dc9aa4915ba81d9023f),platform=Windows NT 10.0.16299 x86_64) (WARNING: The server did not provide any stacktrace information)
Command duration or timeout: 0 milliseconds
Build info: version: '3.7.1', revision: '8a0099a', time: '2017-11-06T21:07:36.161Z'
System info: host: 'DESKTOP-JMN7MR3', ip: '192.168.126.1', os.name: 'Windows 10', os.arch: 'amd64', os.version: '10.0', java.version: '1.8.0_102'
Driver info: com.kms.katalon.selenium.driver.CChromeDriver
Capabilities {acceptSslCerts: true, applicationCacheEnabled: false, browserConnectionEnabled: false, browserName: chrome, chrome: {chromedriverVersion: 2.33.506120 (e3e53437346286..., userDataDir: C:\Users\Ang\AppData\Local\...}, cssSelectorsEnabled: true, databaseEnabled: false, handlesAlerts: true, hasTouchScreen: false, javascriptEnabled: true, locationContextEnabled: true, mobileEmulationEnabled: false, nativeEvents: true, networkConnectionEnabled: false, pageLoadStrategy: normal, platform: XP, platformName: XP, rotatable: false, setWindowRect: true, takesHeapSnapshot: true, takesScreenshot: true, unexpectedAlertBehaviour: , unhandledPromptBehavior: , version: 63.0.3239.84, webStorageEnabled: true}
Session ID: 493213c943b4d0e382da5a5320f177d4
*** Element info: {Using=xpath, value=//*[@id=&quot;__next&quot;]/div/div/div/div[2]/div[1]/div[1]/div/div/div/div[2]/div[2]/div/div/div/div})"/>
         <system-out><![CDATA[2018-01-03 18:16:55 - [TEST_CASE][FAILED] - Test Cases/009_logout: Test Cases/009_logout FAILED because (of) Unable to click on object 'Object Repository/LogIn/div_Hi user' (Root cause: org.openqa.selenium.WebDriverException: chrome not reachable
  (Session info: chrome=63.0.3239.84)
  (Driver info: chromedriver=2.33.506120 (e3e53437346286c0bc2d2dc9aa4915ba81d9023f),platform=Windows NT 10.0.16299 x86_64) (WARNING: The server did not provide any stacktrace information)
Command duration or timeout: 0 milliseconds
Build info: version: '3.7.1', revision: '8a0099a', time: '2017-11-06T21:07:36.161Z'
System info: host: 'DESKTOP-JMN7MR3', ip: '192.168.126.1', os.name: 'Windows 10', os.arch: 'amd64', os.version: '10.0', java.version: '1.8.0_102'
Driver info: com.kms.katalon.selenium.driver.CChromeDriver
Capabilities {acceptSslCerts: true, applicationCacheEnabled: false, browserConnectionEnabled: false, browserName: chrome, chrome: {chromedriverVersion: 2.33.506120 (e3e53437346286..., userDataDir: C:\Users\Ang\AppData\Local\...}, cssSelectorsEnabled: true, databaseEnabled: false, handlesAlerts: true, hasTouchScreen: false, javascriptEnabled: true, locationContextEnabled: true, mobileEmulationEnabled: false, nativeEvents: true, networkConnectionEnabled: false, pageLoadStrategy: normal, platform: XP, platformName: XP, rotatable: false, setWindowRect: true, takesHeapSnapshot: true, takesScreenshot: true, unexpectedAlertBehaviour: , unhandledPromptBehavior: , version: 63.0.3239.84, webStorageEnabled: true}
Session ID: 493213c943b4d0e382da5a5320f177d4
*** Element info: {Using=xpath, value=//*[@id="__next"]/div/div/div/div[2]/div[1]/div[1]/div/div/div/div[2]/div[2]/div/div/div/div})

2018-01-03 18:16:55 - [TEST_STEP][PASSED] - callTestCase: Call Test Case 'Test Cases/001_login_email_successful' successfully

2018-01-03 18:16:55 - [TEST_CASE][PASSED] - Test Cases/001_login_email_successful: Test Cases/001_login_email_successful

2018-01-03 18:16:55 - [TEST_STEP][PASSED] - openBrowser: Browser is opened with url: ''

2018-01-03 18:16:57 - [MESSAGE][PASSED] - Browser is opened with url: ''

2018-01-03 18:16:57 - [TEST_STEP][PASSED] - navigateToUrl: Navigate to 'http://mcdonaldstest.staging.oddle.co' successfully

2018-01-03 18:17:00 - [MESSAGE][PASSED] - Navigate to 'http://mcdonaldstest.staging.oddle.co' successfully

2018-01-03 18:17:00 - [TEST_STEP][PASSED] - click: Object: 'Object Repository/LogIn/div_Log in' is clicked on

2018-01-03 18:17:00 - [MESSAGE][PASSED] - Object: 'Object Repository/LogIn/div_Log in' is clicked on

2018-01-03 18:17:00 - [TEST_STEP][PASSED] - setText: Text 'kevin.ang@oddle.me' is set on object 'Object Repository/LogIn/input_email'

2018-01-03 18:17:02 - [MESSAGE][PASSED] - Text 'kevin.ang@oddle.me' is set on object 'Object Repository/LogIn/input_email'

2018-01-03 18:17:02 - [TEST_STEP][PASSED] - setText: Text '0ddleatw' is set on object 'Object Repository/LogIn/input_password'

2018-01-03 18:17:02 - [MESSAGE][PASSED] - Text '0ddleatw' is set on object 'Object Repository/LogIn/input_password'

2018-01-03 18:17:02 - [TEST_STEP][PASSED] - click: Object: 'Object Repository/LogIn/button_Login' is clicked on

2018-01-03 18:17:02 - [MESSAGE][PASSED] - Object: 'Object Repository/LogIn/button_Login' is clicked on

2018-01-03 18:17:02 - [TEST_STEP][PASSED] - delay: Delayed 3 second(s)

2018-01-03 18:17:05 - [MESSAGE][PASSED] - Delayed 3 second(s)

2018-01-03 18:17:05 - [TEST_STEP][PASSED] - autoKeywords.verifyLoggedIn.verifyLogged: autoKeywords.verifyLoggedIn.verifyLogged is PASSED

2018-01-03 18:17:05 - [MESSAGE][PASSED] - Text of object 'Object Repository/LogIn/div_Hi user' is: 'Hi, John'

2018-01-03 18:17:05 - [MESSAGE][PASSED] - Actual text 'Hi, John' and expected text 'Log In' are not matched 

2018-01-03 18:17:05 - [MESSAGE][PASSED] - autoKeywords.verifyLoggedIn.verifyLogged is PASSED

2018-01-03 18:17:05 - [MESSAGE][PASSED] - Call Test Case 'Test Cases/001_login_email_successful' successfully

2018-01-03 18:17:05 - [TEST_STEP][PASSED] - delay: Delayed 1 second(s)

2018-01-03 18:17:06 - [MESSAGE][PASSED] - Delayed 1 second(s)

2018-01-03 18:17:06 - [TEST_STEP][FAILED] - click: Unable to click on object 'Object Repository/LogIn/div_Hi user' (Root cause: org.openqa.selenium.WebDriverException: chrome not reachable
  (Session info: chrome=63.0.3239.84)
  (Driver info: chromedriver=2.33.506120 (e3e53437346286c0bc2d2dc9aa4915ba81d9023f),platform=Windows NT 10.0.16299 x86_64) (WARNING: The server did not provide any stacktrace information)
Command duration or timeout: 0 milliseconds
Build info: version: '3.7.1', revision: '8a0099a', time: '2017-11-06T21:07:36.161Z'
System info: host: 'DESKTOP-JMN7MR3', ip: '192.168.126.1', os.name: 'Windows 10', os.arch: 'amd64', os.version: '10.0', java.version: '1.8.0_102'
Driver info: com.kms.katalon.selenium.driver.CChromeDriver
Capabilities {acceptSslCerts: true, applicationCacheEnabled: false, browserConnectionEnabled: false, browserName: chrome, chrome: {chromedriverVersion: 2.33.506120 (e3e53437346286..., userDataDir: C:\Users\Ang\AppData\Local\...}, cssSelectorsEnabled: true, databaseEnabled: false, handlesAlerts: true, hasTouchScreen: false, javascriptEnabled: true, locationContextEnabled: true, mobileEmulationEnabled: false, nativeEvents: true, networkConnectionEnabled: false, pageLoadStrategy: normal, platform: XP, platformName: XP, rotatable: false, setWindowRect: true, takesHeapSnapshot: true, takesScreenshot: true, unexpectedAlertBehaviour: , unhandledPromptBehavior: , version: 63.0.3239.84, webStorageEnabled: true}
Session ID: 493213c943b4d0e382da5a5320f177d4
*** Element info: {Using=xpath, value=//*[@id="__next"]/div/div/div/div[2]/div[1]/div[1]/div/div/div/div[2]/div[2]/div/div/div/div})

2018-01-03 18:17:14 - [MESSAGE][WARNING] - Cannot take screenshot

2018-01-03 18:17:14 - [MESSAGE][FAILED] - Unable to click on object 'Object Repository/LogIn/div_Hi user' (Root cause: org.openqa.selenium.WebDriverException: chrome not reachable
  (Session info: chrome=63.0.3239.84)
  (Driver info: chromedriver=2.33.506120 (e3e53437346286c0bc2d2dc9aa4915ba81d9023f),platform=Windows NT 10.0.16299 x86_64) (WARNING: The server did not provide any stacktrace information)
Command duration or timeout: 0 milliseconds
Build info: version: '3.7.1', revision: '8a0099a', time: '2017-11-06T21:07:36.161Z'
System info: host: 'DESKTOP-JMN7MR3', ip: '192.168.126.1', os.name: 'Windows 10', os.arch: 'amd64', os.version: '10.0', java.version: '1.8.0_102'
Driver info: com.kms.katalon.selenium.driver.CChromeDriver
Capabilities {acceptSslCerts: true, applicationCacheEnabled: false, browserConnectionEnabled: false, browserName: chrome, chrome: {chromedriverVersion: 2.33.506120 (e3e53437346286..., userDataDir: C:\Users\Ang\AppData\Local\...}, cssSelectorsEnabled: true, databaseEnabled: false, handlesAlerts: true, hasTouchScreen: false, javascriptEnabled: true, locationContextEnabled: true, mobileEmulationEnabled: false, nativeEvents: true, networkConnectionEnabled: false, pageLoadStrategy: normal, platform: XP, platformName: XP, rotatable: false, setWindowRect: true, takesHeapSnapshot: true, takesScreenshot: true, unexpectedAlertBehaviour: , unhandledPromptBehavior: , version: 63.0.3239.84, webStorageEnabled: true}
Session ID: 493213c943b4d0e382da5a5320f177d4
*** Element info: {Using=xpath, value=//*[@id="__next"]/div/div/div/div[2]/div[1]/div[1]/div/div/div/div[2]/div[2]/div/div/div/div})]]></system-out>
         <system-err><![CDATA[2018-01-03 18:16:55 - [TEST_CASE][FAILED] - Test Cases/009_logout: Test Cases/009_logout FAILED because (of) Unable to click on object 'Object Repository/LogIn/div_Hi user' (Root cause: org.openqa.selenium.WebDriverException: chrome not reachable
  (Session info: chrome=63.0.3239.84)
  (Driver info: chromedriver=2.33.506120 (e3e53437346286c0bc2d2dc9aa4915ba81d9023f),platform=Windows NT 10.0.16299 x86_64) (WARNING: The server did not provide any stacktrace information)
Command duration or timeout: 0 milliseconds
Build info: version: '3.7.1', revision: '8a0099a', time: '2017-11-06T21:07:36.161Z'
System info: host: 'DESKTOP-JMN7MR3', ip: '192.168.126.1', os.name: 'Windows 10', os.arch: 'amd64', os.version: '10.0', java.version: '1.8.0_102'
Driver info: com.kms.katalon.selenium.driver.CChromeDriver
Capabilities {acceptSslCerts: true, applicationCacheEnabled: false, browserConnectionEnabled: false, browserName: chrome, chrome: {chromedriverVersion: 2.33.506120 (e3e53437346286..., userDataDir: C:\Users\Ang\AppData\Local\...}, cssSelectorsEnabled: true, databaseEnabled: false, handlesAlerts: true, hasTouchScreen: false, javascriptEnabled: true, locationContextEnabled: true, mobileEmulationEnabled: false, nativeEvents: true, networkConnectionEnabled: false, pageLoadStrategy: normal, platform: XP, platformName: XP, rotatable: false, setWindowRect: true, takesHeapSnapshot: true, takesScreenshot: true, unexpectedAlertBehaviour: , unhandledPromptBehavior: , version: 63.0.3239.84, webStorageEnabled: true}
Session ID: 493213c943b4d0e382da5a5320f177d4
*** Element info: {Using=xpath, value=//*[@id="__next"]/div/div/div/div[2]/div[1]/div[1]/div/div/div/div[2]/div[2]/div/div/div/div})]]></system-err>
      </testcase>
      <system-out><![CDATA[2018-01-03 18:14:58 - [TEST_SUITE][FAILED] - login_logout: Test Cases/003_login_email_wrongpwformat FAILED because (of) Unable to verify object 'Object Repository/LogIn/span_Password should be at lea' is present (Root cause: com.kms.katalon.core.webui.exception.WebElementNotFoundException: Web element with id: 'Object Repository/LogIn/span_Password should be at lea' located by 'By.xpath: //span[count(. | //*[@class = 'dot6ul-4 fYbvjS']) = count(//*[@class = 'dot6ul-4 fYbvjS'])][count(. | //*[text() = 'Password should be at least 8 characters long']) = count(//*[text() = 'Password should be at least 8 characters long'])][count(. | id("__next")/div[1]/div[1]/div[@class="s111nt22-0 isjfum"]/div[3]/div[3]/div[@class="wuzp1o-0 cCUvkJ"]/div[@class="wuzp1o-2 gfSaCZ"]/div[@class="wuzp1o-5 eezkNJ"]/div[@class="eslncg-2 bKwwBK"]/div[@class="eslncg-3 kImoTU"]/div[@class="eslncg-4 gugdEn"]/div[@class="qxyyek-0 gDhhcJ e9phw6-1-sc-bdVaJa cjHrgj e9phw6-0 jBJmyp"]/div[@class="sc-bRBYWo cdRCbH e9phw6-0 jBJmyp"]/form[1]/div[@class="s1kn4au3-0 gYDZag"]/div[2]/span[@class="dot6ul-4 fYbvjS"]) = count(id("__next")/div[1]/div[1]/div[@class="s111nt22-0 isjfum"]/div[3]/div[3]/div[@class="wuzp1o-0 cCUvkJ"]/div[@class="wuzp1o-2 gfSaCZ"]/div[@class="wuzp1o-5 eezkNJ"]/div[@class="eslncg-2 bKwwBK"]/div[@class="eslncg-3 kImoTU"]/div[@class="eslncg-4 gugdEn"]/div[@class="qxyyek-0 gDhhcJ e9phw6-1-sc-bdVaJa cjHrgj e9phw6-0 jBJmyp"]/div[@class="sc-bRBYWo cdRCbH e9phw6-0 jBJmyp"]/form[1]/div[@class="s1kn4au3-0 gYDZag"]/div[2]/span[@class="dot6ul-4 fYbvjS"])]' not found)]]></system-out>
      <system-err><![CDATA[2018-01-03 18:14:58 - [TEST_SUITE][FAILED] - login_logout: Test Cases/003_login_email_wrongpwformat FAILED because (of) Unable to verify object 'Object Repository/LogIn/span_Password should be at lea' is present (Root cause: com.kms.katalon.core.webui.exception.WebElementNotFoundException: Web element with id: 'Object Repository/LogIn/span_Password should be at lea' located by 'By.xpath: //span[count(. | //*[@class = 'dot6ul-4 fYbvjS']) = count(//*[@class = 'dot6ul-4 fYbvjS'])][count(. | //*[text() = 'Password should be at least 8 characters long']) = count(//*[text() = 'Password should be at least 8 characters long'])][count(. | id("__next")/div[1]/div[1]/div[@class="s111nt22-0 isjfum"]/div[3]/div[3]/div[@class="wuzp1o-0 cCUvkJ"]/div[@class="wuzp1o-2 gfSaCZ"]/div[@class="wuzp1o-5 eezkNJ"]/div[@class="eslncg-2 bKwwBK"]/div[@class="eslncg-3 kImoTU"]/div[@class="eslncg-4 gugdEn"]/div[@class="qxyyek-0 gDhhcJ e9phw6-1-sc-bdVaJa cjHrgj e9phw6-0 jBJmyp"]/div[@class="sc-bRBYWo cdRCbH e9phw6-0 jBJmyp"]/form[1]/div[@class="s1kn4au3-0 gYDZag"]/div[2]/span[@class="dot6ul-4 fYbvjS"]) = count(id("__next")/div[1]/div[1]/div[@class="s111nt22-0 isjfum"]/div[3]/div[3]/div[@class="wuzp1o-0 cCUvkJ"]/div[@class="wuzp1o-2 gfSaCZ"]/div[@class="wuzp1o-5 eezkNJ"]/div[@class="eslncg-2 bKwwBK"]/div[@class="eslncg-3 kImoTU"]/div[@class="eslncg-4 gugdEn"]/div[@class="qxyyek-0 gDhhcJ e9phw6-1-sc-bdVaJa cjHrgj e9phw6-0 jBJmyp"]/div[@class="sc-bRBYWo cdRCbH e9phw6-0 jBJmyp"]/form[1]/div[@class="s1kn4au3-0 gYDZag"]/div[2]/span[@class="dot6ul-4 fYbvjS"])]' not found)]]></system-err>
   </testsuite>
</testsuites>
