<?xml version="1.0" encoding="UTF-8"?>
<testsuites name="signup" time="134" tests="10" failures="1" errors="0">
   <testsuite name="signup" tests="10" failures="1" errors="0" time="134" timestamp="2018-01-03 17:47:40" hostname="Ang - DESKTOP-JMN7MR3" id="Test Suites/signup">
      <properties>
         <property name="deviceName" value=""/>
         <property name="devicePlatform" value=""/>
         <property name="logFolder" value="C:\\Users\\Ang\\git\\oddle-automa\\Reports\\signup\\20180103_174733"/>
         <property name="logFiles" value="C:\\Users\\Ang\\git\\oddle-automa\\Reports\\signup\\20180103_174733\\execution0.log"/>
         <property name="attachments" value="C:\\Users\\Ang\\git\\oddle-automa\\Reports\\signup\\20180103_174733\\1514972894607.png"/>
         <property name="hostName" value="Ang - DESKTOP-JMN7MR3"/>
         <property name="os" value="Windows 10 64bit"/>
         <property name="katalonVersion" value="5.2.0.1"/>
         <property name="browser" value="Chrome 63.0.3239.84"/>
         <property name="hostAddress" value="192.168.126.1"/>
         <property name="sessionId" value="829156b6916c4ddee2558cd2a2688060"/>
         <property name="seleniumVersion" value="3.7.1"/>
         <property name="proxyInformation" value="ProxyInformation{proxyOption=NO_PROXY, proxyServerType=HTTP, password=, proxyServerAddress=, proxyServerPort=0}"/>
         <property name="platform" value="Windows 10"/>
      </properties>
      <testcase name="Test Cases/010_signup_success" classname="Test Cases/010_signup_success" status="PASSED">
         <system-out><![CDATA[2018-01-03 17:47:41 - [TEST_CASE][PASSED] - Test Cases/010_signup_success: Test Cases/010_signup_success

2018-01-03 17:47:41 - [TEST_STEP][PASSED] - openBrowser: Browser is opened with url: ''

2018-01-03 17:47:45 - [MESSAGE][PASSED] - Browser is opened with url: ''

2018-01-03 17:47:45 - [TEST_STEP][PASSED] - navigateToUrl: Navigate to 'http://mcdonaldstest.staging.oddle.co' successfully

2018-01-03 17:47:48 - [MESSAGE][PASSED] - Navigate to 'http://mcdonaldstest.staging.oddle.co' successfully

2018-01-03 17:47:48 - [TEST_STEP][PASSED] - click: Object: 'Object Repository/LogIn/div_Log in' is clicked on

2018-01-03 17:47:48 - [MESSAGE][PASSED] - Object: 'Object Repository/LogIn/div_Log in' is clicked on

2018-01-03 17:47:48 - [TEST_STEP][PASSED] - click: Object: 'Object Repository/SignUp/a_ Sign up' is clicked on

2018-01-03 17:47:49 - [MESSAGE][PASSED] - Object: 'Object Repository/SignUp/a_ Sign up' is clicked on

2018-01-03 17:47:49 - [TEST_STEP][PASSED] - Statement - str1 = CustomKeywords.autoKeywords.RandomStrGen.randomStr("abcdefghijklmnopqrstuvwxyz1234567890", 10): autoKeywords.RandomStrGen.randomStr is PASSED

2018-01-03 17:47:49 - [MESSAGE][PASSED] - autoKeywords.RandomStrGen.randomStr is PASSED

2018-01-03 17:47:49 - [TEST_STEP][PASSED] - Statement - str2 = CustomKeywords.autoKeywords.RandomStrGen.randomStr("abcdefghijklmnopqrstuvwxyz1234567890", 10): autoKeywords.RandomStrGen.randomStr is PASSED

2018-01-03 17:47:49 - [MESSAGE][PASSED] - autoKeywords.RandomStrGen.randomStr is PASSED

2018-01-03 17:47:49 - [TEST_STEP][PASSED] - setText: Text 'yt8fk9jsq4@qs6b0ueeu4.com' is set on object 'Object Repository/SignUp/input_email'

2018-01-03 17:47:50 - [MESSAGE][PASSED] - Text 'yt8fk9jsq4@qs6b0ueeu4.com' is set on object 'Object Repository/SignUp/input_email'

2018-01-03 17:47:50 - [TEST_STEP][PASSED] - setText: Text 'Oddle' is set on object 'Object Repository/SignUp/input_firstName'

2018-01-03 17:47:50 - [MESSAGE][PASSED] - Text 'Oddle' is set on object 'Object Repository/SignUp/input_firstName'

2018-01-03 17:47:50 - [TEST_STEP][PASSED] - setText: Text 'Automation' is set on object 'Object Repository/SignUp/input_lastName'

2018-01-03 17:47:51 - [MESSAGE][PASSED] - Text 'Automation' is set on object 'Object Repository/SignUp/input_lastName'

2018-01-03 17:47:51 - [TEST_STEP][PASSED] - setText: Text '91234567' is set on object 'Object Repository/SignUp/input_phone'

2018-01-03 17:47:51 - [MESSAGE][PASSED] - Text '91234567' is set on object 'Object Repository/SignUp/input_phone'

2018-01-03 17:47:51 - [TEST_STEP][PASSED] - setText: Text 'puToNtaB_1' is set on object 'Object Repository/SignUp/input_password'

2018-01-03 17:47:52 - [MESSAGE][PASSED] - Text 'puToNtaB_1' is set on object 'Object Repository/SignUp/input_password'

2018-01-03 17:47:52 - [TEST_STEP][PASSED] - click: Object: 'Object Repository/SignUp/button_Sign Up' is clicked on

2018-01-03 17:47:52 - [MESSAGE][PASSED] - Object: 'Object Repository/SignUp/button_Sign Up' is clicked on

2018-01-03 17:47:52 - [TEST_STEP][PASSED] - delay: Delayed 3 second(s)

2018-01-03 17:47:55 - [MESSAGE][PASSED] - Delayed 3 second(s)

2018-01-03 17:47:55 - [TEST_STEP][PASSED] - autoKeywords.verifyLoggedIn.verifyLogged: autoKeywords.verifyLoggedIn.verifyLogged is PASSED

2018-01-03 17:47:55 - [MESSAGE][PASSED] - Text of object 'Object Repository/LogIn/div_Hi user' is: 'Hi, Oddle'

2018-01-03 17:47:55 - [MESSAGE][PASSED] - Actual text 'Hi, Oddle' and expected text 'Log In' are not matched 

2018-01-03 17:47:55 - [MESSAGE][PASSED] - autoKeywords.verifyLoggedIn.verifyLogged is PASSED]]></system-out>
         <system-err><![CDATA[]]></system-err>
      </testcase>
      <testcase name="Test Cases/011_signup_success_newlogin" classname="Test Cases/011_signup_success_newlogin" status="FAILED">
         <failure type="FAILED" message="Unable to click on object 'Object Repository/LogIn/a_Sign out' (Root cause: com.kms.katalon.core.webui.exception.WebElementNotFoundException: Web element with id: 'Object Repository/LogIn/a_Sign out' located by 'By.xpath: //a[count(. | //*[text() = 'Sign out']) = count(//*[text() = 'Sign out'])][count(. | id(&quot;__next&quot;)/div[1]/div[1]/div[@class=&quot;s111nt22-0 isjfum&quot;]/div[3]/div[1]/div[@class=&quot;s1c1tes9-1 dGlWIK&quot;]/div[@class=&quot;sc-gPEVay ensxuw e9phw6-0 jBJmyp&quot;]/nav[1]/ul[@class=&quot;ixcyk4-0 fmoENB&quot;]/li[@class=&quot;ixcyk4-1 cUEGiU&quot;]/a[@class=&quot;s1xsnjjp-0 bQfqRc&quot;]) = count(id(&quot;__next&quot;)/div[1]/div[1]/div[@class=&quot;s111nt22-0 isjfum&quot;]/div[3]/div[1]/div[@class=&quot;s1c1tes9-1 dGlWIK&quot;]/div[@class=&quot;sc-gPEVay ensxuw e9phw6-0 jBJmyp&quot;]/nav[1]/ul[@class=&quot;ixcyk4-0 fmoENB&quot;]/li[@class=&quot;ixcyk4-1 cUEGiU&quot;]/a[@class=&quot;s1xsnjjp-0 bQfqRc&quot;])]' not found)"/>
         <system-out><![CDATA[2018-01-03 17:47:56 - [TEST_CASE][FAILED] - Test Cases/011_signup_success_newlogin: Test Cases/011_signup_success_newlogin FAILED because (of) Unable to click on object 'Object Repository/LogIn/a_Sign out' (Root cause: com.kms.katalon.core.webui.exception.WebElementNotFoundException: Web element with id: 'Object Repository/LogIn/a_Sign out' located by 'By.xpath: //a[count(. | //*[text() = 'Sign out']) = count(//*[text() = 'Sign out'])][count(. | id("__next")/div[1]/div[1]/div[@class="s111nt22-0 isjfum"]/div[3]/div[1]/div[@class="s1c1tes9-1 dGlWIK"]/div[@class="sc-gPEVay ensxuw e9phw6-0 jBJmyp"]/nav[1]/ul[@class="ixcyk4-0 fmoENB"]/li[@class="ixcyk4-1 cUEGiU"]/a[@class="s1xsnjjp-0 bQfqRc"]) = count(id("__next")/div[1]/div[1]/div[@class="s111nt22-0 isjfum"]/div[3]/div[1]/div[@class="s1c1tes9-1 dGlWIK"]/div[@class="sc-gPEVay ensxuw e9phw6-0 jBJmyp"]/nav[1]/ul[@class="ixcyk4-0 fmoENB"]/li[@class="ixcyk4-1 cUEGiU"]/a[@class="s1xsnjjp-0 bQfqRc"])]' not found)

2018-01-03 17:47:56 - [TEST_STEP][PASSED] - openBrowser: Browser is opened with url: ''

2018-01-03 17:47:58 - [MESSAGE][PASSED] - Browser is opened with url: ''

2018-01-03 17:47:58 - [TEST_STEP][PASSED] - navigateToUrl: Navigate to 'http://mcdonaldstest.staging.oddle.co' successfully

2018-01-03 17:48:01 - [MESSAGE][PASSED] - Navigate to 'http://mcdonaldstest.staging.oddle.co' successfully

2018-01-03 17:48:01 - [TEST_STEP][PASSED] - click: Object: 'Object Repository/LogIn/div_Log in' is clicked on

2018-01-03 17:48:01 - [MESSAGE][PASSED] - Object: 'Object Repository/LogIn/div_Log in' is clicked on

2018-01-03 17:48:01 - [TEST_STEP][PASSED] - click: Object: 'Object Repository/SignUp/a_ Sign up' is clicked on

2018-01-03 17:48:02 - [MESSAGE][PASSED] - Object: 'Object Repository/SignUp/a_ Sign up' is clicked on

2018-01-03 17:48:02 - [TEST_STEP][PASSED] - Statement - str1 = CustomKeywords.autoKeywords.RandomStrGen.randomStr("abcdefghijklmnopqrstuvwxyz1234567890", 10): autoKeywords.RandomStrGen.randomStr is PASSED

2018-01-03 17:48:02 - [MESSAGE][PASSED] - autoKeywords.RandomStrGen.randomStr is PASSED

2018-01-03 17:48:02 - [TEST_STEP][PASSED] - Statement - str2 = CustomKeywords.autoKeywords.RandomStrGen.randomStr("abcdefghijklmnopqrstuvwxyz1234567890", 10): autoKeywords.RandomStrGen.randomStr is PASSED

2018-01-03 17:48:02 - [MESSAGE][PASSED] - autoKeywords.RandomStrGen.randomStr is PASSED

2018-01-03 17:48:02 - [TEST_STEP][PASSED] - setText: Text '7ilar0l8db@ygkia9np6c.com' is set on object 'Object Repository/SignUp/input_email'

2018-01-03 17:48:03 - [MESSAGE][PASSED] - Text '7ilar0l8db@ygkia9np6c.com' is set on object 'Object Repository/SignUp/input_email'

2018-01-03 17:48:03 - [TEST_STEP][PASSED] - setText: Text 'Oddle' is set on object 'Object Repository/SignUp/input_firstName'

2018-01-03 17:48:03 - [MESSAGE][PASSED] - Text 'Oddle' is set on object 'Object Repository/SignUp/input_firstName'

2018-01-03 17:48:03 - [TEST_STEP][PASSED] - setText: Text 'Automation' is set on object 'Object Repository/SignUp/input_lastName'

2018-01-03 17:48:04 - [MESSAGE][PASSED] - Text 'Automation' is set on object 'Object Repository/SignUp/input_lastName'

2018-01-03 17:48:04 - [TEST_STEP][PASSED] - setText: Text '91234567' is set on object 'Object Repository/SignUp/input_phone'

2018-01-03 17:48:04 - [MESSAGE][PASSED] - Text '91234567' is set on object 'Object Repository/SignUp/input_phone'

2018-01-03 17:48:04 - [TEST_STEP][PASSED] - setText: Text 'puToNtaB_1' is set on object 'Object Repository/SignUp/input_password'

2018-01-03 17:48:04 - [MESSAGE][PASSED] - Text 'puToNtaB_1' is set on object 'Object Repository/SignUp/input_password'

2018-01-03 17:48:04 - [TEST_STEP][PASSED] - click: Object: 'Object Repository/SignUp/button_Sign Up' is clicked on

2018-01-03 17:48:05 - [MESSAGE][PASSED] - Object: 'Object Repository/SignUp/button_Sign Up' is clicked on

2018-01-03 17:48:05 - [TEST_STEP][PASSED] - delay: Delayed 3 second(s)

2018-01-03 17:48:08 - [MESSAGE][PASSED] - Delayed 3 second(s)

2018-01-03 17:48:08 - [TEST_STEP][PASSED] - click: Object: 'Object Repository/SignUp/div_Hi Oddle' is clicked on

2018-01-03 17:48:08 - [MESSAGE][PASSED] - Object: 'Object Repository/SignUp/div_Hi Oddle' is clicked on

2018-01-03 17:48:08 - [TEST_STEP][PASSED] - delay: Delayed 1 second(s)

2018-01-03 17:48:09 - [MESSAGE][PASSED] - Delayed 1 second(s)

2018-01-03 17:48:09 - [TEST_STEP][FAILED] - click: Unable to click on object 'Object Repository/LogIn/a_Sign out' (Root cause: com.kms.katalon.core.webui.exception.WebElementNotFoundException: Web element with id: 'Object Repository/LogIn/a_Sign out' located by 'By.xpath: //a[count(. | //*[text() = 'Sign out']) = count(//*[text() = 'Sign out'])][count(. | id("__next")/div[1]/div[1]/div[@class="s111nt22-0 isjfum"]/div[3]/div[1]/div[@class="s1c1tes9-1 dGlWIK"]/div[@class="sc-gPEVay ensxuw e9phw6-0 jBJmyp"]/nav[1]/ul[@class="ixcyk4-0 fmoENB"]/li[@class="ixcyk4-1 cUEGiU"]/a[@class="s1xsnjjp-0 bQfqRc"]) = count(id("__next")/div[1]/div[1]/div[@class="s111nt22-0 isjfum"]/div[3]/div[1]/div[@class="s1c1tes9-1 dGlWIK"]/div[@class="sc-gPEVay ensxuw e9phw6-0 jBJmyp"]/nav[1]/ul[@class="ixcyk4-0 fmoENB"]/li[@class="ixcyk4-1 cUEGiU"]/a[@class="s1xsnjjp-0 bQfqRc"])]' not found)

2018-01-03 17:48:14 - [MESSAGE][FAILED] - Unable to click on object 'Object Repository/LogIn/a_Sign out' (Root cause: com.kms.katalon.core.webui.exception.WebElementNotFoundException: Web element with id: 'Object Repository/LogIn/a_Sign out' located by 'By.xpath: //a[count(. | //*[text() = 'Sign out']) = count(//*[text() = 'Sign out'])][count(. | id("__next")/div[1]/div[1]/div[@class="s111nt22-0 isjfum"]/div[3]/div[1]/div[@class="s1c1tes9-1 dGlWIK"]/div[@class="sc-gPEVay ensxuw e9phw6-0 jBJmyp"]/nav[1]/ul[@class="ixcyk4-0 fmoENB"]/li[@class="ixcyk4-1 cUEGiU"]/a[@class="s1xsnjjp-0 bQfqRc"]) = count(id("__next")/div[1]/div[1]/div[@class="s111nt22-0 isjfum"]/div[3]/div[1]/div[@class="s1c1tes9-1 dGlWIK"]/div[@class="sc-gPEVay ensxuw e9phw6-0 jBJmyp"]/nav[1]/ul[@class="ixcyk4-0 fmoENB"]/li[@class="ixcyk4-1 cUEGiU"]/a[@class="s1xsnjjp-0 bQfqRc"])]' not found)
[[ATTACHMENT|C:\\Users\\Ang\\git\\oddle-automa\\Reports\\signup\\20180103_174733\\1514972894607.png]]]]></system-out>
         <system-err><![CDATA[2018-01-03 17:47:56 - [TEST_CASE][FAILED] - Test Cases/011_signup_success_newlogin: Test Cases/011_signup_success_newlogin FAILED because (of) Unable to click on object 'Object Repository/LogIn/a_Sign out' (Root cause: com.kms.katalon.core.webui.exception.WebElementNotFoundException: Web element with id: 'Object Repository/LogIn/a_Sign out' located by 'By.xpath: //a[count(. | //*[text() = 'Sign out']) = count(//*[text() = 'Sign out'])][count(. | id("__next")/div[1]/div[1]/div[@class="s111nt22-0 isjfum"]/div[3]/div[1]/div[@class="s1c1tes9-1 dGlWIK"]/div[@class="sc-gPEVay ensxuw e9phw6-0 jBJmyp"]/nav[1]/ul[@class="ixcyk4-0 fmoENB"]/li[@class="ixcyk4-1 cUEGiU"]/a[@class="s1xsnjjp-0 bQfqRc"]) = count(id("__next")/div[1]/div[1]/div[@class="s111nt22-0 isjfum"]/div[3]/div[1]/div[@class="s1c1tes9-1 dGlWIK"]/div[@class="sc-gPEVay ensxuw e9phw6-0 jBJmyp"]/nav[1]/ul[@class="ixcyk4-0 fmoENB"]/li[@class="ixcyk4-1 cUEGiU"]/a[@class="s1xsnjjp-0 bQfqRc"])]' not found)]]></system-err>
      </testcase>
      <testcase name="Test Cases/012_signup_success_fb" classname="Test Cases/012_signup_success_fb" status="PASSED">
         <system-out><![CDATA[2018-01-03 17:48:15 - [TEST_CASE][PASSED] - Test Cases/012_signup_success_fb: Test Cases/012_signup_success_fb

2018-01-03 17:48:15 - [TEST_STEP][PASSED] - openBrowser: Browser is opened with url: ''

2018-01-03 17:48:17 - [MESSAGE][PASSED] - Browser is opened with url: ''

2018-01-03 17:48:17 - [TEST_STEP][PASSED] - navigateToUrl: Navigate to 'http://mcdonaldstest.staging.oddle.co' successfully

2018-01-03 17:48:20 - [MESSAGE][PASSED] - Navigate to 'http://mcdonaldstest.staging.oddle.co' successfully

2018-01-03 17:48:20 - [TEST_STEP][PASSED] - click: Object: 'Object Repository/LogIn/div_Log in' is clicked on

2018-01-03 17:48:20 - [MESSAGE][PASSED] - Object: 'Object Repository/LogIn/div_Log in' is clicked on

2018-01-03 17:48:20 - [TEST_STEP][PASSED] - click: Object: 'Object Repository/SignUp/a_ Sign up' is clicked on

2018-01-03 17:48:21 - [MESSAGE][PASSED] - Object: 'Object Repository/SignUp/a_ Sign up' is clicked on

2018-01-03 17:48:21 - [TEST_STEP][PASSED] - click: Object: 'Object Repository/SignUp/div_id fbSign up' is clicked on

2018-01-03 17:48:21 - [MESSAGE][PASSED] - Object: 'Object Repository/SignUp/div_id fbSign up' is clicked on

2018-01-03 17:48:21 - [TEST_STEP][PASSED] - delay: Delayed 3 second(s)

2018-01-03 17:48:24 - [MESSAGE][PASSED] - Delayed 3 second(s)

2018-01-03 17:48:24 - [TEST_STEP][PASSED] - switchToWindowTitle: Switched to window with title: 'Facebook'

2018-01-03 17:48:26 - [MESSAGE][PASSED] - Switched to window with title: 'Facebook'

2018-01-03 17:48:26 - [TEST_STEP][PASSED] - setText: Text 'kevin.ang@oddle.me' is set on object 'Object Repository/LogIn/input_email_fb'

2018-01-03 17:48:26 - [MESSAGE][PASSED] - Text 'kevin.ang@oddle.me' is set on object 'Object Repository/LogIn/input_email_fb'

2018-01-03 17:48:26 - [TEST_STEP][PASSED] - setText: Text 'puToNtaB_1' is set on object 'Object Repository/LogIn/input_pass_fb'

2018-01-03 17:48:26 - [MESSAGE][PASSED] - Text 'puToNtaB_1' is set on object 'Object Repository/LogIn/input_pass_fb'

2018-01-03 17:48:26 - [TEST_STEP][PASSED] - click: Object: 'Object Repository/LogIn/label_loginbutton' is clicked on

2018-01-03 17:48:28 - [MESSAGE][PASSED] - Object: 'Object Repository/LogIn/label_loginbutton' is clicked on

2018-01-03 17:48:28 - [TEST_STEP][PASSED] - delay: Delayed 3 second(s)

2018-01-03 17:48:31 - [MESSAGE][PASSED] - Delayed 3 second(s)

2018-01-03 17:48:31 - [TEST_STEP][PASSED] - switchToDefaultContent: Switching to default content

2018-01-03 17:48:32 - [TEST_STEP][PASSED] - autoKeywords.verifyLoggedIn.verifyLogged: autoKeywords.verifyLoggedIn.verifyLogged is PASSED

2018-01-03 17:48:32 - [MESSAGE][PASSED] - Text of object 'Object Repository/LogIn/div_Hi user' is: 'Hi, Kevin'

2018-01-03 17:48:32 - [MESSAGE][PASSED] - Actual text 'Hi, Kevin' and expected text 'Log In' are not matched 

2018-01-03 17:48:32 - [MESSAGE][PASSED] - autoKeywords.verifyLoggedIn.verifyLogged is PASSED]]></system-out>
         <system-err><![CDATA[]]></system-err>
      </testcase>
      <testcase name="Test Cases/013_signup_wrongemailformat" classname="Test Cases/013_signup_wrongemailformat" status="PASSED">
         <system-out><![CDATA[2018-01-03 17:48:33 - [TEST_CASE][PASSED] - Test Cases/013_signup_wrongemailformat: Test Cases/013_signup_wrongemailformat

2018-01-03 17:48:33 - [TEST_STEP][PASSED] - openBrowser: Browser is opened with url: ''

2018-01-03 17:48:35 - [MESSAGE][PASSED] - Browser is opened with url: ''

2018-01-03 17:48:35 - [TEST_STEP][PASSED] - navigateToUrl: Navigate to 'http://mcdonaldstest.staging.oddle.co' successfully

2018-01-03 17:48:37 - [MESSAGE][PASSED] - Navigate to 'http://mcdonaldstest.staging.oddle.co' successfully

2018-01-03 17:48:37 - [TEST_STEP][PASSED] - click: Object: 'Object Repository/LogIn/div_Log in' is clicked on

2018-01-03 17:48:37 - [MESSAGE][PASSED] - Object: 'Object Repository/LogIn/div_Log in' is clicked on

2018-01-03 17:48:37 - [TEST_STEP][PASSED] - click: Object: 'Object Repository/SignUp/a_ Sign up' is clicked on

2018-01-03 17:48:38 - [MESSAGE][PASSED] - Object: 'Object Repository/SignUp/a_ Sign up' is clicked on

2018-01-03 17:48:38 - [TEST_STEP][PASSED] - setText: Text 'wrongemailformat' is set on object 'Object Repository/SignUp/input_email'

2018-01-03 17:48:39 - [MESSAGE][PASSED] - Text 'wrongemailformat' is set on object 'Object Repository/SignUp/input_email'

2018-01-03 17:48:39 - [TEST_STEP][PASSED] - setText: Text 'Oddle' is set on object 'Object Repository/SignUp/input_firstName'

2018-01-03 17:48:39 - [MESSAGE][PASSED] - Text 'Oddle' is set on object 'Object Repository/SignUp/input_firstName'

2018-01-03 17:48:39 - [TEST_STEP][PASSED] - setText: Text 'Automation' is set on object 'Object Repository/SignUp/input_lastName'

2018-01-03 17:48:40 - [MESSAGE][PASSED] - Text 'Automation' is set on object 'Object Repository/SignUp/input_lastName'

2018-01-03 17:48:40 - [TEST_STEP][PASSED] - setText: Text '91234567' is set on object 'Object Repository/SignUp/input_phone'

2018-01-03 17:48:40 - [MESSAGE][PASSED] - Text '91234567' is set on object 'Object Repository/SignUp/input_phone'

2018-01-03 17:48:40 - [TEST_STEP][PASSED] - setText: Text 'puToNtaB_1' is set on object 'Object Repository/SignUp/input_password'

2018-01-03 17:48:40 - [MESSAGE][PASSED] - Text 'puToNtaB_1' is set on object 'Object Repository/SignUp/input_password'

2018-01-03 17:48:40 - [TEST_STEP][PASSED] - click: Object: 'Object Repository/SignUp/button_Sign Up' is clicked on

2018-01-03 17:48:40 - [MESSAGE][PASSED] - Object: 'Object Repository/SignUp/button_Sign Up' is clicked on

2018-01-03 17:48:40 - [TEST_STEP][PASSED] - delay: Delayed 1 second(s)

2018-01-03 17:48:41 - [MESSAGE][PASSED] - Delayed 1 second(s)

2018-01-03 17:48:41 - [TEST_STEP][PASSED] - verifyElementPresent: Object 'Object Repository/SignUp/span_Please enter correct emai' is present

2018-01-03 17:48:42 - [MESSAGE][WARNING] - Timeout '0' is invalid. Using default page load timeout: '5'

2018-01-03 17:48:42 - [MESSAGE][PASSED] - Object 'Object Repository/SignUp/span_Please enter correct emai' is present]]></system-out>
         <system-err><![CDATA[]]></system-err>
      </testcase>
      <testcase name="Test Cases/014_signup_registeredemail" classname="Test Cases/014_signup_registeredemail" status="PASSED">
         <system-out><![CDATA[2018-01-03 17:48:42 - [TEST_CASE][PASSED] - Test Cases/014_signup_registeredemail: Test Cases/014_signup_registeredemail

2018-01-03 17:48:43 - [TEST_STEP][PASSED] - openBrowser: Browser is opened with url: ''

2018-01-03 17:48:44 - [MESSAGE][PASSED] - Browser is opened with url: ''

2018-01-03 17:48:44 - [TEST_STEP][PASSED] - navigateToUrl: Navigate to 'http://mcdonaldstest.staging.oddle.co' successfully

2018-01-03 17:48:47 - [MESSAGE][PASSED] - Navigate to 'http://mcdonaldstest.staging.oddle.co' successfully

2018-01-03 17:48:47 - [TEST_STEP][PASSED] - click: Object: 'Object Repository/LogIn/div_Log in' is clicked on

2018-01-03 17:48:48 - [MESSAGE][PASSED] - Object: 'Object Repository/LogIn/div_Log in' is clicked on

2018-01-03 17:48:48 - [TEST_STEP][PASSED] - click: Object: 'Object Repository/SignUp/a_ Sign up' is clicked on

2018-01-03 17:48:49 - [MESSAGE][PASSED] - Object: 'Object Repository/SignUp/a_ Sign up' is clicked on

2018-01-03 17:48:49 - [TEST_STEP][PASSED] - setText: Text 'kevin.ang@oddle.me' is set on object 'Object Repository/SignUp/input_email'

2018-01-03 17:48:49 - [MESSAGE][PASSED] - Text 'kevin.ang@oddle.me' is set on object 'Object Repository/SignUp/input_email'

2018-01-03 17:48:49 - [TEST_STEP][PASSED] - setText: Text 'Oddle' is set on object 'Object Repository/SignUp/input_firstName'

2018-01-03 17:48:50 - [MESSAGE][PASSED] - Text 'Oddle' is set on object 'Object Repository/SignUp/input_firstName'

2018-01-03 17:48:50 - [TEST_STEP][PASSED] - setText: Text 'Automation' is set on object 'Object Repository/SignUp/input_lastName'

2018-01-03 17:48:50 - [MESSAGE][PASSED] - Text 'Automation' is set on object 'Object Repository/SignUp/input_lastName'

2018-01-03 17:48:50 - [TEST_STEP][PASSED] - setText: Text '91234567' is set on object 'Object Repository/SignUp/input_phone'

2018-01-03 17:48:50 - [MESSAGE][PASSED] - Text '91234567' is set on object 'Object Repository/SignUp/input_phone'

2018-01-03 17:48:50 - [TEST_STEP][PASSED] - setText: Text 'puToNtaB_1' is set on object 'Object Repository/SignUp/input_password'

2018-01-03 17:48:51 - [MESSAGE][PASSED] - Text 'puToNtaB_1' is set on object 'Object Repository/SignUp/input_password'

2018-01-03 17:48:51 - [TEST_STEP][PASSED] - click: Object: 'Object Repository/SignUp/button_Sign Up' is clicked on

2018-01-03 17:48:51 - [MESSAGE][PASSED] - Object: 'Object Repository/SignUp/button_Sign Up' is clicked on

2018-01-03 17:48:51 - [TEST_STEP][PASSED] - delay: Delayed 1 second(s)

2018-01-03 17:48:52 - [MESSAGE][PASSED] - Delayed 1 second(s)

2018-01-03 17:48:52 - [TEST_STEP][PASSED] - verifyElementPresent: Object 'Object Repository/SignUp/div_email_in_use' is present

2018-01-03 17:48:52 - [MESSAGE][WARNING] - Timeout '0' is invalid. Using default page load timeout: '5'

2018-01-03 17:48:52 - [MESSAGE][PASSED] - Object 'Object Repository/SignUp/div_email_in_use' is present]]></system-out>
         <system-err><![CDATA[]]></system-err>
      </testcase>
      <testcase name="Test Cases/015_signup_wrongfname" classname="Test Cases/015_signup_wrongfname" status="PASSED">
         <system-out><![CDATA[2018-01-03 17:48:53 - [TEST_CASE][PASSED] - Test Cases/015_signup_wrongfname: Test Cases/015_signup_wrongfname

2018-01-03 17:48:53 - [TEST_STEP][PASSED] - openBrowser: Browser is opened with url: ''

2018-01-03 17:48:55 - [MESSAGE][PASSED] - Browser is opened with url: ''

2018-01-03 17:48:55 - [TEST_STEP][PASSED] - navigateToUrl: Navigate to 'http://mcdonaldstest.staging.oddle.co' successfully

2018-01-03 17:48:58 - [MESSAGE][PASSED] - Navigate to 'http://mcdonaldstest.staging.oddle.co' successfully

2018-01-03 17:48:58 - [TEST_STEP][PASSED] - click: Object: 'Object Repository/LogIn/div_Log in' is clicked on

2018-01-03 17:48:58 - [MESSAGE][PASSED] - Object: 'Object Repository/LogIn/div_Log in' is clicked on

2018-01-03 17:48:58 - [TEST_STEP][PASSED] - click: Object: 'Object Repository/SignUp/a_ Sign up' is clicked on

2018-01-03 17:48:59 - [MESSAGE][PASSED] - Object: 'Object Repository/SignUp/a_ Sign up' is clicked on

2018-01-03 17:48:59 - [TEST_STEP][PASSED] - setText: Text 'kevin.ang@oddle.me' is set on object 'Object Repository/SignUp/input_email'

2018-01-03 17:49:00 - [MESSAGE][PASSED] - Text 'kevin.ang@oddle.me' is set on object 'Object Repository/SignUp/input_email'

2018-01-03 17:49:00 - [TEST_STEP][PASSED] - setText: Text 'invalidfirstname0' is set on object 'Object Repository/SignUp/input_firstName'

2018-01-03 17:49:01 - [MESSAGE][PASSED] - Text 'invalidfirstname0' is set on object 'Object Repository/SignUp/input_firstName'

2018-01-03 17:49:01 - [TEST_STEP][PASSED] - setText: Text 'Automation' is set on object 'Object Repository/SignUp/input_lastName'

2018-01-03 17:49:01 - [MESSAGE][PASSED] - Text 'Automation' is set on object 'Object Repository/SignUp/input_lastName'

2018-01-03 17:49:01 - [TEST_STEP][PASSED] - setText: Text '91234567' is set on object 'Object Repository/SignUp/input_phone'

2018-01-03 17:49:01 - [MESSAGE][PASSED] - Text '91234567' is set on object 'Object Repository/SignUp/input_phone'

2018-01-03 17:49:01 - [TEST_STEP][PASSED] - setText: Text 'puToNtaB_1' is set on object 'Object Repository/SignUp/input_password'

2018-01-03 17:49:02 - [MESSAGE][PASSED] - Text 'puToNtaB_1' is set on object 'Object Repository/SignUp/input_password'

2018-01-03 17:49:02 - [TEST_STEP][PASSED] - click: Object: 'Object Repository/SignUp/button_Sign Up' is clicked on

2018-01-03 17:49:02 - [MESSAGE][PASSED] - Object: 'Object Repository/SignUp/button_Sign Up' is clicked on

2018-01-03 17:49:02 - [TEST_STEP][PASSED] - delay: Delayed 1 second(s)

2018-01-03 17:49:03 - [MESSAGE][PASSED] - Delayed 1 second(s)

2018-01-03 17:49:03 - [TEST_STEP][PASSED] - verifyElementPresent: Object 'Object Repository/SignUp/span_Please enter your first n' is present

2018-01-03 17:49:03 - [MESSAGE][WARNING] - Timeout '0' is invalid. Using default page load timeout: '5'

2018-01-03 17:49:03 - [MESSAGE][PASSED] - Object 'Object Repository/SignUp/span_Please enter your first n' is present]]></system-out>
         <system-err><![CDATA[]]></system-err>
      </testcase>
      <testcase name="Test Cases/016_signup_wronglname" classname="Test Cases/016_signup_wronglname" status="PASSED">
         <system-out><![CDATA[2018-01-03 17:49:04 - [TEST_CASE][PASSED] - Test Cases/016_signup_wronglname: Test Cases/016_signup_wronglname

2018-01-03 17:49:04 - [TEST_STEP][PASSED] - openBrowser: Browser is opened with url: ''

2018-01-03 17:49:06 - [MESSAGE][PASSED] - Browser is opened with url: ''

2018-01-03 17:49:06 - [TEST_STEP][PASSED] - navigateToUrl: Navigate to 'http://mcdonaldstest.staging.oddle.co' successfully

2018-01-03 17:49:09 - [MESSAGE][PASSED] - Navigate to 'http://mcdonaldstest.staging.oddle.co' successfully

2018-01-03 17:49:09 - [TEST_STEP][PASSED] - click: Object: 'Object Repository/LogIn/div_Log in' is clicked on

2018-01-03 17:49:09 - [MESSAGE][PASSED] - Object: 'Object Repository/LogIn/div_Log in' is clicked on

2018-01-03 17:49:09 - [TEST_STEP][PASSED] - click: Object: 'Object Repository/SignUp/a_ Sign up' is clicked on

2018-01-03 17:49:10 - [MESSAGE][PASSED] - Object: 'Object Repository/SignUp/a_ Sign up' is clicked on

2018-01-03 17:49:10 - [TEST_STEP][PASSED] - setText: Text 'kevin.ang@oddle.me' is set on object 'Object Repository/SignUp/input_email'

2018-01-03 17:49:11 - [MESSAGE][PASSED] - Text 'kevin.ang@oddle.me' is set on object 'Object Repository/SignUp/input_email'

2018-01-03 17:49:11 - [TEST_STEP][PASSED] - setText: Text 'Oddle' is set on object 'Object Repository/SignUp/input_firstName'

2018-01-03 17:49:11 - [MESSAGE][PASSED] - Text 'Oddle' is set on object 'Object Repository/SignUp/input_firstName'

2018-01-03 17:49:11 - [TEST_STEP][PASSED] - setText: Text 'invalidlastname~' is set on object 'Object Repository/SignUp/input_lastName'

2018-01-03 17:49:12 - [MESSAGE][PASSED] - Text 'invalidlastname~' is set on object 'Object Repository/SignUp/input_lastName'

2018-01-03 17:49:12 - [TEST_STEP][PASSED] - setText: Text '91234567' is set on object 'Object Repository/SignUp/input_phone'

2018-01-03 17:49:12 - [MESSAGE][PASSED] - Text '91234567' is set on object 'Object Repository/SignUp/input_phone'

2018-01-03 17:49:12 - [TEST_STEP][PASSED] - setText: Text 'puToNtaB_1' is set on object 'Object Repository/SignUp/input_password'

2018-01-03 17:49:12 - [MESSAGE][PASSED] - Text 'puToNtaB_1' is set on object 'Object Repository/SignUp/input_password'

2018-01-03 17:49:12 - [TEST_STEP][PASSED] - click: Object: 'Object Repository/SignUp/button_Sign Up' is clicked on

2018-01-03 17:49:12 - [MESSAGE][PASSED] - Object: 'Object Repository/SignUp/button_Sign Up' is clicked on

2018-01-03 17:49:12 - [TEST_STEP][PASSED] - delay: Delayed 1 second(s)

2018-01-03 17:49:13 - [MESSAGE][PASSED] - Delayed 1 second(s)

2018-01-03 17:49:13 - [TEST_STEP][PASSED] - verifyElementPresent: Object 'Object Repository/SignUp/span_Please enter your last na' is present

2018-01-03 17:49:13 - [MESSAGE][WARNING] - Timeout '0' is invalid. Using default page load timeout: '5'

2018-01-03 17:49:13 - [MESSAGE][PASSED] - Object 'Object Repository/SignUp/span_Please enter your last na' is present]]></system-out>
         <system-err><![CDATA[]]></system-err>
      </testcase>
      <testcase name="Test Cases/017_signup_wrongphone" classname="Test Cases/017_signup_wrongphone" status="PASSED">
         <system-out><![CDATA[2018-01-03 17:49:14 - [TEST_CASE][PASSED] - Test Cases/017_signup_wrongphone: Test Cases/017_signup_wrongphone

2018-01-03 17:49:14 - [TEST_STEP][PASSED] - openBrowser: Browser is opened with url: ''

2018-01-03 17:49:16 - [MESSAGE][PASSED] - Browser is opened with url: ''

2018-01-03 17:49:16 - [TEST_STEP][PASSED] - navigateToUrl: Navigate to 'http://mcdonaldstest.staging.oddle.co' successfully

2018-01-03 17:49:19 - [MESSAGE][PASSED] - Navigate to 'http://mcdonaldstest.staging.oddle.co' successfully

2018-01-03 17:49:19 - [TEST_STEP][PASSED] - click: Object: 'Object Repository/LogIn/div_Log in' is clicked on

2018-01-03 17:49:19 - [MESSAGE][PASSED] - Object: 'Object Repository/LogIn/div_Log in' is clicked on

2018-01-03 17:49:19 - [TEST_STEP][PASSED] - click: Object: 'Object Repository/SignUp/a_ Sign up' is clicked on

2018-01-03 17:49:20 - [MESSAGE][PASSED] - Object: 'Object Repository/SignUp/a_ Sign up' is clicked on

2018-01-03 17:49:20 - [TEST_STEP][PASSED] - setText: Text 'kevin.ang@oddle.me' is set on object 'Object Repository/SignUp/input_email'

2018-01-03 17:49:21 - [MESSAGE][PASSED] - Text 'kevin.ang@oddle.me' is set on object 'Object Repository/SignUp/input_email'

2018-01-03 17:49:21 - [TEST_STEP][PASSED] - setText: Text 'Oddle' is set on object 'Object Repository/SignUp/input_firstName'

2018-01-03 17:49:21 - [MESSAGE][PASSED] - Text 'Oddle' is set on object 'Object Repository/SignUp/input_firstName'

2018-01-03 17:49:21 - [TEST_STEP][PASSED] - setText: Text 'Automation' is set on object 'Object Repository/SignUp/input_lastName'

2018-01-03 17:49:22 - [MESSAGE][PASSED] - Text 'Automation' is set on object 'Object Repository/SignUp/input_lastName'

2018-01-03 17:49:22 - [TEST_STEP][PASSED] - setText: Text '9wrongnumber' is set on object 'Object Repository/SignUp/input_phone'

2018-01-03 17:49:22 - [MESSAGE][PASSED] - Text '9wrongnumber' is set on object 'Object Repository/SignUp/input_phone'

2018-01-03 17:49:22 - [TEST_STEP][PASSED] - setText: Text 'puToNtaB_1' is set on object 'Object Repository/SignUp/input_password'

2018-01-03 17:49:22 - [MESSAGE][PASSED] - Text 'puToNtaB_1' is set on object 'Object Repository/SignUp/input_password'

2018-01-03 17:49:22 - [TEST_STEP][PASSED] - click: Object: 'Object Repository/SignUp/button_Sign Up' is clicked on

2018-01-03 17:49:22 - [MESSAGE][PASSED] - Object: 'Object Repository/SignUp/button_Sign Up' is clicked on

2018-01-03 17:49:22 - [TEST_STEP][PASSED] - delay: Delayed 1 second(s)

2018-01-03 17:49:23 - [MESSAGE][PASSED] - Delayed 1 second(s)

2018-01-03 17:49:23 - [TEST_STEP][PASSED] - verifyElementPresent: Object 'Object Repository/SignUp/span_Please enter your phone n' is present

2018-01-03 17:49:23 - [MESSAGE][WARNING] - Timeout '0' is invalid. Using default page load timeout: '5'

2018-01-03 17:49:23 - [MESSAGE][PASSED] - Object 'Object Repository/SignUp/span_Please enter your phone n' is present]]></system-out>
         <system-err><![CDATA[]]></system-err>
      </testcase>
      <testcase name="Test Cases/018_signup_wrongpwformat" classname="Test Cases/018_signup_wrongpwformat" status="PASSED">
         <system-out><![CDATA[2018-01-03 17:49:24 - [TEST_CASE][PASSED] - Test Cases/018_signup_wrongpwformat: Test Cases/018_signup_wrongpwformat

2018-01-03 17:49:24 - [TEST_STEP][PASSED] - openBrowser: Browser is opened with url: ''

2018-01-03 17:49:26 - [MESSAGE][PASSED] - Browser is opened with url: ''

2018-01-03 17:49:26 - [TEST_STEP][PASSED] - navigateToUrl: Navigate to 'http://mcdonaldstest.staging.oddle.co' successfully

2018-01-03 17:49:28 - [MESSAGE][PASSED] - Navigate to 'http://mcdonaldstest.staging.oddle.co' successfully

2018-01-03 17:49:28 - [TEST_STEP][PASSED] - click: Object: 'Object Repository/LogIn/div_Log in' is clicked on

2018-01-03 17:49:29 - [MESSAGE][PASSED] - Object: 'Object Repository/LogIn/div_Log in' is clicked on

2018-01-03 17:49:29 - [TEST_STEP][PASSED] - click: Object: 'Object Repository/SignUp/a_ Sign up' is clicked on

2018-01-03 17:49:30 - [MESSAGE][PASSED] - Object: 'Object Repository/SignUp/a_ Sign up' is clicked on

2018-01-03 17:49:30 - [TEST_STEP][PASSED] - setText: Text 'kevin.ang@oddle.me' is set on object 'Object Repository/SignUp/input_email'

2018-01-03 17:49:31 - [MESSAGE][PASSED] - Text 'kevin.ang@oddle.me' is set on object 'Object Repository/SignUp/input_email'

2018-01-03 17:49:31 - [TEST_STEP][PASSED] - setText: Text 'Oddle' is set on object 'Object Repository/SignUp/input_firstName'

2018-01-03 17:49:31 - [MESSAGE][PASSED] - Text 'Oddle' is set on object 'Object Repository/SignUp/input_firstName'

2018-01-03 17:49:31 - [TEST_STEP][PASSED] - setText: Text 'Automation' is set on object 'Object Repository/SignUp/input_lastName'

2018-01-03 17:49:31 - [MESSAGE][PASSED] - Text 'Automation' is set on object 'Object Repository/SignUp/input_lastName'

2018-01-03 17:49:31 - [TEST_STEP][PASSED] - setText: Text '91234567' is set on object 'Object Repository/SignUp/input_phone'

2018-01-03 17:49:32 - [MESSAGE][PASSED] - Text '91234567' is set on object 'Object Repository/SignUp/input_phone'

2018-01-03 17:49:32 - [TEST_STEP][PASSED] - setText: Text 'wrongft' is set on object 'Object Repository/SignUp/input_password'

2018-01-03 17:49:32 - [MESSAGE][PASSED] - Text 'wrongft' is set on object 'Object Repository/SignUp/input_password'

2018-01-03 17:49:32 - [TEST_STEP][PASSED] - click: Object: 'Object Repository/SignUp/button_Sign Up' is clicked on

2018-01-03 17:49:32 - [MESSAGE][PASSED] - Object: 'Object Repository/SignUp/button_Sign Up' is clicked on

2018-01-03 17:49:32 - [TEST_STEP][PASSED] - delay: Delayed 1 second(s)

2018-01-03 17:49:33 - [MESSAGE][PASSED] - Delayed 1 second(s)

2018-01-03 17:49:33 - [TEST_STEP][PASSED] - verifyElementPresent: Object 'Object Repository/SignUp/span_Password should be at lea' is present

2018-01-03 17:49:33 - [MESSAGE][WARNING] - Timeout '0' is invalid. Using default page load timeout: '5'

2018-01-03 17:49:33 - [MESSAGE][PASSED] - Object 'Object Repository/SignUp/span_Password should be at lea' is present]]></system-out>
         <system-err><![CDATA[]]></system-err>
      </testcase>
      <testcase name="Test Cases/019_signup_alttab" classname="Test Cases/019_signup_alttab" status="PASSED">
         <system-out><![CDATA[2018-01-03 17:49:34 - [TEST_CASE][PASSED] - Test Cases/019_signup_alttab: Test Cases/019_signup_alttab

2018-01-03 17:49:34 - [TEST_STEP][PASSED] - openBrowser: Browser is opened with url: ''

2018-01-03 17:49:36 - [MESSAGE][PASSED] - Browser is opened with url: ''

2018-01-03 17:49:36 - [TEST_STEP][PASSED] - navigateToUrl: Navigate to 'http://mcdonaldstest.staging.oddle.co' successfully

2018-01-03 17:49:39 - [MESSAGE][PASSED] - Navigate to 'http://mcdonaldstest.staging.oddle.co' successfully

2018-01-03 17:49:39 - [TEST_STEP][PASSED] - click: Object: 'Object Repository/LogIn/div_Log in' is clicked on

2018-01-03 17:49:39 - [MESSAGE][PASSED] - Object: 'Object Repository/LogIn/div_Log in' is clicked on

2018-01-03 17:49:39 - [TEST_STEP][PASSED] - click: Object: 'Object Repository/SignUp/a_ Sign up' is clicked on

2018-01-03 17:49:40 - [MESSAGE][PASSED] - Object: 'Object Repository/SignUp/a_ Sign up' is clicked on

2018-01-03 17:49:40 - [TEST_STEP][PASSED] - click: Object: 'Object Repository/SignUp/span_Login' is clicked on

2018-01-03 17:49:40 - [MESSAGE][PASSED] - Object: 'Object Repository/SignUp/span_Login' is clicked on

2018-01-03 17:49:40 - [TEST_STEP][PASSED] - click: Object: 'Object Repository/SignUp/a_ Sign up' is clicked on

2018-01-03 17:49:41 - [MESSAGE][PASSED] - Object: 'Object Repository/SignUp/a_ Sign up' is clicked on

2018-01-03 17:49:41 - [TEST_STEP][PASSED] - click: Object: 'Object Repository/SignUp/span_Login' is clicked on

2018-01-03 17:49:41 - [MESSAGE][PASSED] - Object: 'Object Repository/SignUp/span_Login' is clicked on

2018-01-03 17:49:41 - [TEST_STEP][PASSED] - click: Object: 'Object Repository/SignUp/svg_close window' is clicked on

2018-01-03 17:49:41 - [MESSAGE][PASSED] - Object: 'Object Repository/SignUp/svg_close window' is clicked on

2018-01-03 17:49:41 - [TEST_STEP][PASSED] - delay: Delayed 1 second(s)

2018-01-03 17:49:42 - [MESSAGE][PASSED] - Delayed 1 second(s)

2018-01-03 17:49:42 - [TEST_STEP][PASSED] - verifyElementPresent: Object 'Object Repository/LogIn/div_Log in' is present

2018-01-03 17:49:42 - [MESSAGE][WARNING] - Timeout '0' is invalid. Using default page load timeout: '5'

2018-01-03 17:49:42 - [MESSAGE][PASSED] - Object 'Object Repository/LogIn/div_Log in' is present]]></system-out>
         <system-err><![CDATA[]]></system-err>
      </testcase>
      <testcase name="Test Cases/020_signup_terms" classname="Test Cases/020_signup_terms" status="PASSED">
         <system-out><![CDATA[2018-01-03 17:49:43 - [TEST_CASE][PASSED] - Test Cases/020_signup_terms: Test Cases/020_signup_terms

2018-01-03 17:49:43 - [TEST_STEP][PASSED] - openBrowser: Browser is opened with url: ''

2018-01-03 17:49:45 - [MESSAGE][PASSED] - Browser is opened with url: ''

2018-01-03 17:49:45 - [TEST_STEP][PASSED] - navigateToUrl: Navigate to 'http://mcdonaldstest.staging.oddle.co' successfully

2018-01-03 17:49:47 - [MESSAGE][PASSED] - Navigate to 'http://mcdonaldstest.staging.oddle.co' successfully

2018-01-03 17:49:47 - [TEST_STEP][PASSED] - click: Object: 'Object Repository/LogIn/div_Log in' is clicked on

2018-01-03 17:49:48 - [MESSAGE][PASSED] - Object: 'Object Repository/LogIn/div_Log in' is clicked on

2018-01-03 17:49:48 - [TEST_STEP][PASSED] - click: Object: 'Object Repository/SignUp/a_ Sign up' is clicked on

2018-01-03 17:49:49 - [MESSAGE][PASSED] - Object: 'Object Repository/SignUp/a_ Sign up' is clicked on

2018-01-03 17:49:49 - [TEST_STEP][PASSED] - delay: Delayed 1 second(s)

2018-01-03 17:49:50 - [MESSAGE][PASSED] - Delayed 1 second(s)

2018-01-03 17:49:50 - [TEST_STEP][PASSED] - click: Object: 'Object Repository/SignUp/u_Terms and Conditions' is clicked on

2018-01-03 17:49:50 - [MESSAGE][PASSED] - Object: 'Object Repository/SignUp/u_Terms and Conditions' is clicked on

2018-01-03 17:49:50 - [TEST_STEP][PASSED] - delay: Delayed 3 second(s)

2018-01-03 17:49:53 - [MESSAGE][PASSED] - Delayed 3 second(s)

2018-01-03 17:49:53 - [TEST_STEP][PASSED] - switchToWindowIndex: Switched to window with index: '1'

2018-01-03 17:49:53 - [MESSAGE][PASSED] - Switched to window with index: '1'

2018-01-03 17:49:53 - [TEST_STEP][PASSED] - verifyElementPresent: Object 'Object Repository/SignUp/h1_Terms and Conditions' is present

2018-01-03 17:49:53 - [MESSAGE][WARNING] - Timeout '0' is invalid. Using default page load timeout: '5'

2018-01-03 17:49:54 - [MESSAGE][PASSED] - Object 'Object Repository/SignUp/h1_Terms and Conditions' is present]]></system-out>
         <system-err><![CDATA[]]></system-err>
      </testcase>
      <system-out><![CDATA[2018-01-03 17:47:40 - [TEST_SUITE][FAILED] - signup: Test Cases/011_signup_success_newlogin FAILED because (of) Unable to click on object 'Object Repository/LogIn/a_Sign out' (Root cause: com.kms.katalon.core.webui.exception.WebElementNotFoundException: Web element with id: 'Object Repository/LogIn/a_Sign out' located by 'By.xpath: //a[count(. | //*[text() = 'Sign out']) = count(//*[text() = 'Sign out'])][count(. | id("__next")/div[1]/div[1]/div[@class="s111nt22-0 isjfum"]/div[3]/div[1]/div[@class="s1c1tes9-1 dGlWIK"]/div[@class="sc-gPEVay ensxuw e9phw6-0 jBJmyp"]/nav[1]/ul[@class="ixcyk4-0 fmoENB"]/li[@class="ixcyk4-1 cUEGiU"]/a[@class="s1xsnjjp-0 bQfqRc"]) = count(id("__next")/div[1]/div[1]/div[@class="s111nt22-0 isjfum"]/div[3]/div[1]/div[@class="s1c1tes9-1 dGlWIK"]/div[@class="sc-gPEVay ensxuw e9phw6-0 jBJmyp"]/nav[1]/ul[@class="ixcyk4-0 fmoENB"]/li[@class="ixcyk4-1 cUEGiU"]/a[@class="s1xsnjjp-0 bQfqRc"])]' not found)]]></system-out>
      <system-err><![CDATA[2018-01-03 17:47:40 - [TEST_SUITE][FAILED] - signup: Test Cases/011_signup_success_newlogin FAILED because (of) Unable to click on object 'Object Repository/LogIn/a_Sign out' (Root cause: com.kms.katalon.core.webui.exception.WebElementNotFoundException: Web element with id: 'Object Repository/LogIn/a_Sign out' located by 'By.xpath: //a[count(. | //*[text() = 'Sign out']) = count(//*[text() = 'Sign out'])][count(. | id("__next")/div[1]/div[1]/div[@class="s111nt22-0 isjfum"]/div[3]/div[1]/div[@class="s1c1tes9-1 dGlWIK"]/div[@class="sc-gPEVay ensxuw e9phw6-0 jBJmyp"]/nav[1]/ul[@class="ixcyk4-0 fmoENB"]/li[@class="ixcyk4-1 cUEGiU"]/a[@class="s1xsnjjp-0 bQfqRc"]) = count(id("__next")/div[1]/div[1]/div[@class="s111nt22-0 isjfum"]/div[3]/div[1]/div[@class="s1c1tes9-1 dGlWIK"]/div[@class="sc-gPEVay ensxuw e9phw6-0 jBJmyp"]/nav[1]/ul[@class="ixcyk4-0 fmoENB"]/li[@class="ixcyk4-1 cUEGiU"]/a[@class="s1xsnjjp-0 bQfqRc"])]' not found)]]></system-err>
   </testsuite>
</testsuites>
