<?xml version="1.0" encoding="UTF-8"?>
<testsuites name="account_settings" time="481" tests="20" failures="1" errors="0">
   <testsuite name="account_settings" tests="20" failures="1" errors="0" time="481" timestamp="2018-01-03 19:20:09" hostname="Ang - DESKTOP-JMN7MR3" id="Test Suites/account_settings">
      <properties>
         <property name="deviceName" value=""/>
         <property name="devicePlatform" value=""/>
         <property name="logFolder" value="C:\\Users\\Ang\\git\\oddle-automa\\Reports\\account_settings\\20180103_192002"/>
         <property name="logFiles" value="C:\\Users\\Ang\\git\\oddle-automa\\Reports\\account_settings\\20180103_192002\\execution0.log"/>
         <property name="attachments" value="C:\\Users\\Ang\\git\\oddle-automa\\Reports\\account_settings\\20180103_192002\\1514978481652.png, C:\\Users\\Ang\\git\\oddle-automa\\Reports\\account_settings\\20180103_192002\\1514978481921.png"/>
         <property name="hostName" value="Ang - DESKTOP-JMN7MR3"/>
         <property name="os" value="Windows 10 64bit"/>
         <property name="katalonVersion" value="5.2.0.1"/>
         <property name="browser" value="Chrome 63.0.3239.84"/>
         <property name="hostAddress" value="192.168.126.1"/>
         <property name="sessionId" value="9c0d024578c9258d3049f66eb332fccb"/>
         <property name="seleniumVersion" value="3.7.1"/>
         <property name="proxyInformation" value="ProxyInformation{proxyOption=NO_PROXY, proxyServerType=HTTP, password=, proxyServerAddress=, proxyServerPort=0}"/>
         <property name="platform" value="Windows 10"/>
      </properties>
      <testcase name="Test Cases/047_account_alttab" classname="Test Cases/047_account_alttab" status="PASSED">
         <system-out><![CDATA[2018-01-03 19:20:10 - [TEST_CASE][PASSED] - Test Cases/047_account_alttab: Test Cases/047_account_alttab

2018-01-03 19:20:11 - [TEST_STEP][PASSED] - callTestCase: Call Test Case 'Test Cases/001_login_email_successful' successfully

2018-01-03 19:20:11 - [TEST_CASE][PASSED] - Test Cases/001_login_email_successful: Test Cases/001_login_email_successful

2018-01-03 19:20:11 - [TEST_STEP][PASSED] - openBrowser: Browser is opened with url: ''

2018-01-03 19:20:15 - [MESSAGE][PASSED] - Browser is opened with url: ''

2018-01-03 19:20:15 - [TEST_STEP][PASSED] - navigateToUrl: Navigate to 'http://mcdonaldstest.staging.oddle.co' successfully

2018-01-03 19:20:17 - [MESSAGE][PASSED] - Navigate to 'http://mcdonaldstest.staging.oddle.co' successfully

2018-01-03 19:20:17 - [TEST_STEP][PASSED] - click: Object: 'Object Repository/LogIn/div_Log in' is clicked on

2018-01-03 19:20:18 - [MESSAGE][PASSED] - Object: 'Object Repository/LogIn/div_Log in' is clicked on

2018-01-03 19:20:18 - [TEST_STEP][PASSED] - setText: Text 'kevin.ang@oddle.me' is set on object 'Object Repository/LogIn/input_email'

2018-01-03 19:20:19 - [MESSAGE][PASSED] - Text 'kevin.ang@oddle.me' is set on object 'Object Repository/LogIn/input_email'

2018-01-03 19:20:19 - [TEST_STEP][PASSED] - setText: Text '0ddleatw' is set on object 'Object Repository/LogIn/input_password'

2018-01-03 19:20:19 - [MESSAGE][PASSED] - Text '0ddleatw' is set on object 'Object Repository/LogIn/input_password'

2018-01-03 19:20:19 - [TEST_STEP][PASSED] - click: Object: 'Object Repository/LogIn/button_Login' is clicked on

2018-01-03 19:20:19 - [MESSAGE][PASSED] - Object: 'Object Repository/LogIn/button_Login' is clicked on

2018-01-03 19:20:19 - [TEST_STEP][PASSED] - delay: Delayed 3 second(s)

2018-01-03 19:20:22 - [MESSAGE][PASSED] - Delayed 3 second(s)

2018-01-03 19:20:22 - [TEST_STEP][PASSED] - autoKeywords.verifyLoggedIn.verifyLogged: autoKeywords.verifyLoggedIn.verifyLogged is PASSED

2018-01-03 19:20:23 - [MESSAGE][PASSED] - Text of object 'Object Repository/LogIn/div_Hi user' is: 'Hi, John'

2018-01-03 19:20:23 - [MESSAGE][PASSED] - Actual text 'Hi, John' and expected text 'Log In' are not matched 

2018-01-03 19:20:23 - [MESSAGE][PASSED] - autoKeywords.verifyLoggedIn.verifyLogged is PASSED

2018-01-03 19:20:23 - [MESSAGE][PASSED] - Call Test Case 'Test Cases/001_login_email_successful' successfully

2018-01-03 19:20:23 - [TEST_STEP][PASSED] - click: Object: 'Object Repository/LogIn/div_Hi user' is clicked on

2018-01-03 19:20:23 - [MESSAGE][PASSED] - Object: 'Object Repository/LogIn/div_Hi user' is clicked on

2018-01-03 19:20:23 - [TEST_STEP][PASSED] - delay: Delayed 1 second(s)

2018-01-03 19:20:24 - [MESSAGE][PASSED] - Delayed 1 second(s)

2018-01-03 19:20:24 - [TEST_STEP][PASSED] - click: Object: 'Object Repository/Account/a_Order History' is clicked on

2018-01-03 19:20:24 - [MESSAGE][PASSED] - Object: 'Object Repository/Account/a_Order History' is clicked on

2018-01-03 19:20:24 - [TEST_STEP][PASSED] - delay: Delayed 1 second(s)

2018-01-03 19:20:25 - [MESSAGE][PASSED] - Delayed 1 second(s)

2018-01-03 19:20:25 - [TEST_STEP][PASSED] - verifyElementText: Actual text and expected text of test object 'Object Repository/Account/h1_account header' are matched.

2018-01-03 19:20:25 - [MESSAGE][PASSED] - Actual text and expected text of test object 'Object Repository/Account/h1_account header' are matched.

2018-01-03 19:20:25 - [TEST_STEP][PASSED] - click: Object: 'Object Repository/LogIn/div_Hi user' is clicked on

2018-01-03 19:20:25 - [MESSAGE][PASSED] - Object: 'Object Repository/LogIn/div_Hi user' is clicked on

2018-01-03 19:20:25 - [TEST_STEP][PASSED] - delay: Delayed 1 second(s)

2018-01-03 19:20:26 - [MESSAGE][PASSED] - Delayed 1 second(s)

2018-01-03 19:20:26 - [TEST_STEP][PASSED] - click: Object: 'Object Repository/Account/a_Account Details' is clicked on

2018-01-03 19:20:29 - [MESSAGE][PASSED] - Object: 'Object Repository/Account/a_Account Details' is clicked on

2018-01-03 19:20:29 - [TEST_STEP][PASSED] - delay: Delayed 1 second(s)

2018-01-03 19:20:30 - [MESSAGE][PASSED] - Delayed 1 second(s)

2018-01-03 19:20:30 - [TEST_STEP][PASSED] - verifyElementText: Actual text and expected text of test object 'Object Repository/Account/h1_account header' are matched.

2018-01-03 19:20:31 - [MESSAGE][PASSED] - Actual text and expected text of test object 'Object Repository/Account/h1_account header' are matched.

2018-01-03 19:20:31 - [TEST_STEP][PASSED] - click: Object: 'Object Repository/LogIn/div_Hi user' is clicked on

2018-01-03 19:20:31 - [MESSAGE][PASSED] - Object: 'Object Repository/LogIn/div_Hi user' is clicked on

2018-01-03 19:20:31 - [TEST_STEP][PASSED] - delay: Delayed 1 second(s)

2018-01-03 19:20:32 - [MESSAGE][PASSED] - Delayed 1 second(s)

2018-01-03 19:20:32 - [TEST_STEP][PASSED] - click: Object: 'Object Repository/Account/a_Address Book' is clicked on

2018-01-03 19:20:32 - [MESSAGE][PASSED] - Object: 'Object Repository/Account/a_Address Book' is clicked on

2018-01-03 19:20:32 - [TEST_STEP][PASSED] - delay: Delayed 1 second(s)

2018-01-03 19:20:33 - [MESSAGE][PASSED] - Delayed 1 second(s)

2018-01-03 19:20:33 - [TEST_STEP][PASSED] - verifyElementText: Actual text and expected text of test object 'Object Repository/Account/h1_account header' are matched.

2018-01-03 19:20:33 - [MESSAGE][PASSED] - Actual text and expected text of test object 'Object Repository/Account/h1_account header' are matched.

2018-01-03 19:20:33 - [TEST_STEP][PASSED] - click: Object: 'Object Repository/Account/span_Order History' is clicked on

2018-01-03 19:20:34 - [MESSAGE][PASSED] - Object: 'Object Repository/Account/span_Order History' is clicked on

2018-01-03 19:20:34 - [TEST_STEP][PASSED] - delay: Delayed 1 second(s)

2018-01-03 19:20:35 - [MESSAGE][PASSED] - Delayed 1 second(s)

2018-01-03 19:20:35 - [TEST_STEP][PASSED] - verifyElementText: Actual text and expected text of test object 'Object Repository/Account/h1_account header' are matched.

2018-01-03 19:20:35 - [MESSAGE][PASSED] - Actual text and expected text of test object 'Object Repository/Account/h1_account header' are matched.

2018-01-03 19:20:35 - [TEST_STEP][PASSED] - click: Object: 'Object Repository/Account/span_Account Details' is clicked on

2018-01-03 19:20:52 - [MESSAGE][PASSED] - Object: 'Object Repository/Account/span_Account Details' is clicked on

2018-01-03 19:20:52 - [TEST_STEP][PASSED] - delay: Delayed 1 second(s)

2018-01-03 19:20:53 - [MESSAGE][PASSED] - Delayed 1 second(s)

2018-01-03 19:20:53 - [TEST_STEP][PASSED] - verifyElementText: Actual text and expected text of test object 'Object Repository/Account/h1_account header' are matched.

2018-01-03 19:20:53 - [MESSAGE][PASSED] - Actual text and expected text of test object 'Object Repository/Account/h1_account header' are matched.

2018-01-03 19:20:53 - [TEST_STEP][PASSED] - click: Object: 'Object Repository/Account/a_ Password tab' is clicked on

2018-01-03 19:20:53 - [MESSAGE][PASSED] - Object: 'Object Repository/Account/a_ Password tab' is clicked on

2018-01-03 19:20:53 - [TEST_STEP][PASSED] - click: Object: 'Object Repository/Account/a_ Personal Info tab' is clicked on

2018-01-03 19:20:53 - [MESSAGE][PASSED] - Object: 'Object Repository/Account/a_ Personal Info tab' is clicked on

2018-01-03 19:20:53 - [TEST_STEP][PASSED] - click: Object: 'Object Repository/Account/span_Address Book' is clicked on

2018-01-03 19:20:53 - [MESSAGE][PASSED] - Object: 'Object Repository/Account/span_Address Book' is clicked on

2018-01-03 19:20:53 - [TEST_STEP][PASSED] - delay: Delayed 1 second(s)

2018-01-03 19:20:54 - [MESSAGE][PASSED] - Delayed 1 second(s)

2018-01-03 19:20:54 - [TEST_STEP][PASSED] - verifyElementText: Actual text and expected text of test object 'Object Repository/Account/h1_account header' are matched.

2018-01-03 19:20:55 - [MESSAGE][PASSED] - Actual text and expected text of test object 'Object Repository/Account/h1_account header' are matched.]]></system-out>
         <system-err><![CDATA[]]></system-err>
      </testcase>
      <testcase name="Test Cases/027_account_orderhistory" classname="Test Cases/027_account_orderhistory" status="FAILED">
         <failure type="FAILED" message="Unable to verify object 'Object Repository/Account/b_ordernumber' is present (Root cause: com.kms.katalon.core.webui.exception.WebElementNotFoundException: Web element with id: 'Object Repository/Account/b_ordernumber' located by 'By.xpath: //b[count(. | //*[@class = 's7q3wrc-0-b-sc-jzJRlG btAYAW']) = count(//*[@class = 's7q3wrc-0-b-sc-jzJRlG btAYAW'])][count(. | id(&quot;__next&quot;)/div[1]/div[1]/div[@class=&quot;s111nt22-0 isjfum&quot;]/div[3]/div[3]/div[@class=&quot;wuzp1o-0 cCUvkJ&quot;]/div[@class=&quot;wuzp1o-2 fYIzH&quot;]/div[@class=&quot;s16cj0gd-1 ffjfSh&quot;]/div[@class=&quot;e9phw6-1-sc-bdVaJa cjHrgj e9phw6-0 GmTo&quot;]/div[@class=&quot;e9phw6-1-sc-bdVaJa gamxMN e9phw6-0 kvtzTD&quot;]/h1[@class=&quot;sc-bxivhb fWdiJl&quot;]/b[@class=&quot;s7q3wrc-0-b-sc-jzJRlG btAYAW&quot;]) = count(id(&quot;__next&quot;)/div[1]/div[1]/div[@class=&quot;s111nt22-0 isjfum&quot;]/div[3]/div[3]/div[@class=&quot;wuzp1o-0 cCUvkJ&quot;]/div[@class=&quot;wuzp1o-2 fYIzH&quot;]/div[@class=&quot;s16cj0gd-1 ffjfSh&quot;]/div[@class=&quot;e9phw6-1-sc-bdVaJa cjHrgj e9phw6-0 GmTo&quot;]/div[@class=&quot;e9phw6-1-sc-bdVaJa gamxMN e9phw6-0 kvtzTD&quot;]/h1[@class=&quot;sc-bxivhb fWdiJl&quot;]/b[@class=&quot;s7q3wrc-0-b-sc-jzJRlG btAYAW&quot;])]' not found)"/>
         <system-out><![CDATA[2018-01-03 19:20:55 - [TEST_CASE][FAILED] - Test Cases/027_account_orderhistory: Test Cases/027_account_orderhistory FAILED because (of) Unable to verify object 'Object Repository/Account/b_ordernumber' is present (Root cause: com.kms.katalon.core.webui.exception.WebElementNotFoundException: Web element with id: 'Object Repository/Account/b_ordernumber' located by 'By.xpath: //b[count(. | //*[@class = 's7q3wrc-0-b-sc-jzJRlG btAYAW']) = count(//*[@class = 's7q3wrc-0-b-sc-jzJRlG btAYAW'])][count(. | id("__next")/div[1]/div[1]/div[@class="s111nt22-0 isjfum"]/div[3]/div[3]/div[@class="wuzp1o-0 cCUvkJ"]/div[@class="wuzp1o-2 fYIzH"]/div[@class="s16cj0gd-1 ffjfSh"]/div[@class="e9phw6-1-sc-bdVaJa cjHrgj e9phw6-0 GmTo"]/div[@class="e9phw6-1-sc-bdVaJa gamxMN e9phw6-0 kvtzTD"]/h1[@class="sc-bxivhb fWdiJl"]/b[@class="s7q3wrc-0-b-sc-jzJRlG btAYAW"]) = count(id("__next")/div[1]/div[1]/div[@class="s111nt22-0 isjfum"]/div[3]/div[3]/div[@class="wuzp1o-0 cCUvkJ"]/div[@class="wuzp1o-2 fYIzH"]/div[@class="s16cj0gd-1 ffjfSh"]/div[@class="e9phw6-1-sc-bdVaJa cjHrgj e9phw6-0 GmTo"]/div[@class="e9phw6-1-sc-bdVaJa gamxMN e9phw6-0 kvtzTD"]/h1[@class="sc-bxivhb fWdiJl"]/b[@class="s7q3wrc-0-b-sc-jzJRlG btAYAW"])]' not found)

2018-01-03 19:20:55 - [TEST_STEP][PASSED] - callTestCase: Call Test Case 'Test Cases/001_login_email_successful' successfully

2018-01-03 19:20:55 - [TEST_CASE][PASSED] - Test Cases/001_login_email_successful: Test Cases/001_login_email_successful

2018-01-03 19:20:55 - [TEST_STEP][PASSED] - openBrowser: Browser is opened with url: ''

2018-01-03 19:20:57 - [MESSAGE][PASSED] - Browser is opened with url: ''

2018-01-03 19:20:57 - [TEST_STEP][PASSED] - navigateToUrl: Navigate to 'http://mcdonaldstest.staging.oddle.co' successfully

2018-01-03 19:21:00 - [MESSAGE][PASSED] - Navigate to 'http://mcdonaldstest.staging.oddle.co' successfully

2018-01-03 19:21:00 - [TEST_STEP][PASSED] - click: Object: 'Object Repository/LogIn/div_Log in' is clicked on

2018-01-03 19:21:00 - [MESSAGE][PASSED] - Object: 'Object Repository/LogIn/div_Log in' is clicked on

2018-01-03 19:21:00 - [TEST_STEP][PASSED] - setText: Text 'kevin.ang@oddle.me' is set on object 'Object Repository/LogIn/input_email'

2018-01-03 19:21:02 - [MESSAGE][PASSED] - Text 'kevin.ang@oddle.me' is set on object 'Object Repository/LogIn/input_email'

2018-01-03 19:21:02 - [TEST_STEP][PASSED] - setText: Text '0ddleatw' is set on object 'Object Repository/LogIn/input_password'

2018-01-03 19:21:02 - [MESSAGE][PASSED] - Text '0ddleatw' is set on object 'Object Repository/LogIn/input_password'

2018-01-03 19:21:02 - [TEST_STEP][PASSED] - click: Object: 'Object Repository/LogIn/button_Login' is clicked on

2018-01-03 19:21:02 - [MESSAGE][PASSED] - Object: 'Object Repository/LogIn/button_Login' is clicked on

2018-01-03 19:21:02 - [TEST_STEP][PASSED] - delay: Delayed 3 second(s)

2018-01-03 19:21:05 - [MESSAGE][PASSED] - Delayed 3 second(s)

2018-01-03 19:21:05 - [TEST_STEP][PASSED] - autoKeywords.verifyLoggedIn.verifyLogged: autoKeywords.verifyLoggedIn.verifyLogged is PASSED

2018-01-03 19:21:05 - [MESSAGE][PASSED] - Text of object 'Object Repository/LogIn/div_Hi user' is: 'Hi, John'

2018-01-03 19:21:05 - [MESSAGE][PASSED] - Actual text 'Hi, John' and expected text 'Log In' are not matched 

2018-01-03 19:21:05 - [MESSAGE][PASSED] - autoKeywords.verifyLoggedIn.verifyLogged is PASSED

2018-01-03 19:21:05 - [MESSAGE][PASSED] - Call Test Case 'Test Cases/001_login_email_successful' successfully

2018-01-03 19:21:05 - [TEST_STEP][PASSED] - click: Object: 'Object Repository/LogIn/div_Hi user' is clicked on

2018-01-03 19:21:05 - [MESSAGE][PASSED] - Object: 'Object Repository/LogIn/div_Hi user' is clicked on

2018-01-03 19:21:05 - [TEST_STEP][PASSED] - delay: Delayed 1 second(s)

2018-01-03 19:21:06 - [MESSAGE][PASSED] - Delayed 1 second(s)

2018-01-03 19:21:06 - [TEST_STEP][PASSED] - click: Object: 'Object Repository/Account/a_Order History' is clicked on

2018-01-03 19:21:07 - [MESSAGE][PASSED] - Object: 'Object Repository/Account/a_Order History' is clicked on

2018-01-03 19:21:07 - [TEST_STEP][PASSED] - delay: Delayed 1 second(s)

2018-01-03 19:21:08 - [MESSAGE][PASSED] - Delayed 1 second(s)

2018-01-03 19:21:08 - [TEST_STEP][PASSED] - verifyElementPresent: Object 'Object Repository/Account/h1_Order History' is present

2018-01-03 19:21:08 - [MESSAGE][WARNING] - Timeout '0' is invalid. Using default page load timeout: '5'

2018-01-03 19:21:08 - [MESSAGE][PASSED] - Object 'Object Repository/Account/h1_Order History' is present

2018-01-03 19:21:08 - [TEST_STEP][PASSED] - click: Object: 'Object Repository/Account/button_Order Details' is clicked on

2018-01-03 19:21:13 - [MESSAGE][PASSED] - Object: 'Object Repository/Account/button_Order Details' is clicked on

2018-01-03 19:21:13 - [TEST_STEP][PASSED] - delay: Delayed 1 second(s)

2018-01-03 19:21:14 - [MESSAGE][PASSED] - Delayed 1 second(s)

2018-01-03 19:21:14 - [TEST_STEP][FAILED] - verifyElementPresent: Unable to verify object 'Object Repository/Account/b_ordernumber' is present (Root cause: com.kms.katalon.core.webui.exception.WebElementNotFoundException: Web element with id: 'Object Repository/Account/b_ordernumber' located by 'By.xpath: //b[count(. | //*[@class = 's7q3wrc-0-b-sc-jzJRlG btAYAW']) = count(//*[@class = 's7q3wrc-0-b-sc-jzJRlG btAYAW'])][count(. | id("__next")/div[1]/div[1]/div[@class="s111nt22-0 isjfum"]/div[3]/div[3]/div[@class="wuzp1o-0 cCUvkJ"]/div[@class="wuzp1o-2 fYIzH"]/div[@class="s16cj0gd-1 ffjfSh"]/div[@class="e9phw6-1-sc-bdVaJa cjHrgj e9phw6-0 GmTo"]/div[@class="e9phw6-1-sc-bdVaJa gamxMN e9phw6-0 kvtzTD"]/h1[@class="sc-bxivhb fWdiJl"]/b[@class="s7q3wrc-0-b-sc-jzJRlG btAYAW"]) = count(id("__next")/div[1]/div[1]/div[@class="s111nt22-0 isjfum"]/div[3]/div[3]/div[@class="wuzp1o-0 cCUvkJ"]/div[@class="wuzp1o-2 fYIzH"]/div[@class="s16cj0gd-1 ffjfSh"]/div[@class="e9phw6-1-sc-bdVaJa cjHrgj e9phw6-0 GmTo"]/div[@class="e9phw6-1-sc-bdVaJa gamxMN e9phw6-0 kvtzTD"]/h1[@class="sc-bxivhb fWdiJl"]/b[@class="s7q3wrc-0-b-sc-jzJRlG btAYAW"])]' not found)

2018-01-03 19:21:14 - [MESSAGE][WARNING] - Timeout '0' is invalid. Using default page load timeout: '5'

2018-01-03 19:21:21 - [MESSAGE][FAILED] - com.kms.katalon.core.webui.exception.WebElementNotFoundException: Web element with id: 'Object Repository/Account/b_ordernumber' located by 'By.xpath: //b[count(. | //*[@class = 's7q3wrc-0-b-sc-jzJRlG btAYAW']) = count(//*[@class = 's7q3wrc-0-b-sc-jzJRlG btAYAW'])][count(. | id("__next")/div[1]/div[1]/div[@class="s111nt22-0 isjfum"]/div[3]/div[3]/div[@class="wuzp1o-0 cCUvkJ"]/div[@class="wuzp1o-2 fYIzH"]/div[@class="s16cj0gd-1 ffjfSh"]/div[@class="e9phw6-1-sc-bdVaJa cjHrgj e9phw6-0 GmTo"]/div[@class="e9phw6-1-sc-bdVaJa gamxMN e9phw6-0 kvtzTD"]/h1[@class="sc-bxivhb fWdiJl"]/b[@class="s7q3wrc-0-b-sc-jzJRlG btAYAW"]) = count(id("__next")/div[1]/div[1]/div[@class="s111nt22-0 isjfum"]/div[3]/div[3]/div[@class="wuzp1o-0 cCUvkJ"]/div[@class="wuzp1o-2 fYIzH"]/div[@class="s16cj0gd-1 ffjfSh"]/div[@class="e9phw6-1-sc-bdVaJa cjHrgj e9phw6-0 GmTo"]/div[@class="e9phw6-1-sc-bdVaJa gamxMN e9phw6-0 kvtzTD"]/h1[@class="sc-bxivhb fWdiJl"]/b[@class="s7q3wrc-0-b-sc-jzJRlG btAYAW"])]' not found
[[ATTACHMENT|C:\\Users\\Ang\\git\\oddle-automa\\Reports\\account_settings\\20180103_192002\\1514978481652.png]]

2018-01-03 19:21:22 - [MESSAGE][FAILED] - Unable to verify object 'Object Repository/Account/b_ordernumber' is present (Root cause: com.kms.katalon.core.webui.exception.WebElementNotFoundException: Web element with id: 'Object Repository/Account/b_ordernumber' located by 'By.xpath: //b[count(. | //*[@class = 's7q3wrc-0-b-sc-jzJRlG btAYAW']) = count(//*[@class = 's7q3wrc-0-b-sc-jzJRlG btAYAW'])][count(. | id("__next")/div[1]/div[1]/div[@class="s111nt22-0 isjfum"]/div[3]/div[3]/div[@class="wuzp1o-0 cCUvkJ"]/div[@class="wuzp1o-2 fYIzH"]/div[@class="s16cj0gd-1 ffjfSh"]/div[@class="e9phw6-1-sc-bdVaJa cjHrgj e9phw6-0 GmTo"]/div[@class="e9phw6-1-sc-bdVaJa gamxMN e9phw6-0 kvtzTD"]/h1[@class="sc-bxivhb fWdiJl"]/b[@class="s7q3wrc-0-b-sc-jzJRlG btAYAW"]) = count(id("__next")/div[1]/div[1]/div[@class="s111nt22-0 isjfum"]/div[3]/div[3]/div[@class="wuzp1o-0 cCUvkJ"]/div[@class="wuzp1o-2 fYIzH"]/div[@class="s16cj0gd-1 ffjfSh"]/div[@class="e9phw6-1-sc-bdVaJa cjHrgj e9phw6-0 GmTo"]/div[@class="e9phw6-1-sc-bdVaJa gamxMN e9phw6-0 kvtzTD"]/h1[@class="sc-bxivhb fWdiJl"]/b[@class="s7q3wrc-0-b-sc-jzJRlG btAYAW"])]' not found)
[[ATTACHMENT|C:\\Users\\Ang\\git\\oddle-automa\\Reports\\account_settings\\20180103_192002\\1514978481921.png]]]]></system-out>
         <system-err><![CDATA[2018-01-03 19:20:55 - [TEST_CASE][FAILED] - Test Cases/027_account_orderhistory: Test Cases/027_account_orderhistory FAILED because (of) Unable to verify object 'Object Repository/Account/b_ordernumber' is present (Root cause: com.kms.katalon.core.webui.exception.WebElementNotFoundException: Web element with id: 'Object Repository/Account/b_ordernumber' located by 'By.xpath: //b[count(. | //*[@class = 's7q3wrc-0-b-sc-jzJRlG btAYAW']) = count(//*[@class = 's7q3wrc-0-b-sc-jzJRlG btAYAW'])][count(. | id("__next")/div[1]/div[1]/div[@class="s111nt22-0 isjfum"]/div[3]/div[3]/div[@class="wuzp1o-0 cCUvkJ"]/div[@class="wuzp1o-2 fYIzH"]/div[@class="s16cj0gd-1 ffjfSh"]/div[@class="e9phw6-1-sc-bdVaJa cjHrgj e9phw6-0 GmTo"]/div[@class="e9phw6-1-sc-bdVaJa gamxMN e9phw6-0 kvtzTD"]/h1[@class="sc-bxivhb fWdiJl"]/b[@class="s7q3wrc-0-b-sc-jzJRlG btAYAW"]) = count(id("__next")/div[1]/div[1]/div[@class="s111nt22-0 isjfum"]/div[3]/div[3]/div[@class="wuzp1o-0 cCUvkJ"]/div[@class="wuzp1o-2 fYIzH"]/div[@class="s16cj0gd-1 ffjfSh"]/div[@class="e9phw6-1-sc-bdVaJa cjHrgj e9phw6-0 GmTo"]/div[@class="e9phw6-1-sc-bdVaJa gamxMN e9phw6-0 kvtzTD"]/h1[@class="sc-bxivhb fWdiJl"]/b[@class="s7q3wrc-0-b-sc-jzJRlG btAYAW"])]' not found)]]></system-err>
      </testcase>
      <testcase name="Test Cases/028_account_change_email" classname="Test Cases/028_account_change_email" status="PASSED">
         <system-out><![CDATA[2018-01-03 19:21:22 - [TEST_CASE][PASSED] - Test Cases/028_account_change_email: Test Cases/028_account_change_email

2018-01-03 19:21:23 - [TEST_STEP][PASSED] - callTestCase: Call Test Case 'Test Cases/001_login_email_successful' successfully

2018-01-03 19:21:23 - [TEST_CASE][PASSED] - Test Cases/001_login_email_successful: Test Cases/001_login_email_successful

2018-01-03 19:21:23 - [TEST_STEP][PASSED] - openBrowser: Browser is opened with url: ''

2018-01-03 19:21:25 - [MESSAGE][PASSED] - Browser is opened with url: ''

2018-01-03 19:21:25 - [TEST_STEP][PASSED] - navigateToUrl: Navigate to 'http://mcdonaldstest.staging.oddle.co' successfully

2018-01-03 19:21:27 - [MESSAGE][PASSED] - Navigate to 'http://mcdonaldstest.staging.oddle.co' successfully

2018-01-03 19:21:27 - [TEST_STEP][PASSED] - click: Object: 'Object Repository/LogIn/div_Log in' is clicked on

2018-01-03 19:21:27 - [MESSAGE][PASSED] - Object: 'Object Repository/LogIn/div_Log in' is clicked on

2018-01-03 19:21:27 - [TEST_STEP][PASSED] - setText: Text 'kevin.ang@oddle.me' is set on object 'Object Repository/LogIn/input_email'

2018-01-03 19:21:29 - [MESSAGE][PASSED] - Text 'kevin.ang@oddle.me' is set on object 'Object Repository/LogIn/input_email'

2018-01-03 19:21:29 - [TEST_STEP][PASSED] - setText: Text '0ddleatw' is set on object 'Object Repository/LogIn/input_password'

2018-01-03 19:21:29 - [MESSAGE][PASSED] - Text '0ddleatw' is set on object 'Object Repository/LogIn/input_password'

2018-01-03 19:21:29 - [TEST_STEP][PASSED] - click: Object: 'Object Repository/LogIn/button_Login' is clicked on

2018-01-03 19:21:29 - [MESSAGE][PASSED] - Object: 'Object Repository/LogIn/button_Login' is clicked on

2018-01-03 19:21:29 - [TEST_STEP][PASSED] - delay: Delayed 3 second(s)

2018-01-03 19:21:32 - [MESSAGE][PASSED] - Delayed 3 second(s)

2018-01-03 19:21:32 - [TEST_STEP][PASSED] - autoKeywords.verifyLoggedIn.verifyLogged: autoKeywords.verifyLoggedIn.verifyLogged is PASSED

2018-01-03 19:21:32 - [MESSAGE][PASSED] - Text of object 'Object Repository/LogIn/div_Hi user' is: 'Hi, John'

2018-01-03 19:21:32 - [MESSAGE][PASSED] - Actual text 'Hi, John' and expected text 'Log In' are not matched 

2018-01-03 19:21:32 - [MESSAGE][PASSED] - autoKeywords.verifyLoggedIn.verifyLogged is PASSED

2018-01-03 19:21:32 - [MESSAGE][PASSED] - Call Test Case 'Test Cases/001_login_email_successful' successfully

2018-01-03 19:21:32 - [TEST_STEP][PASSED] - click: Object: 'Object Repository/LogIn/div_Hi user' is clicked on

2018-01-03 19:21:32 - [MESSAGE][PASSED] - Object: 'Object Repository/LogIn/div_Hi user' is clicked on

2018-01-03 19:21:32 - [TEST_STEP][PASSED] - delay: Delayed 1 second(s)

2018-01-03 19:21:33 - [MESSAGE][PASSED] - Delayed 1 second(s)

2018-01-03 19:21:33 - [TEST_STEP][PASSED] - click: Object: 'Object Repository/Account/a_Account Details' is clicked on

2018-01-03 19:21:33 - [MESSAGE][PASSED] - Object: 'Object Repository/Account/a_Account Details' is clicked on

2018-01-03 19:21:33 - [TEST_STEP][PASSED] - setText: Text 'unusedemail@changethis.ifused' is set on object 'Object Repository/Account/input_email'

2018-01-03 19:21:34 - [MESSAGE][PASSED] - Text 'unusedemail@changethis.ifused' is set on object 'Object Repository/Account/input_email'

2018-01-03 19:21:34 - [TEST_STEP][PASSED] - click: Object: 'Object Repository/Account/button_Save' is clicked on

2018-01-03 19:21:34 - [MESSAGE][PASSED] - Object: 'Object Repository/Account/button_Save' is clicked on

2018-01-03 19:21:34 - [TEST_STEP][PASSED] - delay: Delayed 3 second(s)

2018-01-03 19:21:37 - [MESSAGE][PASSED] - Delayed 3 second(s)

2018-01-03 19:21:37 - [TEST_STEP][PASSED] - verifyElementNotHasAttribute: Object 'Object Repository/Account/div_error_message' does not have attribute 'text'

2018-01-03 19:21:37 - [MESSAGE][WARNING] - Timeout '0' is invalid. Using default page load timeout: '5'

2018-01-03 19:21:37 - [MESSAGE][PASSED] - Object 'Object Repository/Account/div_error_message' does not have attribute 'text'

2018-01-03 19:21:37 - [TEST_STEP][PASSED] - verifyElementAttributeValue: Object 'Object Repository/Account/input_email' has attribute 'value' with value 'unusedemail@changethis.ifused'

2018-01-03 19:21:37 - [MESSAGE][WARNING] - Timeout '0' is invalid. Using default page load timeout: '5'

2018-01-03 19:21:37 - [MESSAGE][PASSED] - Object 'Object Repository/Account/input_email' has attribute 'value' with value 'unusedemail@changethis.ifused'

2018-01-03 19:21:37 - [TEST_STEP][PASSED] - delay: Delayed 1 second(s)

2018-01-03 19:21:38 - [MESSAGE][PASSED] - Delayed 1 second(s)

2018-01-03 19:21:38 - [TEST_STEP][PASSED] - click: Object: 'Object Repository/LogIn/div_Hi user' is clicked on

2018-01-03 19:21:38 - [MESSAGE][PASSED] - Object: 'Object Repository/LogIn/div_Hi user' is clicked on

2018-01-03 19:21:38 - [TEST_STEP][PASSED] - delay: Delayed 1 second(s)

2018-01-03 19:21:39 - [MESSAGE][PASSED] - Delayed 1 second(s)

2018-01-03 19:21:39 - [TEST_STEP][PASSED] - click: Object: 'Object Repository/LogIn/a_Sign out' is clicked on

2018-01-03 19:21:39 - [MESSAGE][PASSED] - Object: 'Object Repository/LogIn/a_Sign out' is clicked on

2018-01-03 19:21:39 - [TEST_STEP][PASSED] - delay: Delayed 1 second(s)

2018-01-03 19:21:40 - [MESSAGE][PASSED] - Delayed 1 second(s)

2018-01-03 19:21:40 - [TEST_STEP][PASSED] - click: Object: 'Object Repository/Account/button_Sign Out' is clicked on

2018-01-03 19:21:41 - [MESSAGE][PASSED] - Object: 'Object Repository/Account/button_Sign Out' is clicked on

2018-01-03 19:21:41 - [TEST_STEP][PASSED] - delay: Delayed 1 second(s)

2018-01-03 19:21:42 - [MESSAGE][PASSED] - Delayed 1 second(s)

2018-01-03 19:21:42 - [TEST_STEP][PASSED] - autoKeywords.verifyLoggedOut.verifyNotLogged: autoKeywords.verifyLoggedOut.verifyNotLogged is PASSED

2018-01-03 19:21:42 - [MESSAGE][WARNING] - Timeout '0' is invalid. Using default page load timeout: '5'

2018-01-03 19:21:42 - [MESSAGE][PASSED] - Object 'Object Repository/LogIn/div_Log in' is present

2018-01-03 19:21:42 - [MESSAGE][PASSED] - autoKeywords.verifyLoggedOut.verifyNotLogged is PASSED

2018-01-03 19:21:42 - [TEST_STEP][PASSED] - click: Object: 'Object Repository/LogIn/div_Log in' is clicked on

2018-01-03 19:21:42 - [MESSAGE][PASSED] - Object: 'Object Repository/LogIn/div_Log in' is clicked on

2018-01-03 19:21:42 - [TEST_STEP][PASSED] - setText: Text 'unusedemail@changethis.ifused' is set on object 'Object Repository/LogIn/input_email'

2018-01-03 19:21:43 - [MESSAGE][PASSED] - Text 'unusedemail@changethis.ifused' is set on object 'Object Repository/LogIn/input_email'

2018-01-03 19:21:43 - [TEST_STEP][PASSED] - setText: Text '0ddleatw' is set on object 'Object Repository/LogIn/input_password'

2018-01-03 19:21:43 - [MESSAGE][PASSED] - Text '0ddleatw' is set on object 'Object Repository/LogIn/input_password'

2018-01-03 19:21:43 - [TEST_STEP][PASSED] - click: Object: 'Object Repository/LogIn/button_Login' is clicked on

2018-01-03 19:21:43 - [MESSAGE][PASSED] - Object: 'Object Repository/LogIn/button_Login' is clicked on

2018-01-03 19:21:43 - [TEST_STEP][PASSED] - delay: Delayed 3 second(s)

2018-01-03 19:21:46 - [MESSAGE][PASSED] - Delayed 3 second(s)

2018-01-03 19:21:46 - [TEST_STEP][PASSED] - autoKeywords.verifyLoggedIn.verifyLogged: autoKeywords.verifyLoggedIn.verifyLogged is PASSED

2018-01-03 19:21:46 - [MESSAGE][PASSED] - Text of object 'Object Repository/LogIn/div_Hi user' is: 'Hi, John'

2018-01-03 19:21:46 - [MESSAGE][PASSED] - Actual text 'Hi, John' and expected text 'Log In' are not matched 

2018-01-03 19:21:46 - [MESSAGE][PASSED] - autoKeywords.verifyLoggedIn.verifyLogged is PASSED

2018-01-03 19:21:46 - [TEST_STEP][PASSED] - click: Object: 'Object Repository/LogIn/div_Hi user' is clicked on

2018-01-03 19:21:46 - [MESSAGE][PASSED] - Object: 'Object Repository/LogIn/div_Hi user' is clicked on

2018-01-03 19:21:46 - [TEST_STEP][PASSED] - delay: Delayed 1 second(s)

2018-01-03 19:21:47 - [MESSAGE][PASSED] - Delayed 1 second(s)

2018-01-03 19:21:47 - [TEST_STEP][PASSED] - click: Object: 'Object Repository/Account/a_Account Details' is clicked on

2018-01-03 19:21:47 - [MESSAGE][PASSED] - Object: 'Object Repository/Account/a_Account Details' is clicked on

2018-01-03 19:21:47 - [TEST_STEP][PASSED] - setText: Text 'kevin.ang@oddle.me' is set on object 'Object Repository/Account/input_email'

2018-01-03 19:21:48 - [MESSAGE][PASSED] - Text 'kevin.ang@oddle.me' is set on object 'Object Repository/Account/input_email'

2018-01-03 19:21:48 - [TEST_STEP][PASSED] - click: Object: 'Object Repository/Account/button_Save' is clicked on

2018-01-03 19:21:48 - [MESSAGE][PASSED] - Object: 'Object Repository/Account/button_Save' is clicked on

2018-01-03 19:21:48 - [TEST_STEP][PASSED] - delay: Delayed 3 second(s)

2018-01-03 19:21:51 - [MESSAGE][PASSED] - Delayed 3 second(s)

2018-01-03 19:21:51 - [TEST_STEP][PASSED] - verifyElementNotHasAttribute: Object 'Object Repository/Account/div_error_message' does not have attribute 'text'

2018-01-03 19:21:51 - [MESSAGE][WARNING] - Timeout '0' is invalid. Using default page load timeout: '5'

2018-01-03 19:21:51 - [MESSAGE][PASSED] - Object 'Object Repository/Account/div_error_message' does not have attribute 'text'

2018-01-03 19:21:51 - [TEST_STEP][PASSED] - verifyElementAttributeValue: Object 'Object Repository/Account/input_email' has attribute 'value' with value 'kevin.ang@oddle.me'

2018-01-03 19:21:51 - [MESSAGE][WARNING] - Timeout '0' is invalid. Using default page load timeout: '5'

2018-01-03 19:21:51 - [MESSAGE][PASSED] - Object 'Object Repository/Account/input_email' has attribute 'value' with value 'kevin.ang@oddle.me']]></system-out>
         <system-err><![CDATA[]]></system-err>
      </testcase>
      <testcase name="Test Cases/029_account_change_email_wrongformat" classname="Test Cases/029_account_change_email_wrongformat" status="PASSED">
         <system-out><![CDATA[2018-01-03 19:21:52 - [TEST_CASE][PASSED] - Test Cases/029_account_change_email_wrongformat: Test Cases/029_account_change_email_wrongformat

2018-01-03 19:21:52 - [TEST_STEP][PASSED] - callTestCase: Call Test Case 'Test Cases/001_login_email_successful' successfully

2018-01-03 19:21:52 - [TEST_CASE][PASSED] - Test Cases/001_login_email_successful: Test Cases/001_login_email_successful

2018-01-03 19:21:52 - [TEST_STEP][PASSED] - openBrowser: Browser is opened with url: ''

2018-01-03 19:21:54 - [MESSAGE][PASSED] - Browser is opened with url: ''

2018-01-03 19:21:54 - [TEST_STEP][PASSED] - navigateToUrl: Navigate to 'http://mcdonaldstest.staging.oddle.co' successfully

2018-01-03 19:21:56 - [MESSAGE][PASSED] - Navigate to 'http://mcdonaldstest.staging.oddle.co' successfully

2018-01-03 19:21:56 - [TEST_STEP][PASSED] - click: Object: 'Object Repository/LogIn/div_Log in' is clicked on

2018-01-03 19:21:56 - [MESSAGE][PASSED] - Object: 'Object Repository/LogIn/div_Log in' is clicked on

2018-01-03 19:21:56 - [TEST_STEP][PASSED] - setText: Text 'kevin.ang@oddle.me' is set on object 'Object Repository/LogIn/input_email'

2018-01-03 19:21:58 - [MESSAGE][PASSED] - Text 'kevin.ang@oddle.me' is set on object 'Object Repository/LogIn/input_email'

2018-01-03 19:21:58 - [TEST_STEP][PASSED] - setText: Text '0ddleatw' is set on object 'Object Repository/LogIn/input_password'

2018-01-03 19:21:58 - [MESSAGE][PASSED] - Text '0ddleatw' is set on object 'Object Repository/LogIn/input_password'

2018-01-03 19:21:58 - [TEST_STEP][PASSED] - click: Object: 'Object Repository/LogIn/button_Login' is clicked on

2018-01-03 19:21:58 - [MESSAGE][PASSED] - Object: 'Object Repository/LogIn/button_Login' is clicked on

2018-01-03 19:21:58 - [TEST_STEP][PASSED] - delay: Delayed 3 second(s)

2018-01-03 19:22:01 - [MESSAGE][PASSED] - Delayed 3 second(s)

2018-01-03 19:22:01 - [TEST_STEP][PASSED] - autoKeywords.verifyLoggedIn.verifyLogged: autoKeywords.verifyLoggedIn.verifyLogged is PASSED

2018-01-03 19:22:01 - [MESSAGE][PASSED] - Text of object 'Object Repository/LogIn/div_Hi user' is: 'Hi, John'

2018-01-03 19:22:01 - [MESSAGE][PASSED] - Actual text 'Hi, John' and expected text 'Log In' are not matched 

2018-01-03 19:22:01 - [MESSAGE][PASSED] - autoKeywords.verifyLoggedIn.verifyLogged is PASSED

2018-01-03 19:22:01 - [MESSAGE][PASSED] - Call Test Case 'Test Cases/001_login_email_successful' successfully

2018-01-03 19:22:01 - [TEST_STEP][PASSED] - click: Object: 'Object Repository/LogIn/div_Hi user' is clicked on

2018-01-03 19:22:01 - [MESSAGE][PASSED] - Object: 'Object Repository/LogIn/div_Hi user' is clicked on

2018-01-03 19:22:01 - [TEST_STEP][PASSED] - delay: Delayed 1 second(s)

2018-01-03 19:22:02 - [MESSAGE][PASSED] - Delayed 1 second(s)

2018-01-03 19:22:02 - [TEST_STEP][PASSED] - click: Object: 'Object Repository/Account/a_Account Details' is clicked on

2018-01-03 19:22:02 - [MESSAGE][PASSED] - Object: 'Object Repository/Account/a_Account Details' is clicked on

2018-01-03 19:22:02 - [TEST_STEP][PASSED] - setText: Text 'wrongemailformat' is set on object 'Object Repository/Account/input_email'

2018-01-03 19:22:03 - [MESSAGE][PASSED] - Text 'wrongemailformat' is set on object 'Object Repository/Account/input_email'

2018-01-03 19:22:03 - [TEST_STEP][PASSED] - click: Object: 'Object Repository/Account/button_Save' is clicked on

2018-01-03 19:22:03 - [MESSAGE][PASSED] - Object: 'Object Repository/Account/button_Save' is clicked on

2018-01-03 19:22:03 - [TEST_STEP][PASSED] - delay: Delayed 3 second(s)

2018-01-03 19:22:06 - [MESSAGE][PASSED] - Delayed 3 second(s)

2018-01-03 19:22:06 - [TEST_STEP][PASSED] - click: Object: 'Object Repository/HomePage/a_Home' is clicked on

2018-01-03 19:22:06 - [MESSAGE][PASSED] - Object: 'Object Repository/HomePage/a_Home' is clicked on

2018-01-03 19:22:06 - [TEST_STEP][PASSED] - click: Object: 'Object Repository/LogIn/div_Hi user' is clicked on

2018-01-03 19:22:06 - [MESSAGE][PASSED] - Object: 'Object Repository/LogIn/div_Hi user' is clicked on

2018-01-03 19:22:06 - [TEST_STEP][PASSED] - delay: Delayed 1 second(s)

2018-01-03 19:22:07 - [MESSAGE][PASSED] - Delayed 1 second(s)

2018-01-03 19:22:07 - [TEST_STEP][PASSED] - click: Object: 'Object Repository/Account/a_Account Details' is clicked on

2018-01-03 19:22:07 - [MESSAGE][PASSED] - Object: 'Object Repository/Account/a_Account Details' is clicked on

2018-01-03 19:22:07 - [TEST_STEP][PASSED] - delay: Delayed 1 second(s)

2018-01-03 19:22:08 - [MESSAGE][PASSED] - Delayed 1 second(s)

2018-01-03 19:22:08 - [TEST_STEP][PASSED] - Statement - newEmail = com.kms.katalon.core.webui.keyword.WebUiBuiltInKeywords.getAttribute(com.kms.katalon.core.testobject.ObjectRepository.findTestObject(Account/input_email), "value"): Attribute 'value' of object 'Object Repository/Account/input_email' is: 'kevin.ang@oddle.me'

2018-01-03 19:22:08 - [MESSAGE][PASSED] - Attribute 'value' of object 'Object Repository/Account/input_email' is: 'kevin.ang@oddle.me'

2018-01-03 19:22:08 - [TEST_STEP][PASSED] - verifyNotMatch: Actual text 'wrongemailformat' and expected text 'kevin.ang@oddle.me' are not matched 

2018-01-03 19:22:08 - [MESSAGE][PASSED] - Actual text 'wrongemailformat' and expected text 'kevin.ang@oddle.me' are not matched]]></system-out>
         <system-err><![CDATA[]]></system-err>
      </testcase>
      <testcase name="Test Cases/030_account_change_email_emailregd" classname="Test Cases/030_account_change_email_emailregd" status="PASSED">
         <system-out><![CDATA[2018-01-03 19:22:09 - [TEST_CASE][PASSED] - Test Cases/030_account_change_email_emailregd: Test Cases/030_account_change_email_emailregd

2018-01-03 19:22:09 - [TEST_STEP][PASSED] - callTestCase: Call Test Case 'Test Cases/001_login_email_successful' successfully

2018-01-03 19:22:09 - [TEST_CASE][PASSED] - Test Cases/001_login_email_successful: Test Cases/001_login_email_successful

2018-01-03 19:22:09 - [TEST_STEP][PASSED] - openBrowser: Browser is opened with url: ''

2018-01-03 19:22:11 - [MESSAGE][PASSED] - Browser is opened with url: ''

2018-01-03 19:22:11 - [TEST_STEP][PASSED] - navigateToUrl: Navigate to 'http://mcdonaldstest.staging.oddle.co' successfully

2018-01-03 19:22:14 - [MESSAGE][PASSED] - Navigate to 'http://mcdonaldstest.staging.oddle.co' successfully

2018-01-03 19:22:14 - [TEST_STEP][PASSED] - click: Object: 'Object Repository/LogIn/div_Log in' is clicked on

2018-01-03 19:22:14 - [MESSAGE][PASSED] - Object: 'Object Repository/LogIn/div_Log in' is clicked on

2018-01-03 19:22:14 - [TEST_STEP][PASSED] - setText: Text 'kevin.ang@oddle.me' is set on object 'Object Repository/LogIn/input_email'

2018-01-03 19:22:15 - [MESSAGE][PASSED] - Text 'kevin.ang@oddle.me' is set on object 'Object Repository/LogIn/input_email'

2018-01-03 19:22:15 - [TEST_STEP][PASSED] - setText: Text '0ddleatw' is set on object 'Object Repository/LogIn/input_password'

2018-01-03 19:22:16 - [MESSAGE][PASSED] - Text '0ddleatw' is set on object 'Object Repository/LogIn/input_password'

2018-01-03 19:22:16 - [TEST_STEP][PASSED] - click: Object: 'Object Repository/LogIn/button_Login' is clicked on

2018-01-03 19:22:16 - [MESSAGE][PASSED] - Object: 'Object Repository/LogIn/button_Login' is clicked on

2018-01-03 19:22:16 - [TEST_STEP][PASSED] - delay: Delayed 3 second(s)

2018-01-03 19:22:19 - [MESSAGE][PASSED] - Delayed 3 second(s)

2018-01-03 19:22:19 - [TEST_STEP][PASSED] - autoKeywords.verifyLoggedIn.verifyLogged: autoKeywords.verifyLoggedIn.verifyLogged is PASSED

2018-01-03 19:22:19 - [MESSAGE][PASSED] - Text of object 'Object Repository/LogIn/div_Hi user' is: 'Hi, John'

2018-01-03 19:22:19 - [MESSAGE][PASSED] - Actual text 'Hi, John' and expected text 'Log In' are not matched 

2018-01-03 19:22:19 - [MESSAGE][PASSED] - autoKeywords.verifyLoggedIn.verifyLogged is PASSED

2018-01-03 19:22:19 - [MESSAGE][PASSED] - Call Test Case 'Test Cases/001_login_email_successful' successfully

2018-01-03 19:22:19 - [TEST_STEP][PASSED] - click: Object: 'Object Repository/LogIn/div_Hi user' is clicked on

2018-01-03 19:22:19 - [MESSAGE][PASSED] - Object: 'Object Repository/LogIn/div_Hi user' is clicked on

2018-01-03 19:22:19 - [TEST_STEP][PASSED] - delay: Delayed 1 second(s)

2018-01-03 19:22:20 - [MESSAGE][PASSED] - Delayed 1 second(s)

2018-01-03 19:22:20 - [TEST_STEP][PASSED] - click: Object: 'Object Repository/Account/a_Account Details' is clicked on

2018-01-03 19:22:20 - [MESSAGE][PASSED] - Object: 'Object Repository/Account/a_Account Details' is clicked on

2018-01-03 19:22:20 - [TEST_STEP][PASSED] - setText: Text 'test@oddle.me' is set on object 'Object Repository/Account/input_email'

2018-01-03 19:22:21 - [MESSAGE][PASSED] - Text 'test@oddle.me' is set on object 'Object Repository/Account/input_email'

2018-01-03 19:22:21 - [TEST_STEP][PASSED] - click: Object: 'Object Repository/Account/button_Save' is clicked on

2018-01-03 19:22:21 - [MESSAGE][PASSED] - Object: 'Object Repository/Account/button_Save' is clicked on

2018-01-03 19:22:21 - [TEST_STEP][PASSED] - delay: Delayed 3 second(s)

2018-01-03 19:22:24 - [MESSAGE][PASSED] - Delayed 3 second(s)

2018-01-03 19:22:24 - [TEST_STEP][PASSED] - verifyElementText: Actual text and expected text of test object 'Object Repository/Account/div_error_message' are matched.

2018-01-03 19:22:24 - [MESSAGE][PASSED] - Actual text and expected text of test object 'Object Repository/Account/div_error_message' are matched.

2018-01-03 19:22:24 - [TEST_STEP][PASSED] - click: Object: 'Object Repository/HomePage/a_Home' is clicked on

2018-01-03 19:22:24 - [MESSAGE][PASSED] - Object: 'Object Repository/HomePage/a_Home' is clicked on

2018-01-03 19:22:24 - [TEST_STEP][PASSED] - click: Object: 'Object Repository/LogIn/div_Hi user' is clicked on

2018-01-03 19:22:24 - [MESSAGE][PASSED] - Object: 'Object Repository/LogIn/div_Hi user' is clicked on

2018-01-03 19:22:24 - [TEST_STEP][PASSED] - delay: Delayed 1 second(s)

2018-01-03 19:22:25 - [MESSAGE][PASSED] - Delayed 1 second(s)

2018-01-03 19:22:25 - [TEST_STEP][PASSED] - click: Object: 'Object Repository/Account/a_Account Details' is clicked on

2018-01-03 19:22:26 - [MESSAGE][PASSED] - Object: 'Object Repository/Account/a_Account Details' is clicked on

2018-01-03 19:22:26 - [TEST_STEP][PASSED] - delay: Delayed 1 second(s)

2018-01-03 19:22:27 - [MESSAGE][PASSED] - Delayed 1 second(s)

2018-01-03 19:22:27 - [TEST_STEP][PASSED] - Statement - newEmail = com.kms.katalon.core.webui.keyword.WebUiBuiltInKeywords.getAttribute(com.kms.katalon.core.testobject.ObjectRepository.findTestObject(Account/input_email), "value"): Attribute 'value' of object 'Object Repository/Account/input_email' is: 'kevin.ang@oddle.me'

2018-01-03 19:22:27 - [MESSAGE][PASSED] - Attribute 'value' of object 'Object Repository/Account/input_email' is: 'kevin.ang@oddle.me'

2018-01-03 19:22:27 - [TEST_STEP][PASSED] - verifyNotMatch: Actual text 'test@oddle.me' and expected text 'kevin.ang@oddle.me' are not matched 

2018-01-03 19:22:27 - [MESSAGE][PASSED] - Actual text 'test@oddle.me' and expected text 'kevin.ang@oddle.me' are not matched]]></system-out>
         <system-err><![CDATA[]]></system-err>
      </testcase>
      <testcase name="Test Cases/031_account_change_fname" classname="Test Cases/031_account_change_fname" status="PASSED">
         <system-out><![CDATA[2018-01-03 19:22:27 - [TEST_CASE][PASSED] - Test Cases/031_account_change_fname: Test Cases/031_account_change_fname

2018-01-03 19:22:27 - [TEST_STEP][PASSED] - callTestCase: Call Test Case 'Test Cases/001_login_email_successful' successfully

2018-01-03 19:22:27 - [TEST_CASE][PASSED] - Test Cases/001_login_email_successful: Test Cases/001_login_email_successful

2018-01-03 19:22:27 - [TEST_STEP][PASSED] - openBrowser: Browser is opened with url: ''

2018-01-03 19:22:29 - [MESSAGE][PASSED] - Browser is opened with url: ''

2018-01-03 19:22:29 - [TEST_STEP][PASSED] - navigateToUrl: Navigate to 'http://mcdonaldstest.staging.oddle.co' successfully

2018-01-03 19:22:32 - [MESSAGE][PASSED] - Navigate to 'http://mcdonaldstest.staging.oddle.co' successfully

2018-01-03 19:22:32 - [TEST_STEP][PASSED] - click: Object: 'Object Repository/LogIn/div_Log in' is clicked on

2018-01-03 19:22:32 - [MESSAGE][PASSED] - Object: 'Object Repository/LogIn/div_Log in' is clicked on

2018-01-03 19:22:32 - [TEST_STEP][PASSED] - setText: Text 'kevin.ang@oddle.me' is set on object 'Object Repository/LogIn/input_email'

2018-01-03 19:22:33 - [MESSAGE][PASSED] - Text 'kevin.ang@oddle.me' is set on object 'Object Repository/LogIn/input_email'

2018-01-03 19:22:33 - [TEST_STEP][PASSED] - setText: Text '0ddleatw' is set on object 'Object Repository/LogIn/input_password'

2018-01-03 19:22:34 - [MESSAGE][PASSED] - Text '0ddleatw' is set on object 'Object Repository/LogIn/input_password'

2018-01-03 19:22:34 - [TEST_STEP][PASSED] - click: Object: 'Object Repository/LogIn/button_Login' is clicked on

2018-01-03 19:22:34 - [MESSAGE][PASSED] - Object: 'Object Repository/LogIn/button_Login' is clicked on

2018-01-03 19:22:34 - [TEST_STEP][PASSED] - delay: Delayed 3 second(s)

2018-01-03 19:22:37 - [MESSAGE][PASSED] - Delayed 3 second(s)

2018-01-03 19:22:37 - [TEST_STEP][PASSED] - autoKeywords.verifyLoggedIn.verifyLogged: autoKeywords.verifyLoggedIn.verifyLogged is PASSED

2018-01-03 19:22:37 - [MESSAGE][PASSED] - Text of object 'Object Repository/LogIn/div_Hi user' is: 'Hi, John'

2018-01-03 19:22:37 - [MESSAGE][PASSED] - Actual text 'Hi, John' and expected text 'Log In' are not matched 

2018-01-03 19:22:37 - [MESSAGE][PASSED] - autoKeywords.verifyLoggedIn.verifyLogged is PASSED

2018-01-03 19:22:37 - [MESSAGE][PASSED] - Call Test Case 'Test Cases/001_login_email_successful' successfully

2018-01-03 19:22:37 - [TEST_STEP][PASSED] - click: Object: 'Object Repository/LogIn/div_Hi user' is clicked on

2018-01-03 19:22:37 - [MESSAGE][PASSED] - Object: 'Object Repository/LogIn/div_Hi user' is clicked on

2018-01-03 19:22:37 - [TEST_STEP][PASSED] - delay: Delayed 1 second(s)

2018-01-03 19:22:38 - [MESSAGE][PASSED] - Delayed 1 second(s)

2018-01-03 19:22:38 - [TEST_STEP][PASSED] - click: Object: 'Object Repository/Account/a_Account Details' is clicked on

2018-01-03 19:22:38 - [MESSAGE][PASSED] - Object: 'Object Repository/Account/a_Account Details' is clicked on

2018-01-03 19:22:38 - [TEST_STEP][PASSED] - setText: Text 'John' is set on object 'Object Repository/Account/input_firstname'

2018-01-03 19:22:39 - [MESSAGE][PASSED] - Text 'John' is set on object 'Object Repository/Account/input_firstname'

2018-01-03 19:22:39 - [TEST_STEP][PASSED] - click: Object: 'Object Repository/Account/button_Save' is clicked on

2018-01-03 19:22:39 - [MESSAGE][PASSED] - Object: 'Object Repository/Account/button_Save' is clicked on

2018-01-03 19:22:39 - [TEST_STEP][PASSED] - delay: Delayed 3 second(s)

2018-01-03 19:22:42 - [MESSAGE][PASSED] - Delayed 3 second(s)

2018-01-03 19:22:42 - [TEST_STEP][PASSED] - verifyElementNotHasAttribute: Object 'Object Repository/Account/div_error_message' does not have attribute 'text'

2018-01-03 19:22:42 - [MESSAGE][WARNING] - Timeout '0' is invalid. Using default page load timeout: '5'

2018-01-03 19:22:42 - [MESSAGE][PASSED] - Object 'Object Repository/Account/div_error_message' does not have attribute 'text'

2018-01-03 19:22:42 - [TEST_STEP][PASSED] - click: Object: 'Object Repository/HomePage/a_Home' is clicked on

2018-01-03 19:22:42 - [MESSAGE][PASSED] - Object: 'Object Repository/HomePage/a_Home' is clicked on

2018-01-03 19:22:42 - [TEST_STEP][PASSED] - click: Object: 'Object Repository/LogIn/div_Hi user' is clicked on

2018-01-03 19:22:42 - [MESSAGE][PASSED] - Object: 'Object Repository/LogIn/div_Hi user' is clicked on

2018-01-03 19:22:42 - [TEST_STEP][PASSED] - delay: Delayed 1 second(s)

2018-01-03 19:22:43 - [MESSAGE][PASSED] - Delayed 1 second(s)

2018-01-03 19:22:43 - [TEST_STEP][PASSED] - click: Object: 'Object Repository/Account/a_Account Details' is clicked on

2018-01-03 19:22:43 - [MESSAGE][PASSED] - Object: 'Object Repository/Account/a_Account Details' is clicked on

2018-01-03 19:22:43 - [TEST_STEP][PASSED] - delay: Delayed 1 second(s)

2018-01-03 19:22:44 - [MESSAGE][PASSED] - Delayed 1 second(s)

2018-01-03 19:22:44 - [TEST_STEP][PASSED] - verifyElementAttributeValue: Object 'Object Repository/Account/input_firstname' has attribute 'value' with value 'John'

2018-01-03 19:22:44 - [MESSAGE][WARNING] - Timeout '0' is invalid. Using default page load timeout: '5'

2018-01-03 19:22:44 - [MESSAGE][PASSED] - Object 'Object Repository/Account/input_firstname' has attribute 'value' with value 'John']]></system-out>
         <system-err><![CDATA[]]></system-err>
      </testcase>
      <testcase name="Test Cases/032_account_change_fname_invalid" classname="Test Cases/032_account_change_fname_invalid" status="PASSED">
         <system-out><![CDATA[2018-01-03 19:22:45 - [TEST_CASE][PASSED] - Test Cases/032_account_change_fname_invalid: Test Cases/032_account_change_fname_invalid

2018-01-03 19:22:45 - [TEST_STEP][PASSED] - callTestCase: Call Test Case 'Test Cases/001_login_email_successful' successfully

2018-01-03 19:22:45 - [TEST_CASE][PASSED] - Test Cases/001_login_email_successful: Test Cases/001_login_email_successful

2018-01-03 19:22:45 - [TEST_STEP][PASSED] - openBrowser: Browser is opened with url: ''

2018-01-03 19:22:47 - [MESSAGE][PASSED] - Browser is opened with url: ''

2018-01-03 19:22:47 - [TEST_STEP][PASSED] - navigateToUrl: Navigate to 'http://mcdonaldstest.staging.oddle.co' successfully

2018-01-03 19:22:50 - [MESSAGE][PASSED] - Navigate to 'http://mcdonaldstest.staging.oddle.co' successfully

2018-01-03 19:22:50 - [TEST_STEP][PASSED] - click: Object: 'Object Repository/LogIn/div_Log in' is clicked on

2018-01-03 19:22:50 - [MESSAGE][PASSED] - Object: 'Object Repository/LogIn/div_Log in' is clicked on

2018-01-03 19:22:50 - [TEST_STEP][PASSED] - setText: Text 'kevin.ang@oddle.me' is set on object 'Object Repository/LogIn/input_email'

2018-01-03 19:22:51 - [MESSAGE][PASSED] - Text 'kevin.ang@oddle.me' is set on object 'Object Repository/LogIn/input_email'

2018-01-03 19:22:51 - [TEST_STEP][PASSED] - setText: Text '0ddleatw' is set on object 'Object Repository/LogIn/input_password'

2018-01-03 19:22:52 - [MESSAGE][PASSED] - Text '0ddleatw' is set on object 'Object Repository/LogIn/input_password'

2018-01-03 19:22:52 - [TEST_STEP][PASSED] - click: Object: 'Object Repository/LogIn/button_Login' is clicked on

2018-01-03 19:22:52 - [MESSAGE][PASSED] - Object: 'Object Repository/LogIn/button_Login' is clicked on

2018-01-03 19:22:52 - [TEST_STEP][PASSED] - delay: Delayed 3 second(s)

2018-01-03 19:22:55 - [MESSAGE][PASSED] - Delayed 3 second(s)

2018-01-03 19:22:55 - [TEST_STEP][PASSED] - autoKeywords.verifyLoggedIn.verifyLogged: autoKeywords.verifyLoggedIn.verifyLogged is PASSED

2018-01-03 19:22:55 - [MESSAGE][PASSED] - Text of object 'Object Repository/LogIn/div_Hi user' is: 'Hi, John'

2018-01-03 19:22:55 - [MESSAGE][PASSED] - Actual text 'Hi, John' and expected text 'Log In' are not matched 

2018-01-03 19:22:55 - [MESSAGE][PASSED] - autoKeywords.verifyLoggedIn.verifyLogged is PASSED

2018-01-03 19:22:55 - [MESSAGE][PASSED] - Call Test Case 'Test Cases/001_login_email_successful' successfully

2018-01-03 19:22:55 - [TEST_STEP][PASSED] - click: Object: 'Object Repository/LogIn/div_Hi user' is clicked on

2018-01-03 19:22:55 - [MESSAGE][PASSED] - Object: 'Object Repository/LogIn/div_Hi user' is clicked on

2018-01-03 19:22:55 - [TEST_STEP][PASSED] - delay: Delayed 1 second(s)

2018-01-03 19:22:56 - [MESSAGE][PASSED] - Delayed 1 second(s)

2018-01-03 19:22:56 - [TEST_STEP][PASSED] - click: Object: 'Object Repository/Account/a_Account Details' is clicked on

2018-01-03 19:22:56 - [MESSAGE][PASSED] - Object: 'Object Repository/Account/a_Account Details' is clicked on

2018-01-03 19:22:56 - [TEST_STEP][PASSED] - setText: Text 'wrongfname1' is set on object 'Object Repository/Account/input_firstname'

2018-01-03 19:22:56 - [MESSAGE][PASSED] - Text 'wrongfname1' is set on object 'Object Repository/Account/input_firstname'

2018-01-03 19:22:56 - [TEST_STEP][PASSED] - click: Object: 'Object Repository/Account/button_Save' is clicked on

2018-01-03 19:22:57 - [MESSAGE][PASSED] - Object: 'Object Repository/Account/button_Save' is clicked on

2018-01-03 19:22:57 - [TEST_STEP][PASSED] - delay: Delayed 3 second(s)

2018-01-03 19:23:00 - [MESSAGE][PASSED] - Delayed 3 second(s)

2018-01-03 19:23:00 - [TEST_STEP][PASSED] - verifyElementText: Actual text and expected text of test object 'Object Repository/Account/div_error_message' are matched.

2018-01-03 19:23:00 - [MESSAGE][PASSED] - Actual text and expected text of test object 'Object Repository/Account/div_error_message' are matched.

2018-01-03 19:23:00 - [TEST_STEP][PASSED] - click: Object: 'Object Repository/HomePage/a_Home' is clicked on

2018-01-03 19:23:00 - [MESSAGE][PASSED] - Object: 'Object Repository/HomePage/a_Home' is clicked on

2018-01-03 19:23:00 - [TEST_STEP][PASSED] - click: Object: 'Object Repository/LogIn/div_Hi user' is clicked on

2018-01-03 19:23:00 - [MESSAGE][PASSED] - Object: 'Object Repository/LogIn/div_Hi user' is clicked on

2018-01-03 19:23:00 - [TEST_STEP][PASSED] - delay: Delayed 1 second(s)

2018-01-03 19:23:01 - [MESSAGE][PASSED] - Delayed 1 second(s)

2018-01-03 19:23:01 - [TEST_STEP][PASSED] - click: Object: 'Object Repository/Account/a_Account Details' is clicked on

2018-01-03 19:23:01 - [MESSAGE][PASSED] - Object: 'Object Repository/Account/a_Account Details' is clicked on

2018-01-03 19:23:01 - [TEST_STEP][PASSED] - delay: Delayed 1 second(s)

2018-01-03 19:23:02 - [MESSAGE][PASSED] - Delayed 1 second(s)

2018-01-03 19:23:02 - [TEST_STEP][PASSED] - Statement - newFname = com.kms.katalon.core.webui.keyword.WebUiBuiltInKeywords.getAttribute(com.kms.katalon.core.testobject.ObjectRepository.findTestObject(Account/input_firstname), "value"): Attribute 'value' of object 'Object Repository/Account/input_firstname' is: 'John'

2018-01-03 19:23:02 - [MESSAGE][PASSED] - Attribute 'value' of object 'Object Repository/Account/input_firstname' is: 'John'

2018-01-03 19:23:02 - [TEST_STEP][PASSED] - verifyNotMatch: Actual text 'wrongfname1' and expected text 'John' are not matched 

2018-01-03 19:23:02 - [MESSAGE][PASSED] - Actual text 'wrongfname1' and expected text 'John' are not matched]]></system-out>
         <system-err><![CDATA[]]></system-err>
      </testcase>
      <testcase name="Test Cases/033_account_change_lname" classname="Test Cases/033_account_change_lname" status="PASSED">
         <system-out><![CDATA[2018-01-03 19:23:03 - [TEST_CASE][PASSED] - Test Cases/033_account_change_lname: Test Cases/033_account_change_lname

2018-01-03 19:23:03 - [TEST_STEP][PASSED] - callTestCase: Call Test Case 'Test Cases/001_login_email_successful' successfully

2018-01-03 19:23:03 - [TEST_CASE][PASSED] - Test Cases/001_login_email_successful: Test Cases/001_login_email_successful

2018-01-03 19:23:03 - [TEST_STEP][PASSED] - openBrowser: Browser is opened with url: ''

2018-01-03 19:23:05 - [MESSAGE][PASSED] - Browser is opened with url: ''

2018-01-03 19:23:05 - [TEST_STEP][PASSED] - navigateToUrl: Navigate to 'http://mcdonaldstest.staging.oddle.co' successfully

2018-01-03 19:23:08 - [MESSAGE][PASSED] - Navigate to 'http://mcdonaldstest.staging.oddle.co' successfully

2018-01-03 19:23:08 - [TEST_STEP][PASSED] - click: Object: 'Object Repository/LogIn/div_Log in' is clicked on

2018-01-03 19:23:08 - [MESSAGE][PASSED] - Object: 'Object Repository/LogIn/div_Log in' is clicked on

2018-01-03 19:23:08 - [TEST_STEP][PASSED] - setText: Text 'kevin.ang@oddle.me' is set on object 'Object Repository/LogIn/input_email'

2018-01-03 19:23:09 - [MESSAGE][PASSED] - Text 'kevin.ang@oddle.me' is set on object 'Object Repository/LogIn/input_email'

2018-01-03 19:23:09 - [TEST_STEP][PASSED] - setText: Text '0ddleatw' is set on object 'Object Repository/LogIn/input_password'

2018-01-03 19:23:09 - [MESSAGE][PASSED] - Text '0ddleatw' is set on object 'Object Repository/LogIn/input_password'

2018-01-03 19:23:09 - [TEST_STEP][PASSED] - click: Object: 'Object Repository/LogIn/button_Login' is clicked on

2018-01-03 19:23:09 - [MESSAGE][PASSED] - Object: 'Object Repository/LogIn/button_Login' is clicked on

2018-01-03 19:23:09 - [TEST_STEP][PASSED] - delay: Delayed 3 second(s)

2018-01-03 19:23:12 - [MESSAGE][PASSED] - Delayed 3 second(s)

2018-01-03 19:23:12 - [TEST_STEP][PASSED] - autoKeywords.verifyLoggedIn.verifyLogged: autoKeywords.verifyLoggedIn.verifyLogged is PASSED

2018-01-03 19:23:13 - [MESSAGE][PASSED] - Text of object 'Object Repository/LogIn/div_Hi user' is: 'Hi, John'

2018-01-03 19:23:13 - [MESSAGE][PASSED] - Actual text 'Hi, John' and expected text 'Log In' are not matched 

2018-01-03 19:23:13 - [MESSAGE][PASSED] - autoKeywords.verifyLoggedIn.verifyLogged is PASSED

2018-01-03 19:23:13 - [MESSAGE][PASSED] - Call Test Case 'Test Cases/001_login_email_successful' successfully

2018-01-03 19:23:13 - [TEST_STEP][PASSED] - click: Object: 'Object Repository/LogIn/div_Hi user' is clicked on

2018-01-03 19:23:13 - [MESSAGE][PASSED] - Object: 'Object Repository/LogIn/div_Hi user' is clicked on

2018-01-03 19:23:13 - [TEST_STEP][PASSED] - delay: Delayed 1 second(s)

2018-01-03 19:23:14 - [MESSAGE][PASSED] - Delayed 1 second(s)

2018-01-03 19:23:14 - [TEST_STEP][PASSED] - click: Object: 'Object Repository/Account/a_Account Details' is clicked on

2018-01-03 19:23:14 - [MESSAGE][PASSED] - Object: 'Object Repository/Account/a_Account Details' is clicked on

2018-01-03 19:23:14 - [TEST_STEP][PASSED] - setText: Text 'Tan' is set on object 'Object Repository/Account/input_lastname'

2018-01-03 19:23:14 - [MESSAGE][PASSED] - Text 'Tan' is set on object 'Object Repository/Account/input_lastname'

2018-01-03 19:23:14 - [TEST_STEP][PASSED] - click: Object: 'Object Repository/Account/button_Save' is clicked on

2018-01-03 19:23:14 - [MESSAGE][PASSED] - Object: 'Object Repository/Account/button_Save' is clicked on

2018-01-03 19:23:14 - [TEST_STEP][PASSED] - delay: Delayed 3 second(s)

2018-01-03 19:23:17 - [MESSAGE][PASSED] - Delayed 3 second(s)

2018-01-03 19:23:17 - [TEST_STEP][PASSED] - verifyElementNotHasAttribute: Object 'Object Repository/Account/div_error_message' does not have attribute 'text'

2018-01-03 19:23:17 - [MESSAGE][WARNING] - Timeout '0' is invalid. Using default page load timeout: '5'

2018-01-03 19:23:17 - [MESSAGE][PASSED] - Object 'Object Repository/Account/div_error_message' does not have attribute 'text'

2018-01-03 19:23:17 - [TEST_STEP][PASSED] - click: Object: 'Object Repository/HomePage/a_Home' is clicked on

2018-01-03 19:23:17 - [MESSAGE][PASSED] - Object: 'Object Repository/HomePage/a_Home' is clicked on

2018-01-03 19:23:17 - [TEST_STEP][PASSED] - click: Object: 'Object Repository/LogIn/div_Hi user' is clicked on

2018-01-03 19:23:17 - [MESSAGE][PASSED] - Object: 'Object Repository/LogIn/div_Hi user' is clicked on

2018-01-03 19:23:17 - [TEST_STEP][PASSED] - delay: Delayed 1 second(s)

2018-01-03 19:23:18 - [MESSAGE][PASSED] - Delayed 1 second(s)

2018-01-03 19:23:18 - [TEST_STEP][PASSED] - click: Object: 'Object Repository/Account/a_Account Details' is clicked on

2018-01-03 19:23:19 - [MESSAGE][PASSED] - Object: 'Object Repository/Account/a_Account Details' is clicked on

2018-01-03 19:23:19 - [TEST_STEP][PASSED] - delay: Delayed 1 second(s)

2018-01-03 19:23:20 - [MESSAGE][PASSED] - Delayed 1 second(s)

2018-01-03 19:23:20 - [TEST_STEP][PASSED] - verifyElementAttributeValue: Object 'Object Repository/Account/input_lastname' has attribute 'value' with value 'Tan'

2018-01-03 19:23:20 - [MESSAGE][WARNING] - Timeout '0' is invalid. Using default page load timeout: '5'

2018-01-03 19:23:20 - [MESSAGE][PASSED] - Object 'Object Repository/Account/input_lastname' has attribute 'value' with value 'Tan']]></system-out>
         <system-err><![CDATA[]]></system-err>
      </testcase>
      <testcase name="Test Cases/034_account_change_lname_invalid" classname="Test Cases/034_account_change_lname_invalid" status="PASSED">
         <system-out><![CDATA[2018-01-03 19:23:20 - [TEST_CASE][PASSED] - Test Cases/034_account_change_lname_invalid: Test Cases/034_account_change_lname_invalid

2018-01-03 19:23:20 - [TEST_STEP][PASSED] - callTestCase: Call Test Case 'Test Cases/001_login_email_successful' successfully

2018-01-03 19:23:20 - [TEST_CASE][PASSED] - Test Cases/001_login_email_successful: Test Cases/001_login_email_successful

2018-01-03 19:23:20 - [TEST_STEP][PASSED] - openBrowser: Browser is opened with url: ''

2018-01-03 19:23:22 - [MESSAGE][PASSED] - Browser is opened with url: ''

2018-01-03 19:23:22 - [TEST_STEP][PASSED] - navigateToUrl: Navigate to 'http://mcdonaldstest.staging.oddle.co' successfully

2018-01-03 19:23:25 - [MESSAGE][PASSED] - Navigate to 'http://mcdonaldstest.staging.oddle.co' successfully

2018-01-03 19:23:25 - [TEST_STEP][PASSED] - click: Object: 'Object Repository/LogIn/div_Log in' is clicked on

2018-01-03 19:23:25 - [MESSAGE][PASSED] - Object: 'Object Repository/LogIn/div_Log in' is clicked on

2018-01-03 19:23:25 - [TEST_STEP][PASSED] - setText: Text 'kevin.ang@oddle.me' is set on object 'Object Repository/LogIn/input_email'

2018-01-03 19:23:26 - [MESSAGE][PASSED] - Text 'kevin.ang@oddle.me' is set on object 'Object Repository/LogIn/input_email'

2018-01-03 19:23:26 - [TEST_STEP][PASSED] - setText: Text '0ddleatw' is set on object 'Object Repository/LogIn/input_password'

2018-01-03 19:23:26 - [MESSAGE][PASSED] - Text '0ddleatw' is set on object 'Object Repository/LogIn/input_password'

2018-01-03 19:23:26 - [TEST_STEP][PASSED] - click: Object: 'Object Repository/LogIn/button_Login' is clicked on

2018-01-03 19:23:27 - [MESSAGE][PASSED] - Object: 'Object Repository/LogIn/button_Login' is clicked on

2018-01-03 19:23:27 - [TEST_STEP][PASSED] - delay: Delayed 3 second(s)

2018-01-03 19:23:30 - [MESSAGE][PASSED] - Delayed 3 second(s)

2018-01-03 19:23:30 - [TEST_STEP][PASSED] - autoKeywords.verifyLoggedIn.verifyLogged: autoKeywords.verifyLoggedIn.verifyLogged is PASSED

2018-01-03 19:23:30 - [MESSAGE][PASSED] - Text of object 'Object Repository/LogIn/div_Hi user' is: 'Hi, John'

2018-01-03 19:23:30 - [MESSAGE][PASSED] - Actual text 'Hi, John' and expected text 'Log In' are not matched 

2018-01-03 19:23:30 - [MESSAGE][PASSED] - autoKeywords.verifyLoggedIn.verifyLogged is PASSED

2018-01-03 19:23:30 - [MESSAGE][PASSED] - Call Test Case 'Test Cases/001_login_email_successful' successfully

2018-01-03 19:23:30 - [TEST_STEP][PASSED] - click: Object: 'Object Repository/LogIn/div_Hi user' is clicked on

2018-01-03 19:23:30 - [MESSAGE][PASSED] - Object: 'Object Repository/LogIn/div_Hi user' is clicked on

2018-01-03 19:23:30 - [TEST_STEP][PASSED] - delay: Delayed 1 second(s)

2018-01-03 19:23:31 - [MESSAGE][PASSED] - Delayed 1 second(s)

2018-01-03 19:23:31 - [TEST_STEP][PASSED] - click: Object: 'Object Repository/Account/a_Account Details' is clicked on

2018-01-03 19:23:31 - [MESSAGE][PASSED] - Object: 'Object Repository/Account/a_Account Details' is clicked on

2018-01-03 19:23:31 - [TEST_STEP][PASSED] - setText: Text '@wronglname' is set on object 'Object Repository/Account/input_lastname'

2018-01-03 19:23:32 - [MESSAGE][PASSED] - Text '@wronglname' is set on object 'Object Repository/Account/input_lastname'

2018-01-03 19:23:32 - [TEST_STEP][PASSED] - click: Object: 'Object Repository/Account/button_Save' is clicked on

2018-01-03 19:23:32 - [MESSAGE][PASSED] - Object: 'Object Repository/Account/button_Save' is clicked on

2018-01-03 19:23:32 - [TEST_STEP][PASSED] - delay: Delayed 3 second(s)

2018-01-03 19:23:35 - [MESSAGE][PASSED] - Delayed 3 second(s)

2018-01-03 19:23:35 - [TEST_STEP][PASSED] - verifyElementText: Actual text and expected text of test object 'Object Repository/Account/div_error_message' are matched.

2018-01-03 19:23:35 - [MESSAGE][PASSED] - Actual text and expected text of test object 'Object Repository/Account/div_error_message' are matched.

2018-01-03 19:23:35 - [TEST_STEP][PASSED] - click: Object: 'Object Repository/HomePage/a_Home' is clicked on

2018-01-03 19:23:35 - [MESSAGE][PASSED] - Object: 'Object Repository/HomePage/a_Home' is clicked on

2018-01-03 19:23:35 - [TEST_STEP][PASSED] - click: Object: 'Object Repository/LogIn/div_Hi user' is clicked on

2018-01-03 19:23:35 - [MESSAGE][PASSED] - Object: 'Object Repository/LogIn/div_Hi user' is clicked on

2018-01-03 19:23:35 - [TEST_STEP][PASSED] - delay: Delayed 1 second(s)

2018-01-03 19:23:36 - [MESSAGE][PASSED] - Delayed 1 second(s)

2018-01-03 19:23:36 - [TEST_STEP][PASSED] - click: Object: 'Object Repository/Account/a_Account Details' is clicked on

2018-01-03 19:23:36 - [MESSAGE][PASSED] - Object: 'Object Repository/Account/a_Account Details' is clicked on

2018-01-03 19:23:36 - [TEST_STEP][PASSED] - delay: Delayed 1 second(s)

2018-01-03 19:23:37 - [MESSAGE][PASSED] - Delayed 1 second(s)

2018-01-03 19:23:37 - [TEST_STEP][PASSED] - Statement - newLname = com.kms.katalon.core.webui.keyword.WebUiBuiltInKeywords.getAttribute(com.kms.katalon.core.testobject.ObjectRepository.findTestObject(Account/input_lastname), "value"): Attribute 'value' of object 'Object Repository/Account/input_lastname' is: 'Tan'

2018-01-03 19:23:37 - [MESSAGE][PASSED] - Attribute 'value' of object 'Object Repository/Account/input_lastname' is: 'Tan'

2018-01-03 19:23:37 - [TEST_STEP][PASSED] - verifyNotMatch: Actual text '@wronglname' and expected text 'Tan' are not matched 

2018-01-03 19:23:37 - [MESSAGE][PASSED] - Actual text '@wronglname' and expected text 'Tan' are not matched]]></system-out>
         <system-err><![CDATA[]]></system-err>
      </testcase>
      <testcase name="Test Cases/035_account_change_phone" classname="Test Cases/035_account_change_phone" status="PASSED">
         <system-out><![CDATA[2018-01-03 19:23:38 - [TEST_CASE][PASSED] - Test Cases/035_account_change_phone: Test Cases/035_account_change_phone

2018-01-03 19:23:38 - [TEST_STEP][PASSED] - callTestCase: Call Test Case 'Test Cases/001_login_email_successful' successfully

2018-01-03 19:23:38 - [TEST_CASE][PASSED] - Test Cases/001_login_email_successful: Test Cases/001_login_email_successful

2018-01-03 19:23:38 - [TEST_STEP][PASSED] - openBrowser: Browser is opened with url: ''

2018-01-03 19:23:40 - [MESSAGE][PASSED] - Browser is opened with url: ''

2018-01-03 19:23:40 - [TEST_STEP][PASSED] - navigateToUrl: Navigate to 'http://mcdonaldstest.staging.oddle.co' successfully

2018-01-03 19:23:43 - [MESSAGE][PASSED] - Navigate to 'http://mcdonaldstest.staging.oddle.co' successfully

2018-01-03 19:23:43 - [TEST_STEP][PASSED] - click: Object: 'Object Repository/LogIn/div_Log in' is clicked on

2018-01-03 19:23:43 - [MESSAGE][PASSED] - Object: 'Object Repository/LogIn/div_Log in' is clicked on

2018-01-03 19:23:43 - [TEST_STEP][PASSED] - setText: Text 'kevin.ang@oddle.me' is set on object 'Object Repository/LogIn/input_email'

2018-01-03 19:23:44 - [MESSAGE][PASSED] - Text 'kevin.ang@oddle.me' is set on object 'Object Repository/LogIn/input_email'

2018-01-03 19:23:44 - [TEST_STEP][PASSED] - setText: Text '0ddleatw' is set on object 'Object Repository/LogIn/input_password'

2018-01-03 19:23:44 - [MESSAGE][PASSED] - Text '0ddleatw' is set on object 'Object Repository/LogIn/input_password'

2018-01-03 19:23:44 - [TEST_STEP][PASSED] - click: Object: 'Object Repository/LogIn/button_Login' is clicked on

2018-01-03 19:23:45 - [MESSAGE][PASSED] - Object: 'Object Repository/LogIn/button_Login' is clicked on

2018-01-03 19:23:45 - [TEST_STEP][PASSED] - delay: Delayed 3 second(s)

2018-01-03 19:23:48 - [MESSAGE][PASSED] - Delayed 3 second(s)

2018-01-03 19:23:48 - [TEST_STEP][PASSED] - autoKeywords.verifyLoggedIn.verifyLogged: autoKeywords.verifyLoggedIn.verifyLogged is PASSED

2018-01-03 19:23:48 - [MESSAGE][PASSED] - Text of object 'Object Repository/LogIn/div_Hi user' is: 'Hi, John'

2018-01-03 19:23:48 - [MESSAGE][PASSED] - Actual text 'Hi, John' and expected text 'Log In' are not matched 

2018-01-03 19:23:48 - [MESSAGE][PASSED] - autoKeywords.verifyLoggedIn.verifyLogged is PASSED

2018-01-03 19:23:48 - [MESSAGE][PASSED] - Call Test Case 'Test Cases/001_login_email_successful' successfully

2018-01-03 19:23:48 - [TEST_STEP][PASSED] - click: Object: 'Object Repository/LogIn/div_Hi user' is clicked on

2018-01-03 19:23:48 - [MESSAGE][PASSED] - Object: 'Object Repository/LogIn/div_Hi user' is clicked on

2018-01-03 19:23:48 - [TEST_STEP][PASSED] - delay: Delayed 1 second(s)

2018-01-03 19:23:49 - [MESSAGE][PASSED] - Delayed 1 second(s)

2018-01-03 19:23:49 - [TEST_STEP][PASSED] - click: Object: 'Object Repository/Account/a_Account Details' is clicked on

2018-01-03 19:23:49 - [MESSAGE][PASSED] - Object: 'Object Repository/Account/a_Account Details' is clicked on

2018-01-03 19:23:49 - [TEST_STEP][PASSED] - setText: Text '91234567' is set on object 'Object Repository/Account/input_phone'

2018-01-03 19:23:49 - [MESSAGE][PASSED] - Text '91234567' is set on object 'Object Repository/Account/input_phone'

2018-01-03 19:23:49 - [TEST_STEP][PASSED] - click: Object: 'Object Repository/Account/button_Save' is clicked on

2018-01-03 19:23:49 - [MESSAGE][PASSED] - Object: 'Object Repository/Account/button_Save' is clicked on

2018-01-03 19:23:49 - [TEST_STEP][PASSED] - delay: Delayed 3 second(s)

2018-01-03 19:23:52 - [MESSAGE][PASSED] - Delayed 3 second(s)

2018-01-03 19:23:52 - [TEST_STEP][PASSED] - verifyElementNotHasAttribute: Object 'Object Repository/Account/div_error_message' does not have attribute 'text'

2018-01-03 19:23:52 - [MESSAGE][WARNING] - Timeout '0' is invalid. Using default page load timeout: '5'

2018-01-03 19:23:52 - [MESSAGE][PASSED] - Object 'Object Repository/Account/div_error_message' does not have attribute 'text'

2018-01-03 19:23:52 - [TEST_STEP][PASSED] - click: Object: 'Object Repository/HomePage/a_Home' is clicked on

2018-01-03 19:23:53 - [MESSAGE][PASSED] - Object: 'Object Repository/HomePage/a_Home' is clicked on

2018-01-03 19:23:53 - [TEST_STEP][PASSED] - click: Object: 'Object Repository/LogIn/div_Hi user' is clicked on

2018-01-03 19:23:53 - [MESSAGE][PASSED] - Object: 'Object Repository/LogIn/div_Hi user' is clicked on

2018-01-03 19:23:53 - [TEST_STEP][PASSED] - delay: Delayed 1 second(s)

2018-01-03 19:23:54 - [MESSAGE][PASSED] - Delayed 1 second(s)

2018-01-03 19:23:54 - [TEST_STEP][PASSED] - click: Object: 'Object Repository/Account/a_Account Details' is clicked on

2018-01-03 19:23:54 - [MESSAGE][PASSED] - Object: 'Object Repository/Account/a_Account Details' is clicked on

2018-01-03 19:23:54 - [TEST_STEP][PASSED] - delay: Delayed 1 second(s)

2018-01-03 19:23:55 - [MESSAGE][PASSED] - Delayed 1 second(s)

2018-01-03 19:23:55 - [TEST_STEP][PASSED] - verifyElementAttributeValue: Object 'Object Repository/Account/input_phone' has attribute 'value' with value '91234567'

2018-01-03 19:23:55 - [MESSAGE][WARNING] - Timeout '0' is invalid. Using default page load timeout: '5'

2018-01-03 19:23:55 - [MESSAGE][PASSED] - Object 'Object Repository/Account/input_phone' has attribute 'value' with value '91234567'

2018-01-03 19:23:55 - [TEST_STEP][PASSED] - setText: Text '91111111' is set on object 'Object Repository/Account/input_phone'

2018-01-03 19:23:55 - [MESSAGE][PASSED] - Text '91111111' is set on object 'Object Repository/Account/input_phone'

2018-01-03 19:23:55 - [TEST_STEP][PASSED] - click: Object: 'Object Repository/Account/button_Save' is clicked on

2018-01-03 19:23:55 - [MESSAGE][PASSED] - Object: 'Object Repository/Account/button_Save' is clicked on

2018-01-03 19:23:55 - [TEST_STEP][PASSED] - delay: Delayed 3 second(s)

2018-01-03 19:23:58 - [MESSAGE][PASSED] - Delayed 3 second(s)

2018-01-03 19:23:58 - [TEST_STEP][PASSED] - verifyElementNotHasAttribute: Object 'Object Repository/Account/div_error_message' does not have attribute 'text'

2018-01-03 19:23:58 - [MESSAGE][WARNING] - Timeout '0' is invalid. Using default page load timeout: '5'

2018-01-03 19:23:58 - [MESSAGE][PASSED] - Object 'Object Repository/Account/div_error_message' does not have attribute 'text'

2018-01-03 19:23:58 - [TEST_STEP][PASSED] - verifyElementAttributeValue: Object 'Object Repository/Account/input_phone' has attribute 'value' with value '91111111'

2018-01-03 19:23:58 - [MESSAGE][WARNING] - Timeout '0' is invalid. Using default page load timeout: '5'

2018-01-03 19:23:58 - [MESSAGE][PASSED] - Object 'Object Repository/Account/input_phone' has attribute 'value' with value '91111111']]></system-out>
         <system-err><![CDATA[]]></system-err>
      </testcase>
      <testcase name="Test Cases/036_account_change_phone_invalid" classname="Test Cases/036_account_change_phone_invalid" status="PASSED">
         <system-out><![CDATA[2018-01-03 19:23:59 - [TEST_CASE][PASSED] - Test Cases/036_account_change_phone_invalid: Test Cases/036_account_change_phone_invalid

2018-01-03 19:23:59 - [TEST_STEP][PASSED] - callTestCase: Call Test Case 'Test Cases/001_login_email_successful' successfully

2018-01-03 19:23:59 - [TEST_CASE][PASSED] - Test Cases/001_login_email_successful: Test Cases/001_login_email_successful

2018-01-03 19:23:59 - [TEST_STEP][PASSED] - openBrowser: Browser is opened with url: ''

2018-01-03 19:24:01 - [MESSAGE][PASSED] - Browser is opened with url: ''

2018-01-03 19:24:01 - [TEST_STEP][PASSED] - navigateToUrl: Navigate to 'http://mcdonaldstest.staging.oddle.co' successfully

2018-01-03 19:24:03 - [MESSAGE][PASSED] - Navigate to 'http://mcdonaldstest.staging.oddle.co' successfully

2018-01-03 19:24:03 - [TEST_STEP][PASSED] - click: Object: 'Object Repository/LogIn/div_Log in' is clicked on

2018-01-03 19:24:03 - [MESSAGE][PASSED] - Object: 'Object Repository/LogIn/div_Log in' is clicked on

2018-01-03 19:24:03 - [TEST_STEP][PASSED] - setText: Text 'kevin.ang@oddle.me' is set on object 'Object Repository/LogIn/input_email'

2018-01-03 19:24:05 - [MESSAGE][PASSED] - Text 'kevin.ang@oddle.me' is set on object 'Object Repository/LogIn/input_email'

2018-01-03 19:24:05 - [TEST_STEP][PASSED] - setText: Text '0ddleatw' is set on object 'Object Repository/LogIn/input_password'

2018-01-03 19:24:05 - [MESSAGE][PASSED] - Text '0ddleatw' is set on object 'Object Repository/LogIn/input_password'

2018-01-03 19:24:05 - [TEST_STEP][PASSED] - click: Object: 'Object Repository/LogIn/button_Login' is clicked on

2018-01-03 19:24:05 - [MESSAGE][PASSED] - Object: 'Object Repository/LogIn/button_Login' is clicked on

2018-01-03 19:24:05 - [TEST_STEP][PASSED] - delay: Delayed 3 second(s)

2018-01-03 19:24:08 - [MESSAGE][PASSED] - Delayed 3 second(s)

2018-01-03 19:24:08 - [TEST_STEP][PASSED] - autoKeywords.verifyLoggedIn.verifyLogged: autoKeywords.verifyLoggedIn.verifyLogged is PASSED

2018-01-03 19:24:08 - [MESSAGE][PASSED] - Text of object 'Object Repository/LogIn/div_Hi user' is: 'Hi, John'

2018-01-03 19:24:08 - [MESSAGE][PASSED] - Actual text 'Hi, John' and expected text 'Log In' are not matched 

2018-01-03 19:24:08 - [MESSAGE][PASSED] - autoKeywords.verifyLoggedIn.verifyLogged is PASSED

2018-01-03 19:24:08 - [MESSAGE][PASSED] - Call Test Case 'Test Cases/001_login_email_successful' successfully

2018-01-03 19:24:08 - [TEST_STEP][PASSED] - click: Object: 'Object Repository/LogIn/div_Hi user' is clicked on

2018-01-03 19:24:08 - [MESSAGE][PASSED] - Object: 'Object Repository/LogIn/div_Hi user' is clicked on

2018-01-03 19:24:08 - [TEST_STEP][PASSED] - delay: Delayed 1 second(s)

2018-01-03 19:24:09 - [MESSAGE][PASSED] - Delayed 1 second(s)

2018-01-03 19:24:09 - [TEST_STEP][PASSED] - click: Object: 'Object Repository/Account/a_Account Details' is clicked on

2018-01-03 19:24:10 - [MESSAGE][PASSED] - Object: 'Object Repository/Account/a_Account Details' is clicked on

2018-01-03 19:24:10 - [TEST_STEP][PASSED] - setText: Text '123456' is set on object 'Object Repository/Account/input_phone'

2018-01-03 19:24:10 - [MESSAGE][PASSED] - Text '123456' is set on object 'Object Repository/Account/input_phone'

2018-01-03 19:24:10 - [TEST_STEP][PASSED] - click: Object: 'Object Repository/Account/button_Save' is clicked on

2018-01-03 19:24:10 - [MESSAGE][PASSED] - Object: 'Object Repository/Account/button_Save' is clicked on

2018-01-03 19:24:10 - [TEST_STEP][PASSED] - delay: Delayed 3 second(s)

2018-01-03 19:24:13 - [MESSAGE][PASSED] - Delayed 3 second(s)

2018-01-03 19:24:13 - [TEST_STEP][PASSED] - verifyElementText: Actual text and expected text of test object 'Object Repository/Account/div_error_message' are matched.

2018-01-03 19:24:13 - [MESSAGE][PASSED] - Actual text and expected text of test object 'Object Repository/Account/div_error_message' are matched.

2018-01-03 19:24:13 - [TEST_STEP][PASSED] - click: Object: 'Object Repository/HomePage/a_Home' is clicked on

2018-01-03 19:24:14 - [MESSAGE][PASSED] - Object: 'Object Repository/HomePage/a_Home' is clicked on

2018-01-03 19:24:14 - [TEST_STEP][PASSED] - click: Object: 'Object Repository/LogIn/div_Hi user' is clicked on

2018-01-03 19:24:14 - [MESSAGE][PASSED] - Object: 'Object Repository/LogIn/div_Hi user' is clicked on

2018-01-03 19:24:14 - [TEST_STEP][PASSED] - delay: Delayed 1 second(s)

2018-01-03 19:24:15 - [MESSAGE][PASSED] - Delayed 1 second(s)

2018-01-03 19:24:15 - [TEST_STEP][PASSED] - click: Object: 'Object Repository/Account/a_Account Details' is clicked on

2018-01-03 19:24:15 - [MESSAGE][PASSED] - Object: 'Object Repository/Account/a_Account Details' is clicked on

2018-01-03 19:24:15 - [TEST_STEP][PASSED] - delay: Delayed 1 second(s)

2018-01-03 19:24:16 - [MESSAGE][PASSED] - Delayed 1 second(s)

2018-01-03 19:24:16 - [TEST_STEP][PASSED] - Statement - newPhone = com.kms.katalon.core.webui.keyword.WebUiBuiltInKeywords.getAttribute(com.kms.katalon.core.testobject.ObjectRepository.findTestObject(Account/input_phone), "value"): Attribute 'value' of object 'Object Repository/Account/input_phone' is: '91111111'

2018-01-03 19:24:16 - [MESSAGE][PASSED] - Attribute 'value' of object 'Object Repository/Account/input_phone' is: '91111111'

2018-01-03 19:24:16 - [TEST_STEP][PASSED] - verifyNotMatch: Actual text '123456' and expected text '91111111' are not matched 

2018-01-03 19:24:16 - [MESSAGE][PASSED] - Actual text '123456' and expected text '91111111' are not matched]]></system-out>
         <system-err><![CDATA[]]></system-err>
      </testcase>
      <testcase name="Test Cases/037_account_change_company" classname="Test Cases/037_account_change_company" status="PASSED">
         <system-out><![CDATA[2018-01-03 19:24:17 - [TEST_CASE][PASSED] - Test Cases/037_account_change_company: Test Cases/037_account_change_company

2018-01-03 19:24:17 - [TEST_STEP][PASSED] - callTestCase: Call Test Case 'Test Cases/001_login_email_successful' successfully

2018-01-03 19:24:17 - [TEST_CASE][PASSED] - Test Cases/001_login_email_successful: Test Cases/001_login_email_successful

2018-01-03 19:24:17 - [TEST_STEP][PASSED] - openBrowser: Browser is opened with url: ''

2018-01-03 19:24:19 - [MESSAGE][PASSED] - Browser is opened with url: ''

2018-01-03 19:24:19 - [TEST_STEP][PASSED] - navigateToUrl: Navigate to 'http://mcdonaldstest.staging.oddle.co' successfully

2018-01-03 19:24:21 - [MESSAGE][PASSED] - Navigate to 'http://mcdonaldstest.staging.oddle.co' successfully

2018-01-03 19:24:21 - [TEST_STEP][PASSED] - click: Object: 'Object Repository/LogIn/div_Log in' is clicked on

2018-01-03 19:24:21 - [MESSAGE][PASSED] - Object: 'Object Repository/LogIn/div_Log in' is clicked on

2018-01-03 19:24:21 - [TEST_STEP][PASSED] - setText: Text 'kevin.ang@oddle.me' is set on object 'Object Repository/LogIn/input_email'

2018-01-03 19:24:23 - [MESSAGE][PASSED] - Text 'kevin.ang@oddle.me' is set on object 'Object Repository/LogIn/input_email'

2018-01-03 19:24:23 - [TEST_STEP][PASSED] - setText: Text '0ddleatw' is set on object 'Object Repository/LogIn/input_password'

2018-01-03 19:24:23 - [MESSAGE][PASSED] - Text '0ddleatw' is set on object 'Object Repository/LogIn/input_password'

2018-01-03 19:24:23 - [TEST_STEP][PASSED] - click: Object: 'Object Repository/LogIn/button_Login' is clicked on

2018-01-03 19:24:23 - [MESSAGE][PASSED] - Object: 'Object Repository/LogIn/button_Login' is clicked on

2018-01-03 19:24:23 - [TEST_STEP][PASSED] - delay: Delayed 3 second(s)

2018-01-03 19:24:26 - [MESSAGE][PASSED] - Delayed 3 second(s)

2018-01-03 19:24:26 - [TEST_STEP][PASSED] - autoKeywords.verifyLoggedIn.verifyLogged: autoKeywords.verifyLoggedIn.verifyLogged is PASSED

2018-01-03 19:24:26 - [MESSAGE][PASSED] - Text of object 'Object Repository/LogIn/div_Hi user' is: 'Hi, John'

2018-01-03 19:24:26 - [MESSAGE][PASSED] - Actual text 'Hi, John' and expected text 'Log In' are not matched 

2018-01-03 19:24:26 - [MESSAGE][PASSED] - autoKeywords.verifyLoggedIn.verifyLogged is PASSED

2018-01-03 19:24:26 - [MESSAGE][PASSED] - Call Test Case 'Test Cases/001_login_email_successful' successfully

2018-01-03 19:24:26 - [TEST_STEP][PASSED] - click: Object: 'Object Repository/LogIn/div_Hi user' is clicked on

2018-01-03 19:24:26 - [MESSAGE][PASSED] - Object: 'Object Repository/LogIn/div_Hi user' is clicked on

2018-01-03 19:24:26 - [TEST_STEP][PASSED] - delay: Delayed 1 second(s)

2018-01-03 19:24:27 - [MESSAGE][PASSED] - Delayed 1 second(s)

2018-01-03 19:24:27 - [TEST_STEP][PASSED] - click: Object: 'Object Repository/Account/a_Account Details' is clicked on

2018-01-03 19:24:27 - [MESSAGE][PASSED] - Object: 'Object Repository/Account/a_Account Details' is clicked on

2018-01-03 19:24:27 - [TEST_STEP][PASSED] - setText: Text 'Some Company' is set on object 'Object Repository/Account/input_company'

2018-01-03 19:24:28 - [MESSAGE][PASSED] - Text 'Some Company' is set on object 'Object Repository/Account/input_company'

2018-01-03 19:24:28 - [TEST_STEP][PASSED] - click: Object: 'Object Repository/Account/button_Save' is clicked on

2018-01-03 19:24:28 - [MESSAGE][PASSED] - Object: 'Object Repository/Account/button_Save' is clicked on

2018-01-03 19:24:28 - [TEST_STEP][PASSED] - delay: Delayed 3 second(s)

2018-01-03 19:24:31 - [MESSAGE][PASSED] - Delayed 3 second(s)

2018-01-03 19:24:31 - [TEST_STEP][PASSED] - verifyElementNotHasAttribute: Object 'Object Repository/Account/div_error_message' does not have attribute 'text'

2018-01-03 19:24:31 - [MESSAGE][WARNING] - Timeout '0' is invalid. Using default page load timeout: '5'

2018-01-03 19:24:31 - [MESSAGE][PASSED] - Object 'Object Repository/Account/div_error_message' does not have attribute 'text'

2018-01-03 19:24:31 - [TEST_STEP][PASSED] - click: Object: 'Object Repository/HomePage/a_Home' is clicked on

2018-01-03 19:24:32 - [MESSAGE][PASSED] - Object: 'Object Repository/HomePage/a_Home' is clicked on

2018-01-03 19:24:32 - [TEST_STEP][PASSED] - click: Object: 'Object Repository/LogIn/div_Hi user' is clicked on

2018-01-03 19:24:32 - [MESSAGE][PASSED] - Object: 'Object Repository/LogIn/div_Hi user' is clicked on

2018-01-03 19:24:32 - [TEST_STEP][PASSED] - delay: Delayed 1 second(s)

2018-01-03 19:24:33 - [MESSAGE][PASSED] - Delayed 1 second(s)

2018-01-03 19:24:33 - [TEST_STEP][PASSED] - click: Object: 'Object Repository/Account/a_Account Details' is clicked on

2018-01-03 19:24:33 - [MESSAGE][PASSED] - Object: 'Object Repository/Account/a_Account Details' is clicked on

2018-01-03 19:24:33 - [TEST_STEP][PASSED] - delay: Delayed 1 second(s)

2018-01-03 19:24:34 - [MESSAGE][PASSED] - Delayed 1 second(s)

2018-01-03 19:24:34 - [TEST_STEP][PASSED] - verifyElementAttributeValue: Object 'Object Repository/Account/input_company' has attribute 'value' with value 'Some Company'

2018-01-03 19:24:34 - [MESSAGE][WARNING] - Timeout '0' is invalid. Using default page load timeout: '5'

2018-01-03 19:24:34 - [MESSAGE][PASSED] - Object 'Object Repository/Account/input_company' has attribute 'value' with value 'Some Company'

2018-01-03 19:24:34 - [TEST_STEP][PASSED] - setText: Text 'The Oddle Company' is set on object 'Object Repository/Account/input_company'

2018-01-03 19:24:34 - [MESSAGE][PASSED] - Text 'The Oddle Company' is set on object 'Object Repository/Account/input_company'

2018-01-03 19:24:34 - [TEST_STEP][PASSED] - click: Object: 'Object Repository/Account/button_Save' is clicked on

2018-01-03 19:24:34 - [MESSAGE][PASSED] - Object: 'Object Repository/Account/button_Save' is clicked on

2018-01-03 19:24:34 - [TEST_STEP][PASSED] - delay: Delayed 3 second(s)

2018-01-03 19:24:37 - [MESSAGE][PASSED] - Delayed 3 second(s)

2018-01-03 19:24:37 - [TEST_STEP][PASSED] - verifyElementNotHasAttribute: Object 'Object Repository/Account/div_error_message' does not have attribute 'text'

2018-01-03 19:24:37 - [MESSAGE][WARNING] - Timeout '0' is invalid. Using default page load timeout: '5'

2018-01-03 19:24:37 - [MESSAGE][PASSED] - Object 'Object Repository/Account/div_error_message' does not have attribute 'text'

2018-01-03 19:24:37 - [TEST_STEP][PASSED] - click: Object: 'Object Repository/HomePage/a_Home' is clicked on

2018-01-03 19:24:37 - [MESSAGE][PASSED] - Object: 'Object Repository/HomePage/a_Home' is clicked on

2018-01-03 19:24:37 - [TEST_STEP][PASSED] - click: Object: 'Object Repository/LogIn/div_Hi user' is clicked on

2018-01-03 19:24:37 - [MESSAGE][PASSED] - Object: 'Object Repository/LogIn/div_Hi user' is clicked on

2018-01-03 19:24:37 - [TEST_STEP][PASSED] - delay: Delayed 1 second(s)

2018-01-03 19:24:38 - [MESSAGE][PASSED] - Delayed 1 second(s)

2018-01-03 19:24:38 - [TEST_STEP][PASSED] - click: Object: 'Object Repository/Account/a_Account Details' is clicked on

2018-01-03 19:24:39 - [MESSAGE][PASSED] - Object: 'Object Repository/Account/a_Account Details' is clicked on

2018-01-03 19:24:39 - [TEST_STEP][PASSED] - delay: Delayed 1 second(s)

2018-01-03 19:24:40 - [MESSAGE][PASSED] - Delayed 1 second(s)

2018-01-03 19:24:40 - [TEST_STEP][PASSED] - verifyElementAttributeValue: Object 'Object Repository/Account/input_company' has attribute 'value' with value 'The Oddle Company'

2018-01-03 19:24:40 - [MESSAGE][WARNING] - Timeout '0' is invalid. Using default page load timeout: '5'

2018-01-03 19:24:40 - [MESSAGE][PASSED] - Object 'Object Repository/Account/input_company' has attribute 'value' with value 'The Oddle Company']]></system-out>
         <system-err><![CDATA[]]></system-err>
      </testcase>
      <testcase name="Test Cases/038_account_change_password" classname="Test Cases/038_account_change_password" status="PASSED">
         <system-out><![CDATA[2018-01-03 19:24:40 - [TEST_CASE][PASSED] - Test Cases/038_account_change_password: Test Cases/038_account_change_password

2018-01-03 19:24:41 - [TEST_STEP][PASSED] - callTestCase: Call Test Case 'Test Cases/001_login_email_successful' successfully

2018-01-03 19:24:41 - [TEST_CASE][PASSED] - Test Cases/001_login_email_successful: Test Cases/001_login_email_successful

2018-01-03 19:24:41 - [TEST_STEP][PASSED] - openBrowser: Browser is opened with url: ''

2018-01-03 19:24:43 - [MESSAGE][PASSED] - Browser is opened with url: ''

2018-01-03 19:24:43 - [TEST_STEP][PASSED] - navigateToUrl: Navigate to 'http://mcdonaldstest.staging.oddle.co' successfully

2018-01-03 19:24:45 - [MESSAGE][PASSED] - Navigate to 'http://mcdonaldstest.staging.oddle.co' successfully

2018-01-03 19:24:45 - [TEST_STEP][PASSED] - click: Object: 'Object Repository/LogIn/div_Log in' is clicked on

2018-01-03 19:24:45 - [MESSAGE][PASSED] - Object: 'Object Repository/LogIn/div_Log in' is clicked on

2018-01-03 19:24:45 - [TEST_STEP][PASSED] - setText: Text 'kevin.ang@oddle.me' is set on object 'Object Repository/LogIn/input_email'

2018-01-03 19:24:47 - [MESSAGE][PASSED] - Text 'kevin.ang@oddle.me' is set on object 'Object Repository/LogIn/input_email'

2018-01-03 19:24:47 - [TEST_STEP][PASSED] - setText: Text '0ddleatw' is set on object 'Object Repository/LogIn/input_password'

2018-01-03 19:24:47 - [MESSAGE][PASSED] - Text '0ddleatw' is set on object 'Object Repository/LogIn/input_password'

2018-01-03 19:24:47 - [TEST_STEP][PASSED] - click: Object: 'Object Repository/LogIn/button_Login' is clicked on

2018-01-03 19:24:47 - [MESSAGE][PASSED] - Object: 'Object Repository/LogIn/button_Login' is clicked on

2018-01-03 19:24:47 - [TEST_STEP][PASSED] - delay: Delayed 3 second(s)

2018-01-03 19:24:50 - [MESSAGE][PASSED] - Delayed 3 second(s)

2018-01-03 19:24:50 - [TEST_STEP][PASSED] - autoKeywords.verifyLoggedIn.verifyLogged: autoKeywords.verifyLoggedIn.verifyLogged is PASSED

2018-01-03 19:24:50 - [MESSAGE][PASSED] - Text of object 'Object Repository/LogIn/div_Hi user' is: 'Hi, John'

2018-01-03 19:24:50 - [MESSAGE][PASSED] - Actual text 'Hi, John' and expected text 'Log In' are not matched 

2018-01-03 19:24:50 - [MESSAGE][PASSED] - autoKeywords.verifyLoggedIn.verifyLogged is PASSED

2018-01-03 19:24:50 - [MESSAGE][PASSED] - Call Test Case 'Test Cases/001_login_email_successful' successfully

2018-01-03 19:24:50 - [TEST_STEP][PASSED] - click: Object: 'Object Repository/LogIn/div_Hi user' is clicked on

2018-01-03 19:24:50 - [MESSAGE][PASSED] - Object: 'Object Repository/LogIn/div_Hi user' is clicked on

2018-01-03 19:24:50 - [TEST_STEP][PASSED] - delay: Delayed 1 second(s)

2018-01-03 19:24:51 - [MESSAGE][PASSED] - Delayed 1 second(s)

2018-01-03 19:24:51 - [TEST_STEP][PASSED] - click: Object: 'Object Repository/Account/a_Account Details' is clicked on

2018-01-03 19:24:51 - [MESSAGE][PASSED] - Object: 'Object Repository/Account/a_Account Details' is clicked on

2018-01-03 19:24:51 - [TEST_STEP][PASSED] - delay: Delayed 1 second(s)

2018-01-03 19:24:52 - [MESSAGE][PASSED] - Delayed 1 second(s)

2018-01-03 19:24:52 - [TEST_STEP][PASSED] - click: Object: 'Object Repository/Account/a_ Password tab' is clicked on

2018-01-03 19:24:52 - [MESSAGE][PASSED] - Object: 'Object Repository/Account/a_ Password tab' is clicked on

2018-01-03 19:24:52 - [TEST_STEP][PASSED] - delay: Delayed 1 second(s)

2018-01-03 19:24:53 - [MESSAGE][PASSED] - Delayed 1 second(s)

2018-01-03 19:24:53 - [TEST_STEP][PASSED] - setText: Text '0ddleatw' is set on object 'Object Repository/Account/input_password'

2018-01-03 19:24:54 - [MESSAGE][PASSED] - Text '0ddleatw' is set on object 'Object Repository/Account/input_password'

2018-01-03 19:24:54 - [TEST_STEP][PASSED] - setText: Text 'newpassword' is set on object 'Object Repository/Account/input_newpassword'

2018-01-03 19:24:54 - [MESSAGE][PASSED] - Text 'newpassword' is set on object 'Object Repository/Account/input_newpassword'

2018-01-03 19:24:54 - [TEST_STEP][PASSED] - setText: Text 'newpassword' is set on object 'Object Repository/Account/input_renewpassword'

2018-01-03 19:24:54 - [MESSAGE][PASSED] - Text 'newpassword' is set on object 'Object Repository/Account/input_renewpassword'

2018-01-03 19:24:54 - [TEST_STEP][PASSED] - click: Object: 'Object Repository/Account/button_Save password' is clicked on

2018-01-03 19:24:54 - [MESSAGE][PASSED] - Object: 'Object Repository/Account/button_Save password' is clicked on

2018-01-03 19:24:54 - [TEST_STEP][PASSED] - delay: Delayed 3 second(s)

2018-01-03 19:24:57 - [MESSAGE][PASSED] - Delayed 3 second(s)

2018-01-03 19:24:57 - [TEST_STEP][PASSED] - verifyElementNotHasAttribute: Object 'Object Repository/Account/div_passwords error' does not have attribute 'text'

2018-01-03 19:24:57 - [MESSAGE][WARNING] - Timeout '0' is invalid. Using default page load timeout: '5'

2018-01-03 19:24:57 - [MESSAGE][PASSED] - Object 'Object Repository/Account/div_passwords error' does not have attribute 'text'

2018-01-03 19:24:57 - [TEST_STEP][PASSED] - delay: Delayed 1 second(s)

2018-01-03 19:24:58 - [MESSAGE][PASSED] - Delayed 1 second(s)

2018-01-03 19:24:58 - [TEST_STEP][PASSED] - click: Object: 'Object Repository/LogIn/div_Hi user' is clicked on

2018-01-03 19:24:58 - [MESSAGE][PASSED] - Object: 'Object Repository/LogIn/div_Hi user' is clicked on

2018-01-03 19:24:58 - [TEST_STEP][PASSED] - delay: Delayed 1 second(s)

2018-01-03 19:24:59 - [MESSAGE][PASSED] - Delayed 1 second(s)

2018-01-03 19:24:59 - [TEST_STEP][PASSED] - click: Object: 'Object Repository/LogIn/a_Sign out' is clicked on

2018-01-03 19:24:59 - [MESSAGE][PASSED] - Object: 'Object Repository/LogIn/a_Sign out' is clicked on

2018-01-03 19:24:59 - [TEST_STEP][PASSED] - delay: Delayed 1 second(s)

2018-01-03 19:25:00 - [MESSAGE][PASSED] - Delayed 1 second(s)

2018-01-03 19:25:00 - [TEST_STEP][PASSED] - click: Object: 'Object Repository/Account/button_Sign Out' is clicked on

2018-01-03 19:25:00 - [MESSAGE][PASSED] - Object: 'Object Repository/Account/button_Sign Out' is clicked on

2018-01-03 19:25:00 - [TEST_STEP][PASSED] - delay: Delayed 1 second(s)

2018-01-03 19:25:01 - [MESSAGE][PASSED] - Delayed 1 second(s)

2018-01-03 19:25:01 - [TEST_STEP][PASSED] - autoKeywords.verifyLoggedOut.verifyNotLogged: autoKeywords.verifyLoggedOut.verifyNotLogged is PASSED

2018-01-03 19:25:01 - [MESSAGE][WARNING] - Timeout '0' is invalid. Using default page load timeout: '5'

2018-01-03 19:25:02 - [MESSAGE][PASSED] - Object 'Object Repository/LogIn/div_Log in' is present

2018-01-03 19:25:02 - [MESSAGE][PASSED] - autoKeywords.verifyLoggedOut.verifyNotLogged is PASSED

2018-01-03 19:25:02 - [TEST_STEP][PASSED] - click: Object: 'Object Repository/LogIn/div_Log in' is clicked on

2018-01-03 19:25:02 - [MESSAGE][PASSED] - Object: 'Object Repository/LogIn/div_Log in' is clicked on

2018-01-03 19:25:02 - [TEST_STEP][PASSED] - setText: Text 'kevin.ang@oddle.me' is set on object 'Object Repository/LogIn/input_email'

2018-01-03 19:25:02 - [MESSAGE][PASSED] - Text 'kevin.ang@oddle.me' is set on object 'Object Repository/LogIn/input_email'

2018-01-03 19:25:02 - [TEST_STEP][PASSED] - setText: Text 'newpassword' is set on object 'Object Repository/LogIn/input_password'

2018-01-03 19:25:03 - [MESSAGE][PASSED] - Text 'newpassword' is set on object 'Object Repository/LogIn/input_password'

2018-01-03 19:25:03 - [TEST_STEP][PASSED] - click: Object: 'Object Repository/LogIn/button_Login' is clicked on

2018-01-03 19:25:03 - [MESSAGE][PASSED] - Object: 'Object Repository/LogIn/button_Login' is clicked on

2018-01-03 19:25:03 - [TEST_STEP][PASSED] - delay: Delayed 3 second(s)

2018-01-03 19:25:06 - [MESSAGE][PASSED] - Delayed 3 second(s)

2018-01-03 19:25:06 - [TEST_STEP][PASSED] - autoKeywords.verifyLoggedIn.verifyLogged: autoKeywords.verifyLoggedIn.verifyLogged is PASSED

2018-01-03 19:25:06 - [MESSAGE][PASSED] - Text of object 'Object Repository/LogIn/div_Hi user' is: 'Hi, John'

2018-01-03 19:25:06 - [MESSAGE][PASSED] - Actual text 'Hi, John' and expected text 'Log In' are not matched 

2018-01-03 19:25:06 - [MESSAGE][PASSED] - autoKeywords.verifyLoggedIn.verifyLogged is PASSED

2018-01-03 19:25:06 - [TEST_STEP][PASSED] - click: Object: 'Object Repository/LogIn/div_Hi user' is clicked on

2018-01-03 19:25:06 - [MESSAGE][PASSED] - Object: 'Object Repository/LogIn/div_Hi user' is clicked on

2018-01-03 19:25:06 - [TEST_STEP][PASSED] - delay: Delayed 1 second(s)

2018-01-03 19:25:07 - [MESSAGE][PASSED] - Delayed 1 second(s)

2018-01-03 19:25:07 - [TEST_STEP][PASSED] - click: Object: 'Object Repository/Account/a_Account Details' is clicked on

2018-01-03 19:25:07 - [MESSAGE][PASSED] - Object: 'Object Repository/Account/a_Account Details' is clicked on

2018-01-03 19:25:07 - [TEST_STEP][PASSED] - delay: Delayed 1 second(s)

2018-01-03 19:25:08 - [MESSAGE][PASSED] - Delayed 1 second(s)

2018-01-03 19:25:08 - [TEST_STEP][PASSED] - click: Object: 'Object Repository/Account/a_ Password tab' is clicked on

2018-01-03 19:25:08 - [MESSAGE][PASSED] - Object: 'Object Repository/Account/a_ Password tab' is clicked on

2018-01-03 19:25:08 - [TEST_STEP][PASSED] - delay: Delayed 1 second(s)

2018-01-03 19:25:09 - [MESSAGE][PASSED] - Delayed 1 second(s)

2018-01-03 19:25:09 - [TEST_STEP][PASSED] - setText: Text 'newpassword' is set on object 'Object Repository/Account/input_password'

2018-01-03 19:25:09 - [MESSAGE][PASSED] - Text 'newpassword' is set on object 'Object Repository/Account/input_password'

2018-01-03 19:25:09 - [TEST_STEP][PASSED] - setText: Text '0ddleatw' is set on object 'Object Repository/Account/input_newpassword'

2018-01-03 19:25:10 - [MESSAGE][PASSED] - Text '0ddleatw' is set on object 'Object Repository/Account/input_newpassword'

2018-01-03 19:25:10 - [TEST_STEP][PASSED] - setText: Text '0ddleatw' is set on object 'Object Repository/Account/input_renewpassword'

2018-01-03 19:25:10 - [MESSAGE][PASSED] - Text '0ddleatw' is set on object 'Object Repository/Account/input_renewpassword'

2018-01-03 19:25:10 - [TEST_STEP][PASSED] - click: Object: 'Object Repository/Account/button_Save password' is clicked on

2018-01-03 19:25:10 - [MESSAGE][PASSED] - Object: 'Object Repository/Account/button_Save password' is clicked on

2018-01-03 19:25:10 - [TEST_STEP][PASSED] - delay: Delayed 3 second(s)

2018-01-03 19:25:13 - [MESSAGE][PASSED] - Delayed 3 second(s)

2018-01-03 19:25:13 - [TEST_STEP][PASSED] - verifyElementNotHasAttribute: Object 'Object Repository/Account/div_passwords error' does not have attribute 'text'

2018-01-03 19:25:13 - [MESSAGE][WARNING] - Timeout '0' is invalid. Using default page load timeout: '5'

2018-01-03 19:25:13 - [MESSAGE][PASSED] - Object 'Object Repository/Account/div_passwords error' does not have attribute 'text']]></system-out>
         <system-err><![CDATA[]]></system-err>
      </testcase>
      <testcase name="Test Cases/039_account_change_password_wrong" classname="Test Cases/039_account_change_password_wrong" status="PASSED">
         <system-out><![CDATA[2018-01-03 19:25:14 - [TEST_CASE][PASSED] - Test Cases/039_account_change_password_wrong: Test Cases/039_account_change_password_wrong

2018-01-03 19:25:14 - [TEST_STEP][PASSED] - callTestCase: Call Test Case 'Test Cases/001_login_email_successful' successfully

2018-01-03 19:25:14 - [TEST_CASE][PASSED] - Test Cases/001_login_email_successful: Test Cases/001_login_email_successful

2018-01-03 19:25:14 - [TEST_STEP][PASSED] - openBrowser: Browser is opened with url: ''

2018-01-03 19:25:16 - [MESSAGE][PASSED] - Browser is opened with url: ''

2018-01-03 19:25:16 - [TEST_STEP][PASSED] - navigateToUrl: Navigate to 'http://mcdonaldstest.staging.oddle.co' successfully

2018-01-03 19:25:18 - [MESSAGE][PASSED] - Navigate to 'http://mcdonaldstest.staging.oddle.co' successfully

2018-01-03 19:25:18 - [TEST_STEP][PASSED] - click: Object: 'Object Repository/LogIn/div_Log in' is clicked on

2018-01-03 19:25:19 - [MESSAGE][PASSED] - Object: 'Object Repository/LogIn/div_Log in' is clicked on

2018-01-03 19:25:19 - [TEST_STEP][PASSED] - setText: Text 'kevin.ang@oddle.me' is set on object 'Object Repository/LogIn/input_email'

2018-01-03 19:25:20 - [MESSAGE][PASSED] - Text 'kevin.ang@oddle.me' is set on object 'Object Repository/LogIn/input_email'

2018-01-03 19:25:20 - [TEST_STEP][PASSED] - setText: Text '0ddleatw' is set on object 'Object Repository/LogIn/input_password'

2018-01-03 19:25:20 - [MESSAGE][PASSED] - Text '0ddleatw' is set on object 'Object Repository/LogIn/input_password'

2018-01-03 19:25:20 - [TEST_STEP][PASSED] - click: Object: 'Object Repository/LogIn/button_Login' is clicked on

2018-01-03 19:25:20 - [MESSAGE][PASSED] - Object: 'Object Repository/LogIn/button_Login' is clicked on

2018-01-03 19:25:20 - [TEST_STEP][PASSED] - delay: Delayed 3 second(s)

2018-01-03 19:25:23 - [MESSAGE][PASSED] - Delayed 3 second(s)

2018-01-03 19:25:23 - [TEST_STEP][PASSED] - autoKeywords.verifyLoggedIn.verifyLogged: autoKeywords.verifyLoggedIn.verifyLogged is PASSED

2018-01-03 19:25:23 - [MESSAGE][PASSED] - Text of object 'Object Repository/LogIn/div_Hi user' is: 'Hi, John'

2018-01-03 19:25:23 - [MESSAGE][PASSED] - Actual text 'Hi, John' and expected text 'Log In' are not matched 

2018-01-03 19:25:23 - [MESSAGE][PASSED] - autoKeywords.verifyLoggedIn.verifyLogged is PASSED

2018-01-03 19:25:23 - [MESSAGE][PASSED] - Call Test Case 'Test Cases/001_login_email_successful' successfully

2018-01-03 19:25:23 - [TEST_STEP][PASSED] - click: Object: 'Object Repository/LogIn/div_Hi user' is clicked on

2018-01-03 19:25:23 - [MESSAGE][PASSED] - Object: 'Object Repository/LogIn/div_Hi user' is clicked on

2018-01-03 19:25:23 - [TEST_STEP][PASSED] - delay: Delayed 1 second(s)

2018-01-03 19:25:24 - [MESSAGE][PASSED] - Delayed 1 second(s)

2018-01-03 19:25:24 - [TEST_STEP][PASSED] - click: Object: 'Object Repository/Account/a_Account Details' is clicked on

2018-01-03 19:25:25 - [MESSAGE][PASSED] - Object: 'Object Repository/Account/a_Account Details' is clicked on

2018-01-03 19:25:25 - [TEST_STEP][PASSED] - delay: Delayed 1 second(s)

2018-01-03 19:25:26 - [MESSAGE][PASSED] - Delayed 1 second(s)

2018-01-03 19:25:26 - [TEST_STEP][PASSED] - click: Object: 'Object Repository/Account/a_ Password tab' is clicked on

2018-01-03 19:25:26 - [MESSAGE][PASSED] - Object: 'Object Repository/Account/a_ Password tab' is clicked on

2018-01-03 19:25:26 - [TEST_STEP][PASSED] - delay: Delayed 1 second(s)

2018-01-03 19:25:27 - [MESSAGE][PASSED] - Delayed 1 second(s)

2018-01-03 19:25:27 - [TEST_STEP][PASSED] - setText: Text 'wrongpassword' is set on object 'Object Repository/Account/input_password'

2018-01-03 19:25:27 - [MESSAGE][PASSED] - Text 'wrongpassword' is set on object 'Object Repository/Account/input_password'

2018-01-03 19:25:27 - [TEST_STEP][PASSED] - setText: Text 'newpassword' is set on object 'Object Repository/Account/input_newpassword'

2018-01-03 19:25:27 - [MESSAGE][PASSED] - Text 'newpassword' is set on object 'Object Repository/Account/input_newpassword'

2018-01-03 19:25:27 - [TEST_STEP][PASSED] - setText: Text 'newpassword' is set on object 'Object Repository/Account/input_renewpassword'

2018-01-03 19:25:27 - [MESSAGE][PASSED] - Text 'newpassword' is set on object 'Object Repository/Account/input_renewpassword'

2018-01-03 19:25:27 - [TEST_STEP][PASSED] - click: Object: 'Object Repository/Account/button_Save password' is clicked on

2018-01-03 19:25:28 - [MESSAGE][PASSED] - Object: 'Object Repository/Account/button_Save password' is clicked on

2018-01-03 19:25:28 - [TEST_STEP][PASSED] - delay: Delayed 3 second(s)

2018-01-03 19:25:31 - [MESSAGE][PASSED] - Delayed 3 second(s)

2018-01-03 19:25:31 - [TEST_STEP][PASSED] - verifyElementText: Actual text and expected text of test object 'Object Repository/Account/div_passwords error' are matched.

2018-01-03 19:25:31 - [MESSAGE][PASSED] - Actual text and expected text of test object 'Object Repository/Account/div_passwords error' are matched.

2018-01-03 19:25:31 - [TEST_STEP][PASSED] - delay: Delayed 1 second(s)

2018-01-03 19:25:32 - [MESSAGE][PASSED] - Delayed 1 second(s)

2018-01-03 19:25:32 - [TEST_STEP][PASSED] - click: Object: 'Object Repository/LogIn/div_Hi user' is clicked on

2018-01-03 19:25:32 - [MESSAGE][PASSED] - Object: 'Object Repository/LogIn/div_Hi user' is clicked on

2018-01-03 19:25:32 - [TEST_STEP][PASSED] - delay: Delayed 1 second(s)

2018-01-03 19:25:33 - [MESSAGE][PASSED] - Delayed 1 second(s)

2018-01-03 19:25:33 - [TEST_STEP][PASSED] - click: Object: 'Object Repository/LogIn/a_Sign out' is clicked on

2018-01-03 19:25:33 - [MESSAGE][PASSED] - Object: 'Object Repository/LogIn/a_Sign out' is clicked on

2018-01-03 19:25:33 - [TEST_STEP][PASSED] - delay: Delayed 1 second(s)

2018-01-03 19:25:34 - [MESSAGE][PASSED] - Delayed 1 second(s)

2018-01-03 19:25:34 - [TEST_STEP][PASSED] - click: Object: 'Object Repository/Account/button_Sign Out' is clicked on

2018-01-03 19:25:34 - [MESSAGE][PASSED] - Object: 'Object Repository/Account/button_Sign Out' is clicked on

2018-01-03 19:25:34 - [TEST_STEP][PASSED] - delay: Delayed 1 second(s)

2018-01-03 19:25:35 - [MESSAGE][PASSED] - Delayed 1 second(s)

2018-01-03 19:25:35 - [TEST_STEP][PASSED] - autoKeywords.verifyLoggedOut.verifyNotLogged: autoKeywords.verifyLoggedOut.verifyNotLogged is PASSED

2018-01-03 19:25:35 - [MESSAGE][WARNING] - Timeout '0' is invalid. Using default page load timeout: '5'

2018-01-03 19:25:35 - [MESSAGE][PASSED] - Object 'Object Repository/LogIn/div_Log in' is present

2018-01-03 19:25:35 - [MESSAGE][PASSED] - autoKeywords.verifyLoggedOut.verifyNotLogged is PASSED

2018-01-03 19:25:35 - [TEST_STEP][PASSED] - click: Object: 'Object Repository/LogIn/div_Log in' is clicked on

2018-01-03 19:25:35 - [MESSAGE][PASSED] - Object: 'Object Repository/LogIn/div_Log in' is clicked on

2018-01-03 19:25:35 - [TEST_STEP][PASSED] - setText: Text 'kevin.ang@oddle.me' is set on object 'Object Repository/LogIn/input_email'

2018-01-03 19:25:36 - [MESSAGE][PASSED] - Text 'kevin.ang@oddle.me' is set on object 'Object Repository/LogIn/input_email'

2018-01-03 19:25:36 - [TEST_STEP][PASSED] - setText: Text '0ddleatw' is set on object 'Object Repository/LogIn/input_password'

2018-01-03 19:25:36 - [MESSAGE][PASSED] - Text '0ddleatw' is set on object 'Object Repository/LogIn/input_password'

2018-01-03 19:25:36 - [TEST_STEP][PASSED] - click: Object: 'Object Repository/LogIn/button_Login' is clicked on

2018-01-03 19:25:36 - [MESSAGE][PASSED] - Object: 'Object Repository/LogIn/button_Login' is clicked on

2018-01-03 19:25:36 - [TEST_STEP][PASSED] - delay: Delayed 3 second(s)

2018-01-03 19:25:39 - [MESSAGE][PASSED] - Delayed 3 second(s)

2018-01-03 19:25:39 - [TEST_STEP][PASSED] - autoKeywords.verifyLoggedIn.verifyLogged: autoKeywords.verifyLoggedIn.verifyLogged is PASSED

2018-01-03 19:25:39 - [MESSAGE][PASSED] - Text of object 'Object Repository/LogIn/div_Hi user' is: 'Hi, John'

2018-01-03 19:25:39 - [MESSAGE][PASSED] - Actual text 'Hi, John' and expected text 'Log In' are not matched 

2018-01-03 19:25:39 - [MESSAGE][PASSED] - autoKeywords.verifyLoggedIn.verifyLogged is PASSED]]></system-out>
         <system-err><![CDATA[]]></system-err>
      </testcase>
      <testcase name="Test Cases/040_account_change_password_wongformat" classname="Test Cases/040_account_change_password_wongformat" status="PASSED">
         <system-out><![CDATA[2018-01-03 19:25:40 - [TEST_CASE][PASSED] - Test Cases/040_account_change_password_wongformat: Test Cases/040_account_change_password_wongformat

2018-01-03 19:25:40 - [TEST_STEP][PASSED] - callTestCase: Call Test Case 'Test Cases/001_login_email_successful' successfully

2018-01-03 19:25:40 - [TEST_CASE][PASSED] - Test Cases/001_login_email_successful: Test Cases/001_login_email_successful

2018-01-03 19:25:40 - [TEST_STEP][PASSED] - openBrowser: Browser is opened with url: ''

2018-01-03 19:25:42 - [MESSAGE][PASSED] - Browser is opened with url: ''

2018-01-03 19:25:42 - [TEST_STEP][PASSED] - navigateToUrl: Navigate to 'http://mcdonaldstest.staging.oddle.co' successfully

2018-01-03 19:25:44 - [MESSAGE][PASSED] - Navigate to 'http://mcdonaldstest.staging.oddle.co' successfully

2018-01-03 19:25:44 - [TEST_STEP][PASSED] - click: Object: 'Object Repository/LogIn/div_Log in' is clicked on

2018-01-03 19:25:45 - [MESSAGE][PASSED] - Object: 'Object Repository/LogIn/div_Log in' is clicked on

2018-01-03 19:25:45 - [TEST_STEP][PASSED] - setText: Text 'kevin.ang@oddle.me' is set on object 'Object Repository/LogIn/input_email'

2018-01-03 19:25:46 - [MESSAGE][PASSED] - Text 'kevin.ang@oddle.me' is set on object 'Object Repository/LogIn/input_email'

2018-01-03 19:25:46 - [TEST_STEP][PASSED] - setText: Text '0ddleatw' is set on object 'Object Repository/LogIn/input_password'

2018-01-03 19:25:46 - [MESSAGE][PASSED] - Text '0ddleatw' is set on object 'Object Repository/LogIn/input_password'

2018-01-03 19:25:46 - [TEST_STEP][PASSED] - click: Object: 'Object Repository/LogIn/button_Login' is clicked on

2018-01-03 19:25:46 - [MESSAGE][PASSED] - Object: 'Object Repository/LogIn/button_Login' is clicked on

2018-01-03 19:25:46 - [TEST_STEP][PASSED] - delay: Delayed 3 second(s)

2018-01-03 19:25:49 - [MESSAGE][PASSED] - Delayed 3 second(s)

2018-01-03 19:25:49 - [TEST_STEP][PASSED] - autoKeywords.verifyLoggedIn.verifyLogged: autoKeywords.verifyLoggedIn.verifyLogged is PASSED

2018-01-03 19:25:49 - [MESSAGE][PASSED] - Text of object 'Object Repository/LogIn/div_Hi user' is: 'Hi, John'

2018-01-03 19:25:49 - [MESSAGE][PASSED] - Actual text 'Hi, John' and expected text 'Log In' are not matched 

2018-01-03 19:25:49 - [MESSAGE][PASSED] - autoKeywords.verifyLoggedIn.verifyLogged is PASSED

2018-01-03 19:25:49 - [MESSAGE][PASSED] - Call Test Case 'Test Cases/001_login_email_successful' successfully

2018-01-03 19:25:49 - [TEST_STEP][PASSED] - click: Object: 'Object Repository/LogIn/div_Hi user' is clicked on

2018-01-03 19:25:49 - [MESSAGE][PASSED] - Object: 'Object Repository/LogIn/div_Hi user' is clicked on

2018-01-03 19:25:49 - [TEST_STEP][PASSED] - delay: Delayed 1 second(s)

2018-01-03 19:25:50 - [MESSAGE][PASSED] - Delayed 1 second(s)

2018-01-03 19:25:50 - [TEST_STEP][PASSED] - click: Object: 'Object Repository/Account/a_Account Details' is clicked on

2018-01-03 19:25:51 - [MESSAGE][PASSED] - Object: 'Object Repository/Account/a_Account Details' is clicked on

2018-01-03 19:25:51 - [TEST_STEP][PASSED] - delay: Delayed 1 second(s)

2018-01-03 19:25:52 - [MESSAGE][PASSED] - Delayed 1 second(s)

2018-01-03 19:25:52 - [TEST_STEP][PASSED] - click: Object: 'Object Repository/Account/a_ Password tab' is clicked on

2018-01-03 19:25:52 - [MESSAGE][PASSED] - Object: 'Object Repository/Account/a_ Password tab' is clicked on

2018-01-03 19:25:52 - [TEST_STEP][PASSED] - delay: Delayed 1 second(s)

2018-01-03 19:25:53 - [MESSAGE][PASSED] - Delayed 1 second(s)

2018-01-03 19:25:53 - [TEST_STEP][PASSED] - setText: Text '0ddleatw' is set on object 'Object Repository/Account/input_password'

2018-01-03 19:25:53 - [MESSAGE][PASSED] - Text '0ddleatw' is set on object 'Object Repository/Account/input_password'

2018-01-03 19:25:53 - [TEST_STEP][PASSED] - setText: Text 'wrongft' is set on object 'Object Repository/Account/input_newpassword'

2018-01-03 19:25:53 - [MESSAGE][PASSED] - Text 'wrongft' is set on object 'Object Repository/Account/input_newpassword'

2018-01-03 19:25:53 - [TEST_STEP][PASSED] - setText: Text 'wrongft' is set on object 'Object Repository/Account/input_renewpassword'

2018-01-03 19:25:53 - [MESSAGE][PASSED] - Text 'wrongft' is set on object 'Object Repository/Account/input_renewpassword'

2018-01-03 19:25:53 - [TEST_STEP][PASSED] - click: Object: 'Object Repository/Account/button_Save password' is clicked on

2018-01-03 19:25:53 - [MESSAGE][PASSED] - Object: 'Object Repository/Account/button_Save password' is clicked on

2018-01-03 19:25:53 - [TEST_STEP][PASSED] - delay: Delayed 3 second(s)

2018-01-03 19:25:56 - [MESSAGE][PASSED] - Delayed 3 second(s)

2018-01-03 19:25:56 - [TEST_STEP][PASSED] - verifyElementPresent: Object 'Object Repository/Account/span_Ensure it contains at lea' is present

2018-01-03 19:25:56 - [MESSAGE][WARNING] - Timeout '0' is invalid. Using default page load timeout: '5'

2018-01-03 19:25:56 - [MESSAGE][PASSED] - Object 'Object Repository/Account/span_Ensure it contains at lea' is present

2018-01-03 19:25:56 - [TEST_STEP][PASSED] - delay: Delayed 1 second(s)

2018-01-03 19:25:57 - [MESSAGE][PASSED] - Delayed 1 second(s)

2018-01-03 19:25:57 - [TEST_STEP][PASSED] - click: Object: 'Object Repository/LogIn/div_Hi user' is clicked on

2018-01-03 19:25:57 - [MESSAGE][PASSED] - Object: 'Object Repository/LogIn/div_Hi user' is clicked on

2018-01-03 19:25:57 - [TEST_STEP][PASSED] - delay: Delayed 1 second(s)

2018-01-03 19:25:58 - [MESSAGE][PASSED] - Delayed 1 second(s)

2018-01-03 19:25:58 - [TEST_STEP][PASSED] - click: Object: 'Object Repository/LogIn/a_Sign out' is clicked on

2018-01-03 19:25:59 - [MESSAGE][PASSED] - Object: 'Object Repository/LogIn/a_Sign out' is clicked on

2018-01-03 19:25:59 - [TEST_STEP][PASSED] - delay: Delayed 1 second(s)

2018-01-03 19:26:00 - [MESSAGE][PASSED] - Delayed 1 second(s)

2018-01-03 19:26:00 - [TEST_STEP][PASSED] - click: Object: 'Object Repository/Account/button_Sign Out' is clicked on

2018-01-03 19:26:00 - [MESSAGE][PASSED] - Object: 'Object Repository/Account/button_Sign Out' is clicked on

2018-01-03 19:26:00 - [TEST_STEP][PASSED] - delay: Delayed 1 second(s)

2018-01-03 19:26:01 - [MESSAGE][PASSED] - Delayed 1 second(s)

2018-01-03 19:26:01 - [TEST_STEP][PASSED] - autoKeywords.verifyLoggedOut.verifyNotLogged: autoKeywords.verifyLoggedOut.verifyNotLogged is PASSED

2018-01-03 19:26:01 - [MESSAGE][WARNING] - Timeout '0' is invalid. Using default page load timeout: '5'

2018-01-03 19:26:01 - [MESSAGE][PASSED] - Object 'Object Repository/LogIn/div_Log in' is present

2018-01-03 19:26:01 - [MESSAGE][PASSED] - autoKeywords.verifyLoggedOut.verifyNotLogged is PASSED

2018-01-03 19:26:01 - [TEST_STEP][PASSED] - click: Object: 'Object Repository/LogIn/div_Log in' is clicked on

2018-01-03 19:26:01 - [MESSAGE][PASSED] - Object: 'Object Repository/LogIn/div_Log in' is clicked on

2018-01-03 19:26:01 - [TEST_STEP][PASSED] - setText: Text 'kevin.ang@oddle.me' is set on object 'Object Repository/LogIn/input_email'

2018-01-03 19:26:02 - [MESSAGE][PASSED] - Text 'kevin.ang@oddle.me' is set on object 'Object Repository/LogIn/input_email'

2018-01-03 19:26:02 - [TEST_STEP][PASSED] - setText: Text 'wrongft' is set on object 'Object Repository/LogIn/input_password'

2018-01-03 19:26:02 - [MESSAGE][PASSED] - Text 'wrongft' is set on object 'Object Repository/LogIn/input_password'

2018-01-03 19:26:02 - [TEST_STEP][PASSED] - click: Object: 'Object Repository/LogIn/button_Login' is clicked on

2018-01-03 19:26:02 - [MESSAGE][PASSED] - Object: 'Object Repository/LogIn/button_Login' is clicked on

2018-01-03 19:26:02 - [TEST_STEP][PASSED] - delay: Delayed 3 second(s)

2018-01-03 19:26:05 - [MESSAGE][PASSED] - Delayed 3 second(s)

2018-01-03 19:26:05 - [TEST_STEP][PASSED] - autoKeywords.verifyLoggedOut.verifyNotLogged: autoKeywords.verifyLoggedOut.verifyNotLogged is PASSED

2018-01-03 19:26:05 - [MESSAGE][WARNING] - Timeout '0' is invalid. Using default page load timeout: '5'

2018-01-03 19:26:05 - [MESSAGE][PASSED] - Object 'Object Repository/LogIn/div_Log in' is present

2018-01-03 19:26:05 - [MESSAGE][PASSED] - autoKeywords.verifyLoggedOut.verifyNotLogged is PASSED]]></system-out>
         <system-err><![CDATA[]]></system-err>
      </testcase>
      <testcase name="Test Cases/041_account_change_password_mismatch" classname="Test Cases/041_account_change_password_mismatch" status="PASSED">
         <system-out><![CDATA[2018-01-03 19:26:06 - [TEST_CASE][PASSED] - Test Cases/041_account_change_password_mismatch: Test Cases/041_account_change_password_mismatch

2018-01-03 19:26:06 - [TEST_STEP][PASSED] - callTestCase: Call Test Case 'Test Cases/001_login_email_successful' successfully

2018-01-03 19:26:06 - [TEST_CASE][PASSED] - Test Cases/001_login_email_successful: Test Cases/001_login_email_successful

2018-01-03 19:26:06 - [TEST_STEP][PASSED] - openBrowser: Browser is opened with url: ''

2018-01-03 19:26:08 - [MESSAGE][PASSED] - Browser is opened with url: ''

2018-01-03 19:26:08 - [TEST_STEP][PASSED] - navigateToUrl: Navigate to 'http://mcdonaldstest.staging.oddle.co' successfully

2018-01-03 19:26:10 - [MESSAGE][PASSED] - Navigate to 'http://mcdonaldstest.staging.oddle.co' successfully

2018-01-03 19:26:10 - [TEST_STEP][PASSED] - click: Object: 'Object Repository/LogIn/div_Log in' is clicked on

2018-01-03 19:26:10 - [MESSAGE][PASSED] - Object: 'Object Repository/LogIn/div_Log in' is clicked on

2018-01-03 19:26:10 - [TEST_STEP][PASSED] - setText: Text 'kevin.ang@oddle.me' is set on object 'Object Repository/LogIn/input_email'

2018-01-03 19:26:12 - [MESSAGE][PASSED] - Text 'kevin.ang@oddle.me' is set on object 'Object Repository/LogIn/input_email'

2018-01-03 19:26:12 - [TEST_STEP][PASSED] - setText: Text '0ddleatw' is set on object 'Object Repository/LogIn/input_password'

2018-01-03 19:26:12 - [MESSAGE][PASSED] - Text '0ddleatw' is set on object 'Object Repository/LogIn/input_password'

2018-01-03 19:26:12 - [TEST_STEP][PASSED] - click: Object: 'Object Repository/LogIn/button_Login' is clicked on

2018-01-03 19:26:12 - [MESSAGE][PASSED] - Object: 'Object Repository/LogIn/button_Login' is clicked on

2018-01-03 19:26:12 - [TEST_STEP][PASSED] - delay: Delayed 3 second(s)

2018-01-03 19:26:15 - [MESSAGE][PASSED] - Delayed 3 second(s)

2018-01-03 19:26:15 - [TEST_STEP][PASSED] - autoKeywords.verifyLoggedIn.verifyLogged: autoKeywords.verifyLoggedIn.verifyLogged is PASSED

2018-01-03 19:26:15 - [MESSAGE][PASSED] - Text of object 'Object Repository/LogIn/div_Hi user' is: 'Hi, John'

2018-01-03 19:26:15 - [MESSAGE][PASSED] - Actual text 'Hi, John' and expected text 'Log In' are not matched 

2018-01-03 19:26:15 - [MESSAGE][PASSED] - autoKeywords.verifyLoggedIn.verifyLogged is PASSED

2018-01-03 19:26:15 - [MESSAGE][PASSED] - Call Test Case 'Test Cases/001_login_email_successful' successfully

2018-01-03 19:26:15 - [TEST_STEP][PASSED] - click: Object: 'Object Repository/LogIn/div_Hi user' is clicked on

2018-01-03 19:26:15 - [MESSAGE][PASSED] - Object: 'Object Repository/LogIn/div_Hi user' is clicked on

2018-01-03 19:26:15 - [TEST_STEP][PASSED] - delay: Delayed 1 second(s)

2018-01-03 19:26:16 - [MESSAGE][PASSED] - Delayed 1 second(s)

2018-01-03 19:26:16 - [TEST_STEP][PASSED] - click: Object: 'Object Repository/Account/a_Account Details' is clicked on

2018-01-03 19:26:16 - [MESSAGE][PASSED] - Object: 'Object Repository/Account/a_Account Details' is clicked on

2018-01-03 19:26:16 - [TEST_STEP][PASSED] - delay: Delayed 1 second(s)

2018-01-03 19:26:17 - [MESSAGE][PASSED] - Delayed 1 second(s)

2018-01-03 19:26:17 - [TEST_STEP][PASSED] - click: Object: 'Object Repository/Account/a_ Password tab' is clicked on

2018-01-03 19:26:17 - [MESSAGE][PASSED] - Object: 'Object Repository/Account/a_ Password tab' is clicked on

2018-01-03 19:26:17 - [TEST_STEP][PASSED] - delay: Delayed 1 second(s)

2018-01-03 19:26:18 - [MESSAGE][PASSED] - Delayed 1 second(s)

2018-01-03 19:26:18 - [TEST_STEP][PASSED] - setText: Text '0ddleatw' is set on object 'Object Repository/Account/input_password'

2018-01-03 19:26:19 - [MESSAGE][PASSED] - Text '0ddleatw' is set on object 'Object Repository/Account/input_password'

2018-01-03 19:26:19 - [TEST_STEP][PASSED] - setText: Text 'newpassword' is set on object 'Object Repository/Account/input_newpassword'

2018-01-03 19:26:19 - [MESSAGE][PASSED] - Text 'newpassword' is set on object 'Object Repository/Account/input_newpassword'

2018-01-03 19:26:19 - [TEST_STEP][PASSED] - setText: Text 'newpasswordmismatch' is set on object 'Object Repository/Account/input_renewpassword'

2018-01-03 19:26:19 - [MESSAGE][PASSED] - Text 'newpasswordmismatch' is set on object 'Object Repository/Account/input_renewpassword'

2018-01-03 19:26:19 - [TEST_STEP][PASSED] - click: Object: 'Object Repository/Account/button_Save password' is clicked on

2018-01-03 19:26:19 - [MESSAGE][PASSED] - Object: 'Object Repository/Account/button_Save password' is clicked on

2018-01-03 19:26:19 - [TEST_STEP][PASSED] - delay: Delayed 3 second(s)

2018-01-03 19:26:22 - [MESSAGE][PASSED] - Delayed 3 second(s)

2018-01-03 19:26:22 - [TEST_STEP][PASSED] - verifyElementText: Actual text and expected text of test object 'Object Repository/Account/div_passwords error' are matched.

2018-01-03 19:26:22 - [MESSAGE][PASSED] - Actual text and expected text of test object 'Object Repository/Account/div_passwords error' are matched.

2018-01-03 19:26:22 - [TEST_STEP][PASSED] - delay: Delayed 1 second(s)

2018-01-03 19:26:23 - [MESSAGE][PASSED] - Delayed 1 second(s)

2018-01-03 19:26:23 - [TEST_STEP][PASSED] - click: Object: 'Object Repository/LogIn/div_Hi user' is clicked on

2018-01-03 19:26:23 - [MESSAGE][PASSED] - Object: 'Object Repository/LogIn/div_Hi user' is clicked on

2018-01-03 19:26:23 - [TEST_STEP][PASSED] - delay: Delayed 1 second(s)

2018-01-03 19:26:24 - [MESSAGE][PASSED] - Delayed 1 second(s)

2018-01-03 19:26:24 - [TEST_STEP][PASSED] - click: Object: 'Object Repository/LogIn/a_Sign out' is clicked on

2018-01-03 19:26:24 - [MESSAGE][PASSED] - Object: 'Object Repository/LogIn/a_Sign out' is clicked on

2018-01-03 19:26:24 - [TEST_STEP][PASSED] - delay: Delayed 1 second(s)

2018-01-03 19:26:25 - [MESSAGE][PASSED] - Delayed 1 second(s)

2018-01-03 19:26:25 - [TEST_STEP][PASSED] - click: Object: 'Object Repository/Account/button_Sign Out' is clicked on

2018-01-03 19:26:26 - [MESSAGE][PASSED] - Object: 'Object Repository/Account/button_Sign Out' is clicked on

2018-01-03 19:26:26 - [TEST_STEP][PASSED] - delay: Delayed 1 second(s)

2018-01-03 19:26:27 - [MESSAGE][PASSED] - Delayed 1 second(s)

2018-01-03 19:26:27 - [TEST_STEP][PASSED] - autoKeywords.verifyLoggedOut.verifyNotLogged: autoKeywords.verifyLoggedOut.verifyNotLogged is PASSED

2018-01-03 19:26:27 - [MESSAGE][WARNING] - Timeout '0' is invalid. Using default page load timeout: '5'

2018-01-03 19:26:27 - [MESSAGE][PASSED] - Object 'Object Repository/LogIn/div_Log in' is present

2018-01-03 19:26:27 - [MESSAGE][PASSED] - autoKeywords.verifyLoggedOut.verifyNotLogged is PASSED

2018-01-03 19:26:27 - [TEST_STEP][PASSED] - click: Object: 'Object Repository/LogIn/div_Log in' is clicked on

2018-01-03 19:26:27 - [MESSAGE][PASSED] - Object: 'Object Repository/LogIn/div_Log in' is clicked on

2018-01-03 19:26:27 - [TEST_STEP][PASSED] - setText: Text 'kevin.ang@oddle.me' is set on object 'Object Repository/LogIn/input_email'

2018-01-03 19:26:28 - [MESSAGE][PASSED] - Text 'kevin.ang@oddle.me' is set on object 'Object Repository/LogIn/input_email'

2018-01-03 19:26:28 - [TEST_STEP][PASSED] - setText: Text 'newpassword' is set on object 'Object Repository/LogIn/input_password'

2018-01-03 19:26:28 - [MESSAGE][PASSED] - Text 'newpassword' is set on object 'Object Repository/LogIn/input_password'

2018-01-03 19:26:28 - [TEST_STEP][PASSED] - click: Object: 'Object Repository/LogIn/button_Login' is clicked on

2018-01-03 19:26:28 - [MESSAGE][PASSED] - Object: 'Object Repository/LogIn/button_Login' is clicked on

2018-01-03 19:26:28 - [TEST_STEP][PASSED] - delay: Delayed 3 second(s)

2018-01-03 19:26:31 - [MESSAGE][PASSED] - Delayed 3 second(s)

2018-01-03 19:26:31 - [TEST_STEP][PASSED] - autoKeywords.verifyLoggedOut.verifyNotLogged: autoKeywords.verifyLoggedOut.verifyNotLogged is PASSED

2018-01-03 19:26:31 - [MESSAGE][WARNING] - Timeout '0' is invalid. Using default page load timeout: '5'

2018-01-03 19:26:31 - [MESSAGE][PASSED] - Object 'Object Repository/LogIn/div_Log in' is present

2018-01-03 19:26:31 - [MESSAGE][PASSED] - autoKeywords.verifyLoggedOut.verifyNotLogged is PASSED]]></system-out>
         <system-err><![CDATA[]]></system-err>
      </testcase>
      <testcase name="Test Cases/042_account_address_add" classname="Test Cases/042_account_address_add" status="PASSED">
         <system-out><![CDATA[2018-01-03 19:26:32 - [TEST_CASE][PASSED] - Test Cases/042_account_address_add: Test Cases/042_account_address_add

2018-01-03 19:26:32 - [TEST_STEP][PASSED] - callTestCase: Call Test Case 'Test Cases/001_login_email_successful' successfully

2018-01-03 19:26:32 - [TEST_CASE][PASSED] - Test Cases/001_login_email_successful: Test Cases/001_login_email_successful

2018-01-03 19:26:32 - [TEST_STEP][PASSED] - openBrowser: Browser is opened with url: ''

2018-01-03 19:26:34 - [MESSAGE][PASSED] - Browser is opened with url: ''

2018-01-03 19:26:34 - [TEST_STEP][PASSED] - navigateToUrl: Navigate to 'http://mcdonaldstest.staging.oddle.co' successfully

2018-01-03 19:26:36 - [MESSAGE][PASSED] - Navigate to 'http://mcdonaldstest.staging.oddle.co' successfully

2018-01-03 19:26:36 - [TEST_STEP][PASSED] - click: Object: 'Object Repository/LogIn/div_Log in' is clicked on

2018-01-03 19:26:37 - [MESSAGE][PASSED] - Object: 'Object Repository/LogIn/div_Log in' is clicked on

2018-01-03 19:26:37 - [TEST_STEP][PASSED] - setText: Text 'kevin.ang@oddle.me' is set on object 'Object Repository/LogIn/input_email'

2018-01-03 19:26:38 - [MESSAGE][PASSED] - Text 'kevin.ang@oddle.me' is set on object 'Object Repository/LogIn/input_email'

2018-01-03 19:26:38 - [TEST_STEP][PASSED] - setText: Text '0ddleatw' is set on object 'Object Repository/LogIn/input_password'

2018-01-03 19:26:39 - [MESSAGE][PASSED] - Text '0ddleatw' is set on object 'Object Repository/LogIn/input_password'

2018-01-03 19:26:39 - [TEST_STEP][PASSED] - click: Object: 'Object Repository/LogIn/button_Login' is clicked on

2018-01-03 19:26:39 - [MESSAGE][PASSED] - Object: 'Object Repository/LogIn/button_Login' is clicked on

2018-01-03 19:26:39 - [TEST_STEP][PASSED] - delay: Delayed 3 second(s)

2018-01-03 19:26:42 - [MESSAGE][PASSED] - Delayed 3 second(s)

2018-01-03 19:26:42 - [TEST_STEP][PASSED] - autoKeywords.verifyLoggedIn.verifyLogged: autoKeywords.verifyLoggedIn.verifyLogged is PASSED

2018-01-03 19:26:42 - [MESSAGE][PASSED] - Text of object 'Object Repository/LogIn/div_Hi user' is: 'Hi, John'

2018-01-03 19:26:42 - [MESSAGE][PASSED] - Actual text 'Hi, John' and expected text 'Log In' are not matched 

2018-01-03 19:26:42 - [MESSAGE][PASSED] - autoKeywords.verifyLoggedIn.verifyLogged is PASSED

2018-01-03 19:26:42 - [MESSAGE][PASSED] - Call Test Case 'Test Cases/001_login_email_successful' successfully

2018-01-03 19:26:42 - [TEST_STEP][PASSED] - click: Object: 'Object Repository/LogIn/div_Hi user' is clicked on

2018-01-03 19:26:42 - [MESSAGE][PASSED] - Object: 'Object Repository/LogIn/div_Hi user' is clicked on

2018-01-03 19:26:42 - [TEST_STEP][PASSED] - delay: Delayed 1 second(s)

2018-01-03 19:26:43 - [MESSAGE][PASSED] - Delayed 1 second(s)

2018-01-03 19:26:43 - [TEST_STEP][PASSED] - click: Object: 'Object Repository/Account/a_Address Book' is clicked on

2018-01-03 19:26:43 - [MESSAGE][PASSED] - Object: 'Object Repository/Account/a_Address Book' is clicked on

2018-01-03 19:26:43 - [TEST_STEP][PASSED] - click: Object: 'Object Repository/Account/button_Add Address' is clicked on

2018-01-03 19:26:43 - [MESSAGE][PASSED] - Object: 'Object Repository/Account/button_Add Address' is clicked on

2018-01-03 19:26:43 - [TEST_STEP][PASSED] - setText: Text '139951' is set on object 'Object Repository/Account/input_deliveryAddressPostal'

2018-01-03 19:26:43 - [MESSAGE][PASSED] - Text '139951' is set on object 'Object Repository/Account/input_deliveryAddressPostal'

2018-01-03 19:26:43 - [TEST_STEP][PASSED] - delay: Delayed 3 second(s)

2018-01-03 19:26:46 - [MESSAGE][PASSED] - Delayed 3 second(s)

2018-01-03 19:26:46 - [TEST_STEP][PASSED] - setText: Text '01-23' is set on object 'Object Repository/Account/input_deliveryAddressTwo'

2018-01-03 19:26:46 - [MESSAGE][PASSED] - Text '01-23' is set on object 'Object Repository/Account/input_deliveryAddressTwo'

2018-01-03 19:26:46 - [TEST_STEP][PASSED] - click: Object: 'Object Repository/Account/button_Save Address' is clicked on

2018-01-03 19:26:47 - [MESSAGE][PASSED] - Object: 'Object Repository/Account/button_Save Address' is clicked on

2018-01-03 19:26:47 - [TEST_STEP][PASSED] - delay: Delayed 3 second(s)

2018-01-03 19:26:50 - [MESSAGE][PASSED] - Delayed 3 second(s)

2018-01-03 19:26:50 - [TEST_STEP][PASSED] - click: Object: 'Object Repository/HomePage/a_Home' is clicked on

2018-01-03 19:26:50 - [MESSAGE][PASSED] - Object: 'Object Repository/HomePage/a_Home' is clicked on

2018-01-03 19:26:50 - [TEST_STEP][PASSED] - click: Object: 'Object Repository/LogIn/div_Hi user' is clicked on

2018-01-03 19:26:50 - [MESSAGE][PASSED] - Object: 'Object Repository/LogIn/div_Hi user' is clicked on

2018-01-03 19:26:50 - [TEST_STEP][PASSED] - delay: Delayed 1 second(s)

2018-01-03 19:26:51 - [MESSAGE][PASSED] - Delayed 1 second(s)

2018-01-03 19:26:51 - [TEST_STEP][PASSED] - click: Object: 'Object Repository/Account/a_Address Book' is clicked on

2018-01-03 19:26:51 - [MESSAGE][PASSED] - Object: 'Object Repository/Account/a_Address Book' is clicked on

2018-01-03 19:26:51 - [TEST_STEP][PASSED] - delay: Delayed 1 second(s)

2018-01-03 19:26:52 - [MESSAGE][PASSED] - Delayed 1 second(s)

2018-01-03 19:26:52 - [TEST_STEP][PASSED] - verifyElementPresent: Object 'Object Repository/Account/div_new address added' is present

2018-01-03 19:26:52 - [MESSAGE][WARNING] - Timeout '0' is invalid. Using default page load timeout: '5'

2018-01-03 19:26:52 - [MESSAGE][PASSED] - Object 'Object Repository/Account/div_new address added' is present

2018-01-03 19:26:52 - [TEST_STEP][PASSED] - verifyElementPresent: Object 'Object Repository/Account/h4_new address header' is present

2018-01-03 19:26:52 - [MESSAGE][WARNING] - Timeout '0' is invalid. Using default page load timeout: '5'

2018-01-03 19:26:52 - [MESSAGE][PASSED] - Object 'Object Repository/Account/h4_new address header' is present

2018-01-03 19:26:52 - [TEST_STEP][PASSED] - verifyElementText: Actual text and expected text of test object 'Object Repository/Account/span_new address postcode' are matched.

2018-01-03 19:26:52 - [MESSAGE][PASSED] - Actual text and expected text of test object 'Object Repository/Account/span_new address postcode' are matched.]]></system-out>
         <system-err><![CDATA[]]></system-err>
      </testcase>
      <testcase name="Test Cases/045_account_address_delete" classname="Test Cases/045_account_address_delete" status="PASSED">
         <system-out><![CDATA[2018-01-03 19:26:53 - [TEST_CASE][PASSED] - Test Cases/045_account_address_delete: Test Cases/045_account_address_delete

2018-01-03 19:26:53 - [TEST_STEP][PASSED] - callTestCase: Call Test Case 'Test Cases/001_login_email_successful' successfully

2018-01-03 19:26:53 - [TEST_CASE][PASSED] - Test Cases/001_login_email_successful: Test Cases/001_login_email_successful

2018-01-03 19:26:53 - [TEST_STEP][PASSED] - openBrowser: Browser is opened with url: ''

2018-01-03 19:26:55 - [MESSAGE][PASSED] - Browser is opened with url: ''

2018-01-03 19:26:55 - [TEST_STEP][PASSED] - navigateToUrl: Navigate to 'http://mcdonaldstest.staging.oddle.co' successfully

2018-01-03 19:26:57 - [MESSAGE][PASSED] - Navigate to 'http://mcdonaldstest.staging.oddle.co' successfully

2018-01-03 19:26:57 - [TEST_STEP][PASSED] - click: Object: 'Object Repository/LogIn/div_Log in' is clicked on

2018-01-03 19:26:57 - [MESSAGE][PASSED] - Object: 'Object Repository/LogIn/div_Log in' is clicked on

2018-01-03 19:26:57 - [TEST_STEP][PASSED] - setText: Text 'kevin.ang@oddle.me' is set on object 'Object Repository/LogIn/input_email'

2018-01-03 19:26:59 - [MESSAGE][PASSED] - Text 'kevin.ang@oddle.me' is set on object 'Object Repository/LogIn/input_email'

2018-01-03 19:26:59 - [TEST_STEP][PASSED] - setText: Text '0ddleatw' is set on object 'Object Repository/LogIn/input_password'

2018-01-03 19:26:59 - [MESSAGE][PASSED] - Text '0ddleatw' is set on object 'Object Repository/LogIn/input_password'

2018-01-03 19:26:59 - [TEST_STEP][PASSED] - click: Object: 'Object Repository/LogIn/button_Login' is clicked on

2018-01-03 19:26:59 - [MESSAGE][PASSED] - Object: 'Object Repository/LogIn/button_Login' is clicked on

2018-01-03 19:26:59 - [TEST_STEP][PASSED] - delay: Delayed 3 second(s)

2018-01-03 19:27:02 - [MESSAGE][PASSED] - Delayed 3 second(s)

2018-01-03 19:27:02 - [TEST_STEP][PASSED] - autoKeywords.verifyLoggedIn.verifyLogged: autoKeywords.verifyLoggedIn.verifyLogged is PASSED

2018-01-03 19:27:02 - [MESSAGE][PASSED] - Text of object 'Object Repository/LogIn/div_Hi user' is: 'Hi, John'

2018-01-03 19:27:02 - [MESSAGE][PASSED] - Actual text 'Hi, John' and expected text 'Log In' are not matched 

2018-01-03 19:27:02 - [MESSAGE][PASSED] - autoKeywords.verifyLoggedIn.verifyLogged is PASSED

2018-01-03 19:27:02 - [MESSAGE][PASSED] - Call Test Case 'Test Cases/001_login_email_successful' successfully

2018-01-03 19:27:02 - [TEST_STEP][PASSED] - click: Object: 'Object Repository/LogIn/div_Hi user' is clicked on

2018-01-03 19:27:02 - [MESSAGE][PASSED] - Object: 'Object Repository/LogIn/div_Hi user' is clicked on

2018-01-03 19:27:02 - [TEST_STEP][PASSED] - delay: Delayed 1 second(s)

2018-01-03 19:27:03 - [MESSAGE][PASSED] - Delayed 1 second(s)

2018-01-03 19:27:03 - [TEST_STEP][PASSED] - click: Object: 'Object Repository/Account/a_Address Book' is clicked on

2018-01-03 19:27:03 - [MESSAGE][PASSED] - Object: 'Object Repository/Account/a_Address Book' is clicked on

2018-01-03 19:27:03 - [TEST_STEP][PASSED] - click: Object: 'Object Repository/Account/button_delete address' is clicked on

2018-01-03 19:27:04 - [MESSAGE][PASSED] - Object: 'Object Repository/Account/button_delete address' is clicked on

2018-01-03 19:27:04 - [TEST_STEP][PASSED] - delay: Delayed 1 second(s)

2018-01-03 19:27:05 - [MESSAGE][PASSED] - Delayed 1 second(s)

2018-01-03 19:27:05 - [TEST_STEP][PASSED] - click: Object: 'Object Repository/Account/button_Confirm' is clicked on

2018-01-03 19:27:05 - [MESSAGE][PASSED] - Object: 'Object Repository/Account/button_Confirm' is clicked on]]></system-out>
         <system-err><![CDATA[]]></system-err>
      </testcase>
      <testcase name="Test Cases/043_account_address_add_nopostalcode" classname="Test Cases/043_account_address_add_nopostalcode" status="PASSED">
         <system-out><![CDATA[2018-01-03 19:27:06 - [TEST_CASE][PASSED] - Test Cases/043_account_address_add_nopostalcode: Test Cases/043_account_address_add_nopostalcode

2018-01-03 19:27:06 - [TEST_STEP][PASSED] - callTestCase: Call Test Case 'Test Cases/001_login_email_successful' successfully

2018-01-03 19:27:06 - [TEST_CASE][PASSED] - Test Cases/001_login_email_successful: Test Cases/001_login_email_successful

2018-01-03 19:27:06 - [TEST_STEP][PASSED] - openBrowser: Browser is opened with url: ''

2018-01-03 19:27:08 - [MESSAGE][PASSED] - Browser is opened with url: ''

2018-01-03 19:27:08 - [TEST_STEP][PASSED] - navigateToUrl: Navigate to 'http://mcdonaldstest.staging.oddle.co' successfully

2018-01-03 19:27:10 - [MESSAGE][PASSED] - Navigate to 'http://mcdonaldstest.staging.oddle.co' successfully

2018-01-03 19:27:10 - [TEST_STEP][PASSED] - click: Object: 'Object Repository/LogIn/div_Log in' is clicked on

2018-01-03 19:27:10 - [MESSAGE][PASSED] - Object: 'Object Repository/LogIn/div_Log in' is clicked on

2018-01-03 19:27:10 - [TEST_STEP][PASSED] - setText: Text 'kevin.ang@oddle.me' is set on object 'Object Repository/LogIn/input_email'

2018-01-03 19:27:12 - [MESSAGE][PASSED] - Text 'kevin.ang@oddle.me' is set on object 'Object Repository/LogIn/input_email'

2018-01-03 19:27:12 - [TEST_STEP][PASSED] - setText: Text '0ddleatw' is set on object 'Object Repository/LogIn/input_password'

2018-01-03 19:27:12 - [MESSAGE][PASSED] - Text '0ddleatw' is set on object 'Object Repository/LogIn/input_password'

2018-01-03 19:27:12 - [TEST_STEP][PASSED] - click: Object: 'Object Repository/LogIn/button_Login' is clicked on

2018-01-03 19:27:12 - [MESSAGE][PASSED] - Object: 'Object Repository/LogIn/button_Login' is clicked on

2018-01-03 19:27:12 - [TEST_STEP][PASSED] - delay: Delayed 3 second(s)

2018-01-03 19:27:15 - [MESSAGE][PASSED] - Delayed 3 second(s)

2018-01-03 19:27:15 - [TEST_STEP][PASSED] - autoKeywords.verifyLoggedIn.verifyLogged: autoKeywords.verifyLoggedIn.verifyLogged is PASSED

2018-01-03 19:27:15 - [MESSAGE][PASSED] - Text of object 'Object Repository/LogIn/div_Hi user' is: 'Hi, John'

2018-01-03 19:27:15 - [MESSAGE][PASSED] - Actual text 'Hi, John' and expected text 'Log In' are not matched 

2018-01-03 19:27:15 - [MESSAGE][PASSED] - autoKeywords.verifyLoggedIn.verifyLogged is PASSED

2018-01-03 19:27:15 - [MESSAGE][PASSED] - Call Test Case 'Test Cases/001_login_email_successful' successfully

2018-01-03 19:27:15 - [TEST_STEP][PASSED] - click: Object: 'Object Repository/LogIn/div_Hi user' is clicked on

2018-01-03 19:27:15 - [MESSAGE][PASSED] - Object: 'Object Repository/LogIn/div_Hi user' is clicked on

2018-01-03 19:27:15 - [TEST_STEP][PASSED] - delay: Delayed 1 second(s)

2018-01-03 19:27:16 - [MESSAGE][PASSED] - Delayed 1 second(s)

2018-01-03 19:27:16 - [TEST_STEP][PASSED] - click: Object: 'Object Repository/Account/a_Address Book' is clicked on

2018-01-03 19:27:16 - [MESSAGE][PASSED] - Object: 'Object Repository/Account/a_Address Book' is clicked on

2018-01-03 19:27:16 - [TEST_STEP][PASSED] - click: Object: 'Object Repository/Account/button_Add Address' is clicked on

2018-01-03 19:27:17 - [MESSAGE][PASSED] - Object: 'Object Repository/Account/button_Add Address' is clicked on

2018-01-03 19:27:17 - [TEST_STEP][PASSED] - setText: Text '111111' is set on object 'Object Repository/Account/input_deliveryAddressPostal'

2018-01-03 19:27:17 - [MESSAGE][PASSED] - Text '111111' is set on object 'Object Repository/Account/input_deliveryAddressPostal'

2018-01-03 19:27:17 - [TEST_STEP][PASSED] - delay: Delayed 3 second(s)

2018-01-03 19:27:20 - [MESSAGE][PASSED] - Delayed 3 second(s)

2018-01-03 19:27:20 - [TEST_STEP][PASSED] - setText: Text '01-23' is set on object 'Object Repository/Account/input_deliveryAddressTwo'

2018-01-03 19:27:20 - [MESSAGE][PASSED] - Text '01-23' is set on object 'Object Repository/Account/input_deliveryAddressTwo'

2018-01-03 19:27:20 - [TEST_STEP][PASSED] - click: Object: 'Object Repository/Account/button_Save Address' is clicked on

2018-01-03 19:27:20 - [MESSAGE][PASSED] - Object: 'Object Repository/Account/button_Save Address' is clicked on

2018-01-03 19:27:20 - [TEST_STEP][PASSED] - delay: Delayed 3 second(s)

2018-01-03 19:27:23 - [MESSAGE][PASSED] - Delayed 3 second(s)

2018-01-03 19:27:23 - [TEST_STEP][PASSED] - setText: Text '71 Ayer Rajah Crescent' is set on object 'Object Repository/Account/input_deliveryAddressOne'

2018-01-03 19:27:24 - [MESSAGE][PASSED] - Text '71 Ayer Rajah Crescent' is set on object 'Object Repository/Account/input_deliveryAddressOne'

2018-01-03 19:27:24 - [TEST_STEP][PASSED] - click: Object: 'Object Repository/Account/button_Save Address' is clicked on

2018-01-03 19:27:24 - [MESSAGE][PASSED] - Object: 'Object Repository/Account/button_Save Address' is clicked on

2018-01-03 19:27:24 - [TEST_STEP][PASSED] - delay: Delayed 3 second(s)

2018-01-03 19:27:27 - [MESSAGE][PASSED] - Delayed 3 second(s)

2018-01-03 19:27:27 - [TEST_STEP][PASSED] - click: Object: 'Object Repository/LogIn/div_Hi user' is clicked on

2018-01-03 19:27:27 - [MESSAGE][PASSED] - Object: 'Object Repository/LogIn/div_Hi user' is clicked on

2018-01-03 19:27:27 - [TEST_STEP][PASSED] - delay: Delayed 1 second(s)

2018-01-03 19:27:28 - [MESSAGE][PASSED] - Delayed 1 second(s)

2018-01-03 19:27:28 - [TEST_STEP][PASSED] - click: Object: 'Object Repository/Account/a_Address Book' is clicked on

2018-01-03 19:27:28 - [MESSAGE][PASSED] - Object: 'Object Repository/Account/a_Address Book' is clicked on

2018-01-03 19:27:28 - [TEST_STEP][PASSED] - delay: Delayed 1 second(s)

2018-01-03 19:27:29 - [MESSAGE][PASSED] - Delayed 1 second(s)

2018-01-03 19:27:29 - [TEST_STEP][PASSED] - verifyElementPresent: Object 'Object Repository/Account/div_new address added' is present

2018-01-03 19:27:29 - [MESSAGE][WARNING] - Timeout '0' is invalid. Using default page load timeout: '5'

2018-01-03 19:27:29 - [MESSAGE][PASSED] - Object 'Object Repository/Account/div_new address added' is present

2018-01-03 19:27:29 - [TEST_STEP][PASSED] - verifyElementPresent: Object 'Object Repository/Account/h4_new address header' is present

2018-01-03 19:27:29 - [MESSAGE][WARNING] - Timeout '0' is invalid. Using default page load timeout: '5'

2018-01-03 19:27:29 - [MESSAGE][PASSED] - Object 'Object Repository/Account/h4_new address header' is present

2018-01-03 19:27:29 - [TEST_STEP][PASSED] - verifyElementText: Actual text and expected text of test object 'Object Repository/Account/span_new address postcode' are matched.

2018-01-03 19:27:29 - [MESSAGE][PASSED] - Actual text and expected text of test object 'Object Repository/Account/span_new address postcode' are matched.]]></system-out>
         <system-err><![CDATA[]]></system-err>
      </testcase>
      <testcase name="Test Cases/044_account_address_add_wrongpostalcode" classname="Test Cases/044_account_address_add_wrongpostalcode" status="PASSED">
         <system-out><![CDATA[2018-01-03 19:27:30 - [TEST_CASE][PASSED] - Test Cases/044_account_address_add_wrongpostalcode: Test Cases/044_account_address_add_wrongpostalcode

2018-01-03 19:27:30 - [TEST_STEP][PASSED] - callTestCase: Call Test Case 'Test Cases/001_login_email_successful' successfully

2018-01-03 19:27:30 - [TEST_CASE][PASSED] - Test Cases/001_login_email_successful: Test Cases/001_login_email_successful

2018-01-03 19:27:30 - [TEST_STEP][PASSED] - openBrowser: Browser is opened with url: ''

2018-01-03 19:27:32 - [MESSAGE][PASSED] - Browser is opened with url: ''

2018-01-03 19:27:32 - [TEST_STEP][PASSED] - navigateToUrl: Navigate to 'http://mcdonaldstest.staging.oddle.co' successfully

2018-01-03 19:27:34 - [MESSAGE][PASSED] - Navigate to 'http://mcdonaldstest.staging.oddle.co' successfully

2018-01-03 19:27:34 - [TEST_STEP][PASSED] - click: Object: 'Object Repository/LogIn/div_Log in' is clicked on

2018-01-03 19:27:35 - [MESSAGE][PASSED] - Object: 'Object Repository/LogIn/div_Log in' is clicked on

2018-01-03 19:27:35 - [TEST_STEP][PASSED] - setText: Text 'kevin.ang@oddle.me' is set on object 'Object Repository/LogIn/input_email'

2018-01-03 19:27:36 - [MESSAGE][PASSED] - Text 'kevin.ang@oddle.me' is set on object 'Object Repository/LogIn/input_email'

2018-01-03 19:27:36 - [TEST_STEP][PASSED] - setText: Text '0ddleatw' is set on object 'Object Repository/LogIn/input_password'

2018-01-03 19:27:36 - [MESSAGE][PASSED] - Text '0ddleatw' is set on object 'Object Repository/LogIn/input_password'

2018-01-03 19:27:36 - [TEST_STEP][PASSED] - click: Object: 'Object Repository/LogIn/button_Login' is clicked on

2018-01-03 19:27:36 - [MESSAGE][PASSED] - Object: 'Object Repository/LogIn/button_Login' is clicked on

2018-01-03 19:27:36 - [TEST_STEP][PASSED] - delay: Delayed 3 second(s)

2018-01-03 19:27:39 - [MESSAGE][PASSED] - Delayed 3 second(s)

2018-01-03 19:27:39 - [TEST_STEP][PASSED] - autoKeywords.verifyLoggedIn.verifyLogged: autoKeywords.verifyLoggedIn.verifyLogged is PASSED

2018-01-03 19:27:39 - [MESSAGE][PASSED] - Text of object 'Object Repository/LogIn/div_Hi user' is: 'Hi, John'

2018-01-03 19:27:39 - [MESSAGE][PASSED] - Actual text 'Hi, John' and expected text 'Log In' are not matched 

2018-01-03 19:27:39 - [MESSAGE][PASSED] - autoKeywords.verifyLoggedIn.verifyLogged is PASSED

2018-01-03 19:27:39 - [MESSAGE][PASSED] - Call Test Case 'Test Cases/001_login_email_successful' successfully

2018-01-03 19:27:39 - [TEST_STEP][PASSED] - click: Object: 'Object Repository/LogIn/div_Hi user' is clicked on

2018-01-03 19:27:39 - [MESSAGE][PASSED] - Object: 'Object Repository/LogIn/div_Hi user' is clicked on

2018-01-03 19:27:39 - [TEST_STEP][PASSED] - delay: Delayed 1 second(s)

2018-01-03 19:27:40 - [MESSAGE][PASSED] - Delayed 1 second(s)

2018-01-03 19:27:40 - [TEST_STEP][PASSED] - click: Object: 'Object Repository/Account/a_Address Book' is clicked on

2018-01-03 19:27:41 - [MESSAGE][PASSED] - Object: 'Object Repository/Account/a_Address Book' is clicked on

2018-01-03 19:27:41 - [TEST_STEP][PASSED] - click: Object: 'Object Repository/Account/button_Add Address' is clicked on

2018-01-03 19:27:41 - [MESSAGE][PASSED] - Object: 'Object Repository/Account/button_Add Address' is clicked on

2018-01-03 19:27:41 - [TEST_STEP][PASSED] - setText: Text 'wrongpostalformat' is set on object 'Object Repository/Account/input_deliveryAddressPostal'

2018-01-03 19:27:42 - [MESSAGE][PASSED] - Text 'wrongpostalformat' is set on object 'Object Repository/Account/input_deliveryAddressPostal'

2018-01-03 19:27:42 - [TEST_STEP][PASSED] - delay: Delayed 3 second(s)

2018-01-03 19:27:45 - [MESSAGE][PASSED] - Delayed 3 second(s)

2018-01-03 19:27:45 - [TEST_STEP][PASSED] - click: Object: 'Object Repository/Account/button_Save Address' is clicked on

2018-01-03 19:27:45 - [MESSAGE][PASSED] - Object: 'Object Repository/Account/button_Save Address' is clicked on

2018-01-03 19:27:45 - [TEST_STEP][PASSED] - delay: Delayed 3 second(s)

2018-01-03 19:27:48 - [MESSAGE][PASSED] - Delayed 3 second(s)

2018-01-03 19:27:48 - [TEST_STEP][PASSED] - verifyElementPresent: Object 'Object Repository/Account/button_Save Address' is present

2018-01-03 19:27:48 - [MESSAGE][WARNING] - Timeout '0' is invalid. Using default page load timeout: '5'

2018-01-03 19:27:48 - [MESSAGE][PASSED] - Object 'Object Repository/Account/button_Save Address' is present

2018-01-03 19:27:48 - [TEST_STEP][PASSED] - verifyElementAttributeValue: Object 'Object Repository/Account/input_deliveryAddressPostal' has attribute 'value' with value 'wrongpostalformat'

2018-01-03 19:27:48 - [MESSAGE][WARNING] - Timeout '0' is invalid. Using default page load timeout: '5'

2018-01-03 19:27:48 - [MESSAGE][PASSED] - Object 'Object Repository/Account/input_deliveryAddressPostal' has attribute 'value' with value 'wrongpostalformat']]></system-out>
         <system-err><![CDATA[]]></system-err>
      </testcase>
      <testcase name="Test Cases/046_account_address_edit" classname="Test Cases/046_account_address_edit" status="PASSED">
         <system-out><![CDATA[2018-01-03 19:27:49 - [TEST_CASE][PASSED] - Test Cases/046_account_address_edit: Test Cases/046_account_address_edit

2018-01-03 19:27:49 - [TEST_STEP][PASSED] - callTestCase: Call Test Case 'Test Cases/001_login_email_successful' successfully

2018-01-03 19:27:49 - [TEST_CASE][PASSED] - Test Cases/001_login_email_successful: Test Cases/001_login_email_successful

2018-01-03 19:27:49 - [TEST_STEP][PASSED] - openBrowser: Browser is opened with url: ''

2018-01-03 19:27:51 - [MESSAGE][PASSED] - Browser is opened with url: ''

2018-01-03 19:27:51 - [TEST_STEP][PASSED] - navigateToUrl: Navigate to 'http://mcdonaldstest.staging.oddle.co' successfully

2018-01-03 19:27:53 - [MESSAGE][PASSED] - Navigate to 'http://mcdonaldstest.staging.oddle.co' successfully

2018-01-03 19:27:53 - [TEST_STEP][PASSED] - click: Object: 'Object Repository/LogIn/div_Log in' is clicked on

2018-01-03 19:27:53 - [MESSAGE][PASSED] - Object: 'Object Repository/LogIn/div_Log in' is clicked on

2018-01-03 19:27:53 - [TEST_STEP][PASSED] - setText: Text 'kevin.ang@oddle.me' is set on object 'Object Repository/LogIn/input_email'

2018-01-03 19:27:55 - [MESSAGE][PASSED] - Text 'kevin.ang@oddle.me' is set on object 'Object Repository/LogIn/input_email'

2018-01-03 19:27:55 - [TEST_STEP][PASSED] - setText: Text '0ddleatw' is set on object 'Object Repository/LogIn/input_password'

2018-01-03 19:27:55 - [MESSAGE][PASSED] - Text '0ddleatw' is set on object 'Object Repository/LogIn/input_password'

2018-01-03 19:27:55 - [TEST_STEP][PASSED] - click: Object: 'Object Repository/LogIn/button_Login' is clicked on

2018-01-03 19:27:55 - [MESSAGE][PASSED] - Object: 'Object Repository/LogIn/button_Login' is clicked on

2018-01-03 19:27:55 - [TEST_STEP][PASSED] - delay: Delayed 3 second(s)

2018-01-03 19:27:58 - [MESSAGE][PASSED] - Delayed 3 second(s)

2018-01-03 19:27:58 - [TEST_STEP][PASSED] - autoKeywords.verifyLoggedIn.verifyLogged: autoKeywords.verifyLoggedIn.verifyLogged is PASSED

2018-01-03 19:27:58 - [MESSAGE][PASSED] - Text of object 'Object Repository/LogIn/div_Hi user' is: 'Hi, John'

2018-01-03 19:27:58 - [MESSAGE][PASSED] - Actual text 'Hi, John' and expected text 'Log In' are not matched 

2018-01-03 19:27:58 - [MESSAGE][PASSED] - autoKeywords.verifyLoggedIn.verifyLogged is PASSED

2018-01-03 19:27:58 - [MESSAGE][PASSED] - Call Test Case 'Test Cases/001_login_email_successful' successfully

2018-01-03 19:27:58 - [TEST_STEP][PASSED] - click: Object: 'Object Repository/LogIn/div_Hi user' is clicked on

2018-01-03 19:27:58 - [MESSAGE][PASSED] - Object: 'Object Repository/LogIn/div_Hi user' is clicked on

2018-01-03 19:27:58 - [TEST_STEP][PASSED] - delay: Delayed 1 second(s)

2018-01-03 19:27:59 - [MESSAGE][PASSED] - Delayed 1 second(s)

2018-01-03 19:27:59 - [TEST_STEP][PASSED] - click: Object: 'Object Repository/Account/a_Address Book' is clicked on

2018-01-03 19:27:59 - [MESSAGE][PASSED] - Object: 'Object Repository/Account/a_Address Book' is clicked on

2018-01-03 19:27:59 - [TEST_STEP][PASSED] - click: Object: 'Object Repository/Account/button_edit address' is clicked on

2018-01-03 19:28:00 - [MESSAGE][PASSED] - Object: 'Object Repository/Account/button_edit address' is clicked on

2018-01-03 19:28:00 - [TEST_STEP][PASSED] - delay: Delayed 1 second(s)

2018-01-03 19:28:01 - [MESSAGE][PASSED] - Delayed 1 second(s)

2018-01-03 19:28:01 - [TEST_STEP][PASSED] - setText: Text '139951' is set on object 'Object Repository/Account/input_deliveryAddressPostal'

2018-01-03 19:28:01 - [MESSAGE][PASSED] - Text '139951' is set on object 'Object Repository/Account/input_deliveryAddressPostal'

2018-01-03 19:28:01 - [TEST_STEP][PASSED] - delay: Delayed 3 second(s)

2018-01-03 19:28:04 - [MESSAGE][PASSED] - Delayed 3 second(s)

2018-01-03 19:28:04 - [TEST_STEP][PASSED] - setText: Text '01-23' is set on object 'Object Repository/Account/input_deliveryAddressTwo'

2018-01-03 19:28:04 - [MESSAGE][PASSED] - Text '01-23' is set on object 'Object Repository/Account/input_deliveryAddressTwo'

2018-01-03 19:28:04 - [TEST_STEP][PASSED] - click: Object: 'Object Repository/Account/button_Save Address' is clicked on

2018-01-03 19:28:04 - [MESSAGE][PASSED] - Object: 'Object Repository/Account/button_Save Address' is clicked on

2018-01-03 19:28:04 - [TEST_STEP][PASSED] - delay: Delayed 3 second(s)

2018-01-03 19:28:07 - [MESSAGE][PASSED] - Delayed 3 second(s)

2018-01-03 19:28:07 - [TEST_STEP][PASSED] - click: Object: 'Object Repository/HomePage/a_Home' is clicked on

2018-01-03 19:28:08 - [MESSAGE][PASSED] - Object: 'Object Repository/HomePage/a_Home' is clicked on

2018-01-03 19:28:08 - [TEST_STEP][PASSED] - click: Object: 'Object Repository/LogIn/div_Hi user' is clicked on

2018-01-03 19:28:08 - [MESSAGE][PASSED] - Object: 'Object Repository/LogIn/div_Hi user' is clicked on

2018-01-03 19:28:08 - [TEST_STEP][PASSED] - delay: Delayed 1 second(s)

2018-01-03 19:28:09 - [MESSAGE][PASSED] - Delayed 1 second(s)

2018-01-03 19:28:09 - [TEST_STEP][PASSED] - click: Object: 'Object Repository/Account/a_Address Book' is clicked on

2018-01-03 19:28:09 - [MESSAGE][PASSED] - Object: 'Object Repository/Account/a_Address Book' is clicked on

2018-01-03 19:28:09 - [TEST_STEP][PASSED] - delay: Delayed 1 second(s)

2018-01-03 19:28:10 - [MESSAGE][PASSED] - Delayed 1 second(s)

2018-01-03 19:28:10 - [TEST_STEP][PASSED] - verifyElementPresent: Object 'Object Repository/Account/span_address 1 postcode' is present

2018-01-03 19:28:10 - [MESSAGE][WARNING] - Timeout '0' is invalid. Using default page load timeout: '5'

2018-01-03 19:28:10 - [MESSAGE][PASSED] - Object 'Object Repository/Account/span_address 1 postcode' is present

2018-01-03 19:28:10 - [TEST_STEP][PASSED] - verifyElementPresent: Object 'Object Repository/Account/h4_address 1' is present

2018-01-03 19:28:10 - [MESSAGE][WARNING] - Timeout '0' is invalid. Using default page load timeout: '5'

2018-01-03 19:28:10 - [MESSAGE][PASSED] - Object 'Object Repository/Account/h4_address 1' is present

2018-01-03 19:28:10 - [TEST_STEP][PASSED] - verifyElementText: Actual text and expected text of test object 'Object Repository/Account/span_address 1 postcode' are matched.

2018-01-03 19:28:10 - [MESSAGE][PASSED] - Actual text and expected text of test object 'Object Repository/Account/span_address 1 postcode' are matched.]]></system-out>
         <system-err><![CDATA[]]></system-err>
      </testcase>
      <system-out><![CDATA[2018-01-03 19:20:09 - [TEST_SUITE][FAILED] - account_settings: Test Cases/027_account_orderhistory FAILED because (of) Unable to verify object 'Object Repository/Account/b_ordernumber' is present (Root cause: com.kms.katalon.core.webui.exception.WebElementNotFoundException: Web element with id: 'Object Repository/Account/b_ordernumber' located by 'By.xpath: //b[count(. | //*[@class = 's7q3wrc-0-b-sc-jzJRlG btAYAW']) = count(//*[@class = 's7q3wrc-0-b-sc-jzJRlG btAYAW'])][count(. | id("__next")/div[1]/div[1]/div[@class="s111nt22-0 isjfum"]/div[3]/div[3]/div[@class="wuzp1o-0 cCUvkJ"]/div[@class="wuzp1o-2 fYIzH"]/div[@class="s16cj0gd-1 ffjfSh"]/div[@class="e9phw6-1-sc-bdVaJa cjHrgj e9phw6-0 GmTo"]/div[@class="e9phw6-1-sc-bdVaJa gamxMN e9phw6-0 kvtzTD"]/h1[@class="sc-bxivhb fWdiJl"]/b[@class="s7q3wrc-0-b-sc-jzJRlG btAYAW"]) = count(id("__next")/div[1]/div[1]/div[@class="s111nt22-0 isjfum"]/div[3]/div[3]/div[@class="wuzp1o-0 cCUvkJ"]/div[@class="wuzp1o-2 fYIzH"]/div[@class="s16cj0gd-1 ffjfSh"]/div[@class="e9phw6-1-sc-bdVaJa cjHrgj e9phw6-0 GmTo"]/div[@class="e9phw6-1-sc-bdVaJa gamxMN e9phw6-0 kvtzTD"]/h1[@class="sc-bxivhb fWdiJl"]/b[@class="s7q3wrc-0-b-sc-jzJRlG btAYAW"])]' not found)]]></system-out>
      <system-err><![CDATA[2018-01-03 19:20:09 - [TEST_SUITE][FAILED] - account_settings: Test Cases/027_account_orderhistory FAILED because (of) Unable to verify object 'Object Repository/Account/b_ordernumber' is present (Root cause: com.kms.katalon.core.webui.exception.WebElementNotFoundException: Web element with id: 'Object Repository/Account/b_ordernumber' located by 'By.xpath: //b[count(. | //*[@class = 's7q3wrc-0-b-sc-jzJRlG btAYAW']) = count(//*[@class = 's7q3wrc-0-b-sc-jzJRlG btAYAW'])][count(. | id("__next")/div[1]/div[1]/div[@class="s111nt22-0 isjfum"]/div[3]/div[3]/div[@class="wuzp1o-0 cCUvkJ"]/div[@class="wuzp1o-2 fYIzH"]/div[@class="s16cj0gd-1 ffjfSh"]/div[@class="e9phw6-1-sc-bdVaJa cjHrgj e9phw6-0 GmTo"]/div[@class="e9phw6-1-sc-bdVaJa gamxMN e9phw6-0 kvtzTD"]/h1[@class="sc-bxivhb fWdiJl"]/b[@class="s7q3wrc-0-b-sc-jzJRlG btAYAW"]) = count(id("__next")/div[1]/div[1]/div[@class="s111nt22-0 isjfum"]/div[3]/div[3]/div[@class="wuzp1o-0 cCUvkJ"]/div[@class="wuzp1o-2 fYIzH"]/div[@class="s16cj0gd-1 ffjfSh"]/div[@class="e9phw6-1-sc-bdVaJa cjHrgj e9phw6-0 GmTo"]/div[@class="e9phw6-1-sc-bdVaJa gamxMN e9phw6-0 kvtzTD"]/h1[@class="sc-bxivhb fWdiJl"]/b[@class="s7q3wrc-0-b-sc-jzJRlG btAYAW"])]' not found)]]></system-err>
   </testsuite>
</testsuites>
