<?xml version="1.0" encoding="UTF-8"?>
<testsuites name="account_settings" time="482" tests="19" failures="2" errors="0">
   <testsuite name="account_settings" tests="19" failures="2" errors="0" time="482" timestamp="2018-01-02 17:11:36" hostname="Ang - DESKTOP-JMN7MR3" id="Test Suites/account_settings">
      <properties>
         <property name="deviceName" value=""/>
         <property name="devicePlatform" value=""/>
         <property name="logFolder" value="C:\\Users\\Ang\\git\\oddle-automa\\Reports\\account_settings\\20180102_171128"/>
         <property name="logFiles" value="C:\\Users\\Ang\\git\\oddle-automa\\Reports\\account_settings\\20180102_171128\\execution0.log"/>
         <property name="attachments" value="C:\\Users\\Ang\\git\\oddle-automa\\Reports\\account_settings\\20180102_171128\\1514884697138.png, C:\\Users\\Ang\\git\\oddle-automa\\Reports\\account_settings\\20180102_171128\\1514884697411.png, C:\\Users\\Ang\\git\\oddle-automa\\Reports\\account_settings\\20180102_171128\\1514884722513.png, C:\\Users\\Ang\\git\\oddle-automa\\Reports\\account_settings\\20180102_171128\\1514884722795.png"/>
         <property name="hostName" value="Ang - DESKTOP-JMN7MR3"/>
         <property name="os" value="Windows 10 64bit"/>
         <property name="katalonVersion" value="5.2.0.1"/>
         <property name="browser" value="Chrome 63.0.3239.84"/>
         <property name="hostAddress" value="192.168.126.1"/>
         <property name="sessionId" value="1a05f20b93bcca1c02453a742998c72a"/>
         <property name="seleniumVersion" value="3.7.1"/>
         <property name="proxyInformation" value="ProxyInformation{proxyOption=NO_PROXY, proxyServerType=HTTP, password=, proxyServerAddress=, proxyServerPort=0}"/>
         <property name="platform" value="Windows 10"/>
      </properties>
      <testcase name="Test Cases/047_account_alttab" classname="Test Cases/047_account_alttab" status="PASSED">
         <system-out><![CDATA[2018-01-02 17:11:36 - [TEST_CASE][PASSED] - Test Cases/047_account_alttab: Test Cases/047_account_alttab

2018-01-02 17:11:37 - [TEST_STEP][PASSED] - callTestCase: Call Test Case 'Test Cases/001_login_email_successful' successfully

2018-01-02 17:11:37 - [TEST_CASE][PASSED] - Test Cases/001_login_email_successful: Test Cases/001_login_email_successful

2018-01-02 17:11:37 - [TEST_STEP][PASSED] - openBrowser: Browser is opened with url: ''

2018-01-02 17:11:41 - [MESSAGE][PASSED] - Browser is opened with url: ''

2018-01-02 17:11:41 - [TEST_STEP][PASSED] - navigateToUrl: Navigate to 'http://mcdonaldstest.staging.oddle.co' successfully

2018-01-02 17:11:43 - [MESSAGE][PASSED] - Navigate to 'http://mcdonaldstest.staging.oddle.co' successfully

2018-01-02 17:11:43 - [TEST_STEP][PASSED] - click: Object: 'Object Repository/LogIn/div_Log in' is clicked on

2018-01-02 17:11:44 - [MESSAGE][PASSED] - Object: 'Object Repository/LogIn/div_Log in' is clicked on

2018-01-02 17:11:44 - [TEST_STEP][PASSED] - setText: Text 'kevin.ang@oddle.me' is set on object 'Object Repository/LogIn/input_email'

2018-01-02 17:11:45 - [MESSAGE][PASSED] - Text 'kevin.ang@oddle.me' is set on object 'Object Repository/LogIn/input_email'

2018-01-02 17:11:45 - [TEST_STEP][PASSED] - setText: Text '0ddleatw' is set on object 'Object Repository/LogIn/input_password'

2018-01-02 17:11:46 - [MESSAGE][PASSED] - Text '0ddleatw' is set on object 'Object Repository/LogIn/input_password'

2018-01-02 17:11:46 - [TEST_STEP][PASSED] - click: Object: 'Object Repository/LogIn/button_Login' is clicked on

2018-01-02 17:11:46 - [MESSAGE][PASSED] - Object: 'Object Repository/LogIn/button_Login' is clicked on

2018-01-02 17:11:46 - [TEST_STEP][PASSED] - delay: Delayed 3 second(s)

2018-01-02 17:11:49 - [MESSAGE][PASSED] - Delayed 3 second(s)

2018-01-02 17:11:49 - [TEST_STEP][PASSED] - autoKeywords.verifyLoggedIn.verifyLogged: autoKeywords.verifyLoggedIn.verifyLogged is PASSED

2018-01-02 17:11:49 - [MESSAGE][PASSED] - Text of object 'Object Repository/LogIn/div_Hi user' is: 'Hi, John'

2018-01-02 17:11:49 - [MESSAGE][PASSED] - Actual text 'Hi, John' and expected text 'Log In' are not matched 

2018-01-02 17:11:49 - [MESSAGE][PASSED] - autoKeywords.verifyLoggedIn.verifyLogged is PASSED

2018-01-02 17:11:49 - [MESSAGE][PASSED] - Call Test Case 'Test Cases/001_login_email_successful' successfully

2018-01-02 17:11:49 - [TEST_STEP][PASSED] - click: Object: 'Object Repository/LogIn/div_Hi user' is clicked on

2018-01-02 17:11:49 - [MESSAGE][PASSED] - Object: 'Object Repository/LogIn/div_Hi user' is clicked on

2018-01-02 17:11:49 - [TEST_STEP][PASSED] - delay: Delayed 1 second(s)

2018-01-02 17:11:50 - [MESSAGE][PASSED] - Delayed 1 second(s)

2018-01-02 17:11:50 - [TEST_STEP][PASSED] - click: Object: 'Object Repository/Account/a_Order History' is clicked on

2018-01-02 17:11:50 - [MESSAGE][PASSED] - Object: 'Object Repository/Account/a_Order History' is clicked on

2018-01-02 17:11:50 - [TEST_STEP][PASSED] - delay: Delayed 1 second(s)

2018-01-02 17:11:51 - [MESSAGE][PASSED] - Delayed 1 second(s)

2018-01-02 17:11:51 - [TEST_STEP][PASSED] - verifyElementText: Actual text and expected text of test object 'Object Repository/Account/h1_account header' are matched.

2018-01-02 17:11:51 - [MESSAGE][PASSED] - Actual text and expected text of test object 'Object Repository/Account/h1_account header' are matched.

2018-01-02 17:11:51 - [TEST_STEP][PASSED] - click: Object: 'Object Repository/LogIn/div_Hi user' is clicked on

2018-01-02 17:11:51 - [MESSAGE][PASSED] - Object: 'Object Repository/LogIn/div_Hi user' is clicked on

2018-01-02 17:11:51 - [TEST_STEP][PASSED] - delay: Delayed 1 second(s)

2018-01-02 17:11:52 - [MESSAGE][PASSED] - Delayed 1 second(s)

2018-01-02 17:11:52 - [TEST_STEP][PASSED] - click: Object: 'Object Repository/Account/a_Account Details' is clicked on

2018-01-02 17:11:54 - [MESSAGE][PASSED] - Object: 'Object Repository/Account/a_Account Details' is clicked on

2018-01-02 17:11:54 - [TEST_STEP][PASSED] - delay: Delayed 1 second(s)

2018-01-02 17:11:55 - [MESSAGE][PASSED] - Delayed 1 second(s)

2018-01-02 17:11:55 - [TEST_STEP][PASSED] - verifyElementText: Actual text and expected text of test object 'Object Repository/Account/h1_account header' are matched.

2018-01-02 17:11:55 - [MESSAGE][PASSED] - Actual text and expected text of test object 'Object Repository/Account/h1_account header' are matched.

2018-01-02 17:11:55 - [TEST_STEP][PASSED] - click: Object: 'Object Repository/LogIn/div_Hi user' is clicked on

2018-01-02 17:11:55 - [MESSAGE][PASSED] - Object: 'Object Repository/LogIn/div_Hi user' is clicked on

2018-01-02 17:11:55 - [TEST_STEP][PASSED] - delay: Delayed 1 second(s)

2018-01-02 17:11:56 - [MESSAGE][PASSED] - Delayed 1 second(s)

2018-01-02 17:11:56 - [TEST_STEP][PASSED] - click: Object: 'Object Repository/Account/a_Address Book' is clicked on

2018-01-02 17:11:56 - [MESSAGE][PASSED] - Object: 'Object Repository/Account/a_Address Book' is clicked on

2018-01-02 17:11:56 - [TEST_STEP][PASSED] - delay: Delayed 1 second(s)

2018-01-02 17:11:57 - [MESSAGE][PASSED] - Delayed 1 second(s)

2018-01-02 17:11:57 - [TEST_STEP][PASSED] - verifyElementText: Actual text and expected text of test object 'Object Repository/Account/h1_account header' are matched.

2018-01-02 17:11:57 - [MESSAGE][PASSED] - Actual text and expected text of test object 'Object Repository/Account/h1_account header' are matched.

2018-01-02 17:11:57 - [TEST_STEP][PASSED] - click: Object: 'Object Repository/Account/span_Order History' is clicked on

2018-01-02 17:11:59 - [MESSAGE][PASSED] - Object: 'Object Repository/Account/span_Order History' is clicked on

2018-01-02 17:11:59 - [TEST_STEP][PASSED] - delay: Delayed 1 second(s)

2018-01-02 17:12:00 - [MESSAGE][PASSED] - Delayed 1 second(s)

2018-01-02 17:12:00 - [TEST_STEP][PASSED] - verifyElementText: Actual text and expected text of test object 'Object Repository/Account/h1_account header' are matched.

2018-01-02 17:12:00 - [MESSAGE][PASSED] - Actual text and expected text of test object 'Object Repository/Account/h1_account header' are matched.

2018-01-02 17:12:00 - [TEST_STEP][PASSED] - click: Object: 'Object Repository/Account/span_Account Details' is clicked on

2018-01-02 17:12:09 - [MESSAGE][PASSED] - Object: 'Object Repository/Account/span_Account Details' is clicked on

2018-01-02 17:12:09 - [TEST_STEP][PASSED] - delay: Delayed 1 second(s)

2018-01-02 17:12:10 - [MESSAGE][PASSED] - Delayed 1 second(s)

2018-01-02 17:12:10 - [TEST_STEP][PASSED] - verifyElementText: Actual text and expected text of test object 'Object Repository/Account/h1_account header' are matched.

2018-01-02 17:12:10 - [MESSAGE][PASSED] - Actual text and expected text of test object 'Object Repository/Account/h1_account header' are matched.

2018-01-02 17:12:10 - [TEST_STEP][PASSED] - click: Object: 'Object Repository/Account/a_ Password tab' is clicked on

2018-01-02 17:12:10 - [MESSAGE][PASSED] - Object: 'Object Repository/Account/a_ Password tab' is clicked on

2018-01-02 17:12:10 - [TEST_STEP][PASSED] - click: Object: 'Object Repository/Account/a_ Personal Info tab' is clicked on

2018-01-02 17:12:10 - [MESSAGE][PASSED] - Object: 'Object Repository/Account/a_ Personal Info tab' is clicked on

2018-01-02 17:12:10 - [TEST_STEP][PASSED] - click: Object: 'Object Repository/Account/span_Address Book' is clicked on

2018-01-02 17:12:11 - [MESSAGE][PASSED] - Object: 'Object Repository/Account/span_Address Book' is clicked on

2018-01-02 17:12:11 - [TEST_STEP][PASSED] - delay: Delayed 1 second(s)

2018-01-02 17:12:12 - [MESSAGE][PASSED] - Delayed 1 second(s)

2018-01-02 17:12:12 - [TEST_STEP][PASSED] - verifyElementText: Actual text and expected text of test object 'Object Repository/Account/h1_account header' are matched.

2018-01-02 17:12:12 - [MESSAGE][PASSED] - Actual text and expected text of test object 'Object Repository/Account/h1_account header' are matched.]]></system-out>
         <system-err><![CDATA[]]></system-err>
      </testcase>
      <testcase name="Test Cases/027_account_orderhistory" classname="Test Cases/027_account_orderhistory" status="PASSED">
         <system-out><![CDATA[2018-01-02 17:12:13 - [TEST_CASE][PASSED] - Test Cases/027_account_orderhistory: Test Cases/027_account_orderhistory

2018-01-02 17:12:13 - [TEST_STEP][PASSED] - callTestCase: Call Test Case 'Test Cases/001_login_email_successful' successfully

2018-01-02 17:12:13 - [TEST_CASE][PASSED] - Test Cases/001_login_email_successful: Test Cases/001_login_email_successful

2018-01-02 17:12:13 - [TEST_STEP][PASSED] - openBrowser: Browser is opened with url: ''

2018-01-02 17:12:15 - [MESSAGE][PASSED] - Browser is opened with url: ''

2018-01-02 17:12:15 - [TEST_STEP][PASSED] - navigateToUrl: Navigate to 'http://mcdonaldstest.staging.oddle.co' successfully

2018-01-02 17:12:17 - [MESSAGE][PASSED] - Navigate to 'http://mcdonaldstest.staging.oddle.co' successfully

2018-01-02 17:12:17 - [TEST_STEP][PASSED] - click: Object: 'Object Repository/LogIn/div_Log in' is clicked on

2018-01-02 17:12:17 - [MESSAGE][PASSED] - Object: 'Object Repository/LogIn/div_Log in' is clicked on

2018-01-02 17:12:17 - [TEST_STEP][PASSED] - setText: Text 'kevin.ang@oddle.me' is set on object 'Object Repository/LogIn/input_email'

2018-01-02 17:12:19 - [MESSAGE][PASSED] - Text 'kevin.ang@oddle.me' is set on object 'Object Repository/LogIn/input_email'

2018-01-02 17:12:19 - [TEST_STEP][PASSED] - setText: Text '0ddleatw' is set on object 'Object Repository/LogIn/input_password'

2018-01-02 17:12:19 - [MESSAGE][PASSED] - Text '0ddleatw' is set on object 'Object Repository/LogIn/input_password'

2018-01-02 17:12:19 - [TEST_STEP][PASSED] - click: Object: 'Object Repository/LogIn/button_Login' is clicked on

2018-01-02 17:12:19 - [MESSAGE][PASSED] - Object: 'Object Repository/LogIn/button_Login' is clicked on

2018-01-02 17:12:19 - [TEST_STEP][PASSED] - delay: Delayed 3 second(s)

2018-01-02 17:12:22 - [MESSAGE][PASSED] - Delayed 3 second(s)

2018-01-02 17:12:22 - [TEST_STEP][PASSED] - autoKeywords.verifyLoggedIn.verifyLogged: autoKeywords.verifyLoggedIn.verifyLogged is PASSED

2018-01-02 17:12:22 - [MESSAGE][PASSED] - Text of object 'Object Repository/LogIn/div_Hi user' is: 'Hi, John'

2018-01-02 17:12:22 - [MESSAGE][PASSED] - Actual text 'Hi, John' and expected text 'Log In' are not matched 

2018-01-02 17:12:22 - [MESSAGE][PASSED] - autoKeywords.verifyLoggedIn.verifyLogged is PASSED

2018-01-02 17:12:22 - [MESSAGE][PASSED] - Call Test Case 'Test Cases/001_login_email_successful' successfully

2018-01-02 17:12:22 - [TEST_STEP][PASSED] - click: Object: 'Object Repository/LogIn/div_Hi user' is clicked on

2018-01-02 17:12:23 - [MESSAGE][PASSED] - Object: 'Object Repository/LogIn/div_Hi user' is clicked on

2018-01-02 17:12:23 - [TEST_STEP][PASSED] - delay: Delayed 1 second(s)

2018-01-02 17:12:24 - [MESSAGE][PASSED] - Delayed 1 second(s)

2018-01-02 17:12:24 - [TEST_STEP][PASSED] - click: Object: 'Object Repository/Account/a_Order History' is clicked on

2018-01-02 17:12:24 - [MESSAGE][PASSED] - Object: 'Object Repository/Account/a_Order History' is clicked on

2018-01-02 17:12:24 - [TEST_STEP][PASSED] - delay: Delayed 1 second(s)

2018-01-02 17:12:25 - [MESSAGE][PASSED] - Delayed 1 second(s)

2018-01-02 17:12:25 - [TEST_STEP][PASSED] - verifyElementPresent: Object 'Object Repository/Account/h1_Order History' is present

2018-01-02 17:12:25 - [MESSAGE][WARNING] - Timeout '0' is invalid. Using default page load timeout: '5'

2018-01-02 17:12:25 - [MESSAGE][PASSED] - Object 'Object Repository/Account/h1_Order History' is present

2018-01-02 17:12:25 - [TEST_STEP][PASSED] - click: Object: 'Object Repository/Account/button_Order Details' is clicked on

2018-01-02 17:12:28 - [MESSAGE][PASSED] - Object: 'Object Repository/Account/button_Order Details' is clicked on

2018-01-02 17:12:28 - [TEST_STEP][PASSED] - delay: Delayed 1 second(s)

2018-01-02 17:12:29 - [MESSAGE][PASSED] - Delayed 1 second(s)

2018-01-02 17:12:29 - [TEST_STEP][PASSED] - verifyElementPresent: Object 'Object Repository/Account/b_ordernumber' is present

2018-01-02 17:12:29 - [MESSAGE][WARNING] - Timeout '0' is invalid. Using default page load timeout: '5'

2018-01-02 17:12:31 - [MESSAGE][PASSED] - Object 'Object Repository/Account/b_ordernumber' is present

2018-01-02 17:12:31 - [TEST_STEP][PASSED] - verifyElementPresent: Object 'Object Repository/Account/div_ordernumber header' is present

2018-01-02 17:12:31 - [MESSAGE][WARNING] - Timeout '0' is invalid. Using default page load timeout: '5'

2018-01-02 17:12:31 - [MESSAGE][PASSED] - Object 'Object Repository/Account/div_ordernumber header' is present

2018-01-02 17:12:31 - [TEST_STEP][PASSED] - click: Object: 'Object Repository/Account/svg_close order' is clicked on

2018-01-02 17:12:32 - [MESSAGE][PASSED] - Object: 'Object Repository/Account/svg_close order' is clicked on

2018-01-02 17:12:32 - [TEST_STEP][PASSED] - delay: Delayed 1 second(s)

2018-01-02 17:12:33 - [MESSAGE][PASSED] - Delayed 1 second(s)

2018-01-02 17:12:33 - [TEST_STEP][PASSED] - verifyElementPresent: Object 'Object Repository/Account/h1_Order History' is present

2018-01-02 17:12:33 - [MESSAGE][WARNING] - Timeout '0' is invalid. Using default page load timeout: '5'

2018-01-02 17:12:33 - [MESSAGE][PASSED] - Object 'Object Repository/Account/h1_Order History' is present]]></system-out>
         <system-err><![CDATA[]]></system-err>
      </testcase>
      <testcase name="Test Cases/028_account_change_email" classname="Test Cases/028_account_change_email" status="PASSED">
         <system-out><![CDATA[2018-01-02 17:12:34 - [TEST_CASE][PASSED] - Test Cases/028_account_change_email: Test Cases/028_account_change_email

2018-01-02 17:12:34 - [TEST_STEP][PASSED] - callTestCase: Call Test Case 'Test Cases/001_login_email_successful' successfully

2018-01-02 17:12:34 - [TEST_CASE][PASSED] - Test Cases/001_login_email_successful: Test Cases/001_login_email_successful

2018-01-02 17:12:34 - [TEST_STEP][PASSED] - openBrowser: Browser is opened with url: ''

2018-01-02 17:12:36 - [MESSAGE][PASSED] - Browser is opened with url: ''

2018-01-02 17:12:36 - [TEST_STEP][PASSED] - navigateToUrl: Navigate to 'http://mcdonaldstest.staging.oddle.co' successfully

2018-01-02 17:12:38 - [MESSAGE][PASSED] - Navigate to 'http://mcdonaldstest.staging.oddle.co' successfully

2018-01-02 17:12:38 - [TEST_STEP][PASSED] - click: Object: 'Object Repository/LogIn/div_Log in' is clicked on

2018-01-02 17:12:39 - [MESSAGE][PASSED] - Object: 'Object Repository/LogIn/div_Log in' is clicked on

2018-01-02 17:12:39 - [TEST_STEP][PASSED] - setText: Text 'kevin.ang@oddle.me' is set on object 'Object Repository/LogIn/input_email'

2018-01-02 17:12:40 - [MESSAGE][PASSED] - Text 'kevin.ang@oddle.me' is set on object 'Object Repository/LogIn/input_email'

2018-01-02 17:12:40 - [TEST_STEP][PASSED] - setText: Text '0ddleatw' is set on object 'Object Repository/LogIn/input_password'

2018-01-02 17:12:41 - [MESSAGE][PASSED] - Text '0ddleatw' is set on object 'Object Repository/LogIn/input_password'

2018-01-02 17:12:41 - [TEST_STEP][PASSED] - click: Object: 'Object Repository/LogIn/button_Login' is clicked on

2018-01-02 17:12:41 - [MESSAGE][PASSED] - Object: 'Object Repository/LogIn/button_Login' is clicked on

2018-01-02 17:12:41 - [TEST_STEP][PASSED] - delay: Delayed 3 second(s)

2018-01-02 17:12:44 - [MESSAGE][PASSED] - Delayed 3 second(s)

2018-01-02 17:12:44 - [TEST_STEP][PASSED] - autoKeywords.verifyLoggedIn.verifyLogged: autoKeywords.verifyLoggedIn.verifyLogged is PASSED

2018-01-02 17:12:44 - [MESSAGE][PASSED] - Text of object 'Object Repository/LogIn/div_Hi user' is: 'Hi, John'

2018-01-02 17:12:44 - [MESSAGE][PASSED] - Actual text 'Hi, John' and expected text 'Log In' are not matched 

2018-01-02 17:12:44 - [MESSAGE][PASSED] - autoKeywords.verifyLoggedIn.verifyLogged is PASSED

2018-01-02 17:12:44 - [MESSAGE][PASSED] - Call Test Case 'Test Cases/001_login_email_successful' successfully

2018-01-02 17:12:44 - [TEST_STEP][PASSED] - click: Object: 'Object Repository/LogIn/div_Hi user' is clicked on

2018-01-02 17:12:44 - [MESSAGE][PASSED] - Object: 'Object Repository/LogIn/div_Hi user' is clicked on

2018-01-02 17:12:44 - [TEST_STEP][PASSED] - delay: Delayed 1 second(s)

2018-01-02 17:12:45 - [MESSAGE][PASSED] - Delayed 1 second(s)

2018-01-02 17:12:45 - [TEST_STEP][PASSED] - click: Object: 'Object Repository/Account/a_Account Details' is clicked on

2018-01-02 17:12:45 - [MESSAGE][PASSED] - Object: 'Object Repository/Account/a_Account Details' is clicked on

2018-01-02 17:12:45 - [TEST_STEP][PASSED] - setText: Text 'unusedemail@changethis.ifused' is set on object 'Object Repository/Account/input_email'

2018-01-02 17:12:46 - [MESSAGE][PASSED] - Text 'unusedemail@changethis.ifused' is set on object 'Object Repository/Account/input_email'

2018-01-02 17:12:46 - [TEST_STEP][PASSED] - click: Object: 'Object Repository/Account/button_Save' is clicked on

2018-01-02 17:12:46 - [MESSAGE][PASSED] - Object: 'Object Repository/Account/button_Save' is clicked on

2018-01-02 17:12:46 - [TEST_STEP][PASSED] - delay: Delayed 3 second(s)

2018-01-02 17:12:49 - [MESSAGE][PASSED] - Delayed 3 second(s)

2018-01-02 17:12:49 - [TEST_STEP][PASSED] - verifyElementNotHasAttribute: Object 'Object Repository/Account/div_error_message' does not have attribute 'text'

2018-01-02 17:12:49 - [MESSAGE][WARNING] - Timeout '0' is invalid. Using default page load timeout: '5'

2018-01-02 17:12:49 - [MESSAGE][PASSED] - Object 'Object Repository/Account/div_error_message' does not have attribute 'text'

2018-01-02 17:12:49 - [TEST_STEP][PASSED] - verifyElementAttributeValue: Object 'Object Repository/Account/input_email' has attribute 'value' with value 'unusedemail@changethis.ifused'

2018-01-02 17:12:49 - [MESSAGE][WARNING] - Timeout '0' is invalid. Using default page load timeout: '5'

2018-01-02 17:12:49 - [MESSAGE][PASSED] - Object 'Object Repository/Account/input_email' has attribute 'value' with value 'unusedemail@changethis.ifused'

2018-01-02 17:12:49 - [TEST_STEP][PASSED] - delay: Delayed 1 second(s)

2018-01-02 17:12:50 - [MESSAGE][PASSED] - Delayed 1 second(s)

2018-01-02 17:12:50 - [TEST_STEP][PASSED] - click: Object: 'Object Repository/LogIn/div_Hi user' is clicked on

2018-01-02 17:12:50 - [MESSAGE][PASSED] - Object: 'Object Repository/LogIn/div_Hi user' is clicked on

2018-01-02 17:12:50 - [TEST_STEP][PASSED] - delay: Delayed 1 second(s)

2018-01-02 17:12:51 - [MESSAGE][PASSED] - Delayed 1 second(s)

2018-01-02 17:12:51 - [TEST_STEP][PASSED] - click: Object: 'Object Repository/LogIn/a_Sign out' is clicked on

2018-01-02 17:12:51 - [MESSAGE][PASSED] - Object: 'Object Repository/LogIn/a_Sign out' is clicked on

2018-01-02 17:12:51 - [TEST_STEP][PASSED] - delay: Delayed 1 second(s)

2018-01-02 17:12:52 - [MESSAGE][PASSED] - Delayed 1 second(s)

2018-01-02 17:12:52 - [TEST_STEP][PASSED] - click: Object: 'Object Repository/Account/button_Sign Out' is clicked on

2018-01-02 17:12:52 - [MESSAGE][PASSED] - Object: 'Object Repository/Account/button_Sign Out' is clicked on

2018-01-02 17:12:52 - [TEST_STEP][PASSED] - delay: Delayed 1 second(s)

2018-01-02 17:12:53 - [MESSAGE][PASSED] - Delayed 1 second(s)

2018-01-02 17:12:53 - [TEST_STEP][PASSED] - autoKeywords.verifyLoggedOut.verifyNotLogged: autoKeywords.verifyLoggedOut.verifyNotLogged is PASSED

2018-01-02 17:12:53 - [MESSAGE][WARNING] - Timeout '0' is invalid. Using default page load timeout: '5'

2018-01-02 17:12:54 - [MESSAGE][PASSED] - Object 'Object Repository/LogIn/div_Log in' is present

2018-01-02 17:12:54 - [MESSAGE][PASSED] - autoKeywords.verifyLoggedOut.verifyNotLogged is PASSED

2018-01-02 17:12:54 - [TEST_STEP][PASSED] - click: Object: 'Object Repository/LogIn/div_Log in' is clicked on

2018-01-02 17:12:54 - [MESSAGE][PASSED] - Object: 'Object Repository/LogIn/div_Log in' is clicked on

2018-01-02 17:12:54 - [TEST_STEP][PASSED] - setText: Text 'unusedemail@changethis.ifused' is set on object 'Object Repository/LogIn/input_email'

2018-01-02 17:12:55 - [MESSAGE][PASSED] - Text 'unusedemail@changethis.ifused' is set on object 'Object Repository/LogIn/input_email'

2018-01-02 17:12:55 - [TEST_STEP][PASSED] - setText: Text '0ddleatw' is set on object 'Object Repository/LogIn/input_password'

2018-01-02 17:12:55 - [MESSAGE][PASSED] - Text '0ddleatw' is set on object 'Object Repository/LogIn/input_password'

2018-01-02 17:12:55 - [TEST_STEP][PASSED] - click: Object: 'Object Repository/LogIn/button_Login' is clicked on

2018-01-02 17:12:55 - [MESSAGE][PASSED] - Object: 'Object Repository/LogIn/button_Login' is clicked on

2018-01-02 17:12:55 - [TEST_STEP][PASSED] - delay: Delayed 3 second(s)

2018-01-02 17:12:58 - [MESSAGE][PASSED] - Delayed 3 second(s)

2018-01-02 17:12:58 - [TEST_STEP][PASSED] - autoKeywords.verifyLoggedIn.verifyLogged: autoKeywords.verifyLoggedIn.verifyLogged is PASSED

2018-01-02 17:12:58 - [MESSAGE][PASSED] - Text of object 'Object Repository/LogIn/div_Hi user' is: 'Hi, John'

2018-01-02 17:12:58 - [MESSAGE][PASSED] - Actual text 'Hi, John' and expected text 'Log In' are not matched 

2018-01-02 17:12:58 - [MESSAGE][PASSED] - autoKeywords.verifyLoggedIn.verifyLogged is PASSED

2018-01-02 17:12:58 - [TEST_STEP][PASSED] - click: Object: 'Object Repository/LogIn/div_Hi user' is clicked on

2018-01-02 17:12:58 - [MESSAGE][PASSED] - Object: 'Object Repository/LogIn/div_Hi user' is clicked on

2018-01-02 17:12:58 - [TEST_STEP][PASSED] - delay: Delayed 1 second(s)

2018-01-02 17:12:59 - [MESSAGE][PASSED] - Delayed 1 second(s)

2018-01-02 17:12:59 - [TEST_STEP][PASSED] - click: Object: 'Object Repository/Account/a_Account Details' is clicked on

2018-01-02 17:13:00 - [MESSAGE][PASSED] - Object: 'Object Repository/Account/a_Account Details' is clicked on

2018-01-02 17:13:00 - [TEST_STEP][PASSED] - setText: Text 'kevin.ang@oddle.me' is set on object 'Object Repository/Account/input_email'

2018-01-02 17:13:00 - [MESSAGE][PASSED] - Text 'kevin.ang@oddle.me' is set on object 'Object Repository/Account/input_email'

2018-01-02 17:13:00 - [TEST_STEP][PASSED] - click: Object: 'Object Repository/Account/button_Save' is clicked on

2018-01-02 17:13:00 - [MESSAGE][PASSED] - Object: 'Object Repository/Account/button_Save' is clicked on

2018-01-02 17:13:00 - [TEST_STEP][PASSED] - delay: Delayed 3 second(s)

2018-01-02 17:13:03 - [MESSAGE][PASSED] - Delayed 3 second(s)

2018-01-02 17:13:03 - [TEST_STEP][PASSED] - verifyElementNotHasAttribute: Object 'Object Repository/Account/div_error_message' does not have attribute 'text'

2018-01-02 17:13:03 - [MESSAGE][WARNING] - Timeout '0' is invalid. Using default page load timeout: '5'

2018-01-02 17:13:03 - [MESSAGE][PASSED] - Object 'Object Repository/Account/div_error_message' does not have attribute 'text'

2018-01-02 17:13:03 - [TEST_STEP][PASSED] - verifyElementAttributeValue: Object 'Object Repository/Account/input_email' has attribute 'value' with value 'kevin.ang@oddle.me'

2018-01-02 17:13:03 - [MESSAGE][WARNING] - Timeout '0' is invalid. Using default page load timeout: '5'

2018-01-02 17:13:04 - [MESSAGE][PASSED] - Object 'Object Repository/Account/input_email' has attribute 'value' with value 'kevin.ang@oddle.me']]></system-out>
         <system-err><![CDATA[]]></system-err>
      </testcase>
      <testcase name="Test Cases/029_account_change_email_wrongformat" classname="Test Cases/029_account_change_email_wrongformat" status="PASSED">
         <system-out><![CDATA[2018-01-02 17:13:04 - [TEST_CASE][PASSED] - Test Cases/029_account_change_email_wrongformat: Test Cases/029_account_change_email_wrongformat

2018-01-02 17:13:04 - [TEST_STEP][PASSED] - callTestCase: Call Test Case 'Test Cases/001_login_email_successful' successfully

2018-01-02 17:13:04 - [TEST_CASE][PASSED] - Test Cases/001_login_email_successful: Test Cases/001_login_email_successful

2018-01-02 17:13:04 - [TEST_STEP][PASSED] - openBrowser: Browser is opened with url: ''

2018-01-02 17:13:06 - [MESSAGE][PASSED] - Browser is opened with url: ''

2018-01-02 17:13:06 - [TEST_STEP][PASSED] - navigateToUrl: Navigate to 'http://mcdonaldstest.staging.oddle.co' successfully

2018-01-02 17:13:09 - [MESSAGE][PASSED] - Navigate to 'http://mcdonaldstest.staging.oddle.co' successfully

2018-01-02 17:13:09 - [TEST_STEP][PASSED] - click: Object: 'Object Repository/LogIn/div_Log in' is clicked on

2018-01-02 17:13:09 - [MESSAGE][PASSED] - Object: 'Object Repository/LogIn/div_Log in' is clicked on

2018-01-02 17:13:09 - [TEST_STEP][PASSED] - setText: Text 'kevin.ang@oddle.me' is set on object 'Object Repository/LogIn/input_email'

2018-01-02 17:13:11 - [MESSAGE][PASSED] - Text 'kevin.ang@oddle.me' is set on object 'Object Repository/LogIn/input_email'

2018-01-02 17:13:11 - [TEST_STEP][PASSED] - setText: Text '0ddleatw' is set on object 'Object Repository/LogIn/input_password'

2018-01-02 17:13:11 - [MESSAGE][PASSED] - Text '0ddleatw' is set on object 'Object Repository/LogIn/input_password'

2018-01-02 17:13:11 - [TEST_STEP][PASSED] - click: Object: 'Object Repository/LogIn/button_Login' is clicked on

2018-01-02 17:13:11 - [MESSAGE][PASSED] - Object: 'Object Repository/LogIn/button_Login' is clicked on

2018-01-02 17:13:11 - [TEST_STEP][PASSED] - delay: Delayed 3 second(s)

2018-01-02 17:13:14 - [MESSAGE][PASSED] - Delayed 3 second(s)

2018-01-02 17:13:14 - [TEST_STEP][PASSED] - autoKeywords.verifyLoggedIn.verifyLogged: autoKeywords.verifyLoggedIn.verifyLogged is PASSED

2018-01-02 17:13:14 - [MESSAGE][PASSED] - Text of object 'Object Repository/LogIn/div_Hi user' is: 'Hi, John'

2018-01-02 17:13:14 - [MESSAGE][PASSED] - Actual text 'Hi, John' and expected text 'Log In' are not matched 

2018-01-02 17:13:14 - [MESSAGE][PASSED] - autoKeywords.verifyLoggedIn.verifyLogged is PASSED

2018-01-02 17:13:14 - [MESSAGE][PASSED] - Call Test Case 'Test Cases/001_login_email_successful' successfully

2018-01-02 17:13:14 - [TEST_STEP][PASSED] - click: Object: 'Object Repository/LogIn/div_Hi user' is clicked on

2018-01-02 17:13:14 - [MESSAGE][PASSED] - Object: 'Object Repository/LogIn/div_Hi user' is clicked on

2018-01-02 17:13:14 - [TEST_STEP][PASSED] - delay: Delayed 1 second(s)

2018-01-02 17:13:15 - [MESSAGE][PASSED] - Delayed 1 second(s)

2018-01-02 17:13:15 - [TEST_STEP][PASSED] - click: Object: 'Object Repository/Account/a_Account Details' is clicked on

2018-01-02 17:13:15 - [MESSAGE][PASSED] - Object: 'Object Repository/Account/a_Account Details' is clicked on

2018-01-02 17:13:15 - [TEST_STEP][PASSED] - setText: Text 'wrongemailformat' is set on object 'Object Repository/Account/input_email'

2018-01-02 17:13:17 - [MESSAGE][PASSED] - Text 'wrongemailformat' is set on object 'Object Repository/Account/input_email'

2018-01-02 17:13:17 - [TEST_STEP][PASSED] - click: Object: 'Object Repository/Account/button_Save' is clicked on

2018-01-02 17:13:17 - [MESSAGE][PASSED] - Object: 'Object Repository/Account/button_Save' is clicked on

2018-01-02 17:13:17 - [TEST_STEP][PASSED] - delay: Delayed 3 second(s)

2018-01-02 17:13:20 - [MESSAGE][PASSED] - Delayed 3 second(s)

2018-01-02 17:13:20 - [TEST_STEP][PASSED] - click: Object: 'Object Repository/HomePage/a_Home' is clicked on

2018-01-02 17:13:20 - [MESSAGE][PASSED] - Object: 'Object Repository/HomePage/a_Home' is clicked on

2018-01-02 17:13:20 - [TEST_STEP][PASSED] - click: Object: 'Object Repository/LogIn/div_Hi user' is clicked on

2018-01-02 17:13:20 - [MESSAGE][PASSED] - Object: 'Object Repository/LogIn/div_Hi user' is clicked on

2018-01-02 17:13:20 - [TEST_STEP][PASSED] - delay: Delayed 1 second(s)

2018-01-02 17:13:21 - [MESSAGE][PASSED] - Delayed 1 second(s)

2018-01-02 17:13:21 - [TEST_STEP][PASSED] - click: Object: 'Object Repository/Account/a_Account Details' is clicked on

2018-01-02 17:13:21 - [MESSAGE][PASSED] - Object: 'Object Repository/Account/a_Account Details' is clicked on

2018-01-02 17:13:21 - [TEST_STEP][PASSED] - delay: Delayed 1 second(s)

2018-01-02 17:13:22 - [MESSAGE][PASSED] - Delayed 1 second(s)

2018-01-02 17:13:22 - [TEST_STEP][PASSED] - Statement - newEmail = com.kms.katalon.core.webui.keyword.WebUiBuiltInKeywords.getAttribute(com.kms.katalon.core.testobject.ObjectRepository.findTestObject(Account/input_email), "value"): Attribute 'value' of object 'Object Repository/Account/input_email' is: 'kevin.ang@oddle.me'

2018-01-02 17:13:22 - [MESSAGE][PASSED] - Attribute 'value' of object 'Object Repository/Account/input_email' is: 'kevin.ang@oddle.me'

2018-01-02 17:13:22 - [TEST_STEP][PASSED] - verifyNotMatch: Actual text 'wrongemailformat' and expected text 'kevin.ang@oddle.me' are not matched 

2018-01-02 17:13:22 - [MESSAGE][PASSED] - Actual text 'wrongemailformat' and expected text 'kevin.ang@oddle.me' are not matched]]></system-out>
         <system-err><![CDATA[]]></system-err>
      </testcase>
      <testcase name="Test Cases/030_account_change_email_emailregd" classname="Test Cases/030_account_change_email_emailregd" status="PASSED">
         <system-out><![CDATA[2018-01-02 17:13:23 - [TEST_CASE][PASSED] - Test Cases/030_account_change_email_emailregd: Test Cases/030_account_change_email_emailregd

2018-01-02 17:13:23 - [TEST_STEP][PASSED] - callTestCase: Call Test Case 'Test Cases/001_login_email_successful' successfully

2018-01-02 17:13:23 - [TEST_CASE][PASSED] - Test Cases/001_login_email_successful: Test Cases/001_login_email_successful

2018-01-02 17:13:23 - [TEST_STEP][PASSED] - openBrowser: Browser is opened with url: ''

2018-01-02 17:13:25 - [MESSAGE][PASSED] - Browser is opened with url: ''

2018-01-02 17:13:25 - [TEST_STEP][PASSED] - navigateToUrl: Navigate to 'http://mcdonaldstest.staging.oddle.co' successfully

2018-01-02 17:13:28 - [MESSAGE][PASSED] - Navigate to 'http://mcdonaldstest.staging.oddle.co' successfully

2018-01-02 17:13:28 - [TEST_STEP][PASSED] - click: Object: 'Object Repository/LogIn/div_Log in' is clicked on

2018-01-02 17:13:28 - [MESSAGE][PASSED] - Object: 'Object Repository/LogIn/div_Log in' is clicked on

2018-01-02 17:13:28 - [TEST_STEP][PASSED] - setText: Text 'kevin.ang@oddle.me' is set on object 'Object Repository/LogIn/input_email'

2018-01-02 17:13:29 - [MESSAGE][PASSED] - Text 'kevin.ang@oddle.me' is set on object 'Object Repository/LogIn/input_email'

2018-01-02 17:13:29 - [TEST_STEP][PASSED] - setText: Text '0ddleatw' is set on object 'Object Repository/LogIn/input_password'

2018-01-02 17:13:30 - [MESSAGE][PASSED] - Text '0ddleatw' is set on object 'Object Repository/LogIn/input_password'

2018-01-02 17:13:30 - [TEST_STEP][PASSED] - click: Object: 'Object Repository/LogIn/button_Login' is clicked on

2018-01-02 17:13:30 - [MESSAGE][PASSED] - Object: 'Object Repository/LogIn/button_Login' is clicked on

2018-01-02 17:13:30 - [TEST_STEP][PASSED] - delay: Delayed 3 second(s)

2018-01-02 17:13:33 - [MESSAGE][PASSED] - Delayed 3 second(s)

2018-01-02 17:13:33 - [TEST_STEP][PASSED] - autoKeywords.verifyLoggedIn.verifyLogged: autoKeywords.verifyLoggedIn.verifyLogged is PASSED

2018-01-02 17:13:33 - [MESSAGE][PASSED] - Text of object 'Object Repository/LogIn/div_Hi user' is: 'Hi, John'

2018-01-02 17:13:33 - [MESSAGE][PASSED] - Actual text 'Hi, John' and expected text 'Log In' are not matched 

2018-01-02 17:13:33 - [MESSAGE][PASSED] - autoKeywords.verifyLoggedIn.verifyLogged is PASSED

2018-01-02 17:13:33 - [MESSAGE][PASSED] - Call Test Case 'Test Cases/001_login_email_successful' successfully

2018-01-02 17:13:33 - [TEST_STEP][PASSED] - click: Object: 'Object Repository/LogIn/div_Hi user' is clicked on

2018-01-02 17:13:33 - [MESSAGE][PASSED] - Object: 'Object Repository/LogIn/div_Hi user' is clicked on

2018-01-02 17:13:33 - [TEST_STEP][PASSED] - delay: Delayed 1 second(s)

2018-01-02 17:13:34 - [MESSAGE][PASSED] - Delayed 1 second(s)

2018-01-02 17:13:34 - [TEST_STEP][PASSED] - click: Object: 'Object Repository/Account/a_Account Details' is clicked on

2018-01-02 17:13:34 - [MESSAGE][PASSED] - Object: 'Object Repository/Account/a_Account Details' is clicked on

2018-01-02 17:13:34 - [TEST_STEP][PASSED] - setText: Text 'test@oddle.me' is set on object 'Object Repository/Account/input_email'

2018-01-02 17:13:35 - [MESSAGE][PASSED] - Text 'test@oddle.me' is set on object 'Object Repository/Account/input_email'

2018-01-02 17:13:35 - [TEST_STEP][PASSED] - click: Object: 'Object Repository/Account/button_Save' is clicked on

2018-01-02 17:13:35 - [MESSAGE][PASSED] - Object: 'Object Repository/Account/button_Save' is clicked on

2018-01-02 17:13:35 - [TEST_STEP][PASSED] - delay: Delayed 3 second(s)

2018-01-02 17:13:38 - [MESSAGE][PASSED] - Delayed 3 second(s)

2018-01-02 17:13:38 - [TEST_STEP][PASSED] - verifyElementText: Actual text and expected text of test object 'Object Repository/Account/div_error_message' are matched.

2018-01-02 17:13:38 - [MESSAGE][PASSED] - Actual text and expected text of test object 'Object Repository/Account/div_error_message' are matched.

2018-01-02 17:13:38 - [TEST_STEP][PASSED] - click: Object: 'Object Repository/HomePage/a_Home' is clicked on

2018-01-02 17:13:38 - [MESSAGE][PASSED] - Object: 'Object Repository/HomePage/a_Home' is clicked on

2018-01-02 17:13:38 - [TEST_STEP][PASSED] - click: Object: 'Object Repository/LogIn/div_Hi user' is clicked on

2018-01-02 17:13:38 - [MESSAGE][PASSED] - Object: 'Object Repository/LogIn/div_Hi user' is clicked on

2018-01-02 17:13:38 - [TEST_STEP][PASSED] - delay: Delayed 1 second(s)

2018-01-02 17:13:39 - [MESSAGE][PASSED] - Delayed 1 second(s)

2018-01-02 17:13:39 - [TEST_STEP][PASSED] - click: Object: 'Object Repository/Account/a_Account Details' is clicked on

2018-01-02 17:13:40 - [MESSAGE][PASSED] - Object: 'Object Repository/Account/a_Account Details' is clicked on

2018-01-02 17:13:40 - [TEST_STEP][PASSED] - delay: Delayed 1 second(s)

2018-01-02 17:13:41 - [MESSAGE][PASSED] - Delayed 1 second(s)

2018-01-02 17:13:41 - [TEST_STEP][PASSED] - Statement - newEmail = com.kms.katalon.core.webui.keyword.WebUiBuiltInKeywords.getAttribute(com.kms.katalon.core.testobject.ObjectRepository.findTestObject(Account/input_email), "value"): Attribute 'value' of object 'Object Repository/Account/input_email' is: 'kevin.ang@oddle.me'

2018-01-02 17:13:41 - [MESSAGE][PASSED] - Attribute 'value' of object 'Object Repository/Account/input_email' is: 'kevin.ang@oddle.me'

2018-01-02 17:13:41 - [TEST_STEP][PASSED] - verifyNotMatch: Actual text 'test@oddle.me' and expected text 'kevin.ang@oddle.me' are not matched 

2018-01-02 17:13:41 - [MESSAGE][PASSED] - Actual text 'test@oddle.me' and expected text 'kevin.ang@oddle.me' are not matched]]></system-out>
         <system-err><![CDATA[]]></system-err>
      </testcase>
      <testcase name="Test Cases/031_account_change_fname" classname="Test Cases/031_account_change_fname" status="PASSED">
         <system-out><![CDATA[2018-01-02 17:13:41 - [TEST_CASE][PASSED] - Test Cases/031_account_change_fname: Test Cases/031_account_change_fname

2018-01-02 17:13:42 - [TEST_STEP][PASSED] - callTestCase: Call Test Case 'Test Cases/001_login_email_successful' successfully

2018-01-02 17:13:42 - [TEST_CASE][PASSED] - Test Cases/001_login_email_successful: Test Cases/001_login_email_successful

2018-01-02 17:13:42 - [TEST_STEP][PASSED] - openBrowser: Browser is opened with url: ''

2018-01-02 17:13:44 - [MESSAGE][PASSED] - Browser is opened with url: ''

2018-01-02 17:13:44 - [TEST_STEP][PASSED] - navigateToUrl: Navigate to 'http://mcdonaldstest.staging.oddle.co' successfully

2018-01-02 17:13:46 - [MESSAGE][PASSED] - Navigate to 'http://mcdonaldstest.staging.oddle.co' successfully

2018-01-02 17:13:46 - [TEST_STEP][PASSED] - click: Object: 'Object Repository/LogIn/div_Log in' is clicked on

2018-01-02 17:13:46 - [MESSAGE][PASSED] - Object: 'Object Repository/LogIn/div_Log in' is clicked on

2018-01-02 17:13:46 - [TEST_STEP][PASSED] - setText: Text 'kevin.ang@oddle.me' is set on object 'Object Repository/LogIn/input_email'

2018-01-02 17:13:48 - [MESSAGE][PASSED] - Text 'kevin.ang@oddle.me' is set on object 'Object Repository/LogIn/input_email'

2018-01-02 17:13:48 - [TEST_STEP][PASSED] - setText: Text '0ddleatw' is set on object 'Object Repository/LogIn/input_password'

2018-01-02 17:13:48 - [MESSAGE][PASSED] - Text '0ddleatw' is set on object 'Object Repository/LogIn/input_password'

2018-01-02 17:13:48 - [TEST_STEP][PASSED] - click: Object: 'Object Repository/LogIn/button_Login' is clicked on

2018-01-02 17:13:48 - [MESSAGE][PASSED] - Object: 'Object Repository/LogIn/button_Login' is clicked on

2018-01-02 17:13:48 - [TEST_STEP][PASSED] - delay: Delayed 3 second(s)

2018-01-02 17:13:51 - [MESSAGE][PASSED] - Delayed 3 second(s)

2018-01-02 17:13:51 - [TEST_STEP][PASSED] - autoKeywords.verifyLoggedIn.verifyLogged: autoKeywords.verifyLoggedIn.verifyLogged is PASSED

2018-01-02 17:13:51 - [MESSAGE][PASSED] - Text of object 'Object Repository/LogIn/div_Hi user' is: 'Hi, John'

2018-01-02 17:13:51 - [MESSAGE][PASSED] - Actual text 'Hi, John' and expected text 'Log In' are not matched 

2018-01-02 17:13:51 - [MESSAGE][PASSED] - autoKeywords.verifyLoggedIn.verifyLogged is PASSED

2018-01-02 17:13:51 - [MESSAGE][PASSED] - Call Test Case 'Test Cases/001_login_email_successful' successfully

2018-01-02 17:13:51 - [TEST_STEP][PASSED] - click: Object: 'Object Repository/LogIn/div_Hi user' is clicked on

2018-01-02 17:13:52 - [MESSAGE][PASSED] - Object: 'Object Repository/LogIn/div_Hi user' is clicked on

2018-01-02 17:13:52 - [TEST_STEP][PASSED] - delay: Delayed 1 second(s)

2018-01-02 17:13:53 - [MESSAGE][PASSED] - Delayed 1 second(s)

2018-01-02 17:13:53 - [TEST_STEP][PASSED] - click: Object: 'Object Repository/Account/a_Account Details' is clicked on

2018-01-02 17:13:53 - [MESSAGE][PASSED] - Object: 'Object Repository/Account/a_Account Details' is clicked on

2018-01-02 17:13:53 - [TEST_STEP][PASSED] - setText: Text 'John' is set on object 'Object Repository/Account/input_firstname'

2018-01-02 17:13:54 - [MESSAGE][PASSED] - Text 'John' is set on object 'Object Repository/Account/input_firstname'

2018-01-02 17:13:54 - [TEST_STEP][PASSED] - click: Object: 'Object Repository/Account/button_Save' is clicked on

2018-01-02 17:13:54 - [MESSAGE][PASSED] - Object: 'Object Repository/Account/button_Save' is clicked on

2018-01-02 17:13:54 - [TEST_STEP][PASSED] - delay: Delayed 3 second(s)

2018-01-02 17:13:57 - [MESSAGE][PASSED] - Delayed 3 second(s)

2018-01-02 17:13:57 - [TEST_STEP][PASSED] - verifyElementNotHasAttribute: Object 'Object Repository/Account/div_error_message' does not have attribute 'text'

2018-01-02 17:13:57 - [MESSAGE][WARNING] - Timeout '0' is invalid. Using default page load timeout: '5'

2018-01-02 17:13:57 - [MESSAGE][PASSED] - Object 'Object Repository/Account/div_error_message' does not have attribute 'text'

2018-01-02 17:13:57 - [TEST_STEP][PASSED] - click: Object: 'Object Repository/HomePage/a_Home' is clicked on

2018-01-02 17:13:57 - [MESSAGE][PASSED] - Object: 'Object Repository/HomePage/a_Home' is clicked on

2018-01-02 17:13:57 - [TEST_STEP][PASSED] - click: Object: 'Object Repository/LogIn/div_Hi user' is clicked on

2018-01-02 17:13:57 - [MESSAGE][PASSED] - Object: 'Object Repository/LogIn/div_Hi user' is clicked on

2018-01-02 17:13:57 - [TEST_STEP][PASSED] - delay: Delayed 1 second(s)

2018-01-02 17:13:58 - [MESSAGE][PASSED] - Delayed 1 second(s)

2018-01-02 17:13:58 - [TEST_STEP][PASSED] - click: Object: 'Object Repository/Account/a_Account Details' is clicked on

2018-01-02 17:13:58 - [MESSAGE][PASSED] - Object: 'Object Repository/Account/a_Account Details' is clicked on

2018-01-02 17:13:58 - [TEST_STEP][PASSED] - delay: Delayed 1 second(s)

2018-01-02 17:13:59 - [MESSAGE][PASSED] - Delayed 1 second(s)

2018-01-02 17:13:59 - [TEST_STEP][PASSED] - verifyElementAttributeValue: Object 'Object Repository/Account/input_firstname' has attribute 'value' with value 'John'

2018-01-02 17:13:59 - [MESSAGE][WARNING] - Timeout '0' is invalid. Using default page load timeout: '5'

2018-01-02 17:13:59 - [MESSAGE][PASSED] - Object 'Object Repository/Account/input_firstname' has attribute 'value' with value 'John']]></system-out>
         <system-err><![CDATA[]]></system-err>
      </testcase>
      <testcase name="Test Cases/032_account_change_fname_invalid" classname="Test Cases/032_account_change_fname_invalid" status="PASSED">
         <system-out><![CDATA[2018-01-02 17:14:00 - [TEST_CASE][PASSED] - Test Cases/032_account_change_fname_invalid: Test Cases/032_account_change_fname_invalid

2018-01-02 17:14:00 - [TEST_STEP][PASSED] - callTestCase: Call Test Case 'Test Cases/001_login_email_successful' successfully

2018-01-02 17:14:00 - [TEST_CASE][PASSED] - Test Cases/001_login_email_successful: Test Cases/001_login_email_successful

2018-01-02 17:14:00 - [TEST_STEP][PASSED] - openBrowser: Browser is opened with url: ''

2018-01-02 17:14:02 - [MESSAGE][PASSED] - Browser is opened with url: ''

2018-01-02 17:14:02 - [TEST_STEP][PASSED] - navigateToUrl: Navigate to 'http://mcdonaldstest.staging.oddle.co' successfully

2018-01-02 17:14:05 - [MESSAGE][PASSED] - Navigate to 'http://mcdonaldstest.staging.oddle.co' successfully

2018-01-02 17:14:05 - [TEST_STEP][PASSED] - click: Object: 'Object Repository/LogIn/div_Log in' is clicked on

2018-01-02 17:14:05 - [MESSAGE][PASSED] - Object: 'Object Repository/LogIn/div_Log in' is clicked on

2018-01-02 17:14:05 - [TEST_STEP][PASSED] - setText: Text 'kevin.ang@oddle.me' is set on object 'Object Repository/LogIn/input_email'

2018-01-02 17:14:07 - [MESSAGE][PASSED] - Text 'kevin.ang@oddle.me' is set on object 'Object Repository/LogIn/input_email'

2018-01-02 17:14:07 - [TEST_STEP][PASSED] - setText: Text '0ddleatw' is set on object 'Object Repository/LogIn/input_password'

2018-01-02 17:14:07 - [MESSAGE][PASSED] - Text '0ddleatw' is set on object 'Object Repository/LogIn/input_password'

2018-01-02 17:14:07 - [TEST_STEP][PASSED] - click: Object: 'Object Repository/LogIn/button_Login' is clicked on

2018-01-02 17:14:07 - [MESSAGE][PASSED] - Object: 'Object Repository/LogIn/button_Login' is clicked on

2018-01-02 17:14:07 - [TEST_STEP][PASSED] - delay: Delayed 3 second(s)

2018-01-02 17:14:10 - [MESSAGE][PASSED] - Delayed 3 second(s)

2018-01-02 17:14:10 - [TEST_STEP][PASSED] - autoKeywords.verifyLoggedIn.verifyLogged: autoKeywords.verifyLoggedIn.verifyLogged is PASSED

2018-01-02 17:14:10 - [MESSAGE][PASSED] - Text of object 'Object Repository/LogIn/div_Hi user' is: 'Hi, John'

2018-01-02 17:14:10 - [MESSAGE][PASSED] - Actual text 'Hi, John' and expected text 'Log In' are not matched 

2018-01-02 17:14:10 - [MESSAGE][PASSED] - autoKeywords.verifyLoggedIn.verifyLogged is PASSED

2018-01-02 17:14:10 - [MESSAGE][PASSED] - Call Test Case 'Test Cases/001_login_email_successful' successfully

2018-01-02 17:14:10 - [TEST_STEP][PASSED] - click: Object: 'Object Repository/LogIn/div_Hi user' is clicked on

2018-01-02 17:14:10 - [MESSAGE][PASSED] - Object: 'Object Repository/LogIn/div_Hi user' is clicked on

2018-01-02 17:14:10 - [TEST_STEP][PASSED] - delay: Delayed 1 second(s)

2018-01-02 17:14:11 - [MESSAGE][PASSED] - Delayed 1 second(s)

2018-01-02 17:14:11 - [TEST_STEP][PASSED] - click: Object: 'Object Repository/Account/a_Account Details' is clicked on

2018-01-02 17:14:11 - [MESSAGE][PASSED] - Object: 'Object Repository/Account/a_Account Details' is clicked on

2018-01-02 17:14:11 - [TEST_STEP][PASSED] - setText: Text 'wrongfname1' is set on object 'Object Repository/Account/input_firstname'

2018-01-02 17:14:12 - [MESSAGE][PASSED] - Text 'wrongfname1' is set on object 'Object Repository/Account/input_firstname'

2018-01-02 17:14:12 - [TEST_STEP][PASSED] - click: Object: 'Object Repository/Account/button_Save' is clicked on

2018-01-02 17:14:12 - [MESSAGE][PASSED] - Object: 'Object Repository/Account/button_Save' is clicked on

2018-01-02 17:14:12 - [TEST_STEP][PASSED] - delay: Delayed 3 second(s)

2018-01-02 17:14:15 - [MESSAGE][PASSED] - Delayed 3 second(s)

2018-01-02 17:14:15 - [TEST_STEP][PASSED] - verifyElementText: Actual text and expected text of test object 'Object Repository/Account/div_error_message' are matched.

2018-01-02 17:14:15 - [MESSAGE][PASSED] - Actual text and expected text of test object 'Object Repository/Account/div_error_message' are matched.

2018-01-02 17:14:15 - [TEST_STEP][PASSED] - click: Object: 'Object Repository/HomePage/a_Home' is clicked on

2018-01-02 17:14:15 - [MESSAGE][PASSED] - Object: 'Object Repository/HomePage/a_Home' is clicked on

2018-01-02 17:14:15 - [TEST_STEP][PASSED] - click: Object: 'Object Repository/LogIn/div_Hi user' is clicked on

2018-01-02 17:14:15 - [MESSAGE][PASSED] - Object: 'Object Repository/LogIn/div_Hi user' is clicked on

2018-01-02 17:14:15 - [TEST_STEP][PASSED] - delay: Delayed 1 second(s)

2018-01-02 17:14:16 - [MESSAGE][PASSED] - Delayed 1 second(s)

2018-01-02 17:14:16 - [TEST_STEP][PASSED] - click: Object: 'Object Repository/Account/a_Account Details' is clicked on

2018-01-02 17:14:16 - [MESSAGE][PASSED] - Object: 'Object Repository/Account/a_Account Details' is clicked on

2018-01-02 17:14:16 - [TEST_STEP][PASSED] - delay: Delayed 1 second(s)

2018-01-02 17:14:17 - [MESSAGE][PASSED] - Delayed 1 second(s)

2018-01-02 17:14:17 - [TEST_STEP][PASSED] - Statement - newFname = com.kms.katalon.core.webui.keyword.WebUiBuiltInKeywords.getAttribute(com.kms.katalon.core.testobject.ObjectRepository.findTestObject(Account/input_firstname), "value"): Attribute 'value' of object 'Object Repository/Account/input_firstname' is: 'John'

2018-01-02 17:14:17 - [MESSAGE][PASSED] - Attribute 'value' of object 'Object Repository/Account/input_firstname' is: 'John'

2018-01-02 17:14:17 - [TEST_STEP][PASSED] - verifyNotMatch: Actual text 'wrongfname1' and expected text 'John' are not matched 

2018-01-02 17:14:17 - [MESSAGE][PASSED] - Actual text 'wrongfname1' and expected text 'John' are not matched]]></system-out>
         <system-err><![CDATA[]]></system-err>
      </testcase>
      <testcase name="Test Cases/033_account_change_lname" classname="Test Cases/033_account_change_lname" status="PASSED">
         <system-out><![CDATA[2018-01-02 17:14:18 - [TEST_CASE][PASSED] - Test Cases/033_account_change_lname: Test Cases/033_account_change_lname

2018-01-02 17:14:18 - [TEST_STEP][PASSED] - callTestCase: Call Test Case 'Test Cases/001_login_email_successful' successfully

2018-01-02 17:14:18 - [TEST_CASE][PASSED] - Test Cases/001_login_email_successful: Test Cases/001_login_email_successful

2018-01-02 17:14:18 - [TEST_STEP][PASSED] - openBrowser: Browser is opened with url: ''

2018-01-02 17:14:20 - [MESSAGE][PASSED] - Browser is opened with url: ''

2018-01-02 17:14:20 - [TEST_STEP][PASSED] - navigateToUrl: Navigate to 'http://mcdonaldstest.staging.oddle.co' successfully

2018-01-02 17:14:23 - [MESSAGE][PASSED] - Navigate to 'http://mcdonaldstest.staging.oddle.co' successfully

2018-01-02 17:14:23 - [TEST_STEP][PASSED] - click: Object: 'Object Repository/LogIn/div_Log in' is clicked on

2018-01-02 17:14:23 - [MESSAGE][PASSED] - Object: 'Object Repository/LogIn/div_Log in' is clicked on

2018-01-02 17:14:23 - [TEST_STEP][PASSED] - setText: Text 'kevin.ang@oddle.me' is set on object 'Object Repository/LogIn/input_email'

2018-01-02 17:14:25 - [MESSAGE][PASSED] - Text 'kevin.ang@oddle.me' is set on object 'Object Repository/LogIn/input_email'

2018-01-02 17:14:25 - [TEST_STEP][PASSED] - setText: Text '0ddleatw' is set on object 'Object Repository/LogIn/input_password'

2018-01-02 17:14:25 - [MESSAGE][PASSED] - Text '0ddleatw' is set on object 'Object Repository/LogIn/input_password'

2018-01-02 17:14:25 - [TEST_STEP][PASSED] - click: Object: 'Object Repository/LogIn/button_Login' is clicked on

2018-01-02 17:14:25 - [MESSAGE][PASSED] - Object: 'Object Repository/LogIn/button_Login' is clicked on

2018-01-02 17:14:25 - [TEST_STEP][PASSED] - delay: Delayed 3 second(s)

2018-01-02 17:14:28 - [MESSAGE][PASSED] - Delayed 3 second(s)

2018-01-02 17:14:28 - [TEST_STEP][PASSED] - autoKeywords.verifyLoggedIn.verifyLogged: autoKeywords.verifyLoggedIn.verifyLogged is PASSED

2018-01-02 17:14:28 - [MESSAGE][PASSED] - Text of object 'Object Repository/LogIn/div_Hi user' is: 'Hi, John'

2018-01-02 17:14:28 - [MESSAGE][PASSED] - Actual text 'Hi, John' and expected text 'Log In' are not matched 

2018-01-02 17:14:28 - [MESSAGE][PASSED] - autoKeywords.verifyLoggedIn.verifyLogged is PASSED

2018-01-02 17:14:28 - [MESSAGE][PASSED] - Call Test Case 'Test Cases/001_login_email_successful' successfully

2018-01-02 17:14:28 - [TEST_STEP][PASSED] - click: Object: 'Object Repository/LogIn/div_Hi user' is clicked on

2018-01-02 17:14:28 - [MESSAGE][PASSED] - Object: 'Object Repository/LogIn/div_Hi user' is clicked on

2018-01-02 17:14:28 - [TEST_STEP][PASSED] - delay: Delayed 1 second(s)

2018-01-02 17:14:29 - [MESSAGE][PASSED] - Delayed 1 second(s)

2018-01-02 17:14:29 - [TEST_STEP][PASSED] - click: Object: 'Object Repository/Account/a_Account Details' is clicked on

2018-01-02 17:14:29 - [MESSAGE][PASSED] - Object: 'Object Repository/Account/a_Account Details' is clicked on

2018-01-02 17:14:29 - [TEST_STEP][PASSED] - setText: Text 'Tan' is set on object 'Object Repository/Account/input_lastname'

2018-01-02 17:14:29 - [MESSAGE][PASSED] - Text 'Tan' is set on object 'Object Repository/Account/input_lastname'

2018-01-02 17:14:29 - [TEST_STEP][PASSED] - click: Object: 'Object Repository/Account/button_Save' is clicked on

2018-01-02 17:14:30 - [MESSAGE][PASSED] - Object: 'Object Repository/Account/button_Save' is clicked on

2018-01-02 17:14:30 - [TEST_STEP][PASSED] - delay: Delayed 3 second(s)

2018-01-02 17:14:33 - [MESSAGE][PASSED] - Delayed 3 second(s)

2018-01-02 17:14:33 - [TEST_STEP][PASSED] - verifyElementNotHasAttribute: Object 'Object Repository/Account/div_error_message' does not have attribute 'text'

2018-01-02 17:14:33 - [MESSAGE][WARNING] - Timeout '0' is invalid. Using default page load timeout: '5'

2018-01-02 17:14:33 - [MESSAGE][PASSED] - Object 'Object Repository/Account/div_error_message' does not have attribute 'text'

2018-01-02 17:14:33 - [TEST_STEP][PASSED] - click: Object: 'Object Repository/HomePage/a_Home' is clicked on

2018-01-02 17:14:33 - [MESSAGE][PASSED] - Object: 'Object Repository/HomePage/a_Home' is clicked on

2018-01-02 17:14:33 - [TEST_STEP][PASSED] - click: Object: 'Object Repository/LogIn/div_Hi user' is clicked on

2018-01-02 17:14:33 - [MESSAGE][PASSED] - Object: 'Object Repository/LogIn/div_Hi user' is clicked on

2018-01-02 17:14:33 - [TEST_STEP][PASSED] - delay: Delayed 1 second(s)

2018-01-02 17:14:34 - [MESSAGE][PASSED] - Delayed 1 second(s)

2018-01-02 17:14:34 - [TEST_STEP][PASSED] - click: Object: 'Object Repository/Account/a_Account Details' is clicked on

2018-01-02 17:14:34 - [MESSAGE][PASSED] - Object: 'Object Repository/Account/a_Account Details' is clicked on

2018-01-02 17:14:34 - [TEST_STEP][PASSED] - delay: Delayed 1 second(s)

2018-01-02 17:14:35 - [MESSAGE][PASSED] - Delayed 1 second(s)

2018-01-02 17:14:35 - [TEST_STEP][PASSED] - verifyElementAttributeValue: Object 'Object Repository/Account/input_lastname' has attribute 'value' with value 'Tan'

2018-01-02 17:14:35 - [MESSAGE][WARNING] - Timeout '0' is invalid. Using default page load timeout: '5'

2018-01-02 17:14:35 - [MESSAGE][PASSED] - Object 'Object Repository/Account/input_lastname' has attribute 'value' with value 'Tan']]></system-out>
         <system-err><![CDATA[]]></system-err>
      </testcase>
      <testcase name="Test Cases/034_account_change_lname_invalid" classname="Test Cases/034_account_change_lname_invalid" status="PASSED">
         <system-out><![CDATA[2018-01-02 17:14:36 - [TEST_CASE][PASSED] - Test Cases/034_account_change_lname_invalid: Test Cases/034_account_change_lname_invalid

2018-01-02 17:14:36 - [TEST_STEP][PASSED] - callTestCase: Call Test Case 'Test Cases/001_login_email_successful' successfully

2018-01-02 17:14:36 - [TEST_CASE][PASSED] - Test Cases/001_login_email_successful: Test Cases/001_login_email_successful

2018-01-02 17:14:36 - [TEST_STEP][PASSED] - openBrowser: Browser is opened with url: ''

2018-01-02 17:14:38 - [MESSAGE][PASSED] - Browser is opened with url: ''

2018-01-02 17:14:38 - [TEST_STEP][PASSED] - navigateToUrl: Navigate to 'http://mcdonaldstest.staging.oddle.co' successfully

2018-01-02 17:14:40 - [MESSAGE][PASSED] - Navigate to 'http://mcdonaldstest.staging.oddle.co' successfully

2018-01-02 17:14:40 - [TEST_STEP][PASSED] - click: Object: 'Object Repository/LogIn/div_Log in' is clicked on

2018-01-02 17:14:41 - [MESSAGE][PASSED] - Object: 'Object Repository/LogIn/div_Log in' is clicked on

2018-01-02 17:14:41 - [TEST_STEP][PASSED] - setText: Text 'kevin.ang@oddle.me' is set on object 'Object Repository/LogIn/input_email'

2018-01-02 17:14:43 - [MESSAGE][PASSED] - Text 'kevin.ang@oddle.me' is set on object 'Object Repository/LogIn/input_email'

2018-01-02 17:14:43 - [TEST_STEP][PASSED] - setText: Text '0ddleatw' is set on object 'Object Repository/LogIn/input_password'

2018-01-02 17:14:43 - [MESSAGE][PASSED] - Text '0ddleatw' is set on object 'Object Repository/LogIn/input_password'

2018-01-02 17:14:43 - [TEST_STEP][PASSED] - click: Object: 'Object Repository/LogIn/button_Login' is clicked on

2018-01-02 17:14:43 - [MESSAGE][PASSED] - Object: 'Object Repository/LogIn/button_Login' is clicked on

2018-01-02 17:14:43 - [TEST_STEP][PASSED] - delay: Delayed 3 second(s)

2018-01-02 17:14:46 - [MESSAGE][PASSED] - Delayed 3 second(s)

2018-01-02 17:14:46 - [TEST_STEP][PASSED] - autoKeywords.verifyLoggedIn.verifyLogged: autoKeywords.verifyLoggedIn.verifyLogged is PASSED

2018-01-02 17:14:46 - [MESSAGE][PASSED] - Text of object 'Object Repository/LogIn/div_Hi user' is: 'Hi, John'

2018-01-02 17:14:46 - [MESSAGE][PASSED] - Actual text 'Hi, John' and expected text 'Log In' are not matched 

2018-01-02 17:14:46 - [MESSAGE][PASSED] - autoKeywords.verifyLoggedIn.verifyLogged is PASSED

2018-01-02 17:14:46 - [MESSAGE][PASSED] - Call Test Case 'Test Cases/001_login_email_successful' successfully

2018-01-02 17:14:46 - [TEST_STEP][PASSED] - click: Object: 'Object Repository/LogIn/div_Hi user' is clicked on

2018-01-02 17:14:46 - [MESSAGE][PASSED] - Object: 'Object Repository/LogIn/div_Hi user' is clicked on

2018-01-02 17:14:46 - [TEST_STEP][PASSED] - delay: Delayed 1 second(s)

2018-01-02 17:14:47 - [MESSAGE][PASSED] - Delayed 1 second(s)

2018-01-02 17:14:47 - [TEST_STEP][PASSED] - click: Object: 'Object Repository/Account/a_Account Details' is clicked on

2018-01-02 17:14:47 - [MESSAGE][PASSED] - Object: 'Object Repository/Account/a_Account Details' is clicked on

2018-01-02 17:14:47 - [TEST_STEP][PASSED] - setText: Text '@wronglname' is set on object 'Object Repository/Account/input_lastname'

2018-01-02 17:14:48 - [MESSAGE][PASSED] - Text '@wronglname' is set on object 'Object Repository/Account/input_lastname'

2018-01-02 17:14:48 - [TEST_STEP][PASSED] - click: Object: 'Object Repository/Account/button_Save' is clicked on

2018-01-02 17:14:48 - [MESSAGE][PASSED] - Object: 'Object Repository/Account/button_Save' is clicked on

2018-01-02 17:14:48 - [TEST_STEP][PASSED] - delay: Delayed 3 second(s)

2018-01-02 17:14:51 - [MESSAGE][PASSED] - Delayed 3 second(s)

2018-01-02 17:14:51 - [TEST_STEP][PASSED] - verifyElementText: Actual text and expected text of test object 'Object Repository/Account/div_error_message' are matched.

2018-01-02 17:14:51 - [MESSAGE][PASSED] - Actual text and expected text of test object 'Object Repository/Account/div_error_message' are matched.

2018-01-02 17:14:51 - [TEST_STEP][PASSED] - click: Object: 'Object Repository/HomePage/a_Home' is clicked on

2018-01-02 17:14:52 - [MESSAGE][PASSED] - Object: 'Object Repository/HomePage/a_Home' is clicked on

2018-01-02 17:14:52 - [TEST_STEP][PASSED] - click: Object: 'Object Repository/LogIn/div_Hi user' is clicked on

2018-01-02 17:14:52 - [MESSAGE][PASSED] - Object: 'Object Repository/LogIn/div_Hi user' is clicked on

2018-01-02 17:14:52 - [TEST_STEP][PASSED] - delay: Delayed 1 second(s)

2018-01-02 17:14:53 - [MESSAGE][PASSED] - Delayed 1 second(s)

2018-01-02 17:14:53 - [TEST_STEP][PASSED] - click: Object: 'Object Repository/Account/a_Account Details' is clicked on

2018-01-02 17:14:53 - [MESSAGE][PASSED] - Object: 'Object Repository/Account/a_Account Details' is clicked on

2018-01-02 17:14:53 - [TEST_STEP][PASSED] - delay: Delayed 1 second(s)

2018-01-02 17:14:54 - [MESSAGE][PASSED] - Delayed 1 second(s)

2018-01-02 17:14:54 - [TEST_STEP][PASSED] - Statement - newLname = com.kms.katalon.core.webui.keyword.WebUiBuiltInKeywords.getAttribute(com.kms.katalon.core.testobject.ObjectRepository.findTestObject(Account/input_lastname), "value"): Attribute 'value' of object 'Object Repository/Account/input_lastname' is: 'Tan'

2018-01-02 17:14:54 - [MESSAGE][PASSED] - Attribute 'value' of object 'Object Repository/Account/input_lastname' is: 'Tan'

2018-01-02 17:14:54 - [TEST_STEP][PASSED] - verifyNotMatch: Actual text '@wronglname' and expected text 'Tan' are not matched 

2018-01-02 17:14:54 - [MESSAGE][PASSED] - Actual text '@wronglname' and expected text 'Tan' are not matched]]></system-out>
         <system-err><![CDATA[]]></system-err>
      </testcase>
      <testcase name="Test Cases/035_account_change_phone" classname="Test Cases/035_account_change_phone" status="PASSED">
         <system-out><![CDATA[2018-01-02 17:14:55 - [TEST_CASE][PASSED] - Test Cases/035_account_change_phone: Test Cases/035_account_change_phone

2018-01-02 17:14:55 - [TEST_STEP][PASSED] - callTestCase: Call Test Case 'Test Cases/001_login_email_successful' successfully

2018-01-02 17:14:55 - [TEST_CASE][PASSED] - Test Cases/001_login_email_successful: Test Cases/001_login_email_successful

2018-01-02 17:14:55 - [TEST_STEP][PASSED] - openBrowser: Browser is opened with url: ''

2018-01-02 17:14:57 - [MESSAGE][PASSED] - Browser is opened with url: ''

2018-01-02 17:14:57 - [TEST_STEP][PASSED] - navigateToUrl: Navigate to 'http://mcdonaldstest.staging.oddle.co' successfully

2018-01-02 17:14:59 - [MESSAGE][PASSED] - Navigate to 'http://mcdonaldstest.staging.oddle.co' successfully

2018-01-02 17:14:59 - [TEST_STEP][PASSED] - click: Object: 'Object Repository/LogIn/div_Log in' is clicked on

2018-01-02 17:15:00 - [MESSAGE][PASSED] - Object: 'Object Repository/LogIn/div_Log in' is clicked on

2018-01-02 17:15:00 - [TEST_STEP][PASSED] - setText: Text 'kevin.ang@oddle.me' is set on object 'Object Repository/LogIn/input_email'

2018-01-02 17:15:01 - [MESSAGE][PASSED] - Text 'kevin.ang@oddle.me' is set on object 'Object Repository/LogIn/input_email'

2018-01-02 17:15:01 - [TEST_STEP][PASSED] - setText: Text '0ddleatw' is set on object 'Object Repository/LogIn/input_password'

2018-01-02 17:15:02 - [MESSAGE][PASSED] - Text '0ddleatw' is set on object 'Object Repository/LogIn/input_password'

2018-01-02 17:15:02 - [TEST_STEP][PASSED] - click: Object: 'Object Repository/LogIn/button_Login' is clicked on

2018-01-02 17:15:02 - [MESSAGE][PASSED] - Object: 'Object Repository/LogIn/button_Login' is clicked on

2018-01-02 17:15:02 - [TEST_STEP][PASSED] - delay: Delayed 3 second(s)

2018-01-02 17:15:05 - [MESSAGE][PASSED] - Delayed 3 second(s)

2018-01-02 17:15:05 - [TEST_STEP][PASSED] - autoKeywords.verifyLoggedIn.verifyLogged: autoKeywords.verifyLoggedIn.verifyLogged is PASSED

2018-01-02 17:15:05 - [MESSAGE][PASSED] - Text of object 'Object Repository/LogIn/div_Hi user' is: 'Hi, John'

2018-01-02 17:15:05 - [MESSAGE][PASSED] - Actual text 'Hi, John' and expected text 'Log In' are not matched 

2018-01-02 17:15:05 - [MESSAGE][PASSED] - autoKeywords.verifyLoggedIn.verifyLogged is PASSED

2018-01-02 17:15:05 - [MESSAGE][PASSED] - Call Test Case 'Test Cases/001_login_email_successful' successfully

2018-01-02 17:15:05 - [TEST_STEP][PASSED] - click: Object: 'Object Repository/LogIn/div_Hi user' is clicked on

2018-01-02 17:15:05 - [MESSAGE][PASSED] - Object: 'Object Repository/LogIn/div_Hi user' is clicked on

2018-01-02 17:15:05 - [TEST_STEP][PASSED] - delay: Delayed 1 second(s)

2018-01-02 17:15:06 - [MESSAGE][PASSED] - Delayed 1 second(s)

2018-01-02 17:15:06 - [TEST_STEP][PASSED] - click: Object: 'Object Repository/Account/a_Account Details' is clicked on

2018-01-02 17:15:06 - [MESSAGE][PASSED] - Object: 'Object Repository/Account/a_Account Details' is clicked on

2018-01-02 17:15:06 - [TEST_STEP][PASSED] - setText: Text '91234567' is set on object 'Object Repository/Account/input_phone'

2018-01-02 17:15:06 - [MESSAGE][PASSED] - Text '91234567' is set on object 'Object Repository/Account/input_phone'

2018-01-02 17:15:06 - [TEST_STEP][PASSED] - click: Object: 'Object Repository/Account/button_Save' is clicked on

2018-01-02 17:15:07 - [MESSAGE][PASSED] - Object: 'Object Repository/Account/button_Save' is clicked on

2018-01-02 17:15:07 - [TEST_STEP][PASSED] - delay: Delayed 3 second(s)

2018-01-02 17:15:10 - [MESSAGE][PASSED] - Delayed 3 second(s)

2018-01-02 17:15:10 - [TEST_STEP][PASSED] - verifyElementNotHasAttribute: Object 'Object Repository/Account/div_error_message' does not have attribute 'text'

2018-01-02 17:15:10 - [MESSAGE][WARNING] - Timeout '0' is invalid. Using default page load timeout: '5'

2018-01-02 17:15:10 - [MESSAGE][PASSED] - Object 'Object Repository/Account/div_error_message' does not have attribute 'text'

2018-01-02 17:15:10 - [TEST_STEP][PASSED] - click: Object: 'Object Repository/HomePage/a_Home' is clicked on

2018-01-02 17:15:10 - [MESSAGE][PASSED] - Object: 'Object Repository/HomePage/a_Home' is clicked on

2018-01-02 17:15:10 - [TEST_STEP][PASSED] - click: Object: 'Object Repository/LogIn/div_Hi user' is clicked on

2018-01-02 17:15:10 - [MESSAGE][PASSED] - Object: 'Object Repository/LogIn/div_Hi user' is clicked on

2018-01-02 17:15:10 - [TEST_STEP][PASSED] - delay: Delayed 1 second(s)

2018-01-02 17:15:11 - [MESSAGE][PASSED] - Delayed 1 second(s)

2018-01-02 17:15:11 - [TEST_STEP][PASSED] - click: Object: 'Object Repository/Account/a_Account Details' is clicked on

2018-01-02 17:15:11 - [MESSAGE][PASSED] - Object: 'Object Repository/Account/a_Account Details' is clicked on

2018-01-02 17:15:11 - [TEST_STEP][PASSED] - delay: Delayed 1 second(s)

2018-01-02 17:15:12 - [MESSAGE][PASSED] - Delayed 1 second(s)

2018-01-02 17:15:12 - [TEST_STEP][PASSED] - verifyElementAttributeValue: Object 'Object Repository/Account/input_phone' has attribute 'value' with value '91234567'

2018-01-02 17:15:12 - [MESSAGE][WARNING] - Timeout '0' is invalid. Using default page load timeout: '5'

2018-01-02 17:15:12 - [MESSAGE][PASSED] - Object 'Object Repository/Account/input_phone' has attribute 'value' with value '91234567'

2018-01-02 17:15:12 - [TEST_STEP][PASSED] - setText: Text '91111111' is set on object 'Object Repository/Account/input_phone'

2018-01-02 17:15:12 - [MESSAGE][PASSED] - Text '91111111' is set on object 'Object Repository/Account/input_phone'

2018-01-02 17:15:12 - [TEST_STEP][PASSED] - click: Object: 'Object Repository/Account/button_Save' is clicked on

2018-01-02 17:15:12 - [MESSAGE][PASSED] - Object: 'Object Repository/Account/button_Save' is clicked on

2018-01-02 17:15:12 - [TEST_STEP][PASSED] - delay: Delayed 3 second(s)

2018-01-02 17:15:15 - [MESSAGE][PASSED] - Delayed 3 second(s)

2018-01-02 17:15:15 - [TEST_STEP][PASSED] - verifyElementNotHasAttribute: Object 'Object Repository/Account/div_error_message' does not have attribute 'text'

2018-01-02 17:15:15 - [MESSAGE][WARNING] - Timeout '0' is invalid. Using default page load timeout: '5'

2018-01-02 17:15:15 - [MESSAGE][PASSED] - Object 'Object Repository/Account/div_error_message' does not have attribute 'text'

2018-01-02 17:15:15 - [TEST_STEP][PASSED] - verifyElementAttributeValue: Object 'Object Repository/Account/input_phone' has attribute 'value' with value '91111111'

2018-01-02 17:15:15 - [MESSAGE][WARNING] - Timeout '0' is invalid. Using default page load timeout: '5'

2018-01-02 17:15:16 - [MESSAGE][PASSED] - Object 'Object Repository/Account/input_phone' has attribute 'value' with value '91111111']]></system-out>
         <system-err><![CDATA[]]></system-err>
      </testcase>
      <testcase name="Test Cases/036_account_change_phone_invalid" classname="Test Cases/036_account_change_phone_invalid" status="PASSED">
         <system-out><![CDATA[2018-01-02 17:15:16 - [TEST_CASE][PASSED] - Test Cases/036_account_change_phone_invalid: Test Cases/036_account_change_phone_invalid

2018-01-02 17:15:16 - [TEST_STEP][PASSED] - callTestCase: Call Test Case 'Test Cases/001_login_email_successful' successfully

2018-01-02 17:15:16 - [TEST_CASE][PASSED] - Test Cases/001_login_email_successful: Test Cases/001_login_email_successful

2018-01-02 17:15:16 - [TEST_STEP][PASSED] - openBrowser: Browser is opened with url: ''

2018-01-02 17:15:18 - [MESSAGE][PASSED] - Browser is opened with url: ''

2018-01-02 17:15:18 - [TEST_STEP][PASSED] - navigateToUrl: Navigate to 'http://mcdonaldstest.staging.oddle.co' successfully

2018-01-02 17:15:21 - [MESSAGE][PASSED] - Navigate to 'http://mcdonaldstest.staging.oddle.co' successfully

2018-01-02 17:15:21 - [TEST_STEP][PASSED] - click: Object: 'Object Repository/LogIn/div_Log in' is clicked on

2018-01-02 17:15:21 - [MESSAGE][PASSED] - Object: 'Object Repository/LogIn/div_Log in' is clicked on

2018-01-02 17:15:21 - [TEST_STEP][PASSED] - setText: Text 'kevin.ang@oddle.me' is set on object 'Object Repository/LogIn/input_email'

2018-01-02 17:15:23 - [MESSAGE][PASSED] - Text 'kevin.ang@oddle.me' is set on object 'Object Repository/LogIn/input_email'

2018-01-02 17:15:23 - [TEST_STEP][PASSED] - setText: Text '0ddleatw' is set on object 'Object Repository/LogIn/input_password'

2018-01-02 17:15:23 - [MESSAGE][PASSED] - Text '0ddleatw' is set on object 'Object Repository/LogIn/input_password'

2018-01-02 17:15:23 - [TEST_STEP][PASSED] - click: Object: 'Object Repository/LogIn/button_Login' is clicked on

2018-01-02 17:15:23 - [MESSAGE][PASSED] - Object: 'Object Repository/LogIn/button_Login' is clicked on

2018-01-02 17:15:23 - [TEST_STEP][PASSED] - delay: Delayed 3 second(s)

2018-01-02 17:15:26 - [MESSAGE][PASSED] - Delayed 3 second(s)

2018-01-02 17:15:26 - [TEST_STEP][PASSED] - autoKeywords.verifyLoggedIn.verifyLogged: autoKeywords.verifyLoggedIn.verifyLogged is PASSED

2018-01-02 17:15:26 - [MESSAGE][PASSED] - Text of object 'Object Repository/LogIn/div_Hi user' is: 'Hi, John'

2018-01-02 17:15:26 - [MESSAGE][PASSED] - Actual text 'Hi, John' and expected text 'Log In' are not matched 

2018-01-02 17:15:26 - [MESSAGE][PASSED] - autoKeywords.verifyLoggedIn.verifyLogged is PASSED

2018-01-02 17:15:26 - [MESSAGE][PASSED] - Call Test Case 'Test Cases/001_login_email_successful' successfully

2018-01-02 17:15:26 - [TEST_STEP][PASSED] - click: Object: 'Object Repository/LogIn/div_Hi user' is clicked on

2018-01-02 17:15:26 - [MESSAGE][PASSED] - Object: 'Object Repository/LogIn/div_Hi user' is clicked on

2018-01-02 17:15:26 - [TEST_STEP][PASSED] - delay: Delayed 1 second(s)

2018-01-02 17:15:27 - [MESSAGE][PASSED] - Delayed 1 second(s)

2018-01-02 17:15:27 - [TEST_STEP][PASSED] - click: Object: 'Object Repository/Account/a_Account Details' is clicked on

2018-01-02 17:15:27 - [MESSAGE][PASSED] - Object: 'Object Repository/Account/a_Account Details' is clicked on

2018-01-02 17:15:27 - [TEST_STEP][PASSED] - setText: Text '123456' is set on object 'Object Repository/Account/input_phone'

2018-01-02 17:15:28 - [MESSAGE][PASSED] - Text '123456' is set on object 'Object Repository/Account/input_phone'

2018-01-02 17:15:28 - [TEST_STEP][PASSED] - click: Object: 'Object Repository/Account/button_Save' is clicked on

2018-01-02 17:15:28 - [MESSAGE][PASSED] - Object: 'Object Repository/Account/button_Save' is clicked on

2018-01-02 17:15:28 - [TEST_STEP][PASSED] - delay: Delayed 3 second(s)

2018-01-02 17:15:31 - [MESSAGE][PASSED] - Delayed 3 second(s)

2018-01-02 17:15:31 - [TEST_STEP][PASSED] - verifyElementText: Actual text and expected text of test object 'Object Repository/Account/div_error_message' are matched.

2018-01-02 17:15:31 - [MESSAGE][PASSED] - Actual text and expected text of test object 'Object Repository/Account/div_error_message' are matched.

2018-01-02 17:15:31 - [TEST_STEP][PASSED] - click: Object: 'Object Repository/HomePage/a_Home' is clicked on

2018-01-02 17:15:31 - [MESSAGE][PASSED] - Object: 'Object Repository/HomePage/a_Home' is clicked on

2018-01-02 17:15:31 - [TEST_STEP][PASSED] - click: Object: 'Object Repository/LogIn/div_Hi user' is clicked on

2018-01-02 17:15:31 - [MESSAGE][PASSED] - Object: 'Object Repository/LogIn/div_Hi user' is clicked on

2018-01-02 17:15:31 - [TEST_STEP][PASSED] - delay: Delayed 1 second(s)

2018-01-02 17:15:32 - [MESSAGE][PASSED] - Delayed 1 second(s)

2018-01-02 17:15:32 - [TEST_STEP][PASSED] - click: Object: 'Object Repository/Account/a_Account Details' is clicked on

2018-01-02 17:15:32 - [MESSAGE][PASSED] - Object: 'Object Repository/Account/a_Account Details' is clicked on

2018-01-02 17:15:32 - [TEST_STEP][PASSED] - delay: Delayed 1 second(s)

2018-01-02 17:15:33 - [MESSAGE][PASSED] - Delayed 1 second(s)

2018-01-02 17:15:33 - [TEST_STEP][PASSED] - Statement - newPhone = com.kms.katalon.core.webui.keyword.WebUiBuiltInKeywords.getAttribute(com.kms.katalon.core.testobject.ObjectRepository.findTestObject(Account/input_phone), "value"): Attribute 'value' of object 'Object Repository/Account/input_phone' is: '91111111'

2018-01-02 17:15:33 - [MESSAGE][PASSED] - Attribute 'value' of object 'Object Repository/Account/input_phone' is: '91111111'

2018-01-02 17:15:33 - [TEST_STEP][PASSED] - verifyNotMatch: Actual text '123456' and expected text '91111111' are not matched 

2018-01-02 17:15:33 - [MESSAGE][PASSED] - Actual text '123456' and expected text '91111111' are not matched]]></system-out>
         <system-err><![CDATA[]]></system-err>
      </testcase>
      <testcase name="Test Cases/037_account_change_company" classname="Test Cases/037_account_change_company" status="PASSED">
         <system-out><![CDATA[2018-01-02 17:15:34 - [TEST_CASE][PASSED] - Test Cases/037_account_change_company: Test Cases/037_account_change_company

2018-01-02 17:15:34 - [TEST_STEP][PASSED] - callTestCase: Call Test Case 'Test Cases/001_login_email_successful' successfully

2018-01-02 17:15:35 - [TEST_CASE][PASSED] - Test Cases/001_login_email_successful: Test Cases/001_login_email_successful

2018-01-02 17:15:35 - [TEST_STEP][PASSED] - openBrowser: Browser is opened with url: ''

2018-01-02 17:15:37 - [MESSAGE][PASSED] - Browser is opened with url: ''

2018-01-02 17:15:37 - [TEST_STEP][PASSED] - navigateToUrl: Navigate to 'http://mcdonaldstest.staging.oddle.co' successfully

2018-01-02 17:15:39 - [MESSAGE][PASSED] - Navigate to 'http://mcdonaldstest.staging.oddle.co' successfully

2018-01-02 17:15:39 - [TEST_STEP][PASSED] - click: Object: 'Object Repository/LogIn/div_Log in' is clicked on

2018-01-02 17:15:40 - [MESSAGE][PASSED] - Object: 'Object Repository/LogIn/div_Log in' is clicked on

2018-01-02 17:15:40 - [TEST_STEP][PASSED] - setText: Text 'kevin.ang@oddle.me' is set on object 'Object Repository/LogIn/input_email'

2018-01-02 17:15:41 - [MESSAGE][PASSED] - Text 'kevin.ang@oddle.me' is set on object 'Object Repository/LogIn/input_email'

2018-01-02 17:15:41 - [TEST_STEP][PASSED] - setText: Text '0ddleatw' is set on object 'Object Repository/LogIn/input_password'

2018-01-02 17:15:41 - [MESSAGE][PASSED] - Text '0ddleatw' is set on object 'Object Repository/LogIn/input_password'

2018-01-02 17:15:41 - [TEST_STEP][PASSED] - click: Object: 'Object Repository/LogIn/button_Login' is clicked on

2018-01-02 17:15:42 - [MESSAGE][PASSED] - Object: 'Object Repository/LogIn/button_Login' is clicked on

2018-01-02 17:15:42 - [TEST_STEP][PASSED] - delay: Delayed 3 second(s)

2018-01-02 17:15:45 - [MESSAGE][PASSED] - Delayed 3 second(s)

2018-01-02 17:15:45 - [TEST_STEP][PASSED] - autoKeywords.verifyLoggedIn.verifyLogged: autoKeywords.verifyLoggedIn.verifyLogged is PASSED

2018-01-02 17:15:45 - [MESSAGE][PASSED] - Text of object 'Object Repository/LogIn/div_Hi user' is: 'Hi, John'

2018-01-02 17:15:45 - [MESSAGE][PASSED] - Actual text 'Hi, John' and expected text 'Log In' are not matched 

2018-01-02 17:15:45 - [MESSAGE][PASSED] - autoKeywords.verifyLoggedIn.verifyLogged is PASSED

2018-01-02 17:15:45 - [MESSAGE][PASSED] - Call Test Case 'Test Cases/001_login_email_successful' successfully

2018-01-02 17:15:45 - [TEST_STEP][PASSED] - click: Object: 'Object Repository/LogIn/div_Hi user' is clicked on

2018-01-02 17:15:45 - [MESSAGE][PASSED] - Object: 'Object Repository/LogIn/div_Hi user' is clicked on

2018-01-02 17:15:45 - [TEST_STEP][PASSED] - delay: Delayed 1 second(s)

2018-01-02 17:15:46 - [MESSAGE][PASSED] - Delayed 1 second(s)

2018-01-02 17:15:46 - [TEST_STEP][PASSED] - click: Object: 'Object Repository/Account/a_Account Details' is clicked on

2018-01-02 17:15:46 - [MESSAGE][PASSED] - Object: 'Object Repository/Account/a_Account Details' is clicked on

2018-01-02 17:15:46 - [TEST_STEP][PASSED] - setText: Text 'Some Company' is set on object 'Object Repository/Account/input_company'

2018-01-02 17:15:46 - [MESSAGE][PASSED] - Text 'Some Company' is set on object 'Object Repository/Account/input_company'

2018-01-02 17:15:46 - [TEST_STEP][PASSED] - click: Object: 'Object Repository/Account/button_Save' is clicked on

2018-01-02 17:15:46 - [MESSAGE][PASSED] - Object: 'Object Repository/Account/button_Save' is clicked on

2018-01-02 17:15:46 - [TEST_STEP][PASSED] - delay: Delayed 3 second(s)

2018-01-02 17:15:49 - [MESSAGE][PASSED] - Delayed 3 second(s)

2018-01-02 17:15:49 - [TEST_STEP][PASSED] - verifyElementNotHasAttribute: Object 'Object Repository/Account/div_error_message' does not have attribute 'text'

2018-01-02 17:15:49 - [MESSAGE][WARNING] - Timeout '0' is invalid. Using default page load timeout: '5'

2018-01-02 17:15:49 - [MESSAGE][PASSED] - Object 'Object Repository/Account/div_error_message' does not have attribute 'text'

2018-01-02 17:15:49 - [TEST_STEP][PASSED] - click: Object: 'Object Repository/HomePage/a_Home' is clicked on

2018-01-02 17:15:50 - [MESSAGE][PASSED] - Object: 'Object Repository/HomePage/a_Home' is clicked on

2018-01-02 17:15:50 - [TEST_STEP][PASSED] - click: Object: 'Object Repository/LogIn/div_Hi user' is clicked on

2018-01-02 17:15:50 - [MESSAGE][PASSED] - Object: 'Object Repository/LogIn/div_Hi user' is clicked on

2018-01-02 17:15:50 - [TEST_STEP][PASSED] - delay: Delayed 1 second(s)

2018-01-02 17:15:51 - [MESSAGE][PASSED] - Delayed 1 second(s)

2018-01-02 17:15:51 - [TEST_STEP][PASSED] - click: Object: 'Object Repository/Account/a_Account Details' is clicked on

2018-01-02 17:15:51 - [MESSAGE][PASSED] - Object: 'Object Repository/Account/a_Account Details' is clicked on

2018-01-02 17:15:51 - [TEST_STEP][PASSED] - delay: Delayed 1 second(s)

2018-01-02 17:15:52 - [MESSAGE][PASSED] - Delayed 1 second(s)

2018-01-02 17:15:52 - [TEST_STEP][PASSED] - verifyElementAttributeValue: Object 'Object Repository/Account/input_company' has attribute 'value' with value 'Some Company'

2018-01-02 17:15:52 - [MESSAGE][WARNING] - Timeout '0' is invalid. Using default page load timeout: '5'

2018-01-02 17:15:52 - [MESSAGE][PASSED] - Object 'Object Repository/Account/input_company' has attribute 'value' with value 'Some Company'

2018-01-02 17:15:52 - [TEST_STEP][PASSED] - setText: Text 'The Oddle Company' is set on object 'Object Repository/Account/input_company'

2018-01-02 17:15:52 - [MESSAGE][PASSED] - Text 'The Oddle Company' is set on object 'Object Repository/Account/input_company'

2018-01-02 17:15:52 - [TEST_STEP][PASSED] - click: Object: 'Object Repository/Account/button_Save' is clicked on

2018-01-02 17:15:53 - [MESSAGE][PASSED] - Object: 'Object Repository/Account/button_Save' is clicked on

2018-01-02 17:15:53 - [TEST_STEP][PASSED] - delay: Delayed 3 second(s)

2018-01-02 17:15:56 - [MESSAGE][PASSED] - Delayed 3 second(s)

2018-01-02 17:15:56 - [TEST_STEP][PASSED] - verifyElementNotHasAttribute: Object 'Object Repository/Account/div_error_message' does not have attribute 'text'

2018-01-02 17:15:56 - [MESSAGE][WARNING] - Timeout '0' is invalid. Using default page load timeout: '5'

2018-01-02 17:15:56 - [MESSAGE][PASSED] - Object 'Object Repository/Account/div_error_message' does not have attribute 'text'

2018-01-02 17:15:56 - [TEST_STEP][PASSED] - click: Object: 'Object Repository/HomePage/a_Home' is clicked on

2018-01-02 17:15:56 - [MESSAGE][PASSED] - Object: 'Object Repository/HomePage/a_Home' is clicked on

2018-01-02 17:15:56 - [TEST_STEP][PASSED] - click: Object: 'Object Repository/LogIn/div_Hi user' is clicked on

2018-01-02 17:15:56 - [MESSAGE][PASSED] - Object: 'Object Repository/LogIn/div_Hi user' is clicked on

2018-01-02 17:15:56 - [TEST_STEP][PASSED] - delay: Delayed 1 second(s)

2018-01-02 17:15:57 - [MESSAGE][PASSED] - Delayed 1 second(s)

2018-01-02 17:15:57 - [TEST_STEP][PASSED] - click: Object: 'Object Repository/Account/a_Account Details' is clicked on

2018-01-02 17:15:57 - [MESSAGE][PASSED] - Object: 'Object Repository/Account/a_Account Details' is clicked on

2018-01-02 17:15:57 - [TEST_STEP][PASSED] - delay: Delayed 1 second(s)

2018-01-02 17:15:58 - [MESSAGE][PASSED] - Delayed 1 second(s)

2018-01-02 17:15:58 - [TEST_STEP][PASSED] - verifyElementAttributeValue: Object 'Object Repository/Account/input_company' has attribute 'value' with value 'The Oddle Company'

2018-01-02 17:15:58 - [MESSAGE][WARNING] - Timeout '0' is invalid. Using default page load timeout: '5'

2018-01-02 17:15:58 - [MESSAGE][PASSED] - Object 'Object Repository/Account/input_company' has attribute 'value' with value 'The Oddle Company']]></system-out>
         <system-err><![CDATA[]]></system-err>
      </testcase>
      <testcase name="Test Cases/038_account_change_password" classname="Test Cases/038_account_change_password" status="PASSED">
         <system-out><![CDATA[2018-01-02 17:15:59 - [TEST_CASE][PASSED] - Test Cases/038_account_change_password: Test Cases/038_account_change_password

2018-01-02 17:15:59 - [TEST_STEP][PASSED] - callTestCase: Call Test Case 'Test Cases/001_login_email_successful' successfully

2018-01-02 17:15:59 - [TEST_CASE][PASSED] - Test Cases/001_login_email_successful: Test Cases/001_login_email_successful

2018-01-02 17:15:59 - [TEST_STEP][PASSED] - openBrowser: Browser is opened with url: ''

2018-01-02 17:16:01 - [MESSAGE][PASSED] - Browser is opened with url: ''

2018-01-02 17:16:01 - [TEST_STEP][PASSED] - navigateToUrl: Navigate to 'http://mcdonaldstest.staging.oddle.co' successfully

2018-01-02 17:16:03 - [MESSAGE][PASSED] - Navigate to 'http://mcdonaldstest.staging.oddle.co' successfully

2018-01-02 17:16:03 - [TEST_STEP][PASSED] - click: Object: 'Object Repository/LogIn/div_Log in' is clicked on

2018-01-02 17:16:04 - [MESSAGE][PASSED] - Object: 'Object Repository/LogIn/div_Log in' is clicked on

2018-01-02 17:16:04 - [TEST_STEP][PASSED] - setText: Text 'kevin.ang@oddle.me' is set on object 'Object Repository/LogIn/input_email'

2018-01-02 17:16:05 - [MESSAGE][PASSED] - Text 'kevin.ang@oddle.me' is set on object 'Object Repository/LogIn/input_email'

2018-01-02 17:16:05 - [TEST_STEP][PASSED] - setText: Text '0ddleatw' is set on object 'Object Repository/LogIn/input_password'

2018-01-02 17:16:06 - [MESSAGE][PASSED] - Text '0ddleatw' is set on object 'Object Repository/LogIn/input_password'

2018-01-02 17:16:06 - [TEST_STEP][PASSED] - click: Object: 'Object Repository/LogIn/button_Login' is clicked on

2018-01-02 17:16:06 - [MESSAGE][PASSED] - Object: 'Object Repository/LogIn/button_Login' is clicked on

2018-01-02 17:16:06 - [TEST_STEP][PASSED] - delay: Delayed 3 second(s)

2018-01-02 17:16:09 - [MESSAGE][PASSED] - Delayed 3 second(s)

2018-01-02 17:16:09 - [TEST_STEP][PASSED] - autoKeywords.verifyLoggedIn.verifyLogged: autoKeywords.verifyLoggedIn.verifyLogged is PASSED

2018-01-02 17:16:09 - [MESSAGE][PASSED] - Text of object 'Object Repository/LogIn/div_Hi user' is: 'Hi, John'

2018-01-02 17:16:09 - [MESSAGE][PASSED] - Actual text 'Hi, John' and expected text 'Log In' are not matched 

2018-01-02 17:16:09 - [MESSAGE][PASSED] - autoKeywords.verifyLoggedIn.verifyLogged is PASSED

2018-01-02 17:16:09 - [MESSAGE][PASSED] - Call Test Case 'Test Cases/001_login_email_successful' successfully

2018-01-02 17:16:09 - [TEST_STEP][PASSED] - click: Object: 'Object Repository/LogIn/div_Hi user' is clicked on

2018-01-02 17:16:09 - [MESSAGE][PASSED] - Object: 'Object Repository/LogIn/div_Hi user' is clicked on

2018-01-02 17:16:09 - [TEST_STEP][PASSED] - delay: Delayed 1 second(s)

2018-01-02 17:16:10 - [MESSAGE][PASSED] - Delayed 1 second(s)

2018-01-02 17:16:10 - [TEST_STEP][PASSED] - click: Object: 'Object Repository/Account/a_Account Details' is clicked on

2018-01-02 17:16:10 - [MESSAGE][PASSED] - Object: 'Object Repository/Account/a_Account Details' is clicked on

2018-01-02 17:16:10 - [TEST_STEP][PASSED] - delay: Delayed 1 second(s)

2018-01-02 17:16:11 - [MESSAGE][PASSED] - Delayed 1 second(s)

2018-01-02 17:16:11 - [TEST_STEP][PASSED] - click: Object: 'Object Repository/Account/a_ Password tab' is clicked on

2018-01-02 17:16:11 - [MESSAGE][PASSED] - Object: 'Object Repository/Account/a_ Password tab' is clicked on

2018-01-02 17:16:11 - [TEST_STEP][PASSED] - delay: Delayed 1 second(s)

2018-01-02 17:16:12 - [MESSAGE][PASSED] - Delayed 1 second(s)

2018-01-02 17:16:12 - [TEST_STEP][PASSED] - setText: Text '0ddleatw' is set on object 'Object Repository/Account/input_password'

2018-01-02 17:16:12 - [MESSAGE][PASSED] - Text '0ddleatw' is set on object 'Object Repository/Account/input_password'

2018-01-02 17:16:12 - [TEST_STEP][PASSED] - setText: Text 'newpassword' is set on object 'Object Repository/Account/input_newpassword'

2018-01-02 17:16:13 - [MESSAGE][PASSED] - Text 'newpassword' is set on object 'Object Repository/Account/input_newpassword'

2018-01-02 17:16:13 - [TEST_STEP][PASSED] - setText: Text 'newpassword' is set on object 'Object Repository/Account/input_renewpassword'

2018-01-02 17:16:13 - [MESSAGE][PASSED] - Text 'newpassword' is set on object 'Object Repository/Account/input_renewpassword'

2018-01-02 17:16:13 - [TEST_STEP][PASSED] - click: Object: 'Object Repository/Account/button_Save password' is clicked on

2018-01-02 17:16:13 - [MESSAGE][PASSED] - Object: 'Object Repository/Account/button_Save password' is clicked on

2018-01-02 17:16:13 - [TEST_STEP][PASSED] - delay: Delayed 3 second(s)

2018-01-02 17:16:16 - [MESSAGE][PASSED] - Delayed 3 second(s)

2018-01-02 17:16:16 - [TEST_STEP][PASSED] - verifyElementNotHasAttribute: Object 'Object Repository/Account/div_passwords error' does not have attribute 'text'

2018-01-02 17:16:16 - [MESSAGE][WARNING] - Timeout '0' is invalid. Using default page load timeout: '5'

2018-01-02 17:16:16 - [MESSAGE][PASSED] - Object 'Object Repository/Account/div_passwords error' does not have attribute 'text'

2018-01-02 17:16:16 - [TEST_STEP][PASSED] - delay: Delayed 1 second(s)

2018-01-02 17:16:17 - [MESSAGE][PASSED] - Delayed 1 second(s)

2018-01-02 17:16:17 - [TEST_STEP][PASSED] - click: Object: 'Object Repository/LogIn/div_Hi user' is clicked on

2018-01-02 17:16:17 - [MESSAGE][PASSED] - Object: 'Object Repository/LogIn/div_Hi user' is clicked on

2018-01-02 17:16:17 - [TEST_STEP][PASSED] - delay: Delayed 1 second(s)

2018-01-02 17:16:18 - [MESSAGE][PASSED] - Delayed 1 second(s)

2018-01-02 17:16:18 - [TEST_STEP][PASSED] - click: Object: 'Object Repository/LogIn/a_Sign out' is clicked on

2018-01-02 17:16:18 - [MESSAGE][PASSED] - Object: 'Object Repository/LogIn/a_Sign out' is clicked on

2018-01-02 17:16:18 - [TEST_STEP][PASSED] - delay: Delayed 1 second(s)

2018-01-02 17:16:19 - [MESSAGE][PASSED] - Delayed 1 second(s)

2018-01-02 17:16:19 - [TEST_STEP][PASSED] - click: Object: 'Object Repository/Account/button_Sign Out' is clicked on

2018-01-02 17:16:19 - [MESSAGE][PASSED] - Object: 'Object Repository/Account/button_Sign Out' is clicked on

2018-01-02 17:16:19 - [TEST_STEP][PASSED] - delay: Delayed 1 second(s)

2018-01-02 17:16:20 - [MESSAGE][PASSED] - Delayed 1 second(s)

2018-01-02 17:16:20 - [TEST_STEP][PASSED] - autoKeywords.verifyLoggedOut.verifyNotLogged: autoKeywords.verifyLoggedOut.verifyNotLogged is PASSED

2018-01-02 17:16:20 - [MESSAGE][WARNING] - Timeout '0' is invalid. Using default page load timeout: '5'

2018-01-02 17:16:20 - [MESSAGE][PASSED] - Object 'Object Repository/LogIn/div_Log in' is present

2018-01-02 17:16:20 - [MESSAGE][PASSED] - autoKeywords.verifyLoggedOut.verifyNotLogged is PASSED

2018-01-02 17:16:20 - [TEST_STEP][PASSED] - click: Object: 'Object Repository/LogIn/div_Log in' is clicked on

2018-01-02 17:16:21 - [MESSAGE][PASSED] - Object: 'Object Repository/LogIn/div_Log in' is clicked on

2018-01-02 17:16:21 - [TEST_STEP][PASSED] - setText: Text 'kevin.ang@oddle.me' is set on object 'Object Repository/LogIn/input_email'

2018-01-02 17:16:22 - [MESSAGE][PASSED] - Text 'kevin.ang@oddle.me' is set on object 'Object Repository/LogIn/input_email'

2018-01-02 17:16:22 - [TEST_STEP][PASSED] - setText: Text 'newpassword' is set on object 'Object Repository/LogIn/input_password'

2018-01-02 17:16:22 - [MESSAGE][PASSED] - Text 'newpassword' is set on object 'Object Repository/LogIn/input_password'

2018-01-02 17:16:22 - [TEST_STEP][PASSED] - click: Object: 'Object Repository/LogIn/button_Login' is clicked on

2018-01-02 17:16:22 - [MESSAGE][PASSED] - Object: 'Object Repository/LogIn/button_Login' is clicked on

2018-01-02 17:16:22 - [TEST_STEP][PASSED] - delay: Delayed 3 second(s)

2018-01-02 17:16:25 - [MESSAGE][PASSED] - Delayed 3 second(s)

2018-01-02 17:16:25 - [TEST_STEP][PASSED] - autoKeywords.verifyLoggedIn.verifyLogged: autoKeywords.verifyLoggedIn.verifyLogged is PASSED

2018-01-02 17:16:25 - [MESSAGE][PASSED] - Text of object 'Object Repository/LogIn/div_Hi user' is: 'Hi, John'

2018-01-02 17:16:25 - [MESSAGE][PASSED] - Actual text 'Hi, John' and expected text 'Log In' are not matched 

2018-01-02 17:16:25 - [MESSAGE][PASSED] - autoKeywords.verifyLoggedIn.verifyLogged is PASSED

2018-01-02 17:16:25 - [TEST_STEP][PASSED] - click: Object: 'Object Repository/LogIn/div_Hi user' is clicked on

2018-01-02 17:16:25 - [MESSAGE][PASSED] - Object: 'Object Repository/LogIn/div_Hi user' is clicked on

2018-01-02 17:16:25 - [TEST_STEP][PASSED] - delay: Delayed 1 second(s)

2018-01-02 17:16:26 - [MESSAGE][PASSED] - Delayed 1 second(s)

2018-01-02 17:16:26 - [TEST_STEP][PASSED] - click: Object: 'Object Repository/Account/a_Account Details' is clicked on

2018-01-02 17:16:26 - [MESSAGE][PASSED] - Object: 'Object Repository/Account/a_Account Details' is clicked on

2018-01-02 17:16:26 - [TEST_STEP][PASSED] - delay: Delayed 1 second(s)

2018-01-02 17:16:27 - [MESSAGE][PASSED] - Delayed 1 second(s)

2018-01-02 17:16:27 - [TEST_STEP][PASSED] - click: Object: 'Object Repository/Account/a_ Password tab' is clicked on

2018-01-02 17:16:27 - [MESSAGE][PASSED] - Object: 'Object Repository/Account/a_ Password tab' is clicked on

2018-01-02 17:16:27 - [TEST_STEP][PASSED] - delay: Delayed 1 second(s)

2018-01-02 17:16:28 - [MESSAGE][PASSED] - Delayed 1 second(s)

2018-01-02 17:16:28 - [TEST_STEP][PASSED] - setText: Text 'newpassword' is set on object 'Object Repository/Account/input_password'

2018-01-02 17:16:29 - [MESSAGE][PASSED] - Text 'newpassword' is set on object 'Object Repository/Account/input_password'

2018-01-02 17:16:29 - [TEST_STEP][PASSED] - setText: Text '0ddleatw' is set on object 'Object Repository/Account/input_newpassword'

2018-01-02 17:16:29 - [MESSAGE][PASSED] - Text '0ddleatw' is set on object 'Object Repository/Account/input_newpassword'

2018-01-02 17:16:29 - [TEST_STEP][PASSED] - setText: Text '0ddleatw' is set on object 'Object Repository/Account/input_renewpassword'

2018-01-02 17:16:29 - [MESSAGE][PASSED] - Text '0ddleatw' is set on object 'Object Repository/Account/input_renewpassword'

2018-01-02 17:16:29 - [TEST_STEP][PASSED] - click: Object: 'Object Repository/Account/button_Save password' is clicked on

2018-01-02 17:16:29 - [MESSAGE][PASSED] - Object: 'Object Repository/Account/button_Save password' is clicked on

2018-01-02 17:16:29 - [TEST_STEP][PASSED] - delay: Delayed 3 second(s)

2018-01-02 17:16:32 - [MESSAGE][PASSED] - Delayed 3 second(s)

2018-01-02 17:16:32 - [TEST_STEP][PASSED] - verifyElementNotHasAttribute: Object 'Object Repository/Account/div_passwords error' does not have attribute 'text'

2018-01-02 17:16:32 - [MESSAGE][WARNING] - Timeout '0' is invalid. Using default page load timeout: '5'

2018-01-02 17:16:32 - [MESSAGE][PASSED] - Object 'Object Repository/Account/div_passwords error' does not have attribute 'text']]></system-out>
         <system-err><![CDATA[]]></system-err>
      </testcase>
      <testcase name="Test Cases/039_account_change_password_wrong" classname="Test Cases/039_account_change_password_wrong" status="PASSED">
         <system-out><![CDATA[2018-01-02 17:16:33 - [TEST_CASE][PASSED] - Test Cases/039_account_change_password_wrong: Test Cases/039_account_change_password_wrong

2018-01-02 17:16:33 - [TEST_STEP][PASSED] - callTestCase: Call Test Case 'Test Cases/001_login_email_successful' successfully

2018-01-02 17:16:33 - [TEST_CASE][PASSED] - Test Cases/001_login_email_successful: Test Cases/001_login_email_successful

2018-01-02 17:16:33 - [TEST_STEP][PASSED] - openBrowser: Browser is opened with url: ''

2018-01-02 17:16:35 - [MESSAGE][PASSED] - Browser is opened with url: ''

2018-01-02 17:16:35 - [TEST_STEP][PASSED] - navigateToUrl: Navigate to 'http://mcdonaldstest.staging.oddle.co' successfully

2018-01-02 17:16:38 - [MESSAGE][PASSED] - Navigate to 'http://mcdonaldstest.staging.oddle.co' successfully

2018-01-02 17:16:38 - [TEST_STEP][PASSED] - click: Object: 'Object Repository/LogIn/div_Log in' is clicked on

2018-01-02 17:16:38 - [MESSAGE][PASSED] - Object: 'Object Repository/LogIn/div_Log in' is clicked on

2018-01-02 17:16:38 - [TEST_STEP][PASSED] - setText: Text 'kevin.ang@oddle.me' is set on object 'Object Repository/LogIn/input_email'

2018-01-02 17:16:40 - [MESSAGE][PASSED] - Text 'kevin.ang@oddle.me' is set on object 'Object Repository/LogIn/input_email'

2018-01-02 17:16:40 - [TEST_STEP][PASSED] - setText: Text '0ddleatw' is set on object 'Object Repository/LogIn/input_password'

2018-01-02 17:16:40 - [MESSAGE][PASSED] - Text '0ddleatw' is set on object 'Object Repository/LogIn/input_password'

2018-01-02 17:16:40 - [TEST_STEP][PASSED] - click: Object: 'Object Repository/LogIn/button_Login' is clicked on

2018-01-02 17:16:41 - [MESSAGE][PASSED] - Object: 'Object Repository/LogIn/button_Login' is clicked on

2018-01-02 17:16:41 - [TEST_STEP][PASSED] - delay: Delayed 3 second(s)

2018-01-02 17:16:44 - [MESSAGE][PASSED] - Delayed 3 second(s)

2018-01-02 17:16:44 - [TEST_STEP][PASSED] - autoKeywords.verifyLoggedIn.verifyLogged: autoKeywords.verifyLoggedIn.verifyLogged is PASSED

2018-01-02 17:16:44 - [MESSAGE][PASSED] - Text of object 'Object Repository/LogIn/div_Hi user' is: 'Hi, John'

2018-01-02 17:16:44 - [MESSAGE][PASSED] - Actual text 'Hi, John' and expected text 'Log In' are not matched 

2018-01-02 17:16:44 - [MESSAGE][PASSED] - autoKeywords.verifyLoggedIn.verifyLogged is PASSED

2018-01-02 17:16:44 - [MESSAGE][PASSED] - Call Test Case 'Test Cases/001_login_email_successful' successfully

2018-01-02 17:16:44 - [TEST_STEP][PASSED] - click: Object: 'Object Repository/LogIn/div_Hi user' is clicked on

2018-01-02 17:16:44 - [MESSAGE][PASSED] - Object: 'Object Repository/LogIn/div_Hi user' is clicked on

2018-01-02 17:16:44 - [TEST_STEP][PASSED] - delay: Delayed 1 second(s)

2018-01-02 17:16:45 - [MESSAGE][PASSED] - Delayed 1 second(s)

2018-01-02 17:16:45 - [TEST_STEP][PASSED] - click: Object: 'Object Repository/Account/a_Account Details' is clicked on

2018-01-02 17:16:45 - [MESSAGE][PASSED] - Object: 'Object Repository/Account/a_Account Details' is clicked on

2018-01-02 17:16:45 - [TEST_STEP][PASSED] - delay: Delayed 1 second(s)

2018-01-02 17:16:46 - [MESSAGE][PASSED] - Delayed 1 second(s)

2018-01-02 17:16:46 - [TEST_STEP][PASSED] - click: Object: 'Object Repository/Account/a_ Password tab' is clicked on

2018-01-02 17:16:46 - [MESSAGE][PASSED] - Object: 'Object Repository/Account/a_ Password tab' is clicked on

2018-01-02 17:16:46 - [TEST_STEP][PASSED] - delay: Delayed 1 second(s)

2018-01-02 17:16:47 - [MESSAGE][PASSED] - Delayed 1 second(s)

2018-01-02 17:16:47 - [TEST_STEP][PASSED] - setText: Text 'wrongpassword' is set on object 'Object Repository/Account/input_password'

2018-01-02 17:16:47 - [MESSAGE][PASSED] - Text 'wrongpassword' is set on object 'Object Repository/Account/input_password'

2018-01-02 17:16:47 - [TEST_STEP][PASSED] - setText: Text 'newpassword' is set on object 'Object Repository/Account/input_newpassword'

2018-01-02 17:16:48 - [MESSAGE][PASSED] - Text 'newpassword' is set on object 'Object Repository/Account/input_newpassword'

2018-01-02 17:16:48 - [TEST_STEP][PASSED] - setText: Text 'newpassword' is set on object 'Object Repository/Account/input_renewpassword'

2018-01-02 17:16:48 - [MESSAGE][PASSED] - Text 'newpassword' is set on object 'Object Repository/Account/input_renewpassword'

2018-01-02 17:16:48 - [TEST_STEP][PASSED] - click: Object: 'Object Repository/Account/button_Save password' is clicked on

2018-01-02 17:16:48 - [MESSAGE][PASSED] - Object: 'Object Repository/Account/button_Save password' is clicked on

2018-01-02 17:16:48 - [TEST_STEP][PASSED] - delay: Delayed 3 second(s)

2018-01-02 17:16:51 - [MESSAGE][PASSED] - Delayed 3 second(s)

2018-01-02 17:16:51 - [TEST_STEP][PASSED] - verifyElementText: Actual text and expected text of test object 'Object Repository/Account/div_passwords error' are matched.

2018-01-02 17:16:51 - [MESSAGE][PASSED] - Actual text and expected text of test object 'Object Repository/Account/div_passwords error' are matched.

2018-01-02 17:16:51 - [TEST_STEP][PASSED] - delay: Delayed 1 second(s)

2018-01-02 17:16:52 - [MESSAGE][PASSED] - Delayed 1 second(s)

2018-01-02 17:16:52 - [TEST_STEP][PASSED] - click: Object: 'Object Repository/LogIn/div_Hi user' is clicked on

2018-01-02 17:16:52 - [MESSAGE][PASSED] - Object: 'Object Repository/LogIn/div_Hi user' is clicked on

2018-01-02 17:16:52 - [TEST_STEP][PASSED] - delay: Delayed 1 second(s)

2018-01-02 17:16:53 - [MESSAGE][PASSED] - Delayed 1 second(s)

2018-01-02 17:16:53 - [TEST_STEP][PASSED] - click: Object: 'Object Repository/LogIn/a_Sign out' is clicked on

2018-01-02 17:16:54 - [MESSAGE][PASSED] - Object: 'Object Repository/LogIn/a_Sign out' is clicked on

2018-01-02 17:16:54 - [TEST_STEP][PASSED] - delay: Delayed 1 second(s)

2018-01-02 17:16:55 - [MESSAGE][PASSED] - Delayed 1 second(s)

2018-01-02 17:16:55 - [TEST_STEP][PASSED] - click: Object: 'Object Repository/Account/button_Sign Out' is clicked on

2018-01-02 17:16:55 - [MESSAGE][PASSED] - Object: 'Object Repository/Account/button_Sign Out' is clicked on

2018-01-02 17:16:55 - [TEST_STEP][PASSED] - delay: Delayed 1 second(s)

2018-01-02 17:16:56 - [MESSAGE][PASSED] - Delayed 1 second(s)

2018-01-02 17:16:56 - [TEST_STEP][PASSED] - autoKeywords.verifyLoggedOut.verifyNotLogged: autoKeywords.verifyLoggedOut.verifyNotLogged is PASSED

2018-01-02 17:16:56 - [MESSAGE][WARNING] - Timeout '0' is invalid. Using default page load timeout: '5'

2018-01-02 17:16:56 - [MESSAGE][PASSED] - Object 'Object Repository/LogIn/div_Log in' is present

2018-01-02 17:16:56 - [MESSAGE][PASSED] - autoKeywords.verifyLoggedOut.verifyNotLogged is PASSED

2018-01-02 17:16:56 - [TEST_STEP][PASSED] - click: Object: 'Object Repository/LogIn/div_Log in' is clicked on

2018-01-02 17:16:56 - [MESSAGE][PASSED] - Object: 'Object Repository/LogIn/div_Log in' is clicked on

2018-01-02 17:16:56 - [TEST_STEP][PASSED] - setText: Text 'kevin.ang@oddle.me' is set on object 'Object Repository/LogIn/input_email'

2018-01-02 17:16:57 - [MESSAGE][PASSED] - Text 'kevin.ang@oddle.me' is set on object 'Object Repository/LogIn/input_email'

2018-01-02 17:16:57 - [TEST_STEP][PASSED] - setText: Text '0ddleatw' is set on object 'Object Repository/LogIn/input_password'

2018-01-02 17:16:57 - [MESSAGE][PASSED] - Text '0ddleatw' is set on object 'Object Repository/LogIn/input_password'

2018-01-02 17:16:57 - [TEST_STEP][PASSED] - click: Object: 'Object Repository/LogIn/button_Login' is clicked on

2018-01-02 17:16:57 - [MESSAGE][PASSED] - Object: 'Object Repository/LogIn/button_Login' is clicked on

2018-01-02 17:16:57 - [TEST_STEP][PASSED] - delay: Delayed 3 second(s)

2018-01-02 17:17:00 - [MESSAGE][PASSED] - Delayed 3 second(s)

2018-01-02 17:17:00 - [TEST_STEP][PASSED] - autoKeywords.verifyLoggedIn.verifyLogged: autoKeywords.verifyLoggedIn.verifyLogged is PASSED

2018-01-02 17:17:00 - [MESSAGE][PASSED] - Text of object 'Object Repository/LogIn/div_Hi user' is: 'Hi, John'

2018-01-02 17:17:00 - [MESSAGE][PASSED] - Actual text 'Hi, John' and expected text 'Log In' are not matched 

2018-01-02 17:17:00 - [MESSAGE][PASSED] - autoKeywords.verifyLoggedIn.verifyLogged is PASSED]]></system-out>
         <system-err><![CDATA[]]></system-err>
      </testcase>
      <testcase name="Test Cases/040_account_change_password_wongformat" classname="Test Cases/040_account_change_password_wongformat" status="PASSED">
         <system-out><![CDATA[2018-01-02 17:17:01 - [TEST_CASE][PASSED] - Test Cases/040_account_change_password_wongformat: Test Cases/040_account_change_password_wongformat

2018-01-02 17:17:01 - [TEST_STEP][PASSED] - callTestCase: Call Test Case 'Test Cases/001_login_email_successful' successfully

2018-01-02 17:17:01 - [TEST_CASE][PASSED] - Test Cases/001_login_email_successful: Test Cases/001_login_email_successful

2018-01-02 17:17:01 - [TEST_STEP][PASSED] - openBrowser: Browser is opened with url: ''

2018-01-02 17:17:03 - [MESSAGE][PASSED] - Browser is opened with url: ''

2018-01-02 17:17:03 - [TEST_STEP][PASSED] - navigateToUrl: Navigate to 'http://mcdonaldstest.staging.oddle.co' successfully

2018-01-02 17:17:06 - [MESSAGE][PASSED] - Navigate to 'http://mcdonaldstest.staging.oddle.co' successfully

2018-01-02 17:17:06 - [TEST_STEP][PASSED] - click: Object: 'Object Repository/LogIn/div_Log in' is clicked on

2018-01-02 17:17:06 - [MESSAGE][PASSED] - Object: 'Object Repository/LogIn/div_Log in' is clicked on

2018-01-02 17:17:06 - [TEST_STEP][PASSED] - setText: Text 'kevin.ang@oddle.me' is set on object 'Object Repository/LogIn/input_email'

2018-01-02 17:17:07 - [MESSAGE][PASSED] - Text 'kevin.ang@oddle.me' is set on object 'Object Repository/LogIn/input_email'

2018-01-02 17:17:07 - [TEST_STEP][PASSED] - setText: Text '0ddleatw' is set on object 'Object Repository/LogIn/input_password'

2018-01-02 17:17:08 - [MESSAGE][PASSED] - Text '0ddleatw' is set on object 'Object Repository/LogIn/input_password'

2018-01-02 17:17:08 - [TEST_STEP][PASSED] - click: Object: 'Object Repository/LogIn/button_Login' is clicked on

2018-01-02 17:17:08 - [MESSAGE][PASSED] - Object: 'Object Repository/LogIn/button_Login' is clicked on

2018-01-02 17:17:08 - [TEST_STEP][PASSED] - delay: Delayed 3 second(s)

2018-01-02 17:17:11 - [MESSAGE][PASSED] - Delayed 3 second(s)

2018-01-02 17:17:11 - [TEST_STEP][PASSED] - autoKeywords.verifyLoggedIn.verifyLogged: autoKeywords.verifyLoggedIn.verifyLogged is PASSED

2018-01-02 17:17:11 - [MESSAGE][PASSED] - Text of object 'Object Repository/LogIn/div_Hi user' is: 'Hi, John'

2018-01-02 17:17:11 - [MESSAGE][PASSED] - Actual text 'Hi, John' and expected text 'Log In' are not matched 

2018-01-02 17:17:11 - [MESSAGE][PASSED] - autoKeywords.verifyLoggedIn.verifyLogged is PASSED

2018-01-02 17:17:11 - [MESSAGE][PASSED] - Call Test Case 'Test Cases/001_login_email_successful' successfully

2018-01-02 17:17:11 - [TEST_STEP][PASSED] - click: Object: 'Object Repository/LogIn/div_Hi user' is clicked on

2018-01-02 17:17:11 - [MESSAGE][PASSED] - Object: 'Object Repository/LogIn/div_Hi user' is clicked on

2018-01-02 17:17:11 - [TEST_STEP][PASSED] - delay: Delayed 1 second(s)

2018-01-02 17:17:12 - [MESSAGE][PASSED] - Delayed 1 second(s)

2018-01-02 17:17:12 - [TEST_STEP][PASSED] - click: Object: 'Object Repository/Account/a_Account Details' is clicked on

2018-01-02 17:17:12 - [MESSAGE][PASSED] - Object: 'Object Repository/Account/a_Account Details' is clicked on

2018-01-02 17:17:12 - [TEST_STEP][PASSED] - delay: Delayed 1 second(s)

2018-01-02 17:17:13 - [MESSAGE][PASSED] - Delayed 1 second(s)

2018-01-02 17:17:13 - [TEST_STEP][PASSED] - click: Object: 'Object Repository/Account/a_ Password tab' is clicked on

2018-01-02 17:17:13 - [MESSAGE][PASSED] - Object: 'Object Repository/Account/a_ Password tab' is clicked on

2018-01-02 17:17:13 - [TEST_STEP][PASSED] - delay: Delayed 1 second(s)

2018-01-02 17:17:14 - [MESSAGE][PASSED] - Delayed 1 second(s)

2018-01-02 17:17:14 - [TEST_STEP][PASSED] - setText: Text '0ddleatw' is set on object 'Object Repository/Account/input_password'

2018-01-02 17:17:14 - [MESSAGE][PASSED] - Text '0ddleatw' is set on object 'Object Repository/Account/input_password'

2018-01-02 17:17:14 - [TEST_STEP][PASSED] - setText: Text 'wrongft' is set on object 'Object Repository/Account/input_newpassword'

2018-01-02 17:17:15 - [MESSAGE][PASSED] - Text 'wrongft' is set on object 'Object Repository/Account/input_newpassword'

2018-01-02 17:17:15 - [TEST_STEP][PASSED] - setText: Text 'wrongft' is set on object 'Object Repository/Account/input_renewpassword'

2018-01-02 17:17:15 - [MESSAGE][PASSED] - Text 'wrongft' is set on object 'Object Repository/Account/input_renewpassword'

2018-01-02 17:17:15 - [TEST_STEP][PASSED] - click: Object: 'Object Repository/Account/button_Save password' is clicked on

2018-01-02 17:17:15 - [MESSAGE][PASSED] - Object: 'Object Repository/Account/button_Save password' is clicked on

2018-01-02 17:17:15 - [TEST_STEP][PASSED] - delay: Delayed 3 second(s)

2018-01-02 17:17:18 - [MESSAGE][PASSED] - Delayed 3 second(s)

2018-01-02 17:17:18 - [TEST_STEP][PASSED] - verifyElementPresent: Object 'Object Repository/Account/span_Ensure it contains at lea' is present

2018-01-02 17:17:18 - [MESSAGE][WARNING] - Timeout '0' is invalid. Using default page load timeout: '5'

2018-01-02 17:17:18 - [MESSAGE][PASSED] - Object 'Object Repository/Account/span_Ensure it contains at lea' is present

2018-01-02 17:17:18 - [TEST_STEP][PASSED] - delay: Delayed 1 second(s)

2018-01-02 17:17:19 - [MESSAGE][PASSED] - Delayed 1 second(s)

2018-01-02 17:17:19 - [TEST_STEP][PASSED] - click: Object: 'Object Repository/LogIn/div_Hi user' is clicked on

2018-01-02 17:17:19 - [MESSAGE][PASSED] - Object: 'Object Repository/LogIn/div_Hi user' is clicked on

2018-01-02 17:17:19 - [TEST_STEP][PASSED] - delay: Delayed 1 second(s)

2018-01-02 17:17:20 - [MESSAGE][PASSED] - Delayed 1 second(s)

2018-01-02 17:17:20 - [TEST_STEP][PASSED] - click: Object: 'Object Repository/LogIn/a_Sign out' is clicked on

2018-01-02 17:17:20 - [MESSAGE][PASSED] - Object: 'Object Repository/LogIn/a_Sign out' is clicked on

2018-01-02 17:17:20 - [TEST_STEP][PASSED] - delay: Delayed 1 second(s)

2018-01-02 17:17:21 - [MESSAGE][PASSED] - Delayed 1 second(s)

2018-01-02 17:17:21 - [TEST_STEP][PASSED] - click: Object: 'Object Repository/Account/button_Sign Out' is clicked on

2018-01-02 17:17:21 - [MESSAGE][PASSED] - Object: 'Object Repository/Account/button_Sign Out' is clicked on

2018-01-02 17:17:21 - [TEST_STEP][PASSED] - delay: Delayed 1 second(s)

2018-01-02 17:17:22 - [MESSAGE][PASSED] - Delayed 1 second(s)

2018-01-02 17:17:22 - [TEST_STEP][PASSED] - autoKeywords.verifyLoggedOut.verifyNotLogged: autoKeywords.verifyLoggedOut.verifyNotLogged is PASSED

2018-01-02 17:17:22 - [MESSAGE][WARNING] - Timeout '0' is invalid. Using default page load timeout: '5'

2018-01-02 17:17:22 - [MESSAGE][PASSED] - Object 'Object Repository/LogIn/div_Log in' is present

2018-01-02 17:17:22 - [MESSAGE][PASSED] - autoKeywords.verifyLoggedOut.verifyNotLogged is PASSED

2018-01-02 17:17:22 - [TEST_STEP][PASSED] - click: Object: 'Object Repository/LogIn/div_Log in' is clicked on

2018-01-02 17:17:23 - [MESSAGE][PASSED] - Object: 'Object Repository/LogIn/div_Log in' is clicked on

2018-01-02 17:17:23 - [TEST_STEP][PASSED] - setText: Text 'kevin.ang@oddle.me' is set on object 'Object Repository/LogIn/input_email'

2018-01-02 17:17:23 - [MESSAGE][PASSED] - Text 'kevin.ang@oddle.me' is set on object 'Object Repository/LogIn/input_email'

2018-01-02 17:17:23 - [TEST_STEP][PASSED] - setText: Text 'wrongft' is set on object 'Object Repository/LogIn/input_password'

2018-01-02 17:17:24 - [MESSAGE][PASSED] - Text 'wrongft' is set on object 'Object Repository/LogIn/input_password'

2018-01-02 17:17:24 - [TEST_STEP][PASSED] - click: Object: 'Object Repository/LogIn/button_Login' is clicked on

2018-01-02 17:17:24 - [MESSAGE][PASSED] - Object: 'Object Repository/LogIn/button_Login' is clicked on

2018-01-02 17:17:24 - [TEST_STEP][PASSED] - delay: Delayed 3 second(s)

2018-01-02 17:17:27 - [MESSAGE][PASSED] - Delayed 3 second(s)

2018-01-02 17:17:27 - [TEST_STEP][PASSED] - autoKeywords.verifyLoggedOut.verifyNotLogged: autoKeywords.verifyLoggedOut.verifyNotLogged is PASSED

2018-01-02 17:17:27 - [MESSAGE][WARNING] - Timeout '0' is invalid. Using default page load timeout: '5'

2018-01-02 17:17:27 - [MESSAGE][PASSED] - Object 'Object Repository/LogIn/div_Log in' is present

2018-01-02 17:17:27 - [MESSAGE][PASSED] - autoKeywords.verifyLoggedOut.verifyNotLogged is PASSED]]></system-out>
         <system-err><![CDATA[]]></system-err>
      </testcase>
      <testcase name="Test Cases/041_account_change_password_mismatch" classname="Test Cases/041_account_change_password_mismatch" status="PASSED">
         <system-out><![CDATA[2018-01-02 17:17:28 - [TEST_CASE][PASSED] - Test Cases/041_account_change_password_mismatch: Test Cases/041_account_change_password_mismatch

2018-01-02 17:17:28 - [TEST_STEP][PASSED] - callTestCase: Call Test Case 'Test Cases/001_login_email_successful' successfully

2018-01-02 17:17:28 - [TEST_CASE][PASSED] - Test Cases/001_login_email_successful: Test Cases/001_login_email_successful

2018-01-02 17:17:28 - [TEST_STEP][PASSED] - openBrowser: Browser is opened with url: ''

2018-01-02 17:17:30 - [MESSAGE][PASSED] - Browser is opened with url: ''

2018-01-02 17:17:30 - [TEST_STEP][PASSED] - navigateToUrl: Navigate to 'http://mcdonaldstest.staging.oddle.co' successfully

2018-01-02 17:17:33 - [MESSAGE][PASSED] - Navigate to 'http://mcdonaldstest.staging.oddle.co' successfully

2018-01-02 17:17:33 - [TEST_STEP][PASSED] - click: Object: 'Object Repository/LogIn/div_Log in' is clicked on

2018-01-02 17:17:33 - [MESSAGE][PASSED] - Object: 'Object Repository/LogIn/div_Log in' is clicked on

2018-01-02 17:17:33 - [TEST_STEP][PASSED] - setText: Text 'kevin.ang@oddle.me' is set on object 'Object Repository/LogIn/input_email'

2018-01-02 17:17:35 - [MESSAGE][PASSED] - Text 'kevin.ang@oddle.me' is set on object 'Object Repository/LogIn/input_email'

2018-01-02 17:17:35 - [TEST_STEP][PASSED] - setText: Text '0ddleatw' is set on object 'Object Repository/LogIn/input_password'

2018-01-02 17:17:35 - [MESSAGE][PASSED] - Text '0ddleatw' is set on object 'Object Repository/LogIn/input_password'

2018-01-02 17:17:35 - [TEST_STEP][PASSED] - click: Object: 'Object Repository/LogIn/button_Login' is clicked on

2018-01-02 17:17:35 - [MESSAGE][PASSED] - Object: 'Object Repository/LogIn/button_Login' is clicked on

2018-01-02 17:17:35 - [TEST_STEP][PASSED] - delay: Delayed 3 second(s)

2018-01-02 17:17:38 - [MESSAGE][PASSED] - Delayed 3 second(s)

2018-01-02 17:17:38 - [TEST_STEP][PASSED] - autoKeywords.verifyLoggedIn.verifyLogged: autoKeywords.verifyLoggedIn.verifyLogged is PASSED

2018-01-02 17:17:38 - [MESSAGE][PASSED] - Text of object 'Object Repository/LogIn/div_Hi user' is: 'Hi, John'

2018-01-02 17:17:38 - [MESSAGE][PASSED] - Actual text 'Hi, John' and expected text 'Log In' are not matched 

2018-01-02 17:17:38 - [MESSAGE][PASSED] - autoKeywords.verifyLoggedIn.verifyLogged is PASSED

2018-01-02 17:17:38 - [MESSAGE][PASSED] - Call Test Case 'Test Cases/001_login_email_successful' successfully

2018-01-02 17:17:38 - [TEST_STEP][PASSED] - click: Object: 'Object Repository/LogIn/div_Hi user' is clicked on

2018-01-02 17:17:38 - [MESSAGE][PASSED] - Object: 'Object Repository/LogIn/div_Hi user' is clicked on

2018-01-02 17:17:38 - [TEST_STEP][PASSED] - delay: Delayed 1 second(s)

2018-01-02 17:17:39 - [MESSAGE][PASSED] - Delayed 1 second(s)

2018-01-02 17:17:39 - [TEST_STEP][PASSED] - click: Object: 'Object Repository/Account/a_Account Details' is clicked on

2018-01-02 17:17:39 - [MESSAGE][PASSED] - Object: 'Object Repository/Account/a_Account Details' is clicked on

2018-01-02 17:17:39 - [TEST_STEP][PASSED] - delay: Delayed 1 second(s)

2018-01-02 17:17:40 - [MESSAGE][PASSED] - Delayed 1 second(s)

2018-01-02 17:17:40 - [TEST_STEP][PASSED] - click: Object: 'Object Repository/Account/a_ Password tab' is clicked on

2018-01-02 17:17:41 - [MESSAGE][PASSED] - Object: 'Object Repository/Account/a_ Password tab' is clicked on

2018-01-02 17:17:41 - [TEST_STEP][PASSED] - delay: Delayed 1 second(s)

2018-01-02 17:17:42 - [MESSAGE][PASSED] - Delayed 1 second(s)

2018-01-02 17:17:42 - [TEST_STEP][PASSED] - setText: Text '0ddleatw' is set on object 'Object Repository/Account/input_password'

2018-01-02 17:17:42 - [MESSAGE][PASSED] - Text '0ddleatw' is set on object 'Object Repository/Account/input_password'

2018-01-02 17:17:42 - [TEST_STEP][PASSED] - setText: Text 'newpassword' is set on object 'Object Repository/Account/input_newpassword'

2018-01-02 17:17:42 - [MESSAGE][PASSED] - Text 'newpassword' is set on object 'Object Repository/Account/input_newpassword'

2018-01-02 17:17:42 - [TEST_STEP][PASSED] - setText: Text 'newpasswordmismatch' is set on object 'Object Repository/Account/input_renewpassword'

2018-01-02 17:17:42 - [MESSAGE][PASSED] - Text 'newpasswordmismatch' is set on object 'Object Repository/Account/input_renewpassword'

2018-01-02 17:17:42 - [TEST_STEP][PASSED] - click: Object: 'Object Repository/Account/button_Save password' is clicked on

2018-01-02 17:17:43 - [MESSAGE][PASSED] - Object: 'Object Repository/Account/button_Save password' is clicked on

2018-01-02 17:17:43 - [TEST_STEP][PASSED] - delay: Delayed 3 second(s)

2018-01-02 17:17:46 - [MESSAGE][PASSED] - Delayed 3 second(s)

2018-01-02 17:17:46 - [TEST_STEP][PASSED] - verifyElementText: Actual text and expected text of test object 'Object Repository/Account/div_passwords error' are matched.

2018-01-02 17:17:46 - [MESSAGE][PASSED] - Actual text and expected text of test object 'Object Repository/Account/div_passwords error' are matched.

2018-01-02 17:17:46 - [TEST_STEP][PASSED] - delay: Delayed 1 second(s)

2018-01-02 17:17:47 - [MESSAGE][PASSED] - Delayed 1 second(s)

2018-01-02 17:17:47 - [TEST_STEP][PASSED] - click: Object: 'Object Repository/LogIn/div_Hi user' is clicked on

2018-01-02 17:17:47 - [MESSAGE][PASSED] - Object: 'Object Repository/LogIn/div_Hi user' is clicked on

2018-01-02 17:17:47 - [TEST_STEP][PASSED] - delay: Delayed 1 second(s)

2018-01-02 17:17:48 - [MESSAGE][PASSED] - Delayed 1 second(s)

2018-01-02 17:17:48 - [TEST_STEP][PASSED] - click: Object: 'Object Repository/LogIn/a_Sign out' is clicked on

2018-01-02 17:17:48 - [MESSAGE][PASSED] - Object: 'Object Repository/LogIn/a_Sign out' is clicked on

2018-01-02 17:17:48 - [TEST_STEP][PASSED] - delay: Delayed 1 second(s)

2018-01-02 17:17:49 - [MESSAGE][PASSED] - Delayed 1 second(s)

2018-01-02 17:17:49 - [TEST_STEP][PASSED] - click: Object: 'Object Repository/Account/button_Sign Out' is clicked on

2018-01-02 17:17:49 - [MESSAGE][PASSED] - Object: 'Object Repository/Account/button_Sign Out' is clicked on

2018-01-02 17:17:49 - [TEST_STEP][PASSED] - delay: Delayed 1 second(s)

2018-01-02 17:17:50 - [MESSAGE][PASSED] - Delayed 1 second(s)

2018-01-02 17:17:50 - [TEST_STEP][PASSED] - autoKeywords.verifyLoggedOut.verifyNotLogged: autoKeywords.verifyLoggedOut.verifyNotLogged is PASSED

2018-01-02 17:17:50 - [MESSAGE][WARNING] - Timeout '0' is invalid. Using default page load timeout: '5'

2018-01-02 17:17:50 - [MESSAGE][PASSED] - Object 'Object Repository/LogIn/div_Log in' is present

2018-01-02 17:17:50 - [MESSAGE][PASSED] - autoKeywords.verifyLoggedOut.verifyNotLogged is PASSED

2018-01-02 17:17:50 - [TEST_STEP][PASSED] - click: Object: 'Object Repository/LogIn/div_Log in' is clicked on

2018-01-02 17:17:51 - [MESSAGE][PASSED] - Object: 'Object Repository/LogIn/div_Log in' is clicked on

2018-01-02 17:17:51 - [TEST_STEP][PASSED] - setText: Text 'kevin.ang@oddle.me' is set on object 'Object Repository/LogIn/input_email'

2018-01-02 17:17:51 - [MESSAGE][PASSED] - Text 'kevin.ang@oddle.me' is set on object 'Object Repository/LogIn/input_email'

2018-01-02 17:17:51 - [TEST_STEP][PASSED] - setText: Text 'newpassword' is set on object 'Object Repository/LogIn/input_password'

2018-01-02 17:17:51 - [MESSAGE][PASSED] - Text 'newpassword' is set on object 'Object Repository/LogIn/input_password'

2018-01-02 17:17:51 - [TEST_STEP][PASSED] - click: Object: 'Object Repository/LogIn/button_Login' is clicked on

2018-01-02 17:17:52 - [MESSAGE][PASSED] - Object: 'Object Repository/LogIn/button_Login' is clicked on

2018-01-02 17:17:52 - [TEST_STEP][PASSED] - delay: Delayed 3 second(s)

2018-01-02 17:17:55 - [MESSAGE][PASSED] - Delayed 3 second(s)

2018-01-02 17:17:55 - [TEST_STEP][PASSED] - autoKeywords.verifyLoggedOut.verifyNotLogged: autoKeywords.verifyLoggedOut.verifyNotLogged is PASSED

2018-01-02 17:17:55 - [MESSAGE][WARNING] - Timeout '0' is invalid. Using default page load timeout: '5'

2018-01-02 17:17:55 - [MESSAGE][PASSED] - Object 'Object Repository/LogIn/div_Log in' is present

2018-01-02 17:17:55 - [MESSAGE][PASSED] - autoKeywords.verifyLoggedOut.verifyNotLogged is PASSED]]></system-out>
         <system-err><![CDATA[]]></system-err>
      </testcase>
      <testcase name="Test Cases/042_account_address_add" classname="Test Cases/042_account_address_add" status="FAILED">
         <failure type="FAILED" message="Verify element text of test object 'Object Repository/Account/span_new address postcode' FAILED. (Root cause: Actual text 'Singapore 168976' and expected text 'Singapore 139951' of test object 'Object Repository/Account/span_new address postcode' are NOT matched.)"/>
         <system-out><![CDATA[2018-01-02 17:17:55 - [TEST_CASE][FAILED] - Test Cases/042_account_address_add: Test Cases/042_account_address_add FAILED because (of) Verify element text of test object 'Object Repository/Account/span_new address postcode' FAILED. (Root cause: Actual text 'Singapore 168976' and expected text 'Singapore 139951' of test object 'Object Repository/Account/span_new address postcode' are NOT matched.)

2018-01-02 17:17:55 - [TEST_STEP][PASSED] - callTestCase: Call Test Case 'Test Cases/001_login_email_successful' successfully

2018-01-02 17:17:55 - [TEST_CASE][PASSED] - Test Cases/001_login_email_successful: Test Cases/001_login_email_successful

2018-01-02 17:17:55 - [TEST_STEP][PASSED] - openBrowser: Browser is opened with url: ''

2018-01-02 17:17:58 - [MESSAGE][PASSED] - Browser is opened with url: ''

2018-01-02 17:17:58 - [TEST_STEP][PASSED] - navigateToUrl: Navigate to 'http://mcdonaldstest.staging.oddle.co' successfully

2018-01-02 17:18:00 - [MESSAGE][PASSED] - Navigate to 'http://mcdonaldstest.staging.oddle.co' successfully

2018-01-02 17:18:00 - [TEST_STEP][PASSED] - click: Object: 'Object Repository/LogIn/div_Log in' is clicked on

2018-01-02 17:18:01 - [MESSAGE][PASSED] - Object: 'Object Repository/LogIn/div_Log in' is clicked on

2018-01-02 17:18:01 - [TEST_STEP][PASSED] - setText: Text 'kevin.ang@oddle.me' is set on object 'Object Repository/LogIn/input_email'

2018-01-02 17:18:02 - [MESSAGE][PASSED] - Text 'kevin.ang@oddle.me' is set on object 'Object Repository/LogIn/input_email'

2018-01-02 17:18:02 - [TEST_STEP][PASSED] - setText: Text '0ddleatw' is set on object 'Object Repository/LogIn/input_password'

2018-01-02 17:18:03 - [MESSAGE][PASSED] - Text '0ddleatw' is set on object 'Object Repository/LogIn/input_password'

2018-01-02 17:18:03 - [TEST_STEP][PASSED] - click: Object: 'Object Repository/LogIn/button_Login' is clicked on

2018-01-02 17:18:03 - [MESSAGE][PASSED] - Object: 'Object Repository/LogIn/button_Login' is clicked on

2018-01-02 17:18:03 - [TEST_STEP][PASSED] - delay: Delayed 3 second(s)

2018-01-02 17:18:06 - [MESSAGE][PASSED] - Delayed 3 second(s)

2018-01-02 17:18:06 - [TEST_STEP][PASSED] - autoKeywords.verifyLoggedIn.verifyLogged: autoKeywords.verifyLoggedIn.verifyLogged is PASSED

2018-01-02 17:18:06 - [MESSAGE][PASSED] - Text of object 'Object Repository/LogIn/div_Hi user' is: 'Hi, John'

2018-01-02 17:18:06 - [MESSAGE][PASSED] - Actual text 'Hi, John' and expected text 'Log In' are not matched 

2018-01-02 17:18:06 - [MESSAGE][PASSED] - autoKeywords.verifyLoggedIn.verifyLogged is PASSED

2018-01-02 17:18:06 - [MESSAGE][PASSED] - Call Test Case 'Test Cases/001_login_email_successful' successfully

2018-01-02 17:18:06 - [TEST_STEP][PASSED] - click: Object: 'Object Repository/LogIn/div_Hi user' is clicked on

2018-01-02 17:18:06 - [MESSAGE][PASSED] - Object: 'Object Repository/LogIn/div_Hi user' is clicked on

2018-01-02 17:18:06 - [TEST_STEP][PASSED] - delay: Delayed 1 second(s)

2018-01-02 17:18:07 - [MESSAGE][PASSED] - Delayed 1 second(s)

2018-01-02 17:18:07 - [TEST_STEP][PASSED] - click: Object: 'Object Repository/Account/a_Address Book' is clicked on

2018-01-02 17:18:07 - [MESSAGE][PASSED] - Object: 'Object Repository/Account/a_Address Book' is clicked on

2018-01-02 17:18:07 - [TEST_STEP][PASSED] - click: Object: 'Object Repository/Account/button_Add Address' is clicked on

2018-01-02 17:18:07 - [MESSAGE][PASSED] - Object: 'Object Repository/Account/button_Add Address' is clicked on

2018-01-02 17:18:07 - [TEST_STEP][PASSED] - setText: Text '139951' is set on object 'Object Repository/Account/input_deliveryAddressPostal'

2018-01-02 17:18:08 - [MESSAGE][PASSED] - Text '139951' is set on object 'Object Repository/Account/input_deliveryAddressPostal'

2018-01-02 17:18:08 - [TEST_STEP][PASSED] - delay: Delayed 3 second(s)

2018-01-02 17:18:11 - [MESSAGE][PASSED] - Delayed 3 second(s)

2018-01-02 17:18:11 - [TEST_STEP][PASSED] - setText: Text '01-23' is set on object 'Object Repository/Account/input_deliveryAddressTwo'

2018-01-02 17:18:11 - [MESSAGE][PASSED] - Text '01-23' is set on object 'Object Repository/Account/input_deliveryAddressTwo'

2018-01-02 17:18:11 - [TEST_STEP][PASSED] - click: Object: 'Object Repository/Account/button_Save Address' is clicked on

2018-01-02 17:18:11 - [MESSAGE][PASSED] - Object: 'Object Repository/Account/button_Save Address' is clicked on

2018-01-02 17:18:11 - [TEST_STEP][PASSED] - delay: Delayed 3 second(s)

2018-01-02 17:18:14 - [MESSAGE][PASSED] - Delayed 3 second(s)

2018-01-02 17:18:14 - [TEST_STEP][PASSED] - click: Object: 'Object Repository/HomePage/a_Home' is clicked on

2018-01-02 17:18:14 - [MESSAGE][PASSED] - Object: 'Object Repository/HomePage/a_Home' is clicked on

2018-01-02 17:18:14 - [TEST_STEP][PASSED] - click: Object: 'Object Repository/LogIn/div_Hi user' is clicked on

2018-01-02 17:18:14 - [MESSAGE][PASSED] - Object: 'Object Repository/LogIn/div_Hi user' is clicked on

2018-01-02 17:18:14 - [TEST_STEP][PASSED] - delay: Delayed 1 second(s)

2018-01-02 17:18:15 - [MESSAGE][PASSED] - Delayed 1 second(s)

2018-01-02 17:18:15 - [TEST_STEP][PASSED] - click: Object: 'Object Repository/Account/a_Address Book' is clicked on

2018-01-02 17:18:16 - [MESSAGE][PASSED] - Object: 'Object Repository/Account/a_Address Book' is clicked on

2018-01-02 17:18:16 - [TEST_STEP][PASSED] - delay: Delayed 1 second(s)

2018-01-02 17:18:17 - [MESSAGE][PASSED] - Delayed 1 second(s)

2018-01-02 17:18:17 - [TEST_STEP][PASSED] - verifyElementPresent: Object 'Object Repository/Account/div_new address added' is present

2018-01-02 17:18:17 - [MESSAGE][WARNING] - Timeout '0' is invalid. Using default page load timeout: '5'

2018-01-02 17:18:17 - [MESSAGE][PASSED] - Object 'Object Repository/Account/div_new address added' is present

2018-01-02 17:18:17 - [TEST_STEP][PASSED] - verifyElementPresent: Object 'Object Repository/Account/h4_new address header' is present

2018-01-02 17:18:17 - [MESSAGE][WARNING] - Timeout '0' is invalid. Using default page load timeout: '5'

2018-01-02 17:18:17 - [MESSAGE][PASSED] - Object 'Object Repository/Account/h4_new address header' is present

2018-01-02 17:18:17 - [TEST_STEP][FAILED] - verifyElementText: Verify element text of test object 'Object Repository/Account/span_new address postcode' FAILED. (Root cause: Actual text 'Singapore 168976' and expected text 'Singapore 139951' of test object 'Object Repository/Account/span_new address postcode' are NOT matched.)

2018-01-02 17:18:17 - [MESSAGE][FAILED] - Actual text 'Singapore 168976' and expected text 'Singapore 139951' of test object 'Object Repository/Account/span_new address postcode' are NOT matched.
[[ATTACHMENT|C:\\Users\\Ang\\git\\oddle-automa\\Reports\\account_settings\\20180102_171128\\1514884697138.png]]

2018-01-02 17:18:17 - [MESSAGE][FAILED] - Verify element text of test object 'Object Repository/Account/span_new address postcode' FAILED. (Root cause: Actual text 'Singapore 168976' and expected text 'Singapore 139951' of test object 'Object Repository/Account/span_new address postcode' are NOT matched.)
[[ATTACHMENT|C:\\Users\\Ang\\git\\oddle-automa\\Reports\\account_settings\\20180102_171128\\1514884697411.png]]]]></system-out>
         <system-err><![CDATA[2018-01-02 17:17:55 - [TEST_CASE][FAILED] - Test Cases/042_account_address_add: Test Cases/042_account_address_add FAILED because (of) Verify element text of test object 'Object Repository/Account/span_new address postcode' FAILED. (Root cause: Actual text 'Singapore 168976' and expected text 'Singapore 139951' of test object 'Object Repository/Account/span_new address postcode' are NOT matched.)]]></system-err>
      </testcase>
      <testcase name="Test Cases/043_account_address_add_nopostalcode" classname="Test Cases/043_account_address_add_nopostalcode" status="FAILED">
         <failure type="FAILED" message="Verify element text of test object 'Object Repository/Account/span_new address postcode' FAILED. (Root cause: Actual text 'Singapore 168976' and expected text '111111' of test object 'Object Repository/Account/span_new address postcode' are NOT matched.)"/>
         <system-out><![CDATA[2018-01-02 17:18:18 - [TEST_CASE][FAILED] - Test Cases/043_account_address_add_nopostalcode: Test Cases/043_account_address_add_nopostalcode FAILED because (of) Verify element text of test object 'Object Repository/Account/span_new address postcode' FAILED. (Root cause: Actual text 'Singapore 168976' and expected text '111111' of test object 'Object Repository/Account/span_new address postcode' are NOT matched.)

2018-01-02 17:18:18 - [TEST_STEP][PASSED] - callTestCase: Call Test Case 'Test Cases/001_login_email_successful' successfully

2018-01-02 17:18:18 - [TEST_CASE][PASSED] - Test Cases/001_login_email_successful: Test Cases/001_login_email_successful

2018-01-02 17:18:18 - [TEST_STEP][PASSED] - openBrowser: Browser is opened with url: ''

2018-01-02 17:18:20 - [MESSAGE][PASSED] - Browser is opened with url: ''

2018-01-02 17:18:20 - [TEST_STEP][PASSED] - navigateToUrl: Navigate to 'http://mcdonaldstest.staging.oddle.co' successfully

2018-01-02 17:18:22 - [MESSAGE][PASSED] - Navigate to 'http://mcdonaldstest.staging.oddle.co' successfully

2018-01-02 17:18:22 - [TEST_STEP][PASSED] - click: Object: 'Object Repository/LogIn/div_Log in' is clicked on

2018-01-02 17:18:23 - [MESSAGE][PASSED] - Object: 'Object Repository/LogIn/div_Log in' is clicked on

2018-01-02 17:18:23 - [TEST_STEP][PASSED] - setText: Text 'kevin.ang@oddle.me' is set on object 'Object Repository/LogIn/input_email'

2018-01-02 17:18:24 - [MESSAGE][PASSED] - Text 'kevin.ang@oddle.me' is set on object 'Object Repository/LogIn/input_email'

2018-01-02 17:18:24 - [TEST_STEP][PASSED] - setText: Text '0ddleatw' is set on object 'Object Repository/LogIn/input_password'

2018-01-02 17:18:25 - [MESSAGE][PASSED] - Text '0ddleatw' is set on object 'Object Repository/LogIn/input_password'

2018-01-02 17:18:25 - [TEST_STEP][PASSED] - click: Object: 'Object Repository/LogIn/button_Login' is clicked on

2018-01-02 17:18:25 - [MESSAGE][PASSED] - Object: 'Object Repository/LogIn/button_Login' is clicked on

2018-01-02 17:18:25 - [TEST_STEP][PASSED] - delay: Delayed 3 second(s)

2018-01-02 17:18:28 - [MESSAGE][PASSED] - Delayed 3 second(s)

2018-01-02 17:18:28 - [TEST_STEP][PASSED] - autoKeywords.verifyLoggedIn.verifyLogged: autoKeywords.verifyLoggedIn.verifyLogged is PASSED

2018-01-02 17:18:28 - [MESSAGE][PASSED] - Text of object 'Object Repository/LogIn/div_Hi user' is: 'Hi, John'

2018-01-02 17:18:28 - [MESSAGE][PASSED] - Actual text 'Hi, John' and expected text 'Log In' are not matched 

2018-01-02 17:18:28 - [MESSAGE][PASSED] - autoKeywords.verifyLoggedIn.verifyLogged is PASSED

2018-01-02 17:18:28 - [MESSAGE][PASSED] - Call Test Case 'Test Cases/001_login_email_successful' successfully

2018-01-02 17:18:28 - [TEST_STEP][PASSED] - click: Object: 'Object Repository/LogIn/div_Hi user' is clicked on

2018-01-02 17:18:28 - [MESSAGE][PASSED] - Object: 'Object Repository/LogIn/div_Hi user' is clicked on

2018-01-02 17:18:28 - [TEST_STEP][PASSED] - delay: Delayed 1 second(s)

2018-01-02 17:18:29 - [MESSAGE][PASSED] - Delayed 1 second(s)

2018-01-02 17:18:29 - [TEST_STEP][PASSED] - click: Object: 'Object Repository/Account/a_Address Book' is clicked on

2018-01-02 17:18:29 - [MESSAGE][PASSED] - Object: 'Object Repository/Account/a_Address Book' is clicked on

2018-01-02 17:18:29 - [TEST_STEP][PASSED] - click: Object: 'Object Repository/Account/button_Add Address' is clicked on

2018-01-02 17:18:29 - [MESSAGE][PASSED] - Object: 'Object Repository/Account/button_Add Address' is clicked on

2018-01-02 17:18:29 - [TEST_STEP][PASSED] - setText: Text '111111' is set on object 'Object Repository/Account/input_deliveryAddressPostal'

2018-01-02 17:18:30 - [MESSAGE][PASSED] - Text '111111' is set on object 'Object Repository/Account/input_deliveryAddressPostal'

2018-01-02 17:18:30 - [TEST_STEP][PASSED] - delay: Delayed 3 second(s)

2018-01-02 17:18:33 - [MESSAGE][PASSED] - Delayed 3 second(s)

2018-01-02 17:18:33 - [TEST_STEP][PASSED] - setText: Text '01-23' is set on object 'Object Repository/Account/input_deliveryAddressTwo'

2018-01-02 17:18:33 - [MESSAGE][PASSED] - Text '01-23' is set on object 'Object Repository/Account/input_deliveryAddressTwo'

2018-01-02 17:18:33 - [TEST_STEP][PASSED] - click: Object: 'Object Repository/Account/button_Save Address' is clicked on

2018-01-02 17:18:33 - [MESSAGE][PASSED] - Object: 'Object Repository/Account/button_Save Address' is clicked on

2018-01-02 17:18:33 - [TEST_STEP][PASSED] - delay: Delayed 3 second(s)

2018-01-02 17:18:36 - [MESSAGE][PASSED] - Delayed 3 second(s)

2018-01-02 17:18:36 - [TEST_STEP][PASSED] - setText: Text '71 Ayer Rajah Crescent' is set on object 'Object Repository/Account/input_deliveryAddressOne'

2018-01-02 17:18:37 - [MESSAGE][PASSED] - Text '71 Ayer Rajah Crescent' is set on object 'Object Repository/Account/input_deliveryAddressOne'

2018-01-02 17:18:37 - [TEST_STEP][PASSED] - click: Object: 'Object Repository/Account/button_Save Address' is clicked on

2018-01-02 17:18:37 - [MESSAGE][PASSED] - Object: 'Object Repository/Account/button_Save Address' is clicked on

2018-01-02 17:18:37 - [TEST_STEP][PASSED] - delay: Delayed 3 second(s)

2018-01-02 17:18:40 - [MESSAGE][PASSED] - Delayed 3 second(s)

2018-01-02 17:18:40 - [TEST_STEP][PASSED] - click: Object: 'Object Repository/LogIn/div_Hi user' is clicked on

2018-01-02 17:18:40 - [MESSAGE][PASSED] - Object: 'Object Repository/LogIn/div_Hi user' is clicked on

2018-01-02 17:18:40 - [TEST_STEP][PASSED] - delay: Delayed 1 second(s)

2018-01-02 17:18:41 - [MESSAGE][PASSED] - Delayed 1 second(s)

2018-01-02 17:18:41 - [TEST_STEP][PASSED] - click: Object: 'Object Repository/Account/a_Address Book' is clicked on

2018-01-02 17:18:41 - [MESSAGE][PASSED] - Object: 'Object Repository/Account/a_Address Book' is clicked on

2018-01-02 17:18:41 - [TEST_STEP][PASSED] - delay: Delayed 1 second(s)

2018-01-02 17:18:42 - [MESSAGE][PASSED] - Delayed 1 second(s)

2018-01-02 17:18:42 - [TEST_STEP][PASSED] - verifyElementPresent: Object 'Object Repository/Account/div_new address added' is present

2018-01-02 17:18:42 - [MESSAGE][WARNING] - Timeout '0' is invalid. Using default page load timeout: '5'

2018-01-02 17:18:42 - [MESSAGE][PASSED] - Object 'Object Repository/Account/div_new address added' is present

2018-01-02 17:18:42 - [TEST_STEP][PASSED] - verifyElementPresent: Object 'Object Repository/Account/h4_new address header' is present

2018-01-02 17:18:42 - [MESSAGE][WARNING] - Timeout '0' is invalid. Using default page load timeout: '5'

2018-01-02 17:18:42 - [MESSAGE][PASSED] - Object 'Object Repository/Account/h4_new address header' is present

2018-01-02 17:18:42 - [TEST_STEP][FAILED] - verifyElementText: Verify element text of test object 'Object Repository/Account/span_new address postcode' FAILED. (Root cause: Actual text 'Singapore 168976' and expected text '111111' of test object 'Object Repository/Account/span_new address postcode' are NOT matched.)

2018-01-02 17:18:42 - [MESSAGE][FAILED] - Actual text 'Singapore 168976' and expected text '111111' of test object 'Object Repository/Account/span_new address postcode' are NOT matched.
[[ATTACHMENT|C:\\Users\\Ang\\git\\oddle-automa\\Reports\\account_settings\\20180102_171128\\1514884722513.png]]

2018-01-02 17:18:43 - [MESSAGE][FAILED] - Verify element text of test object 'Object Repository/Account/span_new address postcode' FAILED. (Root cause: Actual text 'Singapore 168976' and expected text '111111' of test object 'Object Repository/Account/span_new address postcode' are NOT matched.)
[[ATTACHMENT|C:\\Users\\Ang\\git\\oddle-automa\\Reports\\account_settings\\20180102_171128\\1514884722795.png]]]]></system-out>
         <system-err><![CDATA[2018-01-02 17:18:18 - [TEST_CASE][FAILED] - Test Cases/043_account_address_add_nopostalcode: Test Cases/043_account_address_add_nopostalcode FAILED because (of) Verify element text of test object 'Object Repository/Account/span_new address postcode' FAILED. (Root cause: Actual text 'Singapore 168976' and expected text '111111' of test object 'Object Repository/Account/span_new address postcode' are NOT matched.)]]></system-err>
      </testcase>
      <testcase name="Test Cases/044_account_address_add_wrongpostalcode" classname="Test Cases/044_account_address_add_wrongpostalcode" status="PASSED">
         <system-out><![CDATA[2018-01-02 17:18:43 - [TEST_CASE][PASSED] - Test Cases/044_account_address_add_wrongpostalcode: Test Cases/044_account_address_add_wrongpostalcode

2018-01-02 17:18:43 - [TEST_STEP][PASSED] - callTestCase: Call Test Case 'Test Cases/001_login_email_successful' successfully

2018-01-02 17:18:43 - [TEST_CASE][PASSED] - Test Cases/001_login_email_successful: Test Cases/001_login_email_successful

2018-01-02 17:18:43 - [TEST_STEP][PASSED] - openBrowser: Browser is opened with url: ''

2018-01-02 17:18:45 - [MESSAGE][PASSED] - Browser is opened with url: ''

2018-01-02 17:18:45 - [TEST_STEP][PASSED] - navigateToUrl: Navigate to 'http://mcdonaldstest.staging.oddle.co' successfully

2018-01-02 17:18:48 - [MESSAGE][PASSED] - Navigate to 'http://mcdonaldstest.staging.oddle.co' successfully

2018-01-02 17:18:48 - [TEST_STEP][PASSED] - click: Object: 'Object Repository/LogIn/div_Log in' is clicked on

2018-01-02 17:18:48 - [MESSAGE][PASSED] - Object: 'Object Repository/LogIn/div_Log in' is clicked on

2018-01-02 17:18:48 - [TEST_STEP][PASSED] - setText: Text 'kevin.ang@oddle.me' is set on object 'Object Repository/LogIn/input_email'

2018-01-02 17:18:50 - [MESSAGE][PASSED] - Text 'kevin.ang@oddle.me' is set on object 'Object Repository/LogIn/input_email'

2018-01-02 17:18:50 - [TEST_STEP][PASSED] - setText: Text '0ddleatw' is set on object 'Object Repository/LogIn/input_password'

2018-01-02 17:18:50 - [MESSAGE][PASSED] - Text '0ddleatw' is set on object 'Object Repository/LogIn/input_password'

2018-01-02 17:18:50 - [TEST_STEP][PASSED] - click: Object: 'Object Repository/LogIn/button_Login' is clicked on

2018-01-02 17:18:50 - [MESSAGE][PASSED] - Object: 'Object Repository/LogIn/button_Login' is clicked on

2018-01-02 17:18:50 - [TEST_STEP][PASSED] - delay: Delayed 3 second(s)

2018-01-02 17:18:53 - [MESSAGE][PASSED] - Delayed 3 second(s)

2018-01-02 17:18:53 - [TEST_STEP][PASSED] - autoKeywords.verifyLoggedIn.verifyLogged: autoKeywords.verifyLoggedIn.verifyLogged is PASSED

2018-01-02 17:18:53 - [MESSAGE][PASSED] - Text of object 'Object Repository/LogIn/div_Hi user' is: 'Hi, John'

2018-01-02 17:18:53 - [MESSAGE][PASSED] - Actual text 'Hi, John' and expected text 'Log In' are not matched 

2018-01-02 17:18:53 - [MESSAGE][PASSED] - autoKeywords.verifyLoggedIn.verifyLogged is PASSED

2018-01-02 17:18:53 - [MESSAGE][PASSED] - Call Test Case 'Test Cases/001_login_email_successful' successfully

2018-01-02 17:18:53 - [TEST_STEP][PASSED] - click: Object: 'Object Repository/LogIn/div_Hi user' is clicked on

2018-01-02 17:18:53 - [MESSAGE][PASSED] - Object: 'Object Repository/LogIn/div_Hi user' is clicked on

2018-01-02 17:18:53 - [TEST_STEP][PASSED] - delay: Delayed 1 second(s)

2018-01-02 17:18:54 - [MESSAGE][PASSED] - Delayed 1 second(s)

2018-01-02 17:18:54 - [TEST_STEP][PASSED] - click: Object: 'Object Repository/Account/a_Address Book' is clicked on

2018-01-02 17:18:55 - [MESSAGE][PASSED] - Object: 'Object Repository/Account/a_Address Book' is clicked on

2018-01-02 17:18:55 - [TEST_STEP][PASSED] - click: Object: 'Object Repository/Account/button_Add Address' is clicked on

2018-01-02 17:18:55 - [MESSAGE][PASSED] - Object: 'Object Repository/Account/button_Add Address' is clicked on

2018-01-02 17:18:55 - [TEST_STEP][PASSED] - setText: Text 'wrongpostalformat' is set on object 'Object Repository/Account/input_deliveryAddressPostal'

2018-01-02 17:18:55 - [MESSAGE][PASSED] - Text 'wrongpostalformat' is set on object 'Object Repository/Account/input_deliveryAddressPostal'

2018-01-02 17:18:55 - [TEST_STEP][PASSED] - delay: Delayed 3 second(s)

2018-01-02 17:18:58 - [MESSAGE][PASSED] - Delayed 3 second(s)

2018-01-02 17:18:58 - [TEST_STEP][PASSED] - click: Object: 'Object Repository/Account/button_Save Address' is clicked on

2018-01-02 17:18:59 - [MESSAGE][PASSED] - Object: 'Object Repository/Account/button_Save Address' is clicked on

2018-01-02 17:18:59 - [TEST_STEP][PASSED] - delay: Delayed 3 second(s)

2018-01-02 17:19:02 - [MESSAGE][PASSED] - Delayed 3 second(s)

2018-01-02 17:19:02 - [TEST_STEP][PASSED] - verifyElementPresent: Object 'Object Repository/Account/button_Save Address' is present

2018-01-02 17:19:02 - [MESSAGE][WARNING] - Timeout '0' is invalid. Using default page load timeout: '5'

2018-01-02 17:19:02 - [MESSAGE][PASSED] - Object 'Object Repository/Account/button_Save Address' is present

2018-01-02 17:19:02 - [TEST_STEP][PASSED] - verifyElementAttributeValue: Object 'Object Repository/Account/input_deliveryAddressPostal' has attribute 'value' with value 'wrongpostalformat'

2018-01-02 17:19:02 - [MESSAGE][WARNING] - Timeout '0' is invalid. Using default page load timeout: '5'

2018-01-02 17:19:02 - [MESSAGE][PASSED] - Object 'Object Repository/Account/input_deliveryAddressPostal' has attribute 'value' with value 'wrongpostalformat']]></system-out>
         <system-err><![CDATA[]]></system-err>
      </testcase>
      <testcase name="Test Cases/045_account_address_delete" classname="Test Cases/045_account_address_delete" status="PASSED">
         <system-out><![CDATA[2018-01-02 17:19:02 - [TEST_CASE][PASSED] - Test Cases/045_account_address_delete: Test Cases/045_account_address_delete

2018-01-02 17:19:02 - [TEST_STEP][PASSED] - callTestCase: Call Test Case 'Test Cases/001_login_email_successful' successfully

2018-01-02 17:19:02 - [TEST_CASE][PASSED] - Test Cases/001_login_email_successful: Test Cases/001_login_email_successful

2018-01-02 17:19:02 - [TEST_STEP][PASSED] - openBrowser: Browser is opened with url: ''

2018-01-02 17:19:04 - [MESSAGE][PASSED] - Browser is opened with url: ''

2018-01-02 17:19:04 - [TEST_STEP][PASSED] - navigateToUrl: Navigate to 'http://mcdonaldstest.staging.oddle.co' successfully

2018-01-02 17:19:07 - [MESSAGE][PASSED] - Navigate to 'http://mcdonaldstest.staging.oddle.co' successfully

2018-01-02 17:19:07 - [TEST_STEP][PASSED] - click: Object: 'Object Repository/LogIn/div_Log in' is clicked on

2018-01-02 17:19:07 - [MESSAGE][PASSED] - Object: 'Object Repository/LogIn/div_Log in' is clicked on

2018-01-02 17:19:07 - [TEST_STEP][PASSED] - setText: Text 'kevin.ang@oddle.me' is set on object 'Object Repository/LogIn/input_email'

2018-01-02 17:19:09 - [MESSAGE][PASSED] - Text 'kevin.ang@oddle.me' is set on object 'Object Repository/LogIn/input_email'

2018-01-02 17:19:09 - [TEST_STEP][PASSED] - setText: Text '0ddleatw' is set on object 'Object Repository/LogIn/input_password'

2018-01-02 17:19:09 - [MESSAGE][PASSED] - Text '0ddleatw' is set on object 'Object Repository/LogIn/input_password'

2018-01-02 17:19:09 - [TEST_STEP][PASSED] - click: Object: 'Object Repository/LogIn/button_Login' is clicked on

2018-01-02 17:19:09 - [MESSAGE][PASSED] - Object: 'Object Repository/LogIn/button_Login' is clicked on

2018-01-02 17:19:09 - [TEST_STEP][PASSED] - delay: Delayed 3 second(s)

2018-01-02 17:19:12 - [MESSAGE][PASSED] - Delayed 3 second(s)

2018-01-02 17:19:12 - [TEST_STEP][PASSED] - autoKeywords.verifyLoggedIn.verifyLogged: autoKeywords.verifyLoggedIn.verifyLogged is PASSED

2018-01-02 17:19:12 - [MESSAGE][PASSED] - Text of object 'Object Repository/LogIn/div_Hi user' is: 'Hi, John'

2018-01-02 17:19:12 - [MESSAGE][PASSED] - Actual text 'Hi, John' and expected text 'Log In' are not matched 

2018-01-02 17:19:12 - [MESSAGE][PASSED] - autoKeywords.verifyLoggedIn.verifyLogged is PASSED

2018-01-02 17:19:12 - [MESSAGE][PASSED] - Call Test Case 'Test Cases/001_login_email_successful' successfully

2018-01-02 17:19:12 - [TEST_STEP][PASSED] - click: Object: 'Object Repository/LogIn/div_Hi user' is clicked on

2018-01-02 17:19:12 - [MESSAGE][PASSED] - Object: 'Object Repository/LogIn/div_Hi user' is clicked on

2018-01-02 17:19:12 - [TEST_STEP][PASSED] - delay: Delayed 1 second(s)

2018-01-02 17:19:13 - [MESSAGE][PASSED] - Delayed 1 second(s)

2018-01-02 17:19:13 - [TEST_STEP][PASSED] - click: Object: 'Object Repository/Account/a_Address Book' is clicked on

2018-01-02 17:19:13 - [MESSAGE][PASSED] - Object: 'Object Repository/Account/a_Address Book' is clicked on

2018-01-02 17:19:13 - [TEST_STEP][PASSED] - click: Object: 'Object Repository/Account/button_delete address' is clicked on

2018-01-02 17:19:14 - [MESSAGE][PASSED] - Object: 'Object Repository/Account/button_delete address' is clicked on

2018-01-02 17:19:14 - [TEST_STEP][PASSED] - delay: Delayed 1 second(s)

2018-01-02 17:19:15 - [MESSAGE][PASSED] - Delayed 1 second(s)

2018-01-02 17:19:15 - [TEST_STEP][PASSED] - click: Object: 'Object Repository/Account/button_Confirm' is clicked on

2018-01-02 17:19:15 - [MESSAGE][PASSED] - Object: 'Object Repository/Account/button_Confirm' is clicked on]]></system-out>
         <system-err><![CDATA[]]></system-err>
      </testcase>
      <testcase name="Test Cases/046_account_address_edit" classname="Test Cases/046_account_address_edit" status="PASSED">
         <system-out><![CDATA[2018-01-02 17:19:16 - [TEST_CASE][PASSED] - Test Cases/046_account_address_edit: Test Cases/046_account_address_edit

2018-01-02 17:19:16 - [TEST_STEP][PASSED] - callTestCase: Call Test Case 'Test Cases/001_login_email_successful' successfully

2018-01-02 17:19:16 - [TEST_CASE][PASSED] - Test Cases/001_login_email_successful: Test Cases/001_login_email_successful

2018-01-02 17:19:16 - [TEST_STEP][PASSED] - openBrowser: Browser is opened with url: ''

2018-01-02 17:19:18 - [MESSAGE][PASSED] - Browser is opened with url: ''

2018-01-02 17:19:18 - [TEST_STEP][PASSED] - navigateToUrl: Navigate to 'http://mcdonaldstest.staging.oddle.co' successfully

2018-01-02 17:19:20 - [MESSAGE][PASSED] - Navigate to 'http://mcdonaldstest.staging.oddle.co' successfully

2018-01-02 17:19:20 - [TEST_STEP][PASSED] - click: Object: 'Object Repository/LogIn/div_Log in' is clicked on

2018-01-02 17:19:21 - [MESSAGE][PASSED] - Object: 'Object Repository/LogIn/div_Log in' is clicked on

2018-01-02 17:19:21 - [TEST_STEP][PASSED] - setText: Text 'kevin.ang@oddle.me' is set on object 'Object Repository/LogIn/input_email'

2018-01-02 17:19:22 - [MESSAGE][PASSED] - Text 'kevin.ang@oddle.me' is set on object 'Object Repository/LogIn/input_email'

2018-01-02 17:19:22 - [TEST_STEP][PASSED] - setText: Text '0ddleatw' is set on object 'Object Repository/LogIn/input_password'

2018-01-02 17:19:23 - [MESSAGE][PASSED] - Text '0ddleatw' is set on object 'Object Repository/LogIn/input_password'

2018-01-02 17:19:23 - [TEST_STEP][PASSED] - click: Object: 'Object Repository/LogIn/button_Login' is clicked on

2018-01-02 17:19:23 - [MESSAGE][PASSED] - Object: 'Object Repository/LogIn/button_Login' is clicked on

2018-01-02 17:19:23 - [TEST_STEP][PASSED] - delay: Delayed 3 second(s)

2018-01-02 17:19:26 - [MESSAGE][PASSED] - Delayed 3 second(s)

2018-01-02 17:19:26 - [TEST_STEP][PASSED] - autoKeywords.verifyLoggedIn.verifyLogged: autoKeywords.verifyLoggedIn.verifyLogged is PASSED

2018-01-02 17:19:26 - [MESSAGE][PASSED] - Text of object 'Object Repository/LogIn/div_Hi user' is: 'Hi, John'

2018-01-02 17:19:26 - [MESSAGE][PASSED] - Actual text 'Hi, John' and expected text 'Log In' are not matched 

2018-01-02 17:19:26 - [MESSAGE][PASSED] - autoKeywords.verifyLoggedIn.verifyLogged is PASSED

2018-01-02 17:19:26 - [MESSAGE][PASSED] - Call Test Case 'Test Cases/001_login_email_successful' successfully

2018-01-02 17:19:26 - [TEST_STEP][PASSED] - click: Object: 'Object Repository/LogIn/div_Hi user' is clicked on

2018-01-02 17:19:26 - [MESSAGE][PASSED] - Object: 'Object Repository/LogIn/div_Hi user' is clicked on

2018-01-02 17:19:26 - [TEST_STEP][PASSED] - delay: Delayed 1 second(s)

2018-01-02 17:19:27 - [MESSAGE][PASSED] - Delayed 1 second(s)

2018-01-02 17:19:27 - [TEST_STEP][PASSED] - click: Object: 'Object Repository/Account/a_Address Book' is clicked on

2018-01-02 17:19:27 - [MESSAGE][PASSED] - Object: 'Object Repository/Account/a_Address Book' is clicked on

2018-01-02 17:19:27 - [TEST_STEP][PASSED] - click: Object: 'Object Repository/Account/button_edit address' is clicked on

2018-01-02 17:19:28 - [MESSAGE][PASSED] - Object: 'Object Repository/Account/button_edit address' is clicked on

2018-01-02 17:19:28 - [TEST_STEP][PASSED] - delay: Delayed 1 second(s)

2018-01-02 17:19:29 - [MESSAGE][PASSED] - Delayed 1 second(s)

2018-01-02 17:19:29 - [TEST_STEP][PASSED] - setText: Text '139951' is set on object 'Object Repository/Account/input_deliveryAddressPostal'

2018-01-02 17:19:29 - [MESSAGE][PASSED] - Text '139951' is set on object 'Object Repository/Account/input_deliveryAddressPostal'

2018-01-02 17:19:29 - [TEST_STEP][PASSED] - delay: Delayed 3 second(s)

2018-01-02 17:19:32 - [MESSAGE][PASSED] - Delayed 3 second(s)

2018-01-02 17:19:32 - [TEST_STEP][PASSED] - setText: Text '01-23' is set on object 'Object Repository/Account/input_deliveryAddressTwo'

2018-01-02 17:19:32 - [MESSAGE][PASSED] - Text '01-23' is set on object 'Object Repository/Account/input_deliveryAddressTwo'

2018-01-02 17:19:32 - [TEST_STEP][PASSED] - click: Object: 'Object Repository/Account/button_Save Address' is clicked on

2018-01-02 17:19:32 - [MESSAGE][PASSED] - Object: 'Object Repository/Account/button_Save Address' is clicked on

2018-01-02 17:19:32 - [TEST_STEP][PASSED] - delay: Delayed 3 second(s)

2018-01-02 17:19:35 - [MESSAGE][PASSED] - Delayed 3 second(s)

2018-01-02 17:19:35 - [TEST_STEP][PASSED] - click: Object: 'Object Repository/HomePage/a_Home' is clicked on

2018-01-02 17:19:35 - [MESSAGE][PASSED] - Object: 'Object Repository/HomePage/a_Home' is clicked on

2018-01-02 17:19:35 - [TEST_STEP][PASSED] - click: Object: 'Object Repository/LogIn/div_Hi user' is clicked on

2018-01-02 17:19:36 - [MESSAGE][PASSED] - Object: 'Object Repository/LogIn/div_Hi user' is clicked on

2018-01-02 17:19:36 - [TEST_STEP][PASSED] - delay: Delayed 1 second(s)

2018-01-02 17:19:37 - [MESSAGE][PASSED] - Delayed 1 second(s)

2018-01-02 17:19:37 - [TEST_STEP][PASSED] - click: Object: 'Object Repository/Account/a_Address Book' is clicked on

2018-01-02 17:19:37 - [MESSAGE][PASSED] - Object: 'Object Repository/Account/a_Address Book' is clicked on

2018-01-02 17:19:37 - [TEST_STEP][PASSED] - delay: Delayed 1 second(s)

2018-01-02 17:19:38 - [MESSAGE][PASSED] - Delayed 1 second(s)

2018-01-02 17:19:38 - [TEST_STEP][PASSED] - verifyElementPresent: Object 'Object Repository/Account/span_address 1 postcode' is present

2018-01-02 17:19:38 - [MESSAGE][WARNING] - Timeout '0' is invalid. Using default page load timeout: '5'

2018-01-02 17:19:38 - [MESSAGE][PASSED] - Object 'Object Repository/Account/span_address 1 postcode' is present

2018-01-02 17:19:38 - [TEST_STEP][PASSED] - verifyElementPresent: Object 'Object Repository/Account/h4_address 1' is present

2018-01-02 17:19:38 - [MESSAGE][WARNING] - Timeout '0' is invalid. Using default page load timeout: '5'

2018-01-02 17:19:38 - [MESSAGE][PASSED] - Object 'Object Repository/Account/h4_address 1' is present

2018-01-02 17:19:38 - [TEST_STEP][PASSED] - verifyElementText: Actual text and expected text of test object 'Object Repository/Account/span_address 1 postcode' are matched.

2018-01-02 17:19:38 - [MESSAGE][PASSED] - Actual text and expected text of test object 'Object Repository/Account/span_address 1 postcode' are matched.]]></system-out>
         <system-err><![CDATA[]]></system-err>
      </testcase>
      <system-out><![CDATA[2018-01-02 17:11:36 - [TEST_SUITE][FAILED] - account_settings: Test Cases/042_account_address_add FAILED because (of) Verify element text of test object 'Object Repository/Account/span_new address postcode' FAILED. (Root cause: Actual text 'Singapore 168976' and expected text 'Singapore 139951' of test object 'Object Repository/Account/span_new address postcode' are NOT matched.)]]></system-out>
      <system-err><![CDATA[2018-01-02 17:11:36 - [TEST_SUITE][FAILED] - account_settings: Test Cases/042_account_address_add FAILED because (of) Verify element text of test object 'Object Repository/Account/span_new address postcode' FAILED. (Root cause: Actual text 'Singapore 168976' and expected text 'Singapore 139951' of test object 'Object Repository/Account/span_new address postcode' are NOT matched.)]]></system-err>
   </testsuite>
</testsuites>
