<?xml version="1.0" encoding="UTF-8"?>
<testsuites name="testing" time="33" tests="0" failures="1" errors="0">
   <testsuite name="testing" tests="0" failures="1" errors="0" time="33" timestamp="2018-01-30 12:09:47" hostname="Ang - DESKTOP-JMN7MR3" id="Test Suites/testing">
      <properties>
         <property name="deviceName" value=""/>
         <property name="devicePlatform" value=""/>
         <property name="logFolder" value="C:\\Users\\Ang\\git\\oddle-automa\\Reports\\testing\\20180130_120940"/>
         <property name="logFiles" value="C:\\Users\\Ang\\git\\oddle-automa\\Reports\\testing\\20180130_120940\\execution0.log"/>
         <property name="attachments" value="C:\\Users\\Ang\\git\\oddle-automa\\Reports\\testing\\20180130_120940\\1517285402445.png"/>
         <property name="hostName" value="Ang - DESKTOP-JMN7MR3"/>
         <property name="os" value="Windows 10 64bit"/>
         <property name="katalonVersion" value="5.2.0.1"/>
         <property name="browser" value="Safari 11"/>
         <property name="hostAddress" value="192.168.126.1"/>
         <property name="sessionId" value="def921e8b0a576dd6f0b72b9fd136041f98de95e"/>
         <property name="seleniumVersion" value="3.7.1"/>
         <property name="proxyInformation" value="ProxyInformation{proxyOption=NO_PROXY, proxyServerType=HTTP, password=, proxyServerAddress=, proxyServerPort=0}"/>
         <property name="platform" value="Windows 10"/>
      </properties>
      <testcase name="Test Cases/001_login_email_successful" classname="Test Cases/001_login_email_successful" status="FAILED">
         <failure type="FAILED" message="Unable to click on object 'Object Repository/LogIn/div_Log in' (Root cause: org.openqa.selenium.ElementNotVisibleException: An element command could not be completed because the element is not visible on the page. (WARNING: The server did not provide any stacktrace information)
Command duration or timeout: 0 milliseconds
Build info: version: '3.7.1', revision: '8a0099a', time: '2017-11-06T21:07:36.161Z'
System info: host: 'DESKTOP-JMN7MR3', ip: '192.168.126.1', os.name: 'Windows 10', os.arch: 'amd64', os.version: '10.0', java.version: '1.8.0_102'
Driver info: com.kms.katalon.selenium.driver.CRemoteWebDriver
Capabilities {applicationCacheEnabled: true, browserName: safari, cleanSession: true, cssSelectorsEnabled: true, databaseEnabled: true, handlesAlerts: true, javascriptEnabled: true, locationContextEnabled: false, nativeEvents: true, platform: MAC, platformName: MAC, rotatable: false, version: 13604.4.7.1.6, webStorageEnabled: true}
Session ID: def921e8b0a576dd6f0b72b9fd136041f98de95e)"/>
         <system-out><![CDATA[2018-01-30 12:09:47 - [TEST_CASE][FAILED] - Test Cases/001_login_email_successful: Test Cases/001_login_email_successful FAILED because (of) Unable to click on object 'Object Repository/LogIn/div_Log in' (Root cause: org.openqa.selenium.ElementNotVisibleException: An element command could not be completed because the element is not visible on the page. (WARNING: The server did not provide any stacktrace information)
Command duration or timeout: 0 milliseconds
Build info: version: '3.7.1', revision: '8a0099a', time: '2017-11-06T21:07:36.161Z'
System info: host: 'DESKTOP-JMN7MR3', ip: '192.168.126.1', os.name: 'Windows 10', os.arch: 'amd64', os.version: '10.0', java.version: '1.8.0_102'
Driver info: com.kms.katalon.selenium.driver.CRemoteWebDriver
Capabilities {applicationCacheEnabled: true, browserName: safari, cleanSession: true, cssSelectorsEnabled: true, databaseEnabled: true, handlesAlerts: true, javascriptEnabled: true, locationContextEnabled: false, nativeEvents: true, platform: MAC, platformName: MAC, rotatable: false, version: 13604.4.7.1.6, webStorageEnabled: true}
Session ID: def921e8b0a576dd6f0b72b9fd136041f98de95e)

2018-01-30 12:09:48 - [TEST_STEP][PASSED] - openBrowser: Browser is opened with url: ''

2018-01-30 12:09:56 - [MESSAGE][PASSED] - Browser is opened with url: ''

2018-01-30 12:09:56 - [TEST_STEP][PASSED] - navigateToUrl: Navigate to 'http://mcdonaldstest.staging.oddle.co' successfully

2018-01-30 12:10:01 - [MESSAGE][PASSED] - Navigate to 'http://mcdonaldstest.staging.oddle.co' successfully

2018-01-30 12:10:01 - [TEST_STEP][FAILED] - click: Unable to click on object 'Object Repository/LogIn/div_Log in' (Root cause: org.openqa.selenium.ElementNotVisibleException: An element command could not be completed because the element is not visible on the page. (WARNING: The server did not provide any stacktrace information)
Command duration or timeout: 0 milliseconds
Build info: version: '3.7.1', revision: '8a0099a', time: '2017-11-06T21:07:36.161Z'
System info: host: 'DESKTOP-JMN7MR3', ip: '192.168.126.1', os.name: 'Windows 10', os.arch: 'amd64', os.version: '10.0', java.version: '1.8.0_102'
Driver info: com.kms.katalon.selenium.driver.CRemoteWebDriver
Capabilities {applicationCacheEnabled: true, browserName: safari, cleanSession: true, cssSelectorsEnabled: true, databaseEnabled: true, handlesAlerts: true, javascriptEnabled: true, locationContextEnabled: false, nativeEvents: true, platform: MAC, platformName: MAC, rotatable: false, version: 13604.4.7.1.6, webStorageEnabled: true}
Session ID: def921e8b0a576dd6f0b72b9fd136041f98de95e)

2018-01-30 12:10:04 - [MESSAGE][FAILED] - Unable to click on object 'Object Repository/LogIn/div_Log in' (Root cause: org.openqa.selenium.ElementNotVisibleException: An element command could not be completed because the element is not visible on the page. (WARNING: The server did not provide any stacktrace information)
Command duration or timeout: 0 milliseconds
Build info: version: '3.7.1', revision: '8a0099a', time: '2017-11-06T21:07:36.161Z'
System info: host: 'DESKTOP-JMN7MR3', ip: '192.168.126.1', os.name: 'Windows 10', os.arch: 'amd64', os.version: '10.0', java.version: '1.8.0_102'
Driver info: com.kms.katalon.selenium.driver.CRemoteWebDriver
Capabilities {applicationCacheEnabled: true, browserName: safari, cleanSession: true, cssSelectorsEnabled: true, databaseEnabled: true, handlesAlerts: true, javascriptEnabled: true, locationContextEnabled: false, nativeEvents: true, platform: MAC, platformName: MAC, rotatable: false, version: 13604.4.7.1.6, webStorageEnabled: true}
Session ID: def921e8b0a576dd6f0b72b9fd136041f98de95e)
[[ATTACHMENT|C:\\Users\\Ang\\git\\oddle-automa\\Reports\\testing\\20180130_120940\\1517285402445.png]]]]></system-out>
         <system-err><![CDATA[2018-01-30 12:09:47 - [TEST_CASE][FAILED] - Test Cases/001_login_email_successful: Test Cases/001_login_email_successful FAILED because (of) Unable to click on object 'Object Repository/LogIn/div_Log in' (Root cause: org.openqa.selenium.ElementNotVisibleException: An element command could not be completed because the element is not visible on the page. (WARNING: The server did not provide any stacktrace information)
Command duration or timeout: 0 milliseconds
Build info: version: '3.7.1', revision: '8a0099a', time: '2017-11-06T21:07:36.161Z'
System info: host: 'DESKTOP-JMN7MR3', ip: '192.168.126.1', os.name: 'Windows 10', os.arch: 'amd64', os.version: '10.0', java.version: '1.8.0_102'
Driver info: com.kms.katalon.selenium.driver.CRemoteWebDriver
Capabilities {applicationCacheEnabled: true, browserName: safari, cleanSession: true, cssSelectorsEnabled: true, databaseEnabled: true, handlesAlerts: true, javascriptEnabled: true, locationContextEnabled: false, nativeEvents: true, platform: MAC, platformName: MAC, rotatable: false, version: 13604.4.7.1.6, webStorageEnabled: true}
Session ID: def921e8b0a576dd6f0b72b9fd136041f98de95e)]]></system-err>
      </testcase>
      <system-out><![CDATA[2018-01-30 12:09:47 - [TEST_SUITE][FAILED] - testing: Test Cases/001_login_email_successful FAILED because (of) Unable to click on object 'Object Repository/LogIn/div_Log in' (Root cause: org.openqa.selenium.ElementNotVisibleException: An element command could not be completed because the element is not visible on the page. (WARNING: The server did not provide any stacktrace information)
Command duration or timeout: 0 milliseconds
Build info: version: '3.7.1', revision: '8a0099a', time: '2017-11-06T21:07:36.161Z'
System info: host: 'DESKTOP-JMN7MR3', ip: '192.168.126.1', os.name: 'Windows 10', os.arch: 'amd64', os.version: '10.0', java.version: '1.8.0_102'
Driver info: com.kms.katalon.selenium.driver.CRemoteWebDriver
Capabilities {applicationCacheEnabled: true, browserName: safari, cleanSession: true, cssSelectorsEnabled: true, databaseEnabled: true, handlesAlerts: true, javascriptEnabled: true, locationContextEnabled: false, nativeEvents: true, platform: MAC, platformName: MAC, rotatable: false, version: 13604.4.7.1.6, webStorageEnabled: true}
Session ID: def921e8b0a576dd6f0b72b9fd136041f98de95e)]]></system-out>
      <system-err><![CDATA[2018-01-30 12:09:47 - [TEST_SUITE][FAILED] - testing: Test Cases/001_login_email_successful FAILED because (of) Unable to click on object 'Object Repository/LogIn/div_Log in' (Root cause: org.openqa.selenium.ElementNotVisibleException: An element command could not be completed because the element is not visible on the page. (WARNING: The server did not provide any stacktrace information)
Command duration or timeout: 0 milliseconds
Build info: version: '3.7.1', revision: '8a0099a', time: '2017-11-06T21:07:36.161Z'
System info: host: 'DESKTOP-JMN7MR3', ip: '192.168.126.1', os.name: 'Windows 10', os.arch: 'amd64', os.version: '10.0', java.version: '1.8.0_102'
Driver info: com.kms.katalon.selenium.driver.CRemoteWebDriver
Capabilities {applicationCacheEnabled: true, browserName: safari, cleanSession: true, cssSelectorsEnabled: true, databaseEnabled: true, handlesAlerts: true, javascriptEnabled: true, locationContextEnabled: false, nativeEvents: true, platform: MAC, platformName: MAC, rotatable: false, version: 13604.4.7.1.6, webStorageEnabled: true}
Session ID: def921e8b0a576dd6f0b72b9fd136041f98de95e)]]></system-err>
   </testsuite>
</testsuites>
